27.000000 255.178055 0.000000 0.500000 1.000000 -0.021622 0.638907 0.987559 -0.021622 0.638907 0.987559 0.047143 
30.000000 258.221878 0.000000 0.500000 1.000000 -0.057415 0.450808 1.145274 -0.057415 0.450808 1.145274 0.053775 
3.000000 263.232162 0.000000 0.500000 1.000000 0.009817 0.795514 0.752943 0.009817 0.795514 0.752943 0.067457 
6.000000 266.240852 0.000000 0.500000 1.000000 0.021835 0.468001 0.956171 0.021835 0.468001 0.956171 0.049085 
7.000000 267.248764 0.000000 0.500000 1.000000 -0.279718 0.508464 1.270162 -0.279718 0.508464 1.270162 0.063158 
11.000000 271.259468 0.000000 0.500000 1.000000 -0.085463 0.673167 0.996730 -0.085463 0.673167 0.996730 0.023087 
15.000000 275.269325 0.000000 0.500000 1.000000 -0.074738 0.494150 0.881568 -0.074738 0.494150 0.881568 0.038150 
18.000000 278.277908 0.000000 0.500000 1.000000 0.113362 0.627270 1.009349 0.113362 0.627270 1.009349 0.073809 
19.000000 279.283646 0.000000 0.500000 1.000000 -0.039879 0.427362 0.984835 -0.039879 0.427362 0.984835 0.027929 
23.000000 283.292297 0.000000 0.500000 1.000000 0.041176 0.330443 0.947717 0.041176 0.330443 0.947717 0.005510 
26.000000 286.299591 0.000000 0.500000 1.000000 -0.147798 0.414918 1.054931 -0.147798 0.414918 1.054931 0.052406 
31.000000 291.311363 0.000000 0.500000 1.000000 0.076957 0.398428 1.068983 0.076957 0.398428 1.068983 0.091578 
2.000000 294.321098 0.000000 0.500000 1.000000 -0.014077 0.395407 0.954617 -0.014077 0.395407 0.954617 0.033988 
21.000000 313.349350 0.000000 0.500000 1.000000 0.021890 0.433513 1.067326 0.021890 0.433513 1.067326 0.037495 
29.000000 321.359322 0.000000 0.500000 1.000000 0.034769 0.640349 0.708135 0.034769 0.640349 0.708135 0.015174 
13.000000 337.378471 0.000000 0.500000 1.000000 0.086584 0.519864 0.939507 0.086584 0.519864 0.939507 0.044571 
17.000000 341.389137 0.000000 0.500000 1.000000 0.023946 0.433262 1.164739 0.023946 0.433262 1.164739 0.026364 
22.000000 378.437057 0.000000 0.500000 1.000000 0.094311 0.736384 0.949952 0.094311 0.736384 0.949952 0.029049 
25.000000 381.446495 0.000000 0.500000 1.000000 0.099406 0.470825 0.818238 0.099406 0.470825 0.818238 0.062133 
1.000000 389.459129 0.000000 0.500000 1.000000 -0.020516 0.766595 0.759576 -0.020516 0.766595 0.759576 0.021128 
27.000000 511.598747 0.000000 0.500000 1.000000 0.048559 0.651332 0.737520 0.048559 0.651332 0.737520 0.054100 
30.000000 514.605415 0.000000 0.500000 1.000000 0.044432 0.292524 1.246297 0.044432 0.292524 1.246297 0.050483 
7.000000 523.618530 0.000000 0.500000 1.000000 0.067494 0.672804 0.882489 0.067494 0.672804 0.882489 0.042285 
11.000000 527.628181 0.000000 0.500000 1.000000 -0.088268 0.558386 1.004560 -0.088268 0.558386 1.004560 0.058815 
18.000000 534.642159 0.000000 0.500000 1.000000 -0.082388 0.419451 1.092038 -0.082388 0.419451 1.092038 0.088721 
19.000000 535.649567 0.000000 0.500000 1.000000 -0.006970 0.557796 1.044877 -0.006970 0.557796 1.044877 0.082363 
23.000000 539.661194 0.000000 0.500000 1.000000 -0.043093 0.507978 0.927602 -0.043093 0.507978 0.927602 0.047137 
2.000000 550.677078 0.000000 0.500000 1.000000 0.013478 0.616374 0.941839 0.013478 0.616374 0.941839 0.025329 
6.000000 554.684525 0.000000 0.500000 1.000000 0.067661 0.318364 0.769005 0.067661 0.318364 0.769005 0.039906 
15.000000 563.699562 0.000000 0.500000 1.000000 0.111114 0.582918 0.984246 0.111114 0.582918 0.984246 0.041865 
31.000000 579.724670 0.000000 0.500000 1.000000 -0.017392 0.562129 1.159082 -0.017392 0.562129 1.159082 0.067040 
26.000000 606.753258 0.000000 0.500000 1.000000 0.072409 0.788000 0.744656 0.072409 0.788000 0.744656 0.073996 
5.000000 617.770782 0.000000 0.500000 1.000000 0.064941 0.517348 1.054516 0.064941 0.517348 1.054516 0.067822 
9.000000 621.780952 0.000000 0.500000 1.000000 -0.132396 0.441233 1.221203 -0.132396 0.441233 1.221203 0.076880 
21.000000 633.798866 0.000000 0.500000 1.000000 0.153316 0.291285 0.890688 0.153316 0.291285 0.890688 0.071927 
29.000000 641.814659 0.000000 0.500000 1.000000 0.056620 0.513033 0.909879 0.056620 0.513033 0.909879 0.078152 
10.000000 654.837959 0.000000 0.500000 1.000000 0.074740 0.339923 0.937639 0.074740 0.339923 0.937639 0.046411 
17.000000 661.851105 0.000000 0.500000 1.000000 -0.062937 0.580791 0.989828 -0.062937 0.580791 0.989828 0.017220 
16.000000 692.880432 0.000000 0.500000 1.000000 -0.039079 0.278414 1.173431 -0.039079 0.278414 1.173431 0.032035 
32.000000 708.895332 0.000000 0.500000 1.000000 -0.049592 0.481304 1.004304 -0.049592 0.481304 1.004304 0.019236 
1.000000 709.898979 0.000000 0.500000 1.000000 -0.179882 0.716358 1.206430 -0.179882 0.716358 1.206430 0.026326 
14.000000 722.913269 0.000000 0.500000 1.000000 0.098492 0.625262 0.957274 0.098492 0.625262 0.957274 0.096590 
24.000000 732.924683 0.000000 0.500000 1.000000 -0.048509 0.430625 1.073522 -0.048509 0.430625 1.073522 0.009525 
27.000000 767.959358 0.000000 0.500000 1.000000 0.014189 0.664220 0.893541 0.014189 0.664220 0.893541 0.011848 
30.000000 770.967041 0.000000 0.500000 1.000000 0.264301 0.197731 0.889025 0.264301 0.197731 0.889025 0.127388 
7.000000 779.979927 0.000000 0.500000 1.000000 0.104428 0.326960 0.954522 0.104428 0.326960 0.954522 0.080847 
18.000000 790.994476 0.000000 0.500000 1.000000 -0.367432 0.334702 1.110212 -0.367432 0.334702 1.110212 0.046789 
25.000000 798.005585 0.000000 0.500000 1.000000 -0.056936 0.581327 0.979143 -0.056936 0.581327 0.979143 0.051419 
2.000000 807.017090 0.000000 0.500000 1.000000 0.043057 0.488819 1.054688 0.043057 0.488819 1.054688 0.046473 
11.000000 816.023376 0.000000 0.500000 1.000000 0.110891 0.407468 1.034852 0.110891 0.407468 1.034852 0.086255 
15.000000 820.028107 0.000000 0.500000 1.000000 -0.025685 0.750780 0.892465 -0.025685 0.750780 0.892465 0.037774 
28.000000 833.035309 0.000000 0.500000 1.000000 -0.038049 0.668966 1.043199 -0.038049 0.668966 1.043199 0.088138 
31.000000 836.040398 0.000000 0.500000 1.000000 0.015264 0.492878 1.061909 0.015264 0.492878 1.061909 0.009625 
4.000000 841.045952 0.000000 0.500000 1.000000 -0.013391 0.478250 0.805806 -0.013391 0.478250 0.805806 0.022176 
8.000000 845.050949 0.000000 0.500000 1.000000 0.000573 0.780965 0.853504 0.000573 0.780965 0.853504 0.056333 
19.000000 856.061485 0.000000 0.500000 1.000000 -0.188507 0.416936 1.070531 -0.188507 0.416936 1.070531 0.037065 
20.000000 857.065781 0.000000 0.500000 1.000000 -0.113730 0.576487 1.046689 -0.113730 0.576487 1.046689 0.030278 
6.000000 875.085487 0.000000 0.500000 1.000000 0.138177 0.610157 0.889904 0.138177 0.610157 0.889904 0.064826 
23.000000 892.106186 0.000000 0.500000 1.000000 0.034843 0.670704 1.076713 0.034843 0.670704 1.076713 0.091024 
10.000000 911.125725 0.000000 0.500000 1.000000 -0.089500 0.698151 0.868219 -0.089500 0.698151 0.868219 0.056927 
26.000000 927.144234 0.000000 0.500000 1.000000 0.177308 0.437450 0.887335 0.177308 0.437450 0.887335 0.034940 
9.000000 942.164223 0.000000 0.500000 1.000000 0.005323 0.643488 0.849438 0.005323 0.643488 0.849438 0.032299 
21.000000 954.178764 0.000000 0.500000 1.000000 -0.055627 0.437798 0.882898 -0.055627 0.437798 0.882898 0.086022 
17.000000 982.207298 0.000000 0.500000 1.000000 0.013884 0.487068 0.797987 0.013884 0.487068 0.797987 0.014590 
22.000000 987.216499 0.000000 0.500000 1.000000 -0.112200 0.546812 1.040539 -0.112200 0.546812 1.040539 0.066647 
5.000000 1002.234299 0.000000 0.500000 1.000000 -0.076035 0.541988 1.081343 -0.076035 0.541988 1.081343 0.048099 
14.000000 1011.247887 0.000000 0.500000 1.000000 0.037815 0.511226 0.992141 0.037815 0.511226 0.992141 0.072968 
1.000000 1030.269760 0.000000 0.500000 1.000000 0.015480 0.515363 0.896204 0.015480 0.515363 0.896204 0.016299 
18.000000 1047.287971 0.000000 0.500000 1.000000 -0.165061 0.467606 1.095917 -0.165061 0.467606 1.095917 0.009484 
7.000000 1068.310539 0.000000 0.500000 1.000000 -0.010728 0.743724 0.765990 -0.010728 0.743724 0.765990 0.017548 
11.000000 1072.318428 0.000000 0.500000 1.000000 0.265775 0.378190 1.000958 0.265775 0.378190 1.000958 0.024589 
12.000000 1073.324280 0.000000 0.500000 1.000000 0.029057 0.357572 1.133216 0.029057 0.357572 1.133216 0.124714 
27.000000 1088.340988 0.000000 0.500000 1.000000 -0.017514 0.619389 0.760786 -0.017514 0.619389 0.760786 0.007258 
13.000000 1106.362465 0.000000 0.500000 1.000000 0.075173 0.560734 0.954359 0.075173 0.560734 0.954359 0.027619 
19.000000 1112.373947 0.000000 0.500000 1.000000 0.251627 0.478266 1.055157 0.251627 0.478266 1.055157 0.027389 
31.000000 1124.389915 0.000000 0.500000 1.000000 0.118040 0.340091 1.072470 0.118040 0.340091 1.072470 0.058498 
6.000000 1131.401299 0.000000 0.500000 1.000000 0.141154 0.387196 1.042472 0.141154 0.387196 1.042472 0.014673 
23.000000 1148.421288 0.000000 0.500000 1.000000 -0.037190 0.559009 0.889722 -0.037190 0.559009 0.889722 0.064309 
29.000000 1154.430435 0.000000 0.500000 1.000000 -0.109971 0.710258 0.984970 -0.109971 0.710258 0.984970 0.071964 
16.000000 1173.450562 0.000000 0.500000 1.000000 0.038302 0.606165 0.971185 0.038302 0.606165 0.971185 0.088417 
26.000000 1183.463776 0.000000 0.500000 1.000000 -0.076711 0.569078 0.963549 -0.076711 0.569078 0.963549 0.021440 
30.000000 1187.472527 0.000000 0.500000 1.000000 -0.014299 0.690520 0.879209 -0.014299 0.690520 0.879209 0.068528 
10.000000 1199.488571 0.000000 0.500000 1.000000 -0.098303 0.607981 0.773625 -0.098303 0.607981 0.773625 0.135814 
22.000000 1243.532944 0.000000 0.500000 1.000000 -0.040612 0.540620 0.747376 -0.040612 0.540620 0.747376 0.080417 
3.000000 1256.548241 0.000000 0.500000 1.000000 0.055032 0.558271 1.042488 0.055032 0.558271 1.042488 0.035289 
14.000000 1267.561981 0.000000 0.500000 1.000000 0.063745 0.427531 1.048944 0.063745 0.427531 1.048944 0.052888 
21.000000 1274.572746 0.000000 0.500000 1.000000 -0.077530 0.619680 0.943993 -0.077530 0.619680 0.943993 0.014105 
9.000000 1294.596397 0.000000 0.500000 1.000000 -0.131804 0.573268 1.251590 -0.131804 0.573268 1.251590 0.005522 
18.000000 1303.610733 0.000000 0.500000 1.000000 -0.076452 0.542879 0.999005 -0.076452 0.542879 0.999005 0.026064 
28.000000 1313.620491 0.000000 0.500000 1.000000 -0.045798 0.283373 1.080397 -0.045798 0.283373 1.080397 0.058230 
2.000000 1319.629639 0.000000 0.500000 1.000000 -0.160347 0.401563 0.984116 -0.160347 0.401563 0.984116 0.009523 
7.000000 1324.638855 0.000000 0.500000 1.000000 -0.133237 0.320234 1.197830 -0.133237 0.320234 1.197830 0.088485 
8.000000 1325.643921 0.000000 0.500000 1.000000 0.019339 0.670038 0.915940 0.019339 0.670038 0.915940 0.081437 
15.000000 1332.652954 0.000000 0.500000 1.000000 0.015232 0.703378 0.998512 0.015232 0.703378 0.998512 0.072424 
17.000000 1334.659798 0.000000 0.500000 1.000000 -0.184372 0.245197 1.283294 -0.184372 0.245197 1.283294 0.065655 
5.000000 1354.682922 0.000000 0.500000 1.000000 0.076062 0.508355 0.836846 0.076062 0.508355 0.836846 0.114853 
1.000000 1382.712059 0.000000 0.500000 1.000000 0.146223 0.369016 1.041484 0.146223 0.369016 1.041484 0.018198 
6.000000 1387.721985 0.000000 0.500000 1.000000 0.101961 0.401428 1.058713 0.101961 0.401428 1.058713 0.036414 
23.000000 1404.740128 0.000000 0.500000 1.000000 0.046244 0.350962 1.069910 0.046244 0.350962 1.069910 0.058635 
25.000000 1406.745415 0.000000 0.500000 1.000000 0.013188 0.526519 1.110964 0.013188 0.526519 1.110964 0.022454 
31.000000 1412.753479 0.000000 0.500000 1.000000 0.006765 0.554243 0.789483 0.006765 0.554243 0.789483 0.021657 
4.000000 1417.761047 0.000000 0.500000 1.000000 -0.105281 0.665584 0.868525 -0.105281 0.665584 0.868525 0.055962 
13.000000 1426.772842 0.000000 0.500000 1.000000 -0.112869 0.437119 0.982456 -0.112869 0.437119 0.982456 0.044198 
26.000000 1439.788620 0.000000 0.500000 1.000000 0.045237 0.318517 1.027388 0.045237 0.318517 1.027388 0.036478 
30.000000 1443.797005 0.000000 0.500000 1.000000 -0.136234 0.522600 1.111851 -0.136234 0.522600 1.111851 0.029748 
10.000000 1455.810364 0.000000 0.500000 1.000000 0.103987 0.307712 1.116942 0.103987 0.307712 1.116942 0.032691 
20.000000 1465.824272 0.000000 0.500000 1.000000 0.011319 0.485270 1.038194 0.011319 0.485270 1.038194 0.030714 
29.000000 1474.837799 0.000000 0.500000 1.000000 -0.054653 0.561870 0.851714 -0.054653 0.561870 0.851714 0.055691 
27.000000 1504.868927 0.000000 0.500000 1.000000 0.097830 0.665689 0.984747 0.097830 0.665689 0.984747 0.097766 
3.000000 1512.881714 0.000000 0.500000 1.000000 0.024498 0.342916 1.173115 0.024498 0.342916 1.173115 0.052352 
14.000000 1523.895073 0.000000 0.500000 1.000000 -0.072941 0.444926 1.170024 -0.072941 0.444926 1.170024 0.025393 
18.000000 1559.930496 0.000000 0.500000 1.000000 -0.080211 0.204334 1.114301 -0.080211 0.204334 1.114301 0.018083 
22.000000 1563.939301 0.000000 0.500000 1.000000 0.133932 0.611671 1.020592 0.133932 0.611671 1.020592 0.088528 
15.000000 1588.964424 0.000000 0.500000 1.000000 0.063592 0.486238 0.994814 0.063592 0.486238 0.994814 0.031301 
24.000000 1597.974419 0.000000 0.500000 1.000000 0.037246 0.650614 0.901752 0.037246 0.650614 0.901752 0.018286 
21.000000 1627.004967 0.000000 0.500000 1.000000 0.024298 0.378438 1.077671 0.024298 0.378438 1.077671 0.057976 
6.000000 1644.025047 0.000000 0.500000 1.000000 -0.014720 0.604200 0.723019 -0.014720 0.604200 0.723019 0.021985 
9.000000 1647.032585 0.000000 0.500000 1.000000 -0.002189 0.488040 0.810896 -0.002189 0.488040 0.810896 0.050346 
23.000000 1661.050713 0.000000 0.500000 1.000000 -0.028300 0.309115 0.838098 -0.028300 0.309115 0.838098 0.031997 
31.000000 1669.062340 0.000000 0.500000 1.000000 -0.168037 0.179353 1.357821 -0.168037 0.179353 1.357821 0.075465 
30.000000 1700.093666 0.000000 0.500000 1.000000 0.069153 0.422020 0.945730 0.069153 0.422020 0.945730 0.038962 
10.000000 1712.107246 0.000000 0.500000 1.000000 -0.012901 0.512557 1.058164 -0.012901 0.512557 1.058164 0.100920 
11.000000 1713.112160 0.000000 0.500000 1.000000 -0.049539 0.557200 0.984095 -0.049539 0.557200 0.984095 0.022380 
16.000000 1718.120033 0.000000 0.500000 1.000000 -0.008316 0.707273 0.747143 -0.008316 0.707273 0.747143 0.025492 
17.000000 1719.126289 0.000000 0.500000 1.000000 0.075945 0.556712 0.985481 0.075945 0.556712 0.985481 0.058569 
25.000000 1727.137222 0.000000 0.500000 1.000000 0.022931 0.358889 1.072891 0.022931 0.358889 1.072891 0.097996 
1.000000 1735.149536 0.000000 0.500000 1.000000 -0.201823 0.266784 1.186919 -0.201823 0.266784 1.186919 0.047585 
27.000000 1761.178848 0.000000 0.500000 1.000000 0.050181 0.572602 1.035219 0.050181 0.572602 1.035219 0.102042 
2.000000 1768.190086 0.000000 0.500000 1.000000 0.006060 0.725602 0.719871 0.006060 0.725602 0.719871 0.034564 
18.000000 1816.233292 0.000000 0.500000 1.000000 -0.001514 0.502020 1.009158 -0.001514 0.502020 1.009158 0.069544 
22.000000 1820.241371 0.000000 0.500000 1.000000 -0.221180 0.387640 1.026210 -0.221180 0.387640 1.026210 0.045327 
29.000000 1827.248940 0.000000 0.500000 1.000000 -0.001574 0.509511 0.964681 -0.001574 0.509511 0.964681 0.032723 
32.000000 1830.253952 0.000000 0.500000 1.000000 0.019407 0.631655 1.031636 0.019407 0.631655 1.031636 0.013677 
8.000000 1838.264137 0.000000 0.500000 1.000000 -0.323702 0.413302 1.234438 -0.323702 0.413302 1.234438 0.039436 
7.000000 1869.294441 0.000000 0.500000 1.000000 0.011279 0.650500 1.041210 0.011279 0.650500 1.041210 0.023642 
14.000000 1876.303940 0.000000 0.500000 1.000000 -0.074470 0.650413 0.922527 -0.074470 0.650413 0.922527 0.082710 
19.000000 1881.313713 0.000000 0.500000 1.000000 0.069143 0.770189 0.729683 0.069143 0.770189 0.729683 0.095668 
23.000000 1917.351273 0.000000 0.500000 1.000000 0.075553 0.678377 0.881202 0.075553 0.678377 0.881202 0.026158 
31.000000 1925.362991 0.000000 0.500000 1.000000 0.034205 0.646007 0.867792 0.034205 0.646007 0.867792 0.093410 
21.000000 1947.388657 0.000000 0.500000 1.000000 0.111547 0.347433 0.904404 0.111547 0.347433 0.904404 0.042420 
9.000000 1967.411736 0.000000 0.500000 1.000000 0.108829 0.610346 0.857375 0.108829 0.610346 0.857375 0.046990 
10.000000 1968.416824 0.000000 0.500000 1.000000 0.041161 0.584316 0.943156 0.041161 0.584316 0.943156 0.064501 
11.000000 1969.423485 0.000000 0.500000 1.000000 0.142953 0.591268 0.865479 0.142953 0.591268 0.865479 0.097985 
4.000000 1994.447624 0.000000 0.500000 1.000000 -0.016747 0.541787 1.225410 -0.016747 0.541787 1.225410 0.042929 
27.000000 2017.472412 0.000000 0.500000 1.000000 -0.162045 0.622141 0.861276 -0.162045 0.622141 0.861276 0.012673 
30.000000 2020.478119 0.000000 0.500000 1.000000 0.018356 0.600910 0.919957 0.018356 0.600910 0.919957 0.041532 
2.000000 2024.486397 0.000000 0.500000 1.000000 -0.161790 0.530984 1.239051 -0.161790 0.530984 1.239051 0.023032 
3.000000 2025.490982 0.000000 0.500000 1.000000 0.065982 0.665676 0.828342 0.065982 0.665676 0.828342 0.039377 
22.000000 2076.544037 0.000000 0.500000 1.000000 -0.070176 0.583104 0.945942 -0.070176 0.583104 0.945942 0.088564 
5.000000 2091.560577 0.000000 0.500000 1.000000 -0.033492 0.749007 0.887534 -0.033492 0.749007 0.887534 0.051469 
15.000000 2101.571465 0.000000 0.500000 1.000000 -0.018582 0.706450 0.778155 -0.018582 0.706450 0.778155 0.020767 
18.000000 2104.577316 0.000000 0.500000 1.000000 -0.074089 0.582346 1.118981 -0.074089 0.582346 1.118981 0.094032 
20.000000 2106.582199 0.000000 0.500000 1.000000 0.052407 0.447080 1.028466 0.052407 0.447080 1.028466 0.045731 
6.000000 2124.601776 0.000000 0.500000 1.000000 0.032442 0.763707 0.831393 0.032442 0.763707 0.831393 0.017799 
7.000000 2125.607597 0.000000 0.500000 1.000000 -0.104224 0.513083 1.201891 -0.104224 0.513083 1.201891 0.038035 
14.000000 2132.618233 0.000000 0.500000 1.000000 -0.067293 0.520734 1.090858 -0.067293 0.520734 1.090858 0.098314 
25.000000 2143.634262 0.000000 0.500000 1.000000 0.111571 0.612504 0.937276 0.111571 0.612504 0.937276 0.012131 
16.000000 2166.660522 0.000000 0.500000 1.000000 0.185258 0.209363 1.014284 0.185258 0.209363 1.014284 0.027434 
23.000000 2173.672417 0.000000 0.500000 1.000000 -0.059148 0.484113 1.054197 -0.059148 0.484113 1.054197 0.056921 
17.000000 2199.703354 0.000000 0.500000 1.000000 0.200003 0.381875 1.086337 0.200003 0.381875 1.086337 0.018690 
26.000000 2208.714859 0.000000 0.500000 1.000000 0.029888 0.719399 0.905569 0.029888 0.719399 0.905569 0.103468 
31.000000 2213.722900 0.000000 0.500000 1.000000 0.062664 0.573350 1.014000 0.062664 0.573350 1.014000 0.011382 
11.000000 2225.737885 0.000000 0.500000 1.000000 -0.025863 0.588643 0.937782 -0.025863 0.588643 0.937782 0.067307 
21.000000 2267.781807 0.000000 0.500000 1.000000 -0.057215 0.364769 1.119238 -0.057215 0.364769 1.119238 0.042042 
2.000000 2280.797241 0.000000 0.500000 1.000000 0.006880 0.437218 1.085829 0.006880 0.437218 1.085829 0.019300 
3.000000 2281.801483 0.000000 0.500000 1.000000 0.081551 0.566587 0.902595 0.081551 0.566587 0.902595 0.037293 
9.000000 2287.811218 0.000000 0.500000 1.000000 -0.145343 0.325436 1.072038 -0.145343 0.325436 1.072038 0.014174 
27.000000 2305.832214 0.000000 0.500000 1.000000 0.020033 0.740691 0.665321 0.020033 0.740691 0.665321 0.008360 
30.000000 2308.840050 0.000000 0.500000 1.000000 0.066298 0.507968 0.715967 0.066298 0.507968 0.715967 0.017491 
18.000000 2360.892570 0.000000 0.500000 1.000000 -0.230326 0.466734 1.225154 -0.230326 0.466734 1.225154 0.037637 
22.000000 2364.900291 0.000000 0.500000 1.000000 0.100772 0.616604 0.864763 0.100772 0.616604 0.864763 0.081391 
7.000000 2381.920471 0.000000 0.500000 1.000000 -0.105433 0.499058 0.941363 -0.105433 0.499058 0.941363 0.069753 
14.000000 2388.931602 0.000000 0.500000 1.000000 -0.029309 0.868797 0.976338 -0.029309 0.868797 0.976338 0.013756 
29.000000 2403.949677 0.000000 0.500000 1.000000 -0.027226 0.526632 0.964137 -0.027226 0.526632 0.964137 0.067538 
5.000000 2411.961128 0.000000 0.500000 1.000000 0.090366 0.529149 0.682402 0.090366 0.529149 0.682402 0.009605 
15.000000 2421.973389 0.000000 0.500000 1.000000 -0.134515 -0.124793 1.034989 -0.134515 -0.124793 1.034989 0.014124 
23.000000 2429.985237 0.000000 0.500000 1.000000 0.092997 0.366086 1.129162 0.092997 0.366086 1.129162 0.024138 
13.000000 2452.011604 0.000000 0.500000 1.000000 0.026057 0.690211 1.043769 0.026057 0.690211 1.043769 0.077043 
19.000000 2458.023033 0.000000 0.500000 1.000000 0.179314 0.267656 0.887582 0.179314 0.267656 0.887582 0.018767 
11.000000 2482.050346 0.000000 0.500000 1.000000 -0.202054 0.403541 1.236770 -0.202054 0.403541 1.236770 0.033724 
31.000000 2502.072624 0.000000 0.500000 1.000000 0.009588 0.778713 0.944687 0.009588 0.778713 0.944687 0.084294 
17.000000 2520.094398 0.000000 0.500000 1.000000 0.046823 0.276485 1.071952 0.046823 0.276485 1.071952 0.092173 
2.000000 2537.114388 0.000000 0.500000 1.000000 -0.057981 0.133451 0.966549 -0.057981 0.133451 0.966549 0.040138 
26.000000 2561.143799 0.000000 0.500000 1.000000 -0.020622 0.553606 0.947945 -0.020622 0.553606 0.947945 0.083576 
1.000000 2568.154495 0.000000 0.500000 1.000000 0.121631 0.645273 0.944711 0.121631 0.645273 0.944711 0.025880 
21.000000 2588.171318 0.000000 0.500000 1.000000 -0.014200 0.563226 1.009804 -0.014200 0.563226 1.009804 0.014762 
24.000000 2591.176102 0.000000 0.500000 1.000000 -0.018293 0.678615 0.845929 -0.018293 0.678615 0.845929 0.133755 
28.000000 2595.181381 0.000000 0.500000 1.000000 0.081411 0.756453 0.816353 0.081411 0.756453 0.816353 0.062975 
32.000000 2599.189720 0.000000 0.500000 1.000000 0.110318 0.541559 0.723760 0.110318 0.541559 0.723760 0.014453 
9.000000 2608.201797 0.000000 0.500000 1.000000 0.007661 0.406199 1.247107 0.007661 0.406199 1.247107 0.026601 
22.000000 2621.216370 0.000000 0.500000 1.000000 0.009042 0.673417 1.022888 0.009042 0.673417 1.022888 0.076096 
30.000000 2629.227303 0.000000 0.500000 1.000000 0.015689 0.364912 0.925340 0.015689 0.364912 0.925340 0.032870 
3.000000 2634.236473 0.000000 0.500000 1.000000 0.019334 0.133995 0.929211 0.019334 0.133995 0.929211 0.066657 
7.000000 2638.244293 0.000000 0.500000 1.000000 0.124198 0.469403 0.925733 0.124198 0.469403 0.925733 0.027518 
14.000000 2645.256546 0.000000 0.500000 1.000000 0.102262 0.554192 1.001337 0.102262 0.554192 1.001337 0.043272 
18.000000 2649.265846 0.000000 0.500000 1.000000 0.032754 0.481793 0.992123 0.032754 0.481793 0.992123 0.103519 
16.000000 2679.299576 0.000000 0.500000 1.000000 0.008264 0.513159 0.834645 0.008264 0.513159 0.834645 0.025807 
23.000000 2686.309944 0.000000 0.500000 1.000000 -0.016474 0.498150 1.022995 -0.016474 0.498150 1.022995 0.021537 
6.000000 2701.328201 0.000000 0.500000 1.000000 0.036448 0.480868 0.925828 0.036448 0.480868 0.925828 0.032541 
29.000000 2724.353188 0.000000 0.500000 1.000000 -0.113145 0.572944 1.091174 -0.113145 0.572944 1.091174 0.063276 
5.000000 2732.363419 0.000000 0.500000 1.000000 0.160308 0.584089 0.820481 0.160308 0.584089 0.820481 0.005871 
20.000000 2747.379059 0.000000 0.500000 1.000000 -0.050400 0.409254 1.052461 -0.050400 0.409254 1.052461 0.012005 
31.000000 2758.394196 0.000000 0.500000 1.000000 0.064869 0.419654 1.078601 0.064869 0.419654 1.078601 0.053247 
27.000000 2786.424583 0.000000 0.500000 1.000000 0.149560 0.669531 1.011657 0.149560 0.669531 1.011657 0.061012 
17.000000 2840.482193 0.000000 0.500000 1.000000 -0.127166 0.586542 1.107560 -0.127166 0.586542 1.107560 0.034043 
25.000000 2848.494339 0.000000 0.500000 1.000000 0.002251 0.638509 1.021859 0.002251 0.638509 1.021859 0.058551 
12.000000 2867.515175 0.000000 0.500000 1.000000 -0.006266 0.527676 0.922393 -0.006266 0.527676 0.922393 0.117443 
22.000000 2877.529579 0.000000 0.500000 1.000000 -0.013841 0.531295 1.116032 -0.013841 0.531295 1.116032 0.053047 
26.000000 2881.536392 0.000000 0.500000 1.000000 -0.284200 0.403845 0.869449 -0.284200 0.403845 0.869449 0.005675 
30.000000 2885.543213 0.000000 0.500000 1.000000 -0.123874 0.320817 1.078017 -0.123874 0.320817 1.078017 0.034845 
1.000000 2888.551041 0.000000 0.500000 1.000000 0.122397 0.663972 1.058211 0.122397 0.663972 1.058211 0.078031 
7.000000 2894.562271 0.000000 0.500000 1.000000 -0.086309 0.414503 1.082388 -0.086309 0.414503 1.082388 0.036841 
10.000000 2897.569397 0.000000 0.500000 1.000000 0.089786 0.817138 0.723481 0.089786 0.817138 0.723481 0.063375 
15.000000 2902.579605 0.000000 0.500000 1.000000 -0.051739 0.479386 0.888490 -0.051739 0.479386 0.888490 0.023110 
18.000000 2905.587875 0.000000 0.500000 1.000000 0.091553 0.468092 1.047992 0.091553 0.468092 1.047992 0.056622 
21.000000 2908.594849 0.000000 0.500000 1.000000 0.076096 0.502626 0.943532 0.076096 0.502626 0.943532 0.055688 
2.000000 2921.612724 0.000000 0.500000 1.000000 0.083639 0.534687 0.952501 0.083639 0.534687 0.952501 0.019362 
6.000000 2957.650970 0.000000 0.500000 1.000000 0.023176 0.560980 0.810610 0.023176 0.560980 0.810610 0.078334 
11.000000 2962.658546 0.000000 0.500000 1.000000 0.046036 0.459784 1.119768 0.046036 0.459784 1.119768 0.033754 
14.000000 2965.666710 0.000000 0.500000 1.000000 0.081474 0.629351 0.829780 0.081474 0.629351 0.829780 0.053393 
23.000000 2974.680351 0.000000 0.500000 1.000000 0.065329 0.696999 0.736980 0.065329 0.696999 0.736980 0.008054 
19.000000 3002.712227 0.000000 0.500000 1.000000 -0.114682 0.599287 0.979133 -0.114682 0.599287 0.979133 0.052147 
31.000000 3014.728943 0.000000 0.500000 1.000000 0.070088 0.586023 0.973115 0.070088 0.586023 0.973115 0.031489 
3.000000 3018.737663 0.000000 0.500000 1.000000 0.044572 0.550125 0.877770 0.044572 0.550125 0.877770 0.002853 
29.000000 3044.768158 0.000000 0.500000 1.000000 0.000540 0.520946 1.204181 0.000540 0.520946 1.204181 0.051611 
27.000000 3074.802963 0.000000 0.500000 1.000000 -0.046206 0.702078 0.754713 -0.046206 0.702078 0.754713 0.085718 
28.000000 3139.866112 0.000000 0.500000 1.000000 0.088442 0.545287 0.793293 0.088442 0.545287 0.793293 0.021712 
30.000000 3141.870995 0.000000 0.500000 1.000000 0.006107 0.590821 1.010527 0.006107 0.590821 1.010527 0.056950 
7.000000 3150.884430 0.000000 0.500000 1.000000 -0.036519 0.138690 0.963465 -0.036519 0.138690 0.963465 0.026280 
9.000000 3152.891129 0.000000 0.500000 1.000000 -0.023785 0.525118 0.936233 -0.023785 0.525118 0.936233 0.037180 
10.000000 3153.898010 0.000000 0.500000 1.000000 -0.156065 0.383241 1.132925 -0.156065 0.383241 1.132925 0.043315 
13.000000 3156.907562 0.000000 0.500000 1.000000 0.185767 0.430822 1.016311 0.185767 0.430822 1.016311 0.041656 
15.000000 3158.913651 0.000000 0.500000 1.000000 0.044895 0.625631 0.909333 0.044895 0.625631 0.909333 0.028874 
17.000000 3160.920219 0.000000 0.500000 1.000000 0.068754 0.302104 1.035735 0.068754 0.302104 1.035735 0.028313 
22.000000 3165.929337 0.000000 0.500000 1.000000 0.123640 0.550084 1.032702 0.123640 0.550084 1.032702 0.181741 
24.000000 3167.934982 0.000000 0.500000 1.000000 0.019911 0.571793 1.069828 0.019911 0.571793 1.069828 0.068933 
25.000000 3168.939278 0.000000 0.500000 1.000000 -0.099400 0.416336 1.193209 -0.099400 0.416336 1.193209 0.010576 
16.000000 3191.962921 0.000000 0.500000 1.000000 -0.024576 0.616939 0.938598 -0.024576 0.616939 0.938598 0.077708 
1.000000 3208.984978 0.000000 0.500000 1.000000 -0.038274 0.638518 0.914041 -0.038274 0.638518 0.914041 0.067183 
5.000000 3212.992958 0.000000 0.500000 1.000000 0.012970 0.974993 0.502440 0.012970 0.974993 0.502440 0.185050 
6.000000 3213.998360 0.000000 0.500000 1.000000 -0.060219 0.375149 0.817809 -0.060219 0.375149 0.817809 0.070085 
11.000000 3219.006927 0.000000 0.500000 1.000000 -0.107066 0.299768 1.143741 -0.107066 0.299768 1.143741 0.016237 
14.000000 3222.014557 0.000000 0.500000 1.000000 0.016976 0.550636 0.989559 0.016976 0.550636 0.989559 0.044476 
21.000000 3229.024529 0.000000 0.500000 1.000000 0.043635 0.367766 0.880943 0.043635 0.367766 0.880943 0.056360 
23.000000 3231.030502 0.000000 0.500000 1.000000 0.194697 0.157218 1.009405 0.194697 0.157218 1.009405 0.018748 
4.000000 3244.048958 0.000000 0.500000 1.000000 0.051474 0.526346 1.132659 0.051474 0.526346 1.132659 0.056285 
3.000000 3275.081017 0.000000 0.500000 1.000000 -0.009940 0.627012 0.768280 -0.009940 0.627012 0.768280 0.072304 
26.000000 3298.107048 0.000000 0.500000 1.000000 -0.013283 0.737603 0.712755 -0.013283 0.737603 0.712755 0.055678 
31.000000 3303.116737 0.000000 0.500000 1.000000 0.013597 0.303319 1.176654 0.013597 0.303319 1.176654 0.035599 
2.000000 3306.124992 0.000000 0.500000 1.000000 0.196573 0.626592 0.839942 0.196573 0.626592 0.839942 0.011658 
20.000000 3324.145096 0.000000 0.500000 1.000000 0.001056 0.695474 0.836513 0.001056 0.695474 0.836513 0.162231 
29.000000 3365.189011 0.000000 0.500000 1.000000 -0.170316 0.457031 1.107010 -0.170316 0.457031 1.107010 0.035883 
19.000000 3387.213966 0.000000 0.500000 1.000000 0.072724 0.554726 0.982569 0.072724 0.554726 0.982569 0.044284 
27.000000 3395.227097 0.000000 0.500000 1.000000 0.135904 0.638635 1.020858 0.135904 0.638635 1.020858 0.036764 
30.000000 3398.234703 0.000000 0.500000 1.000000 0.072985 0.613919 1.112237 0.072985 0.613919 1.112237 0.063503 
7.000000 3407.248695 0.000000 0.500000 1.000000 -0.112433 0.455796 0.933743 -0.112433 0.455796 0.933743 0.045278 
10.000000 3442.283936 0.000000 0.500000 1.000000 -0.057651 0.345747 0.906436 -0.057651 0.345747 0.906436 0.030572 
12.000000 3444.290268 0.000000 0.500000 1.000000 0.037972 0.461562 0.958789 0.037972 0.461562 0.958789 0.147142 
15.000000 3447.297508 0.000000 0.500000 1.000000 -0.116751 0.592896 1.153776 -0.116751 0.592896 1.153776 0.029736 
22.000000 3454.309715 0.000000 0.500000 1.000000 -0.167135 0.309708 1.230199 -0.167135 0.309708 1.230199 0.014159 
9.000000 3473.332962 0.000000 0.500000 1.000000 -0.042304 0.699036 0.985897 -0.042304 0.699036 0.985897 0.066647 
13.000000 3477.342339 0.000000 0.500000 1.000000 -0.222502 0.175932 1.263893 -0.222502 0.175932 1.263893 0.012847 
14.000000 3478.348175 0.000000 0.500000 1.000000 0.019974 0.513099 0.932952 0.019974 0.513099 0.932952 0.070379 
6.000000 3502.377899 0.000000 0.500000 1.000000 -0.011442 0.587424 0.859024 -0.011442 0.587424 0.859024 0.030454 
18.000000 3514.393349 0.000000 0.500000 1.000000 0.042065 0.692409 0.797346 0.042065 0.692409 0.797346 0.070866 
1.000000 3529.411774 0.000000 0.500000 1.000000 0.062595 0.578948 0.938624 0.062595 0.578948 0.938624 0.063636 
5.000000 3533.421150 0.000000 0.500000 1.000000 -0.188576 0.339047 1.075993 -0.188576 0.339047 1.075993 0.056393 
3.000000 3563.456482 0.000000 0.500000 1.000000 0.097873 0.558509 0.979575 0.097873 0.558509 0.979575 0.017393 
17.000000 3577.474213 0.000000 0.500000 1.000000 0.048310 0.611682 0.817438 0.048310 0.611682 0.817438 0.015257 
26.000000 3586.487045 0.000000 0.500000 1.000000 -0.224332 0.471132 1.147855 -0.224332 0.471132 1.147855 0.058515 
11.000000 3603.508430 0.000000 0.500000 1.000000 0.099916 0.454155 0.836582 0.099916 0.454155 0.836582 0.066038 
21.000000 3613.523468 0.000000 0.500000 1.000000 0.003556 0.866931 0.652314 0.003556 0.866931 0.652314 0.026600 
2.000000 3626.539131 0.000000 0.500000 1.000000 0.114953 0.518802 0.795711 0.114953 0.518802 0.795711 0.067452 
8.000000 3632.549568 0.000000 0.500000 1.000000 0.018369 0.538429 0.839933 0.018369 0.538429 0.839933 0.027236 
30.000000 3654.574219 0.000000 0.500000 1.000000 -0.097448 0.647754 0.956051 -0.097448 0.647754 0.956051 0.060778 
7.000000 3663.585632 0.000000 0.500000 1.000000 0.063113 0.416047 0.927157 0.063113 0.416047 0.927157 0.014827 
10.000000 3666.591988 0.000000 0.500000 1.000000 -0.019712 0.536103 0.854684 -0.019712 0.536103 0.854684 0.028964 
15.000000 3703.631355 0.000000 0.500000 1.000000 -0.041163 0.730048 1.001155 -0.041163 0.730048 1.001155 0.057683 
16.000000 3704.636124 0.000000 0.500000 1.000000 -0.100821 0.556240 1.062019 -0.100821 0.556240 1.062019 0.067261 
23.000000 3711.645500 0.000000 0.500000 1.000000 -0.076863 0.624459 0.940072 -0.076863 0.624459 0.940072 0.036947 
29.000000 3717.655235 0.000000 0.500000 1.000000 0.063060 0.576462 1.002055 0.063060 0.576462 1.002055 0.042646 
14.000000 3734.675941 0.000000 0.500000 1.000000 -0.062762 0.656704 0.895809 -0.062762 0.656704 0.895809 0.034263 
22.000000 3742.687546 0.000000 0.500000 1.000000 0.020152 0.713789 0.957172 0.020152 0.713789 0.957172 0.048698 
6.000000 3758.706818 0.000000 0.500000 1.000000 0.107967 0.255543 0.932026 0.107967 0.255543 0.932026 0.037846 
18.000000 3770.722710 0.000000 0.500000 1.000000 -0.005259 0.566472 0.818404 -0.005259 0.566472 0.818404 0.096497 
9.000000 3793.749992 0.000000 0.500000 1.000000 0.000458 0.451528 1.068766 0.000458 0.451528 1.068766 0.022831 
25.000000 3809.768250 0.000000 0.500000 1.000000 -0.003620 0.395766 1.082415 -0.003620 0.395766 1.082415 0.054034 
31.000000 3815.777229 0.000000 0.500000 1.000000 0.059621 0.694771 0.992572 0.059621 0.694771 0.992572 0.011466 
3.000000 3819.786934 0.000000 0.500000 1.000000 -0.007027 0.602088 0.921718 -0.007027 0.602088 0.921718 0.042683 
13.000000 3829.801170 0.000000 0.500000 1.000000 0.031373 0.754558 0.770270 0.031373 0.754558 0.770270 0.010170 
4.000000 3852.826454 0.000000 0.500000 1.000000 -0.103102 0.379718 1.128955 -0.103102 0.379718 1.128955 0.063200 
5.000000 3853.831245 0.000000 0.500000 1.000000 0.020631 0.397401 0.896864 0.020631 0.397401 0.896864 0.042642 
11.000000 3859.841171 0.000000 0.500000 1.000000 -0.066028 0.318531 1.125678 -0.066028 0.318531 1.125678 0.043563 
26.000000 3874.858818 0.000000 0.500000 1.000000 -0.049175 0.672700 0.927453 -0.049175 0.672700 0.927453 0.081089 
28.000000 3876.865089 0.000000 0.500000 1.000000 0.061687 0.885635 0.582119 0.061687 0.885635 0.582119 0.028391 
1.000000 3881.874825 0.000000 0.500000 1.000000 -0.107933 0.459302 0.985817 -0.107933 0.459302 0.985817 0.018710 
17.000000 3897.893623 0.000000 0.500000 1.000000 -0.069653 0.699377 0.843128 -0.069653 0.699377 0.843128 0.044422 
30.000000 3910.909653 0.000000 0.500000 1.000000 0.067743 0.371308 0.959914 0.067743 0.371308 0.959914 0.028815 
19.000000 3931.924751 0.000000 0.500000 1.000000 0.007078 0.741238 0.741093 0.007078 0.741238 0.741093 0.059290 
20.000000 3932.928314 0.000000 0.500000 1.000000 -0.098423 0.452169 1.300267 -0.098423 0.452169 1.300267 0.048184 
24.000000 3936.933891 0.000000 0.500000 1.000000 -0.112732 0.717131 0.925291 -0.112732 0.717131 0.925291 0.026966 
2.000000 3946.947639 0.000000 0.500000 1.000000 0.001770 0.682401 0.867470 0.001770 0.682401 0.867470 0.020992 
7.000000 3951.957130 0.000000 0.500000 1.000000 -0.083355 0.530692 0.917900 -0.083355 0.530692 0.917900 0.033150 
15.000000 3959.969208 0.000000 0.500000 1.000000 0.106109 0.341305 1.002887 0.106109 0.341305 1.002887 0.022681 
22.000000 3999.010757 0.000000 0.500000 1.000000 0.175017 0.341684 0.756157 0.175017 0.341684 0.756157 0.115492 
23.000000 4000.017334 0.000000 0.500000 1.000000 -0.042141 0.352044 1.073122 -0.042141 0.352044 1.073122 0.011232 
6.000000 4015.035599 0.000000 0.500000 1.000000 -0.083852 0.314475 0.993090 -0.083852 0.314475 0.993090 0.022210 
14.000000 4023.048309 0.000000 0.500000 1.000000 0.099359 0.618649 1.058216 0.099359 0.618649 1.058216 0.091021 
29.000000 4038.066612 0.000000 0.500000 1.000000 -0.034164 0.463565 0.844058 -0.034164 0.463565 0.844058 0.094810 
18.000000 4059.089432 0.000000 0.500000 1.000000 0.013048 0.282355 1.168118 0.013048 0.282355 1.168118 0.010268 
31.000000 4072.105804 0.000000 0.500000 1.000000 0.046531 0.588000 0.841836 0.046531 0.588000 0.841836 0.025534 
27.000000 4100.135101 0.000000 0.500000 1.000000 0.079630 0.777914 0.694075 0.079630 0.777914 0.694075 0.046988 
3.000000 4108.148705 0.000000 0.500000 1.000000 -0.111826 0.452441 0.988637 -0.111826 0.452441 0.988637 0.011126 
9.000000 4114.158752 0.000000 0.500000 1.000000 0.011904 0.455430 0.841753 0.011904 0.455430 0.841753 0.065184 
10.000000 4115.165298 0.000000 0.500000 1.000000 0.003453 0.638491 0.889332 0.003453 0.638491 0.889332 0.020284 
25.000000 4130.182343 0.000000 0.500000 1.000000 0.009295 0.054298 1.175651 0.009295 0.054298 1.175651 0.017999 
30.000000 4167.218208 0.000000 0.500000 1.000000 0.049113 0.612514 0.963691 0.049113 0.612514 0.963691 0.020735 
5.000000 4174.227997 0.000000 0.500000 1.000000 -0.000395 0.677030 1.020614 -0.000395 0.677030 1.020614 0.028799 
19.000000 4188.244965 0.000000 0.500000 1.000000 -0.316049 0.267770 1.130155 -0.316049 0.267770 1.130155 0.052086 
12.000000 4213.269356 0.000000 0.500000 1.000000 0.202619 0.610779 0.901193 0.202619 0.610779 0.901193 0.052154 
15.000000 4216.276108 0.000000 0.500000 1.000000 0.026937 0.635558 1.008434 0.026937 0.635558 1.008434 0.098578 
16.000000 4217.280960 0.000000 0.500000 1.000000 0.034571 0.679982 0.848721 0.034571 0.679982 0.848721 0.044338 
2.000000 4235.301521 0.000000 0.500000 1.000000 0.130517 0.594034 0.990212 0.130517 0.594034 0.990212 0.080503 
23.000000 4256.324013 0.000000 0.500000 1.000000 -0.152319 0.485146 1.168761 -0.152319 0.485146 1.168761 0.027614 
11.000000 4276.344704 0.000000 0.500000 1.000000 0.014428 0.828184 0.671838 0.014428 0.828184 0.671838 0.024861 
14.000000 4279.350166 0.000000 0.500000 1.000000 0.033905 0.720189 0.811250 0.033905 0.720189 0.811250 0.078160 
17.000000 4282.356911 0.000000 0.500000 1.000000 0.064689 0.533708 0.909840 0.064689 0.533708 0.909840 0.052334 
22.000000 4287.365959 0.000000 0.500000 1.000000 -0.094877 0.444287 1.001388 -0.094877 0.444287 1.001388 0.014350 
31.000000 4328.406822 0.000000 0.500000 1.000000 0.103996 0.348388 1.160822 0.103996 0.348388 1.160822 0.051532 
21.000000 4350.429245 0.000000 0.500000 1.000000 -0.021885 0.665086 0.886408 -0.021885 0.665086 0.886408 0.010457 
27.000000 4356.436165 0.000000 0.500000 1.000000 -0.076116 0.199088 0.935589 -0.076116 0.199088 0.935589 0.006236 
28.000000 4357.440315 0.000000 0.500000 1.000000 0.055899 0.543627 1.048133 0.055899 0.543627 1.048133 0.079452 
3.000000 4364.450928 0.000000 0.500000 1.000000 0.033543 0.648087 0.840034 0.033543 0.648087 0.840034 0.072558 
10.000000 4371.461380 0.000000 0.500000 1.000000 0.051783 0.707878 0.718308 0.051783 0.707878 0.718308 0.147877 
1.000000 4394.486122 0.000000 0.500000 1.000000 0.003303 0.442534 0.901426 0.003303 0.442534 0.901426 0.021693 
30.000000 4423.516777 0.000000 0.500000 1.000000 0.089010 0.443023 0.972864 0.089010 0.443023 0.972864 0.030676 
13.000000 4438.533081 0.000000 0.500000 1.000000 0.034671 0.249607 1.042729 0.034671 0.249607 1.042729 0.123949 
25.000000 4450.547562 0.000000 0.500000 1.000000 0.146931 0.206240 1.127523 0.146931 0.206240 1.127523 0.032230 
4.000000 4461.560966 0.000000 0.500000 1.000000 -0.068368 0.549369 1.201968 -0.068368 0.549369 1.201968 0.121405 
19.000000 4476.579216 0.000000 0.500000 1.000000 -0.035849 0.466670 1.025226 -0.035849 0.466670 1.025226 0.012299 
32.000000 4489.594955 0.000000 0.500000 1.000000 0.034699 0.515499 0.878118 0.034699 0.515499 0.878118 0.066634 
5.000000 4494.604942 0.000000 0.500000 1.000000 -0.018053 0.719691 0.760792 -0.018053 0.719691 0.760792 0.098869 
6.000000 4495.610870 0.000000 0.500000 1.000000 -0.030658 0.834937 0.826647 -0.030658 0.834937 0.826647 0.029348 
18.000000 4507.626488 0.000000 0.500000 1.000000 -0.122658 0.313261 1.087898 -0.122658 0.313261 1.087898 0.014570 
23.000000 4512.635757 0.000000 0.500000 1.000000 -0.204707 0.349665 1.100031 -0.204707 0.349665 1.100031 0.043344 
11.000000 4532.654434 0.000000 0.500000 1.000000 0.087778 0.551080 0.830872 0.087778 0.551080 0.830872 0.096893 
20.000000 4541.662842 0.000000 0.500000 1.000000 0.044131 -0.056739 1.008521 0.044131 -0.056739 1.008521 0.027779 
22.000000 4543.667030 0.000000 0.500000 1.000000 -0.030472 0.467797 0.875202 -0.030472 0.467797 0.875202 0.023722 
24.000000 4545.671219 0.000000 0.500000 1.000000 0.114969 0.689737 0.800093 0.114969 0.689737 0.800093 0.059878 
17.000000 4602.728844 0.000000 0.500000 1.000000 -0.041384 0.402696 0.907926 -0.041384 0.402696 0.907926 0.059471 
29.000000 4614.743851 0.000000 0.500000 1.000000 -0.002768 0.803515 0.610211 -0.002768 0.803515 0.610211 0.015581 
31.000000 4616.751579 0.000000 0.500000 1.000000 -0.346759 0.213475 1.236525 -0.346759 0.213475 1.236525 0.016998 
10.000000 4627.767067 0.000000 0.500000 1.000000 -0.018954 0.661798 0.822382 -0.018954 0.661798 0.822382 0.073040 
27.000000 4644.788162 0.000000 0.500000 1.000000 -0.145608 0.533887 0.790428 -0.145608 0.533887 0.790428 0.033817 
2.000000 4651.800667 0.000000 0.500000 1.000000 -0.032106 0.339921 0.888754 -0.032106 0.339921 0.888754 0.001838 
7.000000 4656.810257 0.000000 0.500000 1.000000 -0.047838 0.799486 0.812327 -0.047838 0.799486 0.812327 0.040830 
9.000000 4658.817558 0.000000 0.500000 1.000000 -0.033844 0.567672 0.880124 -0.033844 0.567672 0.880124 0.006533 
16.000000 4697.856949 0.000000 0.500000 1.000000 -0.083393 0.334516 1.186143 -0.083393 0.334516 1.186143 0.049393 
21.000000 4702.866287 0.000000 0.500000 1.000000 0.147941 0.416130 1.001923 0.147941 0.416130 1.001923 0.026765 
30.000000 4711.879173 0.000000 0.500000 1.000000 0.012089 0.537196 0.909785 0.012089 0.537196 0.909785 0.026715 
1.000000 4714.887718 0.000000 0.500000 1.000000 -0.143270 0.780600 0.959521 -0.143270 0.780600 0.959521 0.093853 
19.000000 4732.908325 0.000000 0.500000 1.000000 0.151216 0.471980 1.017061 0.151216 0.471980 1.017061 0.057208 
3.000000 4748.927109 0.000000 0.500000 1.000000 0.039878 0.737730 0.823707 0.039878 0.737730 0.823707 0.008317 
6.000000 4751.933632 0.000000 0.500000 1.000000 -0.067899 0.716301 0.791996 -0.067899 0.716301 0.791996 0.046389 
14.000000 4759.947128 0.000000 0.500000 1.000000 0.001992 0.613058 0.948566 0.001992 0.613058 0.948566 0.007179 
18.000000 4763.954803 0.000000 0.500000 1.000000 0.002949 0.501707 0.903469 0.002949 0.501707 0.903469 0.011847 
23.000000 4768.964043 0.000000 0.500000 1.000000 0.040124 0.720141 0.873783 0.040124 0.720141 0.873783 0.026422 
25.000000 4802.999992 0.000000 0.500000 1.000000 -0.062502 0.429784 0.980639 -0.062502 0.429784 0.980639 0.053457 
5.000000 4815.014679 0.000000 0.500000 1.000000 -0.140145 0.203115 1.044025 -0.140145 0.203115 1.044025 0.027166 
8.000000 4818.021896 0.000000 0.500000 1.000000 0.040039 0.806963 0.862428 0.040039 0.806963 0.862428 0.036312 
22.000000 4832.039169 0.000000 0.500000 1.000000 -0.023212 0.681039 1.036003 -0.023212 0.681039 1.036003 0.008416 
13.000000 4855.064835 0.000000 0.500000 1.000000 0.009740 0.570595 0.912570 0.009740 0.570595 0.912570 0.031218 
27.000000 4901.104141 0.000000 0.500000 1.000000 0.007445 0.527999 0.930275 0.007445 0.527999 0.930275 0.068623 
28.000000 4902.107658 0.000000 0.500000 1.000000 -0.090007 0.398762 0.982001 -0.090007 0.398762 0.982001 0.039419 
2.000000 4908.115799 0.000000 0.500000 1.000000 0.175131 0.447132 0.871446 0.175131 0.447132 0.871446 0.046089 
7.000000 4913.125481 0.000000 0.500000 1.000000 -0.039903 0.469147 1.235437 -0.039903 0.469147 1.235437 0.060699 
10.000000 4916.132591 0.000000 0.500000 1.000000 0.023847 0.489791 1.105899 0.023847 0.489791 1.105899 0.037906 
12.000000 4918.138351 0.000000 0.500000 1.000000 0.025304 0.573020 1.151554 0.025304 0.573020 1.151554 0.046295 
29.000000 4967.186569 0.000000 0.500000 1.000000 -0.126395 0.587139 1.163062 -0.126395 0.587139 1.163062 0.042974 
30.000000 4968.190308 0.000000 0.500000 1.000000 -0.006409 0.442548 1.031180 -0.006409 0.442548 1.031180 0.034151 
23.000000 5025.245430 0.000000 0.500000 1.000000 0.147405 0.403052 0.918647 0.147405 0.403052 0.918647 0.064778 
26.000000 5028.252228 0.000000 0.500000 1.000000 -0.027795 0.448499 0.837644 -0.027795 0.448499 0.837644 0.052350 
1.000000 5035.264214 0.000000 0.500000 1.000000 0.125746 0.395557 1.122365 0.125746 0.395557 1.122365 0.062695 
14.000000 5048.277641 0.000000 0.500000 1.000000 -0.117726 0.563382 1.043853 -0.117726 0.563382 1.043853 0.101426 
32.000000 5066.294647 0.000000 0.500000 1.000000 -0.041002 0.442217 1.138658 -0.041002 0.442217 1.138658 0.024790 
9.000000 5075.305954 0.000000 0.500000 1.000000 -0.047087 0.597748 0.803108 -0.047087 0.597748 0.803108 0.024124 
19.000000 5085.320412 0.000000 0.500000 1.000000 -0.001392 0.713110 0.839634 -0.001392 0.713110 0.839634 0.027068 
22.000000 5088.327805 0.000000 0.500000 1.000000 0.037317 0.517373 0.783769 0.037317 0.517373 0.783769 0.085203 
20.000000 5118.360435 0.000000 0.500000 1.000000 0.050354 0.655869 0.632621 0.050354 0.655869 0.632621 0.069339 
25.000000 5123.370384 0.000000 0.500000 1.000000 0.013060 0.443259 1.004788 0.013060 0.443259 1.004788 0.093664 
11.000000 5141.391891 0.000000 0.500000 1.000000 0.104080 0.422106 0.993583 0.104080 0.422106 0.993583 0.016317 
17.000000 5147.403358 0.000000 0.500000 1.000000 -0.236842 0.438374 1.169709 -0.236842 0.438374 1.169709 0.061260 
18.000000 5148.408646 0.000000 0.500000 1.000000 -0.175770 0.398866 1.096418 -0.175770 0.398866 1.096418 0.030008 
21.000000 5151.415009 0.000000 0.500000 1.000000 -0.003592 0.667964 0.899006 -0.003592 0.667964 0.899006 0.037353 
27.000000 5157.425209 0.000000 0.500000 1.000000 0.034411 0.755755 0.807916 0.034411 0.755755 0.807916 0.005142 
3.000000 5165.436546 0.000000 0.500000 1.000000 0.050954 0.280046 1.006503 0.050954 0.280046 1.006503 0.057286 
16.000000 5178.452103 0.000000 0.500000 1.000000 -0.068213 0.645608 1.002896 -0.068213 0.645608 1.002896 0.020839 
24.000000 5186.462410 0.000000 0.500000 1.000000 -0.046794 0.632515 1.066261 -0.046794 0.632515 1.066261 0.086955 
2.000000 5196.475616 0.000000 0.500000 1.000000 0.103280 0.423910 1.108361 0.103280 0.423910 1.108361 0.023524 
5.000000 5199.482010 0.000000 0.500000 1.000000 0.049488 0.360697 0.922347 0.049488 0.360697 0.922347 0.021266 
7.000000 5201.487526 0.000000 0.500000 1.000000 0.021403 0.531438 1.236488 0.021403 0.531438 1.236488 0.049192 
10.000000 5236.524315 0.000000 0.500000 1.000000 0.100423 0.589630 0.987147 0.100423 0.589630 0.987147 0.058995 
30.000000 5256.547462 0.000000 0.500000 1.000000 -0.050702 0.479182 1.011983 -0.050702 0.479182 1.011983 0.048398 
31.000000 5257.552376 0.000000 0.500000 1.000000 0.109113 0.663531 0.792866 0.109113 0.663531 0.792866 0.131612 
6.000000 5264.564415 0.000000 0.500000 1.000000 0.165360 0.492416 0.856769 0.165360 0.492416 0.856769 0.036421 
15.000000 5273.577950 0.000000 0.500000 1.000000 0.069787 0.889125 0.695692 0.069787 0.889125 0.695692 0.076105 
23.000000 5281.591026 0.000000 0.500000 1.000000 -0.120275 0.477106 0.842599 -0.120275 0.477106 0.842599 0.017329 
26.000000 5284.598679 0.000000 0.500000 1.000000 0.064977 0.642248 0.908884 0.064977 0.642248 0.908884 0.059533 
29.000000 5287.605576 0.000000 0.500000 1.000000 0.060749 0.292534 1.080383 0.060749 0.292534 1.080383 0.018632 
4.000000 5294.617310 0.000000 0.500000 1.000000 -0.044716 0.631716 0.876843 -0.044716 0.631716 0.876843 0.033031 
8.000000 5330.654198 0.000000 0.500000 1.000000 0.082764 0.578454 1.083754 0.082764 0.578454 1.083754 0.087518 
13.000000 5335.662460 0.000000 0.500000 1.000000 -0.048628 0.707093 0.753783 -0.048628 0.707093 0.753783 0.084509 
19.000000 5341.673416 0.000000 0.500000 1.000000 0.054749 0.380422 0.955600 0.054749 0.380422 0.955600 0.045302 
22.000000 5344.681847 0.000000 0.500000 1.000000 0.017772 0.452725 0.911089 0.017772 0.452725 0.911089 0.139867 
1.000000 5355.695625 0.000000 0.500000 1.000000 0.019497 0.637400 0.874312 0.019497 0.637400 0.874312 0.015829 
14.000000 5368.712471 0.000000 0.500000 1.000000 0.029528 0.702879 0.927845 0.029528 0.702879 0.927845 0.026758 
28.000000 5382.722954 0.000000 0.500000 1.000000 0.091203 0.607895 0.866884 0.091203 0.607895 0.866884 0.040227 
9.000000 5395.738876 0.000000 0.500000 1.000000 0.108545 0.319500 0.991604 0.108545 0.319500 0.991604 0.031907 
3.000000 5421.765282 0.000000 0.500000 1.000000 -0.134550 0.317127 1.032831 -0.134550 0.317127 1.032831 0.082757 
12.000000 5430.776382 0.000000 0.500000 1.000000 0.028803 0.248927 1.025233 0.028803 0.248927 1.025233 0.018639 
25.000000 5443.791206 0.000000 0.500000 1.000000 -0.038728 0.616756 0.984235 -0.038728 0.616756 0.984235 0.018371 
2.000000 5452.803787 0.000000 0.500000 1.000000 -0.075901 0.711198 0.791856 -0.075901 0.711198 0.791856 0.025924 
17.000000 5467.821037 0.000000 0.500000 1.000000 -0.139362 0.200539 1.131530 -0.139362 0.200539 1.131530 0.005303 
7.000000 5489.843666 0.000000 0.500000 1.000000 -0.020560 0.691069 0.881561 -0.020560 0.691069 0.881561 0.173718 
10.000000 5492.849739 0.000000 0.500000 1.000000 0.100030 0.466546 0.946788 0.100030 0.466546 0.946788 0.055988 
30.000000 5512.873611 0.000000 0.500000 1.000000 0.048694 0.533363 1.003616 0.048694 0.533363 1.003616 0.022677 
31.000000 5513.879303 0.000000 0.500000 1.000000 0.020721 0.576619 0.745247 0.020721 0.576619 0.745247 0.046078 
5.000000 5519.889473 0.000000 0.500000 1.000000 0.186525 0.665475 0.875458 0.186525 0.665475 0.875458 0.023786 
15.000000 5529.905029 0.000000 0.500000 1.000000 0.100890 0.525745 0.857047 0.100890 0.525745 0.857047 0.022097 
23.000000 5537.916458 0.000000 0.500000 1.000000 -0.170616 0.021538 1.104859 -0.170616 0.021538 1.104859 0.011033 
26.000000 5540.923660 0.000000 0.500000 1.000000 0.046768 0.545059 0.779308 0.046768 0.545059 0.779308 0.098448 
29.000000 5607.989090 0.000000 0.500000 1.000000 -0.180665 0.236878 0.995159 -0.180665 0.236878 0.995159 0.025058 
14.000000 5625.011322 0.000000 0.500000 1.000000 0.093665 0.362432 1.158191 0.093665 0.362432 1.158191 0.036133 
19.000000 5630.019386 0.000000 0.500000 1.000000 0.061036 0.304755 1.122621 0.061036 0.304755 1.122621 0.048787 
22.000000 5633.026459 0.000000 0.500000 1.000000 0.008644 0.556052 0.967092 0.008644 0.556052 0.967092 0.024929 
13.000000 5656.050873 0.000000 0.500000 1.000000 -0.142003 0.309110 1.025626 -0.142003 0.309110 1.025626 0.026451 
1.000000 5676.074104 0.000000 0.500000 1.000000 0.017655 0.200689 1.011357 0.017655 0.200689 1.011357 0.006307 
3.000000 5678.081192 0.000000 0.500000 1.000000 0.042337 0.429565 0.846678 0.042337 0.429565 0.846678 0.057367 
27.000000 5702.107071 0.000000 0.500000 1.000000 0.019868 0.741305 0.712173 0.019868 0.741305 0.712173 0.176160 
2.000000 5709.118279 0.000000 0.500000 1.000000 -0.040909 0.472753 0.778290 -0.040909 0.472753 0.778290 0.045376 
9.000000 5716.130608 0.000000 0.500000 1.000000 -0.029841 0.624094 1.063513 -0.029841 0.624094 1.063513 0.024131 
11.000000 5718.137688 0.000000 0.500000 1.000000 0.101525 0.510377 0.842017 0.101525 0.510377 0.842017 0.016053 
18.000000 5725.148392 0.000000 0.500000 1.000000 -0.096435 0.631281 0.949033 -0.096435 0.631281 0.949033 0.007071 
21.000000 5728.156204 0.000000 0.500000 1.000000 0.033210 0.834639 0.817164 0.033210 0.834639 0.817164 0.084857 
6.000000 5745.176849 0.000000 0.500000 1.000000 -0.025158 0.661336 1.001154 -0.025158 0.661336 1.001154 0.041211 
7.000000 5746.182434 0.000000 0.500000 1.000000 0.021864 0.442450 1.111291 0.021864 0.442450 1.111291 0.043468 
25.000000 5764.202644 0.000000 0.500000 1.000000 -0.053027 0.534121 0.981514 -0.053027 0.534121 0.981514 0.065703 
31.000000 5770.211678 0.000000 0.500000 1.000000 -0.217974 0.439634 1.190312 -0.217974 0.439634 1.190312 0.018914 
15.000000 5786.233009 0.000000 0.500000 1.000000 0.004558 0.447465 1.020190 0.004558 0.447465 1.020190 0.052188 
17.000000 5788.238716 0.000000 0.500000 1.000000 -0.002621 0.467754 0.990444 -0.002621 0.467754 0.990444 0.056364 
23.000000 5794.248672 0.000000 0.500000 1.000000 -0.031091 0.630504 0.895871 -0.031091 0.630504 0.895871 0.015288 
26.000000 5797.256027 0.000000 0.500000 1.000000 -0.064957 0.695648 1.079030 -0.064957 0.695648 1.079030 0.036845 
5.000000 5840.297920 0.000000 0.500000 1.000000 -0.028205 0.713595 1.038073 -0.028205 0.713595 1.038073 0.034552 
8.000000 5843.303299 0.000000 0.500000 1.000000 0.069729 0.574049 0.874609 0.069729 0.574049 0.874609 0.039983 
20.000000 5855.315315 0.000000 0.500000 1.000000 -0.010121 0.576121 0.851780 -0.010121 0.576121 0.851780 0.067101 
30.000000 5865.328079 0.000000 0.500000 1.000000 0.115080 0.659297 0.921479 0.115080 0.659297 0.921479 0.025699 
14.000000 5881.346291 0.000000 0.500000 1.000000 0.126835 0.456445 1.118265 0.126835 0.456445 1.118265 0.062768 
19.000000 5886.355675 0.000000 0.500000 1.000000 0.082535 0.705717 0.955893 0.082535 0.705717 0.955893 0.084559 
22.000000 5889.361748 0.000000 0.500000 1.000000 0.046315 0.542198 0.948599 0.046315 0.542198 0.948599 0.030463 
28.000000 5927.386139 0.000000 0.500000 1.000000 -0.176838 0.356629 1.132291 -0.176838 0.356629 1.132291 0.019430 
32.000000 5931.392731 0.000000 0.500000 1.000000 0.045386 0.359058 0.848351 0.045386 0.359058 0.848351 0.035091 
3.000000 5934.399902 0.000000 0.500000 1.000000 0.048058 0.719900 0.935718 0.048058 0.719900 0.935718 0.136418 
10.000000 5941.410049 0.000000 0.500000 1.000000 0.084372 0.736586 0.661207 0.084372 0.736586 0.661207 0.034671 
12.000000 5943.415268 0.000000 0.500000 1.000000 -0.104476 0.583472 1.080669 -0.104476 0.583472 1.080669 0.038721 
27.000000 5958.432800 0.000000 0.500000 1.000000 0.026638 0.408278 1.018656 0.026638 0.408278 1.018656 0.021464 
29.000000 5960.438316 0.000000 0.500000 1.000000 -0.001332 0.553753 0.970971 -0.001332 0.553753 0.970971 0.028817 
18.000000 5981.462181 0.000000 0.500000 1.000000 0.003231 0.457704 1.007299 0.003231 0.457704 1.007299 0.023818 
1.000000 5996.476944 0.000000 0.500000 1.000000 -0.078668 0.515229 1.170762 -0.078668 0.515229 1.170762 0.086450 
4.000000 5999.484177 0.000000 0.500000 1.000000 0.010598 0.673577 0.814777 0.010598 0.673577 0.814777 0.049436 
6.000000 6001.489372 0.000000 0.500000 1.000000 -0.020545 0.600631 0.878908 -0.020545 0.600631 0.878908 0.050280 
11.000000 6006.499329 0.000000 0.500000 1.000000 -0.033387 0.542754 1.108453 -0.033387 0.542754 1.108453 0.053501 
16.000000 6011.507355 0.000000 0.500000 1.000000 0.034562 0.770959 0.934367 0.034562 0.770959 0.934367 0.064392 
31.000000 6026.524307 0.000000 0.500000 1.000000 0.030891 0.562110 0.865718 0.030891 0.562110 0.865718 0.009252 
9.000000 6036.540092 0.000000 0.500000 1.000000 0.135914 0.376407 0.953711 0.135914 0.376407 0.953711 0.012714 
21.000000 6048.553978 0.000000 0.500000 1.000000 -0.000215 0.862327 0.678126 -0.000215 0.862327 0.678126 0.120827 
26.000000 6053.561661 0.000000 0.500000 1.000000 -0.049709 0.471156 1.064843 -0.049709 0.471156 1.064843 0.027845 
25.000000 6084.593140 0.000000 0.500000 1.000000 -0.019322 0.397765 1.166658 -0.019322 0.397765 1.166658 0.043070 
2.000000 6093.606651 0.000000 0.500000 1.000000 -0.104299 0.498093 1.233917 -0.104299 0.498093 1.233917 0.107545 
13.000000 6136.651367 0.000000 0.500000 1.000000 0.031802 0.711877 0.753224 0.031802 0.711877 0.753224 0.017574 
17.000000 6140.659645 0.000000 0.500000 1.000000 -0.018377 0.614722 1.038309 -0.018377 0.614722 1.038309 0.083016 
19.000000 6142.666229 0.000000 0.500000 1.000000 0.048072 0.530084 1.113111 0.048072 0.530084 1.113111 0.059459 
22.000000 6145.674629 0.000000 0.500000 1.000000 -0.027360 0.555373 0.871734 -0.027360 0.555373 0.871734 0.014925 
30.000000 6153.685822 0.000000 0.500000 1.000000 0.058426 0.560987 0.905265 0.058426 0.560987 0.905265 0.016771 
5.000000 6160.696770 0.000000 0.500000 1.000000 -0.105739 0.327096 1.290037 -0.105739 0.327096 1.290037 0.068380 
3.000000 6190.727295 0.000000 0.500000 1.000000 0.134906 0.328727 1.039508 0.134906 0.328727 1.039508 0.025931 
10.000000 6197.739311 0.000000 0.500000 1.000000 0.077949 0.571955 1.002882 0.077949 0.571955 1.002882 0.051658 
23.000000 6210.755852 0.000000 0.500000 1.000000 -0.005969 0.748743 0.885978 -0.005969 0.748743 0.885978 0.011845 
18.000000 6237.786148 0.000000 0.500000 1.000000 -0.016405 0.719287 0.856370 -0.016405 0.719287 0.856370 0.016836 
6.000000 6257.806122 0.000000 0.500000 1.000000 -0.057195 0.462698 0.976945 -0.057195 0.462698 0.976945 0.020806 
11.000000 6262.815323 0.000000 0.500000 1.000000 -0.012897 0.747251 0.885255 -0.012897 0.747251 0.885255 0.113208 
29.000000 6280.837303 0.000000 0.500000 1.000000 0.085036 0.429584 0.957511 0.085036 0.429584 0.957511 0.018670 
26.000000 6309.865952 0.000000 0.500000 1.000000 -0.034535 0.503257 0.963580 -0.034535 0.503257 0.963580 0.050265 
2.000000 6317.875465 0.000000 0.500000 1.000000 -0.045270 0.447273 1.096107 -0.045270 0.447273 1.096107 0.008969 
8.000000 6323.885597 0.000000 0.500000 1.000000 -0.093189 0.486482 0.983032 -0.093189 0.486482 0.983032 0.084158 
31.000000 6346.909103 0.000000 0.500000 1.000000 0.070208 0.188077 1.097854 0.070208 0.188077 1.097854 0.095404 
1.000000 6348.916626 0.000000 0.500000 1.000000 0.093356 0.713091 0.679100 0.093356 0.713091 0.679100 0.024817 
14.000000 6361.933853 0.000000 0.500000 1.000000 0.016050 0.686887 0.973300 0.016050 0.686887 0.973300 0.086618 
19.000000 6398.970428 0.000000 0.500000 1.000000 -0.138628 0.572726 1.057896 -0.138628 0.572726 1.057896 0.056510 
21.000000 6400.975586 0.000000 0.500000 1.000000 0.045096 0.356584 1.064106 0.045096 0.356584 1.064106 0.027834 
22.000000 6401.980080 0.000000 0.500000 1.000000 0.013042 0.586969 0.921656 0.013042 0.586969 0.921656 0.045937 
