octave:1> bootstrap_example1
Bootstrap standard errors
   0.083376   0.090719   0.143284
*********************************************************
OLS estimation results
Observations 100
R-squared 0.014674
Sigma-squared 0.695267
Results (Ordinary var-cov estimator)
     estimate     st.err.     t-stat.     p-value
1      -0.115       0.084      -1.369       0.174
2      -0.016       0.083      -0.197       0.845
3      -0.105       0.088      -1.189       0.237
*********************************************************
OLS estimation results
Observations 100
R-squared 0.014674
Sigma-squared 0.695267
Results (Het. consistent var-cov estimator)
     estimate     st.err.     t-stat.     p-value
1      -0.115       0.084      -1.381       0.170
2      -0.016       0.090      -0.182       0.856
3      -0.105       0.140      -0.751       0.454
