23.000000 1436.957275 0.200000 0.700000 0.500000 -0.500000 0.166421 0.868946 0.511747 -0.476204 0.166421 0.868946 0.511747 -0.476204 0.029253 
15.000000 1589.174149 0.200000 0.700000 0.500000 -0.500000 0.271643 0.588709 0.450904 -0.460381 0.271643 0.588709 0.450904 -0.460381 0.038879 
18.000000 1592.182671 0.200000 0.700000 0.500000 -0.500000 0.180249 0.828400 0.465315 -0.574019 0.180249 0.828400 0.465315 -0.574019 0.050663 
19.000000 1593.189926 0.200000 0.700000 0.500000 -0.500000 0.228994 0.657052 0.502401 -0.502669 0.228994 0.657052 0.502401 -0.502669 0.085367 
11.000000 1681.288727 0.200000 0.700000 0.500000 -0.500000 0.250124 0.710788 0.486572 -0.514941 0.250124 0.710788 0.486572 -0.514941 0.018368 
26.000000 1984.619400 0.200000 0.700000 0.500000 -0.500000 0.220328 0.530301 0.516538 -0.480449 0.220328 0.530301 0.516538 -0.480449 0.022583 
27.000000 2049.695839 0.200000 0.700000 0.500000 -0.500000 0.169817 0.803808 0.449998 -0.620391 0.169817 0.803808 0.449998 -0.620391 0.013230 
31.000000 2149.810936 0.200000 0.700000 0.500000 -0.500000 0.310461 0.363859 0.487890 -0.439514 0.310461 0.363859 0.487890 -0.439514 0.049649 
1.000000 2215.888603 0.200000 0.700000 0.500000 -0.500000 0.108807 0.939212 0.487901 -0.482915 0.108807 0.939212 0.487901 -0.482915 0.013389 
3.000000 2217.895378 0.200000 0.700000 0.500000 -0.500000 0.215105 0.588570 0.506072 -0.448526 0.215105 0.588570 0.506072 -0.448526 0.013570 
30.000000 2308.998085 0.200000 0.700000 0.500000 -0.500000 0.184908 0.764962 0.553014 -0.468993 0.184908 0.764962 0.553014 -0.468993 0.044253 
7.000000 2702.424408 0.200000 0.700000 0.500000 -0.500000 0.237869 0.483971 0.481938 -0.520008 0.237869 0.483971 0.481938 -0.520008 0.041523 
14.000000 2773.505508 0.200000 0.700000 0.500000 -0.500000 0.254020 0.326074 0.462558 -0.481500 0.254020 0.326074 0.462558 -0.481500 0.019398 
17.000000 3225.144241 0.200000 0.700000 0.500000 -0.500000 0.257201 0.376786 0.499645 -0.482108 0.257201 0.376786 0.499645 -0.482108 0.030797 
5.000000 3277.206230 0.200000 0.700000 0.500000 -0.500000 0.235502 0.588571 0.490659 -0.481690 0.235502 0.588571 0.490659 -0.481690 0.014956 
29.000000 3365.307121 0.200000 0.700000 0.500000 -0.500000 0.195950 0.728387 0.491171 -0.444191 0.195950 0.728387 0.491171 -0.444191 0.017810 
25.000000 3489.447235 0.200000 0.700000 0.500000 -0.500000 0.183463 0.849780 0.482873 -0.456310 0.183463 0.849780 0.482873 -0.456310 0.018060 
11.000000 3731.711082 0.200000 0.700000 0.500000 -0.500000 0.120939 0.999000 0.542370 -0.491314 0.120939 0.999000 0.542370 -0.491314 0.031062 
26.000000 3874.870193 0.200000 0.700000 0.500000 -0.500000 0.299801 0.736034 0.422723 -0.549750 0.299801 0.736034 0.422723 -0.549750 0.062086 
2.000000 3882.883720 0.200000 0.700000 0.500000 -0.500000 0.115779 0.990471 0.524982 -0.478379 0.115779 0.990471 0.524982 -0.478379 0.040538 
13.000000 3925.934608 0.200000 0.700000 0.500000 -0.500000 0.157437 0.687355 0.494448 -0.575000 0.157437 0.687355 0.494448 -0.575000 0.031452 
31.000000 3975.996140 0.200000 0.700000 0.500000 -0.500000 0.138989 0.951663 0.469420 -0.557166 0.138989 0.951663 0.469420 -0.557166 0.039212 
19.000000 4188.231979 0.200000 0.700000 0.500000 -0.500000 0.152927 0.752805 0.494495 -0.593968 0.152927 0.752805 0.494495 -0.593968 0.069937 
6.000000 4271.329979 0.200000 0.700000 0.500000 -0.500000 0.199349 0.524311 0.507502 -0.456657 0.199349 0.524311 0.507502 -0.456657 0.055812 
7.000000 4272.336525 0.200000 0.700000 0.500000 -0.500000 0.171306 0.785507 0.512731 -0.440474 0.171306 0.785507 0.512731 -0.440474 0.041849 
20.000000 4637.730682 0.200000 0.700000 0.500000 -0.500000 0.233840 0.716954 0.505740 -0.425379 0.233840 0.716954 0.505740 -0.425379 0.050225 
14.000000 4663.762184 0.200000 0.700000 0.500000 -0.500000 0.160398 0.962092 0.532091 -0.481296 0.160398 0.962092 0.532091 -0.481296 0.017279 
22.000000 4799.912010 0.200000 0.700000 0.500000 -0.500000 0.302278 0.621413 0.423668 -0.596540 0.302278 0.621413 0.423668 -0.596540 0.030072 
23.000000 4897.021904 0.200000 0.700000 0.500000 -0.500000 0.262728 0.651603 0.501074 -0.536942 0.262728 0.651603 0.501074 -0.536942 0.029235 
30.000000 4904.034843 0.200000 0.700000 0.500000 -0.500000 0.148846 0.883499 0.508742 -0.584800 0.148846 0.883499 0.508742 -0.584800 0.014951 
12.000000 5014.160049 0.200000 0.700000 0.500000 -0.500000 0.262223 0.572834 0.492282 -0.508918 0.262223 0.572834 0.492282 -0.508918 0.049951 
28.000000 5094.238014 0.200000 0.700000 0.500000 -0.500000 0.139706 0.926080 0.513485 -0.560118 0.139706 0.926080 0.513485 -0.560118 0.016447 
32.000000 5098.246582 0.200000 0.700000 0.500000 -0.500000 0.288974 0.618424 0.458281 -0.523908 0.288974 0.618424 0.458281 -0.523908 0.025735 
9.000000 5299.467201 0.200000 0.700000 0.500000 -0.500000 0.282374 0.578865 0.451278 -0.586571 0.282374 0.578865 0.451278 -0.586571 0.046509 
10.000000 5364.543053 0.200000 0.700000 0.500000 -0.500000 0.233610 0.539547 0.469676 -0.546317 0.233610 0.539547 0.469676 -0.546317 0.011807 
27.000000 5413.602051 0.200000 0.700000 0.500000 -0.500000 0.232210 0.763128 0.471961 -0.517401 0.232210 0.763128 0.471961 -0.517401 0.024240 
17.000000 5435.630913 0.200000 0.700000 0.500000 -0.500000 0.198292 0.877578 0.536034 -0.473541 0.198292 0.877578 0.536034 -0.473541 0.030628 
2.000000 5484.687874 0.200000 0.700000 0.500000 -0.500000 0.155932 0.877147 0.537059 -0.466795 0.155932 0.877147 0.537059 -0.466795 0.021429 
29.000000 5639.862221 0.200000 0.700000 0.500000 -0.500000 0.173614 0.969300 0.504922 -0.450616 0.173614 0.969300 0.504922 -0.450616 0.020768 
31.000000 5641.869591 0.200000 0.700000 0.500000 -0.500000 0.133079 0.704401 0.562807 -0.592380 0.133079 0.704401 0.562807 -0.592380 0.019625 
16.000000 5915.171875 0.200000 0.700000 0.500000 -0.500000 0.203314 0.565183 0.482901 -0.551720 0.203314 0.565183 0.482901 -0.551720 0.011683 
13.000000 5944.207878 0.200000 0.700000 0.500000 -0.500000 0.149259 0.977656 0.440598 -0.483369 0.149259 0.977656 0.440598 -0.483369 0.030333 
8.000000 6163.445076 0.200000 0.700000 0.500000 -0.500000 0.315006 0.769310 0.480237 -0.474967 0.315006 0.769310 0.480237 -0.474967 0.034941 
19.000000 6398.703270 0.200000 0.700000 0.500000 -0.500000 0.223235 0.485262 0.495832 -0.496902 0.223235 0.485262 0.495832 -0.496902 0.013055 
26.000000 6405.715744 0.200000 0.700000 0.500000 -0.500000 0.203742 0.642662 0.445555 -0.536142 0.203742 0.642662 0.445555 -0.536142 0.048783 
25.000000 6564.894264 0.200000 0.700000 0.500000 -0.500000 0.217812 0.816634 0.467466 -0.596650 0.217812 0.816634 0.467466 -0.596650 0.042702 
30.000000 6666.008621 0.200000 0.700000 0.500000 -0.500000 0.158570 0.657846 0.486307 -0.536645 0.158570 0.657846 0.486307 -0.536645 0.047633 
22.000000 6722.074905 0.200000 0.700000 0.500000 -0.500000 0.251181 0.588067 0.499640 -0.586595 0.251181 0.588067 0.499640 -0.586595 0.023554 
3.000000 6767.129951 0.200000 0.700000 0.500000 -0.500000 0.237274 0.954517 0.417617 -0.578058 0.237274 0.954517 0.417617 -0.578058 0.012190 
5.000000 6993.379921 0.200000 0.700000 0.500000 -0.500000 0.258668 0.510665 0.470160 -0.575181 0.258668 0.510665 0.470160 -0.575181 0.023980 
7.000000 7027.422150 0.200000 0.700000 0.500000 -0.500000 0.294367 0.640506 0.442199 -0.532247 0.294367 0.640506 0.442199 -0.532247 0.020761 
27.000000 7079.484207 0.200000 0.700000 0.500000 -0.500000 0.134989 0.814189 0.536719 -0.558020 0.134989 0.814189 0.536719 -0.558020 0.019430 
31.000000 7211.631035 0.200000 0.700000 0.500000 -0.500000 0.243792 0.607560 0.508078 -0.449002 0.243792 0.607560 0.508078 -0.449002 0.012025 
14.000000 7258.686279 0.200000 0.700000 0.500000 -0.500000 0.229184 0.674123 0.464562 -0.484847 0.229184 0.674123 0.464562 -0.484847 0.008505 
1.000000 7309.747925 0.200000 0.700000 0.500000 -0.500000 0.235139 0.700050 0.501841 -0.420810 0.235139 0.700050 0.501841 -0.420810 0.016662 
17.000000 7550.012756 0.200000 0.700000 0.500000 -0.500000 0.374799 0.552157 0.457323 -0.465205 0.374799 0.552157 0.457323 -0.465205 0.040876 
9.000000 7574.044563 0.200000 0.700000 0.500000 -0.500000 0.305693 0.529260 0.426290 -0.679001 0.305693 0.529260 0.426290 -0.679001 0.064725 
11.000000 7576.051125 0.200000 0.700000 0.500000 -0.500000 0.322823 0.465100 0.403462 -0.494296 0.322823 0.465100 0.403462 -0.494296 0.051189 
15.000000 7708.201164 0.200000 0.700000 0.500000 -0.500000 0.163931 0.752678 0.465803 -0.579076 0.163931 0.752678 0.465803 -0.579076 0.012906 
10.000000 7735.234138 0.200000 0.700000 0.500000 -0.500000 0.226643 0.622183 0.485650 -0.576211 0.226643 0.622183 0.485650 -0.576211 0.037784 
19.000000 8128.662155 0.200000 0.700000 0.500000 -0.500000 0.153747 0.805587 0.495924 -0.549267 0.153747 0.805587 0.495924 -0.549267 0.019466 
26.000000 8167.709167 0.200000 0.700000 0.500000 -0.500000 0.212380 0.913744 0.498591 -0.487165 0.212380 0.913744 0.498591 -0.487165 0.031324 
30.000000 8331.891228 0.200000 0.700000 0.500000 -0.500000 0.162859 0.852977 0.526051 -0.440487 0.162859 0.852977 0.526051 -0.440487 0.025614 
25.000000 8455.028091 0.200000 0.700000 0.500000 -0.500000 0.278323 0.595213 0.515566 -0.453796 0.278323 0.595213 0.515566 -0.453796 0.047627 
27.000000 8809.413048 0.200000 0.700000 0.500000 -0.500000 0.272277 0.701020 0.427913 -0.505973 0.272277 0.701020 0.427913 -0.505973 0.043248 
3.000000 8817.425896 0.200000 0.700000 0.500000 -0.500000 0.261761 0.533605 0.483579 -0.376700 0.261761 0.533605 0.483579 -0.376700 0.039477 
22.000000 8932.555283 0.200000 0.700000 0.500000 -0.500000 0.184633 0.646314 0.489345 -0.526103 0.184633 0.646314 0.489345 -0.526103 0.044203 
1.000000 9199.848831 0.200000 0.700000 0.500000 -0.500000 0.198650 0.783440 0.509827 -0.491045 0.198650 0.783440 0.509827 -0.491045 0.025839 
23.000000 9510.188972 0.200000 0.700000 0.500000 -0.500000 0.286763 0.593762 0.497771 -0.496777 0.286763 0.593762 0.497771 -0.496777 0.031336 
29.000000 9516.201050 0.200000 0.700000 0.500000 -0.500000 0.207042 0.703874 0.472530 -0.510840 0.207042 0.703874 0.472530 -0.510840 0.047756 
21.000000 9732.439072 0.200000 0.700000 0.500000 -0.500000 0.379970 0.251249 0.417819 -0.548933 0.379970 0.251249 0.417819 -0.548933 0.029763 
2.000000 9745.457977 0.200000 0.700000 0.500000 -0.500000 0.387729 0.417215 0.323005 -0.638294 0.387729 0.417215 0.323005 -0.638294 0.056112 
15.000000 9982.718430 0.200000 0.700000 0.500000 -0.500000 0.292929 0.540664 0.475444 -0.552400 0.292929 0.540664 0.475444 -0.552400 0.026557 
30.000000 9997.738167 0.200000 0.700000 0.500000 -0.500000 0.216701 0.764749 0.497223 -0.445640 0.216701 0.764749 0.497223 -0.445640 0.049154 
5.000000 10004.751228 0.200000 0.700000 0.500000 -0.500000 0.293266 0.453818 0.507915 -0.467718 0.293266 0.453818 0.507915 -0.467718 0.028746 
9.000000 10072.830437 0.200000 0.700000 0.500000 -0.500000 0.273396 0.603118 0.506421 -0.474935 0.273396 0.603118 0.506421 -0.474935 0.017229 
6.000000 10101.866943 0.200000 0.700000 0.500000 -0.500000 0.237970 0.694152 0.448877 -0.545299 0.237970 0.694152 0.448877 -0.545299 0.035711 
18.000000 10177.954292 0.200000 0.700000 0.500000 -0.500000 0.315980 0.318814 0.443654 -0.612105 0.315980 0.318814 0.443654 -0.612105 0.070364 
4.000000 10260.046783 0.200000 0.700000 0.500000 -0.500000 0.107716 0.999000 0.522435 -0.436651 0.107716 0.999000 0.522435 -0.436651 0.051567 
12.000000 10268.059052 0.200000 0.700000 0.500000 -0.500000 0.134154 0.795137 0.513115 -0.526857 0.134154 0.795137 0.513115 -0.526857 0.068218 
13.000000 10333.134674 0.200000 0.700000 0.500000 -0.500000 0.316115 0.310978 0.452082 -0.606256 0.316115 0.310978 0.452082 -0.606256 0.056474 
31.000000 10351.158508 0.200000 0.700000 0.500000 -0.500000 0.187219 0.719292 0.534473 -0.548933 0.187219 0.719292 0.534473 -0.548933 0.032264 
27.000000 10475.298241 0.200000 0.700000 0.500000 -0.500000 0.324028 0.487451 0.405644 -0.642765 0.324028 0.487451 0.405644 -0.642765 0.059785 
25.000000 10537.368782 0.200000 0.700000 0.500000 -0.500000 0.177675 0.883146 0.515131 -0.433930 0.177675 0.883146 0.515131 -0.433930 0.059749 
11.000000 10811.665047 0.200000 0.700000 0.500000 -0.500000 0.179847 0.901317 0.522264 -0.451493 0.179847 0.901317 0.522264 -0.451493 0.013269 
7.000000 10967.838402 0.200000 0.700000 0.500000 -0.500000 0.264395 0.633992 0.377038 -0.683112 0.264395 0.633992 0.377038 -0.683112 0.024729 
19.000000 11043.926193 0.200000 0.700000 0.500000 -0.500000 0.248408 0.496106 0.470427 -0.507530 0.248408 0.496106 0.470427 -0.507530 0.040365 
3.000000 11091.982887 0.200000 0.700000 0.500000 -0.500000 0.328216 0.510115 0.421788 -0.570316 0.328216 0.510115 0.421788 -0.570316 0.026593 
26.000000 11499.428764 0.200000 0.700000 0.500000 -0.500000 0.267590 0.657591 0.527517 -0.475833 0.267590 0.657591 0.527517 -0.475833 0.040343 
30.000000 11503.438187 0.200000 0.700000 0.500000 -0.500000 0.279819 0.480045 0.496019 -0.463910 0.279819 0.480045 0.496019 -0.463910 0.016395 
15.000000 11648.602600 0.200000 0.700000 0.500000 -0.500000 0.165725 0.699152 0.521139 -0.497022 0.165725 0.699152 0.521139 -0.497022 0.026125 
31.000000 11856.833244 0.200000 0.700000 0.500000 -0.500000 0.176468 0.722259 0.500925 -0.504497 0.176468 0.722259 0.500925 -0.504497 0.012701 
10.000000 12060.052856 0.200000 0.700000 0.500000 -0.500000 0.231249 0.591928 0.515210 -0.437936 0.231249 0.591928 0.515210 -0.437936 0.019941 
5.000000 12119.120277 0.200000 0.700000 0.500000 -0.500000 0.144154 0.997225 0.504711 -0.541947 0.144154 0.997225 0.504711 -0.541947 0.064298 
24.000000 12138.141060 0.200000 0.700000 0.500000 -0.500000 0.229394 0.643066 0.459600 -0.562506 0.229394 0.643066 0.459600 -0.562506 0.036051 
9.000000 12187.199791 0.200000 0.700000 0.500000 -0.500000 0.190230 0.999000 0.475527 -0.474925 0.190230 0.999000 0.475527 -0.474925 0.055683 
8.000000 12282.304436 0.200000 0.700000 0.500000 -0.500000 0.182093 0.953865 0.493198 -0.551767 0.182093 0.953865 0.493198 -0.551767 0.019043 
27.000000 12365.399467 0.200000 0.700000 0.500000 -0.500000 0.210778 0.564539 0.461655 -0.539865 0.210778 0.564539 0.461655 -0.539865 0.063100 
18.000000 12484.530609 0.200000 0.700000 0.500000 -0.500000 0.174009 0.748064 0.490396 -0.538953 0.174009 0.748064 0.490396 -0.538953 0.017507 
14.000000 12544.599304 0.200000 0.700000 0.500000 -0.500000 0.315154 0.257015 0.495780 -0.530122 0.315154 0.257015 0.495780 -0.530122 0.015034 
22.000000 12584.647209 0.200000 0.700000 0.500000 -0.500000 0.373387 0.315580 0.411688 -0.620727 0.373387 0.315580 0.411688 -0.620727 0.084830 
29.000000 12687.763519 0.200000 0.700000 0.500000 -0.500000 0.225361 0.701686 0.479576 -0.517983 0.225361 0.701686 0.479576 -0.517983 0.055099 
15.000000 13218.344948 0.200000 0.700000 0.500000 -0.500000 0.227745 0.726542 0.482016 -0.596137 0.227745 0.726542 0.482016 -0.596137 0.025834 
6.000000 13401.548141 0.200000 0.700000 0.500000 -0.500000 0.350753 0.191488 0.439718 -0.689178 0.350753 0.191488 0.439718 -0.689178 0.017929 
11.000000 13502.662148 0.200000 0.700000 0.500000 -0.500000 0.191488 0.622459 0.526510 -0.494525 0.191488 0.622459 0.526510 -0.494525 0.025057 
2.000000 13525.692680 0.200000 0.700000 0.500000 -0.500000 0.189062 0.496043 0.507935 -0.623208 0.189062 0.496043 0.507935 -0.623208 0.025682 
13.000000 13536.709732 0.200000 0.700000 0.500000 -0.500000 0.191470 0.859038 0.489209 -0.580715 0.191470 0.859038 0.489209 -0.580715 0.038447 
21.000000 13544.724068 0.200000 0.700000 0.500000 -0.500000 0.283689 0.358261 0.482117 -0.563835 0.283689 0.358261 0.482117 -0.563835 0.064981 
26.000000 13549.734871 0.200000 0.700000 0.500000 -0.500000 0.214332 0.844601 0.418628 -0.478700 0.214332 0.844601 0.418628 -0.478700 0.069768 
7.000000 13658.857071 0.200000 0.700000 0.500000 -0.500000 0.285846 0.578725 0.521350 -0.473472 0.285846 0.578725 0.521350 -0.473472 0.033021 
32.000000 13747.958977 0.200000 0.700000 0.500000 -0.500000 0.208041 0.549497 0.507493 -0.488295 0.208041 0.549497 0.507493 -0.488295 0.013332 
31.000000 14003.236305 0.200000 0.700000 0.500000 -0.500000 0.157607 0.742596 0.482183 -0.521616 0.157607 0.742596 0.482183 -0.521616 0.014075 
5.000000 14041.281601 0.200000 0.700000 0.500000 -0.500000 0.180319 0.734507 0.521886 -0.453514 0.180319 0.734507 0.521886 -0.453514 0.043334 
18.000000 14150.403458 0.200000 0.700000 0.500000 -0.500000 0.140239 0.832009 0.511271 -0.522460 0.140239 0.832009 0.511271 -0.522460 0.004985 
22.000000 14186.447350 0.200000 0.700000 0.500000 -0.500000 0.308526 0.417992 0.454334 -0.471239 0.308526 0.417992 0.454334 -0.471239 0.050522 
1.000000 14261.531906 0.200000 0.700000 0.500000 -0.500000 0.161685 0.655580 0.540223 -0.550097 0.161685 0.655580 0.540223 -0.550097 0.032797 
19.000000 14279.555984 0.200000 0.700000 0.500000 -0.500000 0.301637 0.419306 0.385803 -0.674849 0.301637 0.419306 0.385803 -0.674849 0.035798 
3.000000 14551.857246 0.200000 0.700000 0.500000 -0.500000 0.287403 0.254238 0.457031 -0.574336 0.287403 0.254238 0.457031 -0.574336 0.021341 
29.000000 14577.891029 0.200000 0.700000 0.500000 -0.500000 0.225926 0.695993 0.492292 -0.463710 0.225926 0.695993 0.492292 -0.463710 0.048624 
14.000000 14626.951439 0.200000 0.700000 0.500000 -0.500000 0.209218 0.712116 0.532521 -0.531086 0.209218 0.712116 0.532521 -0.531086 0.024580 
25.000000 14702.037682 0.200000 0.700000 0.500000 -0.500000 0.207971 0.563126 0.462730 -0.517989 0.207971 0.563126 0.462730 -0.517989 0.043308 
23.000000 14924.286407 0.200000 0.700000 0.500000 -0.500000 0.305061 0.328405 0.469834 -0.553060 0.305061 0.328405 0.469834 -0.553060 0.057806 
28.000000 14993.344719 0.200000 0.700000 0.500000 -0.500000 0.367518 0.512204 0.284949 -0.659950 0.367518 0.512204 0.284949 -0.659950 0.040664 
6.000000 15003.361740 0.200000 0.700000 0.500000 -0.500000 0.143275 0.891563 0.566820 -0.517519 0.143275 0.891563 0.566820 -0.517519 0.041443 
11.000000 15072.442108 0.200000 0.700000 0.500000 -0.500000 0.134312 0.999000 0.484244 -0.452873 0.134312 0.999000 0.484244 -0.452873 0.039721 
9.000000 15262.650276 0.200000 0.700000 0.500000 -0.500000 0.188924 0.671861 0.451698 -0.568976 0.188924 0.671861 0.451698 -0.568976 0.030307 
17.000000 15526.938240 0.200000 0.700000 0.500000 -0.500000 0.449525 0.397810 0.394976 -0.627902 0.449525 0.397810 0.394976 -0.627902 0.039057 
10.000000 15551.971809 0.200000 0.700000 0.500000 -0.500000 0.243627 0.721314 0.484052 -0.556555 0.243627 0.721314 0.484052 -0.556555 0.020748 
13.000000 15651.086678 0.200000 0.700000 0.500000 -0.500000 0.185788 0.705544 0.445948 -0.551950 0.185788 0.705544 0.445948 -0.551950 0.021723 
12.000000 15778.223038 0.200000 0.700000 0.500000 -0.500000 0.172031 0.973973 0.484910 -0.417461 0.172031 0.973973 0.484910 -0.417461 0.034998 
22.000000 15852.307045 0.200000 0.700000 0.500000 -0.500000 0.323896 0.785086 0.416435 -0.525569 0.323896 0.785086 0.416435 -0.525569 0.060805 
27.000000 15985.454453 0.200000 0.700000 0.500000 -0.500000 0.238660 0.572582 0.503065 -0.486442 0.238660 0.572582 0.503065 -0.486442 0.033426 
30.000000 16020.496979 0.200000 0.700000 0.500000 -0.500000 0.304018 0.464730 0.460912 -0.556373 0.304018 0.464730 0.460912 -0.556373 0.008625 
15.000000 16197.690521 0.200000 0.700000 0.500000 -0.500000 0.216742 0.612026 0.510226 -0.561978 0.216742 0.612026 0.510226 -0.561978 0.058614 
20.000000 16298.802971 0.200000 0.700000 0.500000 -0.500000 0.154558 0.782241 0.474885 -0.703866 0.154558 0.782241 0.474885 -0.703866 0.014359 
31.000000 16598.131653 0.200000 0.700000 0.500000 -0.500000 0.155331 0.986562 0.579604 -0.321627 0.155331 0.986562 0.579604 -0.321627 0.040055 
5.000000 16636.177673 0.200000 0.700000 0.500000 -0.500000 0.185745 0.872156 0.507430 -0.485882 0.185745 0.872156 0.507430 -0.485882 0.037801 
14.000000 16805.365181 0.200000 0.700000 0.500000 -0.500000 0.218171 0.821399 0.499925 -0.463060 0.218171 0.821399 0.499925 -0.463060 0.005274 
2.000000 16857.424370 0.200000 0.700000 0.500000 -0.500000 0.267421 0.376084 0.472661 -0.515405 0.267421 0.376084 0.472661 -0.515405 0.036616 
4.000000 16859.430969 0.200000 0.700000 0.500000 -0.500000 0.182837 0.654528 0.503827 -0.451928 0.182837 0.654528 0.503827 -0.451928 0.014827 
16.000000 17063.652527 0.200000 0.700000 0.500000 -0.500000 0.273589 0.446237 0.469919 -0.557627 0.273589 0.446237 0.469919 -0.557627 0.019207 
1.000000 17144.742973 0.200000 0.700000 0.500000 -0.500000 0.240529 0.679319 0.468892 -0.524329 0.240529 0.679319 0.468892 -0.524329 0.018734 
9.000000 17152.757149 0.200000 0.700000 0.500000 -0.500000 0.299451 0.612893 0.371740 -0.689091 0.299451 0.612893 0.371740 -0.689091 0.049866 
19.000000 17194.807533 0.200000 0.700000 0.500000 -0.500000 0.258763 0.655652 0.524740 -0.454613 0.258763 0.655652 0.524740 -0.454613 0.012396 
26.000000 17490.133186 0.200000 0.700000 0.500000 -0.500000 0.176763 0.814998 0.467908 -0.490444 0.176763 0.814998 0.467908 -0.490444 0.015117 
17.000000 17545.198410 0.200000 0.700000 0.500000 -0.500000 0.164269 0.815167 0.536958 -0.462259 0.164269 0.815167 0.536958 -0.462259 0.034974 
21.000000 17645.312355 0.200000 0.700000 0.500000 -0.500000 0.357815 0.379816 0.430892 -0.531352 0.357815 0.379816 0.430892 -0.531352 0.083145 
29.000000 17653.325226 0.200000 0.700000 0.500000 -0.500000 0.256211 0.433124 0.499486 -0.495358 0.256211 0.433124 0.499486 -0.495358 0.050560 
22.000000 17902.604088 0.200000 0.700000 0.500000 -0.500000 0.213001 0.752857 0.543459 -0.476256 0.213001 0.752857 0.543459 -0.476256 0.025505 
27.000000 17971.683250 0.200000 0.700000 0.500000 -0.500000 0.208307 0.613850 0.478818 -0.466834 0.208307 0.613850 0.478818 -0.466834 0.010396 
13.000000 18149.879112 0.200000 0.700000 0.500000 -0.500000 0.263326 0.733507 0.512420 -0.459376 0.263326 0.733507 0.512420 -0.459376 0.022896 
6.000000 18238.978828 0.200000 0.700000 0.500000 -0.500000 0.242620 0.521549 0.493359 -0.456092 0.242620 0.521549 0.493359 -0.456092 0.021830 
7.000000 18688.467033 0.200000 0.700000 0.500000 -0.500000 0.150732 0.757613 0.523939 -0.503849 0.150732 0.757613 0.523939 -0.503849 0.045838 
18.000000 18699.483131 0.200000 0.700000 0.500000 -0.500000 0.241302 0.349977 0.449441 -0.684324 0.241302 0.349977 0.449441 -0.684324 0.032767 
5.000000 18750.545609 0.200000 0.700000 0.500000 -0.500000 0.110504 0.971417 0.502672 -0.469397 0.110504 0.971417 0.502672 -0.469397 0.007891 
8.000000 18881.689331 0.200000 0.700000 0.500000 -0.500000 0.136595 0.825546 0.499789 -0.586718 0.136595 0.825546 0.499789 -0.586718 0.038886 
23.000000 18928.744270 0.200000 0.700000 0.500000 -0.500000 0.320666 0.600532 0.380615 -0.612597 0.320666 0.600532 0.380615 -0.612597 0.022051 
31.000000 19128.964935 0.200000 0.700000 0.500000 -0.500000 0.135553 0.872620 0.500812 -0.573352 0.135553 0.872620 0.500812 -0.573352 0.041697 
9.000000 19235.085358 0.200000 0.700000 0.500000 -0.500000 0.249088 0.798876 0.509711 -0.462156 0.249088 0.798876 0.509711 -0.462156 0.053326 
11.000000 19237.092628 0.200000 0.700000 0.500000 -0.500000 0.123003 0.969545 0.499115 -0.536507 0.123003 0.969545 0.499115 -0.536507 0.009385 
25.000000 19283.147461 0.200000 0.700000 0.500000 -0.500000 0.261010 0.879406 0.303622 -0.657226 0.261010 0.879406 0.303622 -0.657226 0.036878 
26.000000 19380.257347 0.200000 0.700000 0.500000 -0.500000 0.138543 0.856524 0.531016 -0.564273 0.138543 0.856524 0.531016 -0.564273 0.011741 
3.000000 19485.375130 0.200000 0.700000 0.500000 -0.500000 0.196518 0.535951 0.465748 -0.573099 0.196518 0.535951 0.465748 -0.573099 0.042717 
32.000000 19578.477837 0.200000 0.700000 0.500000 -0.500000 0.186004 0.822626 0.510292 -0.469028 0.186004 0.822626 0.510292 -0.469028 0.033802 
14.000000 19592.499016 0.200000 0.700000 0.500000 -0.500000 0.258568 0.795529 0.377964 -0.564865 0.258568 0.795529 0.377964 -0.564865 0.033413 
29.000000 19735.657104 0.200000 0.700000 0.500000 -0.500000 0.124569 0.988207 0.547876 -0.453447 0.124569 0.988207 0.547876 -0.453447 0.008467 
21.000000 19855.791542 0.200000 0.700000 0.500000 -0.500000 0.367075 0.384100 0.476697 -0.491287 0.367075 0.384100 0.476697 -0.491287 0.017982 
2.000000 20189.158867 0.200000 0.700000 0.500000 -0.500000 0.316100 0.676417 0.484543 -0.481794 0.316100 0.676417 0.484543 -0.481794 0.025987 
27.000000 20342.327957 0.200000 0.700000 0.500000 -0.500000 0.299473 0.444037 0.452121 -0.473891 0.299473 0.444037 0.452121 -0.473891 0.039098 
6.000000 20385.379173 0.200000 0.700000 0.500000 -0.500000 0.091604 0.999000 0.466197 -0.552994 0.091604 0.999000 0.466197 -0.552994 0.028399 
22.000000 20529.537575 0.200000 0.700000 0.500000 -0.500000 0.146783 0.878517 0.539861 -0.505154 0.146783 0.878517 0.539861 -0.505154 0.038034 
31.000000 20634.654419 0.200000 0.700000 0.500000 -0.500000 0.193037 0.767666 0.488254 -0.522604 0.193037 0.767666 0.488254 -0.522604 0.025026 
17.000000 20748.784660 0.200000 0.700000 0.500000 -0.500000 0.227352 0.759991 0.461328 -0.512756 0.227352 0.759991 0.461328 -0.512756 0.021494 
26.000000 20885.938385 0.200000 0.700000 0.500000 -0.500000 0.169537 0.925507 0.461140 -0.610018 0.169537 0.925507 0.461140 -0.610018 0.050042 
19.000000 21199.284012 0.200000 0.700000 0.500000 -0.500000 0.167944 0.930678 0.494023 -0.529311 0.167944 0.930678 0.494023 -0.529311 0.038924 
3.000000 21215.306213 0.200000 0.700000 0.500000 -0.500000 0.192763 0.773732 0.457909 -0.407322 0.192763 0.773732 0.457909 -0.407322 0.013746 
15.000000 21355.461082 0.200000 0.700000 0.500000 -0.500000 0.282690 0.577932 0.451392 -0.533296 0.282690 0.577932 0.451392 -0.533296 0.036590 
11.000000 21447.564674 0.200000 0.700000 0.500000 -0.500000 0.285593 0.430435 0.486000 -0.519718 0.285593 0.430435 0.486000 -0.519718 0.042170 
9.000000 21637.769600 0.200000 0.700000 0.500000 -0.500000 0.274049 0.518772 0.512138 -0.418531 0.274049 0.518772 0.512138 -0.418531 0.017914 
4.000000 21824.973892 0.200000 0.700000 0.500000 -0.500000 0.148424 0.782538 0.497668 -0.585373 0.148424 0.782538 0.497668 -0.585373 0.028415 
10.000000 21863.019661 0.200000 0.700000 0.500000 -0.500000 0.274314 0.622612 0.424937 -0.538108 0.274314 0.622612 0.424937 -0.538108 0.080496 
13.000000 21866.027290 0.200000 0.700000 0.500000 -0.500000 0.214905 0.671785 0.460164 -0.515031 0.214905 0.671785 0.460164 -0.515031 0.027314 
21.000000 21874.041145 0.200000 0.700000 0.500000 -0.500000 0.134753 0.928998 0.504635 -0.605588 0.134753 0.928998 0.504635 -0.605588 0.049523 
22.000000 22259.465637 0.200000 0.700000 0.500000 -0.500000 0.175485 0.998837 0.514878 -0.451070 0.175485 0.998837 0.514878 -0.451070 0.043652 
30.000000 22299.514191 0.200000 0.700000 0.500000 -0.500000 0.320604 0.501337 0.427335 -0.622298 0.320604 0.501337 0.427335 -0.622298 0.012708 
20.000000 22385.612732 0.200000 0.700000 0.500000 -0.500000 0.228250 0.647431 0.521134 -0.467996 0.228250 0.647431 0.521134 -0.467996 0.025991 
27.000000 22392.624832 0.200000 0.700000 0.500000 -0.500000 0.186580 0.735088 0.498805 -0.491347 0.186580 0.735088 0.498805 -0.491347 0.042254 
18.000000 22415.655746 0.200000 0.700000 0.500000 -0.500000 0.179780 0.876652 0.507401 -0.525544 0.179780 0.876652 0.507401 -0.525544 0.013306 
26.000000 22455.705467 0.200000 0.700000 0.500000 -0.500000 0.197650 0.508489 0.546288 -0.468112 0.197650 0.508489 0.546288 -0.468112 0.062506 
23.000000 22548.811684 0.200000 0.700000 0.500000 -0.500000 0.323917 0.519522 0.429440 -0.515108 0.323917 0.519522 0.429440 -0.515108 0.040687 
31.000000 22620.893761 0.200000 0.700000 0.500000 -0.500000 0.227008 0.640250 0.483113 -0.602486 0.227008 0.640250 0.483113 -0.602486 0.029448 
2.000000 22623.902306 0.200000 0.700000 0.500000 -0.500000 0.234999 0.750108 0.481645 -0.489168 0.234999 0.750108 0.481645 -0.489168 0.025312 
1.000000 22815.114265 0.200000 0.700000 0.500000 -0.500000 0.354054 0.538064 0.319473 -0.698105 0.354054 0.538064 0.319473 -0.698105 0.078901 
7.000000 22853.158997 0.200000 0.700000 0.500000 -0.500000 0.303903 0.759809 0.228497 -0.653703 0.303903 0.759809 0.228497 -0.653703 0.042850 
19.000000 22865.177673 0.200000 0.700000 0.500000 -0.500000 0.293973 0.273704 0.497578 -0.594294 0.293973 0.273704 0.497578 -0.594294 0.050031 
15.000000 23021.351578 0.200000 0.700000 0.500000 -0.500000 0.239472 0.725569 0.472930 -0.489763 0.239472 0.725569 0.472930 -0.489763 0.022056 
13.000000 23884.280533 0.200000 0.700000 0.500000 -0.500000 0.246829 0.724440 0.525754 -0.396044 0.246829 0.724440 0.525754 -0.396044 0.042100 
21.000000 23892.294189 0.200000 0.700000 0.500000 -0.500000 0.151445 0.999000 0.479463 -0.454304 0.151445 0.999000 0.479463 -0.454304 0.047082 
24.000000 23927.333580 0.200000 0.700000 0.500000 -0.500000 0.390195 0.408670 0.354480 -0.638323 0.390195 0.408670 0.354480 -0.638323 0.037575 
11.000000 23978.392975 0.200000 0.700000 0.500000 -0.500000 0.170656 0.709630 0.477839 -0.595665 0.170656 0.709630 0.477839 -0.595665 0.028998 
22.000000 24021.445236 0.200000 0.700000 0.500000 -0.500000 0.163693 0.737690 0.545126 -0.445415 0.163693 0.737690 0.545126 -0.445415 0.021501 
30.000000 24125.564339 0.200000 0.700000 0.500000 -0.500000 0.327614 0.608022 0.413180 -0.529968 0.327614 0.608022 0.413180 -0.529968 0.047290 
2.000000 24225.678352 0.200000 0.700000 0.500000 -0.500000 0.220167 0.709736 0.492901 -0.464637 0.220167 0.709736 0.492901 -0.464637 0.006592 
31.000000 24286.749672 0.200000 0.700000 0.500000 -0.500000 0.132708 0.837520 0.549605 -0.551360 0.132708 0.837520 0.549605 -0.551360 0.055871 
27.000000 24442.922386 0.200000 0.700000 0.500000 -0.500000 0.296495 0.425521 0.472124 -0.599316 0.296495 0.425521 0.472124 -0.599316 0.011854 
25.000000 24537.028793 0.200000 0.700000 0.500000 -0.500000 0.329378 0.347740 0.483274 -0.530098 0.329378 0.347740 0.483274 -0.530098 0.007295 
14.000000 24750.262253 0.200000 0.700000 0.500000 -0.500000 0.243157 0.561627 0.435537 -0.628774 0.243157 0.561627 0.435537 -0.628774 0.024330 
10.000000 24874.400719 0.200000 0.700000 0.500000 -0.500000 0.213780 0.675133 0.462008 -0.517002 0.213780 0.675133 0.462008 -0.517002 0.068310 
18.000000 24882.414383 0.200000 0.700000 0.500000 -0.500000 0.227582 0.668254 0.474764 -0.413939 0.227582 0.668254 0.474764 -0.413939 0.036868 
29.000000 25085.640312 0.200000 0.700000 0.500000 -0.500000 0.322913 0.117157 0.477330 -0.545685 0.322913 0.117157 0.477330 -0.545685 0.018092 
9.000000 25225.797081 0.200000 0.700000 0.500000 -0.500000 0.163737 0.662979 0.487205 -0.511428 0.163737 0.662979 0.487205 -0.511428 0.025535 
8.000000 25256.834885 0.200000 0.700000 0.500000 -0.500000 0.190276 0.921538 0.488933 -0.503128 0.190276 0.921538 0.488933 -0.503128 0.033650 
6.000000 25415.012146 0.200000 0.700000 0.500000 -0.500000 0.229526 0.729512 0.477370 -0.497375 0.229526 0.729512 0.477370 -0.497375 0.025177 
17.000000 25426.028954 0.200000 0.700000 0.500000 -0.500000 0.237632 0.513013 0.456415 -0.598626 0.237632 0.513013 0.456415 -0.598626 0.014451 
12.000000 25453.059334 0.200000 0.700000 0.500000 -0.500000 0.387419 0.459617 0.410063 -0.526692 0.387419 0.459617 0.410063 -0.526692 0.026993 
3.000000 25540.157852 0.200000 0.700000 0.500000 -0.500000 0.285463 0.771778 0.378583 -0.598232 0.285463 0.771778 0.378583 -0.598232 0.077011 
5.000000 25606.235558 0.200000 0.700000 0.500000 -0.500000 0.218578 0.557442 0.539127 -0.464095 0.218578 0.557442 0.539127 -0.464095 0.015459 
7.000000 25608.242371 0.200000 0.700000 0.500000 -0.500000 0.359280 0.561474 0.352413 -0.661061 0.359280 0.561474 0.352413 -0.661061 0.042205 
15.000000 25616.256470 0.200000 0.700000 0.500000 -0.500000 0.277650 0.628988 0.395193 -0.584429 0.277650 0.628988 0.395193 -0.584429 0.037508 
11.000000 25804.464439 0.200000 0.700000 0.500000 -0.500000 0.227456 0.569939 0.513791 -0.479719 0.227456 0.569939 0.513791 -0.479719 0.023763 
30.000000 25887.558281 0.200000 0.700000 0.500000 -0.500000 0.175058 0.999000 0.522436 -0.430723 0.175058 0.999000 0.522436 -0.430723 0.033099 
31.000000 25952.636261 0.200000 0.700000 0.500000 -0.500000 0.272166 0.418985 0.511870 -0.480965 0.272166 0.418985 0.511870 -0.480965 0.028064 
1.000000 25986.679001 0.200000 0.700000 0.500000 -0.500000 0.216791 0.692343 0.446550 -0.546447 0.216791 0.692343 0.446550 -0.546447 0.087634 
23.000000 26072.778351 0.200000 0.700000 0.500000 -0.500000 0.226744 0.686843 0.502793 -0.427462 0.226744 0.686843 0.502793 -0.427462 0.017991 
27.000000 26397.129066 0.200000 0.700000 0.500000 -0.500000 0.214121 0.659494 0.470540 -0.490085 0.214121 0.659494 0.470540 -0.490085 0.027359 
22.000000 26488.232727 0.200000 0.700000 0.500000 -0.500000 0.224608 0.550225 0.498288 -0.500537 0.224608 0.550225 0.498288 -0.500537 0.009098 
2.000000 26596.353973 0.200000 0.700000 0.500000 -0.500000 0.189471 0.913001 0.425148 -0.646517 0.189471 0.913001 0.425148 -0.646517 0.076525 
19.000000 26645.412193 0.200000 0.700000 0.500000 -0.500000 0.311520 0.571042 0.463643 -0.496511 0.311520 0.571042 0.463643 -0.496511 0.027677 
14.000000 26704.481247 0.200000 0.700000 0.500000 -0.500000 0.191726 0.703018 0.496319 -0.533536 0.191726 0.703018 0.496319 -0.533536 0.044240 
25.000000 26715.495918 0.200000 0.700000 0.500000 -0.500000 0.312990 0.179560 0.508108 -0.524918 0.312990 0.179560 0.508108 -0.524918 0.031334 
18.000000 27092.907593 0.200000 0.700000 0.500000 -0.500000 0.349137 0.372997 0.443115 -0.611015 0.349137 0.372997 0.443115 -0.611015 0.066165 
15.000000 27186.015579 0.200000 0.700000 0.500000 -0.500000 0.280548 0.686795 0.473230 -0.529058 0.280548 0.686795 0.473230 -0.529058 0.062483 
3.000000 27206.042343 0.200000 0.700000 0.500000 -0.500000 0.179130 0.633587 0.527971 -0.524765 0.179130 0.633587 0.527971 -0.524765 0.078497 
7.000000 27338.189812 0.200000 0.700000 0.500000 -0.500000 0.224658 0.616668 0.511826 -0.570870 0.224658 0.616668 0.511826 -0.570870 0.012043 
11.000000 27470.338226 0.200000 0.700000 0.500000 -0.500000 0.206500 0.814904 0.513161 -0.404280 0.206500 0.814904 0.513161 -0.404280 0.038127 
31.000000 27618.502480 0.200000 0.700000 0.500000 -0.500000 0.172587 0.813202 0.524778 -0.543644 0.172587 0.813202 0.524778 -0.543644 0.017587 
6.000000 27689.586212 0.200000 0.700000 0.500000 -0.500000 0.220143 0.753414 0.484726 -0.547206 0.220143 0.753414 0.484726 -0.547206 0.021411 
21.000000 27832.743721 0.200000 0.700000 0.500000 -0.500000 0.299864 0.375977 0.438002 -0.569221 0.299864 0.375977 0.438002 -0.569221 0.034822 
19.000000 28215.161995 0.200000 0.700000 0.500000 -0.500000 0.177947 0.922055 0.481214 -0.465055 0.177947 0.922055 0.481214 -0.465055 0.016600 
13.000000 28305.263351 0.200000 0.700000 0.500000 -0.500000 0.310516 0.585758 0.372196 -0.673369 0.310516 0.585758 0.372196 -0.673369 0.033487 
22.000000 28314.278297 0.200000 0.700000 0.500000 -0.500000 0.176406 0.668529 0.509988 -0.558277 0.176406 0.668529 0.509988 -0.558277 0.055210 
26.000000 28510.497772 0.200000 0.700000 0.500000 -0.500000 0.311200 0.413658 0.431590 -0.557351 0.311200 0.413658 0.431590 -0.557351 0.032803 
24.000000 28668.672356 0.200000 0.700000 0.500000 -0.500000 0.268719 0.625156 0.502392 -0.440564 0.268719 0.625156 0.502392 -0.440564 0.027380 
3.000000 28871.898628 0.200000 0.700000 0.500000 -0.500000 0.297433 0.744040 0.404557 -0.530376 0.297433 0.744040 0.404557 -0.530376 0.056447 
11.000000 28976.014053 0.200000 0.700000 0.500000 -0.500000 0.226544 0.741287 0.520715 -0.367451 0.226544 0.741287 0.520715 -0.367451 0.036575 
14.000000 28979.022354 0.200000 0.700000 0.500000 -0.500000 0.148977 0.684092 0.508272 -0.488059 0.148977 0.684092 0.508272 -0.488059 0.020887 
30.000000 29123.182304 0.200000 0.700000 0.500000 -0.500000 0.265486 0.437409 0.431814 -0.615858 0.265486 0.437409 0.431814 -0.615858 0.039659 
1.000000 29382.469139 0.200000 0.700000 0.500000 -0.500000 0.234490 0.511539 0.488350 -0.550982 0.234490 0.511539 0.488350 -0.550982 0.034472 
29.000000 29442.539017 0.200000 0.700000 0.500000 -0.500000 0.403404 0.311491 0.494512 -0.458362 0.403404 0.311491 0.494512 -0.458362 0.013483 
6.000000 29515.638359 0.200000 0.700000 0.500000 -0.500000 0.166316 0.738506 0.497712 -0.513211 0.166316 0.738506 0.497712 -0.513211 0.026932 
7.000000 29548.680099 0.200000 0.700000 0.500000 -0.500000 0.171625 0.833222 0.496584 -0.486656 0.171625 0.833222 0.496584 -0.486656 0.038027 
27.000000 29600.741112 0.200000 0.700000 0.500000 -0.500000 0.202071 0.854006 0.467910 -0.549466 0.202071 0.854006 0.467910 -0.549466 0.053922 
5.000000 29610.756927 0.200000 0.700000 0.500000 -0.500000 0.370511 0.560393 0.344107 -0.654910 0.370511 0.560393 0.344107 -0.654910 0.045353 
19.000000 29720.880676 0.200000 0.700000 0.500000 -0.500000 0.126305 0.981658 0.514790 -0.395025 0.126305 0.981658 0.514790 -0.395025 0.020935 
22.000000 29980.164146 0.200000 0.700000 0.500000 -0.500000 0.211511 0.454591 0.488563 -0.464832 0.211511 0.454591 0.488563 -0.464832 0.011228 
31.000000 30053.249329 0.200000 0.700000 0.500000 -0.500000 0.171923 0.657017 0.499912 -0.480576 0.171923 0.657017 0.499912 -0.480576 0.017782 
9.000000 30223.438477 0.200000 0.700000 0.500000 -0.500000 0.284766 0.383466 0.464309 -0.656031 0.284766 0.383466 0.464309 -0.656031 0.012151 
8.000000 30254.471474 0.200000 0.700000 0.500000 -0.500000 0.141609 0.727282 0.526417 -0.481766 0.141609 0.727282 0.526417 -0.481766 0.089598 
10.000000 30320.545769 0.200000 0.700000 0.500000 -0.500000 0.174276 0.533847 0.462832 -0.601922 0.174276 0.533847 0.462832 -0.601922 0.017185 
18.000000 30328.559952 0.200000 0.700000 0.500000 -0.500000 0.343739 0.537537 0.405049 -0.580759 0.343739 0.537537 0.405049 -0.580759 0.026241 
15.000000 30389.628922 0.200000 0.700000 0.500000 -0.500000 0.270473 0.498447 0.440856 -0.543940 0.270473 0.498447 0.440856 -0.543940 0.051109 
25.000000 30399.644951 0.200000 0.700000 0.500000 -0.500000 0.128613 0.901259 0.547832 -0.534746 0.128613 0.901259 0.547832 -0.534746 0.037948 
13.000000 30419.671005 0.200000 0.700000 0.500000 -0.500000 0.234958 0.545084 0.484599 -0.588242 0.234958 0.545084 0.484599 -0.588242 0.023338 
30.000000 30725.005508 0.200000 0.700000 0.500000 -0.500000 0.231944 0.567917 0.505150 -0.490067 0.231944 0.567917 0.505150 -0.490067 0.013843 
2.000000 30761.050514 0.200000 0.700000 0.500000 -0.500000 0.127808 0.914762 0.503030 -0.534788 0.127808 0.914762 0.503030 -0.534788 0.050344 
20.000000 30811.103844 0.200000 0.700000 0.500000 -0.500000 0.215197 0.498230 0.533109 -0.560763 0.215197 0.498230 0.533109 -0.560763 0.041429 
16.000000 30839.133736 0.200000 0.700000 0.500000 -0.500000 0.163995 0.823194 0.461345 -0.494397 0.163995 0.823194 0.461345 -0.494397 0.016437 
32.000000 31015.323463 0.200000 0.700000 0.500000 -0.500000 0.140713 0.803442 0.519184 -0.568017 0.140713 0.803442 0.519184 -0.568017 0.019931 
7.000000 31118.437088 0.200000 0.700000 0.500000 -0.500000 0.190880 0.705372 0.492612 -0.461163 0.190880 0.705372 0.492612 -0.461163 0.040553 
11.000000 31186.514305 0.200000 0.700000 0.500000 -0.500000 0.296790 0.552979 0.469419 -0.574650 0.296790 0.552979 0.469419 -0.574650 0.016171 
27.000000 31426.774437 0.200000 0.700000 0.500000 -0.500000 0.213698 0.804028 0.486706 -0.578126 0.213698 0.804028 0.486706 -0.578126 0.087144 
4.000000 31499.855331 0.200000 0.700000 0.500000 -0.500000 0.189290 0.605071 0.483809 -0.512129 0.189290 0.605071 0.483809 -0.512129 0.047199 
5.000000 31596.966408 0.200000 0.700000 0.500000 -0.500000 0.284968 0.413890 0.482283 -0.492365 0.284968 0.413890 0.482283 -0.492365 0.031262 
17.000000 31737.118347 0.200000 0.700000 0.500000 -0.500000 0.193858 0.785325 0.451758 -0.494440 0.193858 0.785325 0.451758 -0.494440 0.052458 
29.000000 31813.205391 0.200000 0.700000 0.500000 -0.500000 0.257012 0.666879 0.481776 -0.466657 0.257012 0.666879 0.481776 -0.466657 0.019665 
19.000000 31995.406700 0.200000 0.700000 0.500000 -0.500000 0.233592 0.500802 0.469655 -0.601041 0.233592 0.500802 0.469655 -0.601041 0.015399 
9.000000 32113.539597 0.200000 0.700000 0.500000 -0.500000 0.248481 0.536771 0.471207 -0.540296 0.248481 0.536771 0.471207 -0.540296 0.077715 
30.000000 32230.669067 0.200000 0.700000 0.500000 -0.500000 0.175555 0.777230 0.492668 -0.413585 0.175555 0.777230 0.492668 -0.413585 0.029378 
18.000000 32314.764389 0.200000 0.700000 0.500000 -0.500000 0.172415 0.999000 0.412966 -0.604788 0.172415 0.999000 0.412966 -0.604788 0.049555 
31.000000 32327.783684 0.200000 0.700000 0.500000 -0.500000 0.189993 0.611764 0.528720 -0.488468 0.189993 0.611764 0.528720 -0.488468 0.049155 
23.000000 32351.814285 0.200000 0.700000 0.500000 -0.500000 0.209823 0.589492 0.482713 -0.581632 0.209823 0.589492 0.482713 -0.581632 0.075502 
22.000000 32510.988892 0.200000 0.700000 0.500000 -0.500000 0.120997 0.999000 0.477405 -0.623358 0.120997 0.999000 0.477405 -0.623358 0.055633 
25.000000 32578.064812 0.200000 0.700000 0.500000 -0.500000 0.172023 0.996857 0.483797 -0.455658 0.172023 0.996857 0.483797 -0.455658 0.034633 
7.000000 32688.185501 0.200000 0.700000 0.500000 -0.500000 0.148119 0.896426 0.520437 -0.456418 0.148119 0.896426 0.520437 -0.456418 0.048424 
11.000000 32916.436066 0.200000 0.700000 0.500000 -0.500000 0.138178 0.877120 0.488971 -0.492938 0.138178 0.877120 0.488971 -0.492938 0.019738 
27.000000 33092.628082 0.200000 0.700000 0.500000 -0.500000 0.211279 0.753308 0.515720 -0.480716 0.211279 0.753308 0.515720 -0.480716 0.108757 
14.000000 33175.722626 0.200000 0.700000 0.500000 -0.500000 0.244521 0.560119 0.513243 -0.393808 0.244521 0.560119 0.513243 -0.393808 0.023046 
21.000000 33342.905922 0.200000 0.700000 0.500000 -0.500000 0.238947 0.733691 0.463877 -0.491734 0.238947 0.733691 0.463877 -0.491734 0.036652 
13.000000 33623.214912 0.200000 0.700000 0.500000 -0.500000 0.263273 0.308236 0.473909 -0.525279 0.263273 0.308236 0.473909 -0.525279 0.028733 
24.000000 33634.230766 0.200000 0.700000 0.500000 -0.500000 0.264730 0.472846 0.482782 -0.472390 0.264730 0.472846 0.482782 -0.472390 0.022331 
26.000000 33796.407791 0.200000 0.700000 0.500000 -0.500000 0.257418 0.302032 0.418764 -0.648846 0.257418 0.302032 0.418764 -0.648846 0.048085 
29.000000 33895.519531 0.200000 0.700000 0.500000 -0.500000 0.111238 0.974996 0.550231 -0.466033 0.111238 0.974996 0.550231 -0.466033 0.069338 
5.000000 33903.532249 0.200000 0.700000 0.500000 -0.500000 0.170633 0.981323 0.478178 -0.586932 0.170633 0.981323 0.478178 -0.586932 0.073865 
23.000000 33921.556572 0.200000 0.700000 0.500000 -0.500000 0.251863 0.715792 0.499419 -0.472098 0.251863 0.715792 0.499419 -0.472098 0.014692 
12.000000 33974.612427 0.200000 0.700000 0.500000 -0.500000 0.278357 0.839063 0.457037 -0.529429 0.278357 0.839063 0.457037 -0.529429 0.028911 
15.000000 34009.655350 0.200000 0.700000 0.500000 -0.500000 0.172156 0.657427 0.518372 -0.508630 0.172156 0.657427 0.518372 -0.508630 0.033221 
2.000000 34092.751076 0.200000 0.700000 0.500000 -0.500000 0.249665 0.731697 0.462031 -0.518962 0.249665 0.731697 0.462031 -0.518962 0.015750 
6.000000 34160.830788 0.200000 0.700000 0.500000 -0.500000 0.208458 0.811314 0.449844 -0.492014 0.208458 0.811314 0.449844 -0.492014 0.065506 
31.000000 34217.898544 0.200000 0.700000 0.500000 -0.500000 0.149608 0.784913 0.494916 -0.501331 0.149608 0.784913 0.494916 -0.501331 0.037475 
7.000000 34257.945343 0.200000 0.700000 0.500000 -0.500000 0.247720 0.448080 0.489426 -0.487710 0.247720 0.448080 0.489426 -0.487710 0.042127 
28.000000 34310.999443 0.200000 0.700000 0.500000 -0.500000 0.342517 0.464446 0.452800 -0.538311 0.342517 0.464446 0.452800 -0.538311 0.127020 
3.000000 34446.150299 0.200000 0.700000 0.500000 -0.500000 0.169750 0.893030 0.459472 -0.505166 0.169750 0.893030 0.459472 -0.505166 0.035152 
11.000000 34486.198509 0.200000 0.700000 0.500000 -0.500000 0.113000 0.936531 0.545008 -0.475461 0.113000 0.936531 0.545008 -0.475461 0.098599 
9.000000 34516.235092 0.200000 0.700000 0.500000 -0.500000 0.278503 0.670816 0.478494 -0.456207 0.278503 0.670816 0.478494 -0.456207 0.054123 
17.000000 34652.384514 0.200000 0.700000 0.500000 -0.500000 0.178503 0.390207 0.502133 -0.600517 0.178503 0.390207 0.502133 -0.600517 0.035574 
25.000000 34660.398979 0.200000 0.700000 0.500000 -0.500000 0.248145 0.628275 0.493885 -0.488424 0.248145 0.628275 0.493885 -0.488424 0.024145 
27.000000 34758.510483 0.200000 0.700000 0.500000 -0.500000 0.157357 0.736391 0.484408 -0.495646 0.157357 0.736391 0.484408 -0.495646 0.057962 
22.000000 34913.681206 0.200000 0.700000 0.500000 -0.500000 0.207385 0.608929 0.483712 -0.479417 0.207385 0.608929 0.483712 -0.479417 0.035756 
30.000000 35017.799309 0.200000 0.700000 0.500000 -0.500000 0.157589 0.694831 0.496388 -0.550491 0.157589 0.694831 0.496388 -0.550491 0.013413 
2.000000 35598.429314 0.200000 0.700000 0.500000 -0.500000 0.129966 0.931433 0.508123 -0.574305 0.129966 0.931433 0.508123 -0.574305 0.019659 
6.000000 35666.507568 0.200000 0.700000 0.500000 -0.500000 0.165132 0.966326 0.522414 -0.484328 0.165132 0.966326 0.522414 -0.484328 0.036935 
10.000000 35670.517326 0.200000 0.700000 0.500000 -0.500000 0.261123 0.545545 0.444046 -0.598082 0.261123 0.545545 0.444046 -0.598082 0.036457 
20.000000 35712.563499 0.200000 0.700000 0.500000 -0.500000 0.290005 0.598330 0.485781 -0.344064 0.290005 0.598330 0.485781 -0.344064 0.037793 
11.000000 35991.866318 0.200000 0.700000 0.500000 -0.500000 0.253790 0.709431 0.492432 -0.439841 0.253790 0.709431 0.492432 -0.439841 0.022369 
19.000000 35999.879395 0.200000 0.700000 0.500000 -0.500000 0.209356 0.575993 0.486269 -0.525079 0.209356 0.575993 0.486269 -0.525079 0.038720 
31.000000 36107.999680 0.200000 0.700000 0.500000 -0.500000 0.178743 0.741450 0.525207 -0.502407 0.178743 0.741450 0.525207 -0.502407 0.023345 
26.000000 36167.070648 0.200000 0.700000 0.500000 -0.500000 0.213932 0.933307 0.397950 -0.560734 0.213932 0.933307 0.397950 -0.560734 0.061223 
7.000000 36404.328232 0.200000 0.700000 0.500000 -0.500000 0.247888 0.850213 0.453361 -0.486004 0.247888 0.850213 0.453361 -0.486004 0.024635 
23.000000 36420.351547 0.200000 0.700000 0.500000 -0.500000 0.286659 0.423240 0.556791 -0.461070 0.286659 0.423240 0.556791 -0.461070 0.031240 
9.000000 36630.583443 0.200000 0.700000 0.500000 -0.500000 0.160738 0.885378 0.477383 -0.504769 0.160738 0.885378 0.477383 -0.504769 0.033134 
22.000000 36739.705757 0.200000 0.700000 0.500000 -0.500000 0.236681 0.546361 0.500717 -0.534376 0.236681 0.546361 0.500717 -0.534376 0.022613 
30.000000 37036.030525 0.200000 0.700000 0.500000 -0.500000 0.149282 0.725365 0.487598 -0.486387 0.149282 0.725365 0.487598 -0.486387 0.019705 
3.000000 37041.040649 0.200000 0.700000 0.500000 -0.500000 0.332885 0.574414 0.484209 -0.542437 0.332885 0.574414 0.484209 -0.542437 0.020698 
27.000000 37129.139236 0.200000 0.700000 0.500000 -0.500000 0.291232 0.364879 0.456448 -0.539949 0.291232 0.364879 0.456448 -0.539949 0.033769 
4.000000 37170.185913 0.200000 0.700000 0.500000 -0.500000 0.172150 0.999000 0.464162 -0.617582 0.172150 0.999000 0.464162 -0.617582 0.023828 
6.000000 37332.362602 0.200000 0.700000 0.500000 -0.500000 0.231056 0.512226 0.489973 -0.579982 0.231056 0.512226 0.489973 -0.579982 0.012775 
13.000000 37339.375160 0.200000 0.700000 0.500000 -0.500000 0.215309 0.882783 0.512286 -0.462329 0.215309 0.882783 0.512286 -0.462329 0.017033 
14.000000 37340.382149 0.200000 0.700000 0.500000 -0.500000 0.225334 0.691210 0.508616 -0.405792 0.225334 0.691210 0.508616 -0.405792 0.029826 
31.000000 37677.750938 0.200000 0.700000 0.500000 -0.500000 0.141989 0.957409 0.464101 -0.597500 0.141989 0.957409 0.464101 -0.597500 0.040432 
2.000000 37808.895386 0.200000 0.700000 0.500000 -0.500000 0.156870 0.902693 0.460172 -0.520845 0.156870 0.902693 0.460172 -0.520845 0.059293 
5.000000 37908.007927 0.200000 0.700000 0.500000 -0.500000 0.219309 0.740527 0.500584 -0.455094 0.219309 0.740527 0.500584 -0.455094 0.018124 
18.000000 37921.026619 0.200000 0.700000 0.500000 -0.500000 0.230946 0.504010 0.439136 -0.623929 0.230946 0.504010 0.439136 -0.623929 0.029071 
23.000000 37926.037201 0.200000 0.700000 0.500000 -0.500000 0.241618 0.560065 0.473458 -0.537484 0.241618 0.560065 0.473458 -0.537484 0.015549 
10.000000 37977.098236 0.200000 0.700000 0.500000 -0.500000 0.207848 0.721955 0.505035 -0.463000 0.207848 0.721955 0.505035 -0.463000 0.027147 
7.000000 38006.132980 0.200000 0.700000 0.500000 -0.500000 0.224875 0.679868 0.505732 -0.487695 0.224875 0.679868 0.505732 -0.487695 0.019079 
19.000000 38114.254997 0.200000 0.700000 0.500000 -0.500000 0.230610 0.760960 0.438627 -0.526631 0.230610 0.760960 0.438627 -0.526631 0.052051 
15.000000 38174.325584 0.200000 0.700000 0.500000 -0.500000 0.307654 0.321689 0.427364 -0.606642 0.307654 0.321689 0.427364 -0.606642 0.036329 
32.000000 38255.411278 0.200000 0.700000 0.500000 -0.500000 0.304340 0.285121 0.507854 -0.498815 0.304340 0.285121 0.507854 -0.498815 0.039769 
24.000000 38343.507561 0.200000 0.700000 0.500000 -0.500000 0.217781 0.743259 0.539972 -0.456464 0.217781 0.743259 0.539972 -0.456464 0.045391 
11.000000 38426.601051 0.200000 0.700000 0.500000 -0.500000 0.215754 0.787240 0.490620 -0.455638 0.215754 0.787240 0.490620 -0.455638 0.040732 
25.000000 38632.827118 0.200000 0.700000 0.500000 -0.500000 0.115265 0.864550 0.544648 -0.553888 0.115265 0.864550 0.544648 -0.553888 0.090164 
27.000000 39019.247238 0.200000 0.700000 0.500000 -0.500000 0.202971 0.925659 0.493715 -0.462657 0.202971 0.925659 0.493715 -0.462657 0.029266 
30.000000 39182.429756 0.200000 0.700000 0.500000 -0.500000 0.364591 0.345292 0.481764 -0.444401 0.364591 0.345292 0.481764 -0.444401 0.027700 
22.000000 39206.461021 0.200000 0.700000 0.500000 -0.500000 0.210339 0.461429 0.484815 -0.574222 0.210339 0.461429 0.484815 -0.574222 0.013742 
1.000000 39217.478287 0.200000 0.700000 0.500000 -0.500000 0.263394 0.107309 0.523072 -0.581443 0.263394 0.107309 0.523072 -0.581443 0.072977 
23.000000 39335.608078 0.200000 0.700000 0.500000 -0.500000 0.185145 0.712288 0.469988 -0.602412 0.185145 0.712288 0.469988 -0.602412 0.074961 
6.000000 39382.664734 0.200000 0.700000 0.500000 -0.500000 0.114159 0.970433 0.506414 -0.619560 0.114159 0.970433 0.506414 -0.619560 0.012137 
26.000000 39402.691177 0.200000 0.700000 0.500000 -0.500000 0.145967 0.979275 0.511770 -0.489856 0.145967 0.979275 0.511770 -0.489856 0.034669 
28.000000 39757.053459 0.200000 0.700000 0.500000 -0.500000 0.207365 0.690697 0.474674 -0.674584 0.207365 0.690697 0.474674 -0.674584 0.017020 
15.000000 40064.388542 0.200000 0.700000 0.500000 -0.500000 0.210220 0.861183 0.482131 -0.617158 0.210220 0.861183 0.482131 -0.617158 0.029391 
19.000000 40100.432198 0.200000 0.700000 0.500000 -0.500000 0.393240 0.108163 0.429735 -0.606550 0.393240 0.108163 0.429735 -0.606550 0.019529 
7.000000 40152.494858 0.200000 0.700000 0.500000 -0.500000 0.264604 0.497302 0.480147 -0.487872 0.264604 0.497302 0.480147 -0.487872 0.030268 
11.000000 40156.505661 0.200000 0.700000 0.500000 -0.500000 0.196987 0.764319 0.483913 -0.471306 0.196987 0.764319 0.483913 -0.471306 0.030866 
14.000000 40255.616280 0.200000 0.700000 0.500000 -0.500000 0.119191 0.897066 0.504004 -0.535612 0.119191 0.897066 0.504004 -0.535612 0.023745 
3.000000 40661.053307 0.200000 0.700000 0.500000 -0.500000 0.182616 0.812309 0.480757 -0.479963 0.182616 0.812309 0.480757 -0.479963 0.022597 
25.000000 40715.117455 0.200000 0.700000 0.500000 -0.500000 0.262912 0.594381 0.503401 -0.520566 0.262912 0.594381 0.503401 -0.520566 0.025804 
21.000000 40775.186089 0.200000 0.700000 0.500000 -0.500000 0.324403 0.560253 0.417511 -0.557169 0.324403 0.560253 0.417511 -0.557169 0.029097 
12.000000 40894.311897 0.200000 0.700000 0.500000 -0.500000 0.214474 0.607672 0.481545 -0.583257 0.214474 0.607672 0.481545 -0.583257 0.030869 
16.000000 40898.321037 0.200000 0.700000 0.500000 -0.500000 0.212418 0.810892 0.519090 -0.458639 0.212418 0.810892 0.519090 -0.458639 0.036097 
22.000000 40968.401840 0.200000 0.700000 0.500000 -0.500000 0.177902 0.739460 0.489635 -0.454733 0.177902 0.739460 0.489635 -0.454733 0.050865 
2.000000 41044.488724 0.200000 0.700000 0.500000 -0.500000 0.199175 0.691269 0.476619 -0.522461 0.199175 0.691269 0.476619 -0.522461 0.039298 
27.000000 41133.587067 0.200000 0.700000 0.500000 -0.500000 0.166231 0.858546 0.459113 -0.500889 0.166231 0.858546 0.459113 -0.500889 0.049288 
17.000000 41251.717857 0.200000 0.700000 0.500000 -0.500000 0.222857 0.631291 0.436957 -0.602026 0.222857 0.631291 0.436957 -0.602026 0.058495 
30.000000 41264.736206 0.200000 0.700000 0.500000 -0.500000 0.151009 0.843129 0.465567 -0.586497 0.151009 0.843129 0.465567 -0.586497 0.050699 
5.000000 41303.783478 0.200000 0.700000 0.500000 -0.500000 0.356420 0.375226 0.475875 -0.473288 0.356420 0.375226 0.475875 -0.473288 0.017069 
23.000000 41449.942307 0.200000 0.700000 0.500000 -0.500000 0.268392 0.642821 0.459044 -0.514180 0.268392 0.642821 0.459044 -0.514180 0.039788 
1.000000 41620.132561 0.200000 0.700000 0.500000 -0.500000 0.213460 0.576538 0.470285 -0.520833 0.213460 0.576538 0.470285 -0.520833 0.030066 
20.000000 41767.293045 0.200000 0.700000 0.500000 -0.500000 0.192009 0.652636 0.533784 -0.380595 0.192009 0.652636 0.533784 -0.380595 0.027121 
14.000000 41889.428490 0.200000 0.700000 0.500000 -0.500000 0.203280 0.661093 0.490800 -0.444941 0.203280 0.661093 0.490800 -0.444941 0.060074 
11.000000 41982.534943 0.200000 0.700000 0.500000 -0.500000 0.189909 0.866185 0.477172 -0.512268 0.189909 0.866185 0.477172 -0.512268 0.036593 
19.000000 42374.960197 0.200000 0.700000 0.500000 -0.500000 0.142292 0.864602 0.510327 -0.538642 0.142292 0.864602 0.510327 -0.538642 0.030601 
29.000000 42417.012131 0.200000 0.700000 0.500000 -0.500000 0.211505 0.918806 0.466167 -0.485148 0.211505 0.918806 0.466167 -0.485148 0.037573 
8.000000 42492.094574 0.200000 0.700000 0.500000 -0.500000 0.287062 0.568701 0.537631 -0.451509 0.287062 0.568701 0.537631 -0.451509 0.033414 
2.000000 42550.160667 0.200000 0.700000 0.500000 -0.500000 0.236741 0.490568 0.491166 -0.549853 0.236741 0.490568 0.491166 -0.549853 0.030609 
6.000000 42554.170372 0.200000 0.700000 0.500000 -0.500000 0.156818 0.835379 0.458679 -0.602829 0.156818 0.835379 0.458679 -0.602829 0.028442 
3.000000 42647.277916 0.200000 0.700000 0.500000 -0.500000 0.137755 0.999000 0.518285 -0.482428 0.137755 0.999000 0.518285 -0.482428 0.032347 
18.000000 42726.366913 0.200000 0.700000 0.500000 -0.500000 0.391064 0.331308 0.478115 -0.522159 0.391064 0.331308 0.478115 -0.522159 0.014794 
26.000000 42734.380646 0.200000 0.700000 0.500000 -0.500000 0.124729 0.979461 0.546860 -0.443860 0.124729 0.979461 0.546860 -0.443860 0.015172 
13.000000 42753.406631 0.200000 0.700000 0.500000 -0.500000 0.237292 0.658142 0.444086 -0.491358 0.237292 0.658142 0.444086 -0.491358 0.082074 
27.000000 42863.528465 0.200000 0.700000 0.500000 -0.500000 0.160919 0.955927 0.486485 -0.566875 0.160919 0.955927 0.486485 -0.566875 0.025365 
25.000000 42989.669991 0.200000 0.700000 0.500000 -0.500000 0.226360 0.813463 0.463648 -0.563146 0.226360 0.813463 0.463648 -0.563146 0.025570 
10.000000 43038.729408 0.200000 0.700000 0.500000 -0.500000 0.195870 0.692069 0.500380 -0.559544 0.195870 0.692069 0.500380 -0.559544 0.036534 
24.000000 43052.746231 0.200000 0.700000 0.500000 -0.500000 0.287712 0.544383 0.478205 -0.493073 0.287712 0.544383 0.478205 -0.493073 0.015450 
4.000000 43064.760857 0.200000 0.700000 0.500000 -0.500000 0.238977 0.849771 0.483653 -0.467248 0.238977 0.849771 0.483653 -0.467248 0.027745 
9.000000 43294.012451 0.200000 0.700000 0.500000 -0.500000 0.178978 0.954298 0.444549 -0.543286 0.178978 0.954298 0.444549 -0.543286 0.042084 
14.000000 43427.165268 0.200000 0.700000 0.500000 -0.500000 0.134780 0.916326 0.512889 -0.492561 0.134780 0.916326 0.512889 -0.492561 0.036149 
15.000000 43428.171555 0.200000 0.700000 0.500000 -0.500000 0.235625 0.436312 0.429216 -0.658787 0.235625 0.436312 0.429216 -0.658787 0.047301 
7.000000 43612.373566 0.200000 0.700000 0.500000 -0.500000 0.239232 0.849901 0.406320 -0.605096 0.239232 0.849901 0.406320 -0.605096 0.020592 
11.000000 43648.416847 0.200000 0.700000 0.500000 -0.500000 0.184896 0.851133 0.466216 -0.396720 0.184896 0.851133 0.466216 -0.396720 0.027124 
5.000000 43706.484612 0.200000 0.700000 0.500000 -0.500000 0.156725 0.861348 0.456954 -0.553950 0.156725 0.861348 0.456954 -0.553950 0.020536 
22.000000 43755.542816 0.200000 0.700000 0.500000 -0.500000 0.243403 0.469086 0.449672 -0.632824 0.243403 0.469086 0.449672 -0.632824 0.017463 
23.000000 43884.687035 0.200000 0.700000 0.500000 -0.500000 0.253557 0.739574 0.447772 -0.540376 0.253557 0.739574 0.447772 -0.540376 0.029664 
30.000000 44115.943390 0.200000 0.700000 0.500000 -0.500000 0.203842 0.746121 0.487452 -0.531983 0.203842 0.746121 0.487452 -0.531983 0.017827 
17.000000 44167.005066 0.200000 0.700000 0.500000 -0.500000 0.088421 0.955141 0.538822 -0.430743 0.088421 0.955141 0.538822 -0.430743 0.022643 
31.000000 44181.024040 0.200000 0.700000 0.500000 -0.500000 0.214270 0.550976 0.492530 -0.507600 0.214270 0.550976 0.492530 -0.507600 0.060525 
2.000000 44280.137054 0.200000 0.700000 0.500000 -0.500000 0.305027 0.575166 0.489518 -0.472394 0.305027 0.575166 0.489518 -0.472394 0.016984 
26.000000 44400.270485 0.200000 0.700000 0.500000 -0.500000 0.203951 0.708186 0.481197 -0.519393 0.203951 0.708186 0.481197 -0.519393 0.037032 
29.000000 44403.278305 0.200000 0.700000 0.500000 -0.500000 0.190705 0.844107 0.497490 -0.537267 0.190705 0.844107 0.497490 -0.537267 0.016365 
3.000000 44697.603584 0.200000 0.700000 0.500000 -0.500000 0.286316 0.479136 0.504322 -0.484219 0.286316 0.479136 0.504322 -0.484219 0.030938 
10.000000 44864.788536 0.200000 0.700000 0.500000 -0.500000 0.205728 0.781162 0.500818 -0.554931 0.205728 0.781162 0.500818 -0.554931 0.034381 
14.000000 45125.074409 0.200000 0.700000 0.500000 -0.500000 0.184119 0.689158 0.542815 -0.384375 0.184119 0.689158 0.542815 -0.384375 0.040519 
27.000000 45394.369186 0.200000 0.700000 0.500000 -0.500000 0.157147 0.903689 0.455434 -0.569351 0.157147 0.903689 0.455434 -0.569351 0.058177 
7.000000 45438.420906 0.200000 0.700000 0.500000 -0.500000 0.196437 0.517562 0.535738 -0.502936 0.196437 0.517562 0.535738 -0.502936 0.051370 
18.000000 45577.574188 0.200000 0.700000 0.500000 -0.500000 0.219045 0.697943 0.460999 -0.635692 0.219045 0.697943 0.460999 -0.635692 0.045950 
1.000000 45720.729965 0.200000 0.700000 0.500000 -0.500000 0.143115 0.999000 0.507427 -0.467859 0.143115 0.999000 0.507427 -0.467859 0.033542 
12.000000 45731.743263 0.200000 0.700000 0.500000 -0.500000 0.151396 0.874138 0.509048 -0.536284 0.151396 0.874138 0.509048 -0.536284 0.022945 
31.000000 45910.937523 0.200000 0.700000 0.500000 -0.500000 0.172569 0.788874 0.516690 -0.413960 0.172569 0.788874 0.516690 -0.413960 0.042321 
23.000000 45934.969170 0.200000 0.700000 0.500000 -0.500000 0.185844 0.859397 0.475928 -0.521382 0.185844 0.859397 0.475928 -0.521382 0.033802 
19.000000 46059.108116 0.200000 0.700000 0.500000 -0.500000 0.334839 0.454367 0.357691 -0.688407 0.334839 0.454367 0.357691 -0.688407 0.050706 
17.000000 46089.146645 0.200000 0.700000 0.500000 -0.500000 0.220510 0.595864 0.501594 -0.410951 0.220510 0.595864 0.501594 -0.410951 0.006201 
13.000000 46245.318405 0.200000 0.700000 0.500000 -0.500000 0.307749 0.620192 0.410385 -0.537462 0.307749 0.620192 0.410385 -0.537462 0.070600 
15.000000 46247.325928 0.200000 0.700000 0.500000 -0.500000 0.219850 0.390101 0.478819 -0.650265 0.219850 0.390101 0.478819 -0.650265 0.032855 
11.000000 46403.496750 0.200000 0.700000 0.500000 -0.500000 0.176795 0.973493 0.508636 -0.432346 0.176795 0.973493 0.508636 -0.432346 0.017279 
2.000000 46426.527374 0.200000 0.700000 0.500000 -0.500000 0.228618 0.738576 0.507995 -0.398730 0.228618 0.738576 0.507995 -0.398730 0.041234 
21.000000 46509.621658 0.200000 0.700000 0.500000 -0.500000 0.326070 0.315807 0.472569 -0.530350 0.326070 0.315807 0.472569 -0.530350 0.028492 
10.000000 46530.650078 0.200000 0.700000 0.500000 -0.500000 0.253079 0.389027 0.473862 -0.542480 0.253079 0.389027 0.473862 -0.542480 0.025126 
25.000000 46545.673363 0.200000 0.700000 0.500000 -0.500000 0.316628 0.292052 0.450529 -0.622685 0.316628 0.292052 0.450529 -0.622685 0.058500 
26.000000 46834.992561 0.200000 0.700000 0.500000 -0.500000 0.321263 0.568915 0.425104 -0.612188 0.321263 0.568915 0.425104 -0.612188 0.036882 
30.000000 46903.070427 0.200000 0.700000 0.500000 -0.500000 0.179501 0.653111 0.454482 -0.571348 0.179501 0.653111 0.454482 -0.571348 0.021266 
14.000000 47143.330154 0.200000 0.700000 0.500000 -0.500000 0.295148 0.510629 0.464818 -0.530506 0.295148 0.510629 0.464818 -0.530506 0.025182 
20.000000 47149.339584 0.200000 0.700000 0.500000 -0.500000 0.099512 0.882546 0.511733 -0.616837 0.099512 0.882546 0.511733 -0.616837 0.024156 
29.000000 47286.489365 0.200000 0.700000 0.500000 -0.500000 0.174272 0.746013 0.535064 -0.539904 0.174272 0.746013 0.535064 -0.539904 0.024246 
7.000000 47328.538948 0.200000 0.700000 0.500000 -0.500000 0.304674 0.546967 0.507518 -0.479610 0.304674 0.546967 0.507518 -0.479610 0.016173 
31.000000 47416.635620 0.200000 0.700000 0.500000 -0.500000 0.141768 0.946658 0.487122 -0.496389 0.141768 0.946658 0.487122 -0.496389 0.018496 
18.000000 47723.969482 0.200000 0.700000 0.500000 -0.500000 0.133345 0.968734 0.522537 -0.469809 0.133345 0.968734 0.522537 -0.469809 0.032621 
4.000000 47774.025696 0.200000 0.700000 0.500000 -0.500000 0.217439 0.649944 0.476779 -0.499571 0.217439 0.649944 0.476779 -0.499571 0.026675 
19.000000 47789.044792 0.200000 0.700000 0.500000 -0.500000 0.163186 0.807446 0.485008 -0.497335 0.163186 0.807446 0.485008 -0.497335 0.013616 
11.000000 47845.109810 0.200000 0.700000 0.500000 -0.500000 0.263681 0.560398 0.493610 -0.521890 0.263681 0.560398 0.493610 -0.521890 0.033434 
23.000000 48465.787567 0.200000 0.700000 0.500000 -0.500000 0.177554 0.862375 0.505739 -0.408041 0.177554 0.862375 0.505739 -0.408041 0.006865 
30.000000 48504.832588 0.200000 0.700000 0.500000 -0.500000 0.293110 0.269754 0.506516 -0.398360 0.293110 0.269754 0.506516 -0.398360 0.031514 
10.000000 48612.954224 0.200000 0.700000 0.500000 -0.500000 0.238646 0.702942 0.479258 -0.549764 0.238646 0.702942 0.479258 -0.549764 0.025631 
27.000000 48918.282570 0.200000 0.700000 0.500000 -0.500000 0.370789 0.700573 0.348004 -0.590734 0.370789 0.700573 0.348004 -0.590734 0.042560 
7.000000 49058.439156 0.200000 0.700000 0.500000 -0.500000 0.270684 0.473086 0.516641 -0.539723 0.270684 0.473086 0.516641 -0.539723 0.022022 
13.000000 49064.449348 0.200000 0.700000 0.500000 -0.500000 0.223104 0.726500 0.456350 -0.449438 0.223104 0.726500 0.456350 -0.449438 0.087648 
29.000000 49176.575294 0.200000 0.700000 0.500000 -0.500000 0.198369 0.580862 0.522545 -0.450535 0.198369 0.580862 0.522545 -0.450535 0.045049 
9.000000 49348.765137 0.200000 0.700000 0.500000 -0.500000 0.229331 0.703025 0.468303 -0.476245 0.229331 0.703025 0.468303 -0.476245 0.037534 
18.000000 49389.813667 0.200000 0.700000 0.500000 -0.500000 0.275698 0.764219 0.538127 -0.450768 0.275698 0.764219 0.538127 -0.450768 0.051675 
11.000000 49446.880547 0.200000 0.700000 0.500000 -0.500000 0.156663 0.935020 0.496413 -0.506296 0.156663 0.935020 0.496413 -0.506296 0.027812 
31.000000 49627.078644 0.200000 0.700000 0.500000 -0.500000 0.230926 0.850653 0.433179 -0.622438 0.230926 0.850653 0.433179 -0.622438 0.023245 
19.000000 49999.488747 0.200000 0.700000 0.500000 -0.500000 0.143678 0.824289 0.530146 -0.466473 0.143678 0.824289 0.530146 -0.466473 0.051593 
21.000000 50033.530281 0.200000 0.700000 0.500000 -0.500000 0.105115 0.910355 0.529012 -0.573628 0.105115 0.910355 0.529012 -0.573628 0.024596 
14.000000 50090.597549 0.200000 0.700000 0.500000 -0.500000 0.310061 0.551192 0.383108 -0.603928 0.310061 0.551192 0.383108 -0.603928 0.014170 
25.000000 50101.615425 0.200000 0.700000 0.500000 -0.500000 0.200601 0.738963 0.492568 -0.510256 0.200601 0.738963 0.492568 -0.510256 0.050890 
1.000000 50205.731964 0.200000 0.700000 0.500000 -0.500000 0.226396 0.858541 0.420175 -0.558309 0.226396 0.858541 0.420175 -0.558309 0.038680 
10.000000 50214.744858 0.200000 0.700000 0.500000 -0.500000 0.221227 0.781161 0.457257 -0.514451 0.221227 0.781161 0.457257 -0.514451 0.010958 
6.000000 50274.814583 0.200000 0.700000 0.500000 -0.500000 0.238283 0.331991 0.467589 -0.580727 0.238283 0.331991 0.467589 -0.580727 0.111136 
30.000000 50330.881546 0.200000 0.700000 0.500000 -0.500000 0.185304 0.776638 0.492911 -0.477375 0.185304 0.776638 0.492911 -0.477375 0.036293 
23.000000 50355.912109 0.200000 0.700000 0.500000 -0.500000 0.160872 0.806678 0.503818 -0.458614 0.160872 0.806678 0.503818 -0.458614 0.023576 
27.000000 50488.057297 0.200000 0.700000 0.500000 -0.500000 0.227434 0.815791 0.460415 -0.444674 0.227434 0.815791 0.460415 -0.444674 0.025786 
32.000000 50589.166824 0.200000 0.700000 0.500000 -0.500000 0.131738 0.995082 0.494367 -0.503694 0.131738 0.995082 0.494367 -0.503694 0.035383 
11.000000 51048.660156 0.200000 0.700000 0.500000 -0.500000 0.189433 0.610524 0.492523 -0.486277 0.189433 0.610524 0.492523 -0.486277 0.021823 
13.000000 51082.700027 0.200000 0.700000 0.500000 -0.500000 0.233045 0.895611 0.397630 -0.618895 0.233045 0.895611 0.397630 -0.618895 0.055487 
22.000000 51155.784622 0.200000 0.700000 0.500000 -0.500000 0.191932 0.756021 0.526216 -0.531684 0.191932 0.756021 0.526216 -0.531684 0.026798 
2.000000 51167.803513 0.200000 0.700000 0.500000 -0.500000 0.158555 0.835132 0.486675 -0.594476 0.158555 0.835132 0.486675 -0.594476 0.034266 
3.000000 51200.845398 0.200000 0.700000 0.500000 -0.500000 0.204555 0.751283 0.498265 -0.554282 0.204555 0.751283 0.498265 -0.554282 0.032212 
29.000000 51387.049362 0.200000 0.700000 0.500000 -0.500000 0.212151 0.717341 0.482558 -0.491410 0.212151 0.717341 0.482558 -0.491410 0.038663 
28.000000 51482.156189 0.200000 0.700000 0.500000 -0.500000 0.165947 0.696166 0.536735 -0.442005 0.165947 0.696166 0.536735 -0.442005 0.044129 
15.000000 51501.182335 0.200000 0.700000 0.500000 -0.500000 0.148378 0.833071 0.537521 -0.526072 0.148378 0.833071 0.537521 -0.526072 0.047778 
31.000000 51517.204704 0.200000 0.700000 0.500000 -0.500000 0.334232 0.598189 0.458667 -0.516939 0.334232 0.598189 0.458667 -0.516939 0.042307 
19.000000 51569.266800 0.200000 0.700000 0.500000 -0.500000 0.204170 0.918476 0.472504 -0.562350 0.204170 0.918476 0.472504 -0.562350 0.038525 
5.000000 51619.326561 0.200000 0.700000 0.500000 -0.500000 0.252966 0.612930 0.449150 -0.549312 0.252966 0.612930 0.449150 -0.549312 0.009330 
7.000000 51653.365753 0.200000 0.700000 0.500000 -0.500000 0.163017 0.813136 0.517180 -0.461959 0.163017 0.813136 0.517180 -0.461959 0.019243 
16.000000 51662.378738 0.200000 0.700000 0.500000 -0.500000 0.349556 0.224306 0.476871 -0.432257 0.349556 0.224306 0.476871 -0.432257 0.084256 
18.000000 51696.420837 0.200000 0.700000 0.500000 -0.500000 0.138081 0.787180 0.539088 -0.429066 0.138081 0.787180 0.539088 -0.429066 0.036418 
25.000000 51991.741455 0.200000 0.700000 0.500000 -0.500000 0.167049 0.998999 0.445862 -0.562330 0.167049 0.998999 0.445862 -0.562330 0.057972 
30.000000 52092.854691 0.200000 0.700000 0.500000 -0.500000 0.198623 0.721829 0.520813 -0.436798 0.198623 0.721829 0.520813 -0.436798 0.028576 
6.000000 52100.868462 0.200000 0.700000 0.500000 -0.500000 0.189914 0.899314 0.516467 -0.467118 0.189914 0.899314 0.516467 -0.467118 0.059842 
1.000000 52224.007210 0.200000 0.700000 0.500000 -0.500000 0.224398 0.687362 0.511391 -0.533340 0.224398 0.687362 0.511391 -0.533340 0.018687 
23.000000 52886.724800 0.200000 0.700000 0.500000 -0.500000 0.335793 0.351020 0.450027 -0.555779 0.335793 0.351020 0.450027 -0.555779 0.040686 
31.000000 53118.979187 0.200000 0.700000 0.500000 -0.500000 0.180291 0.667101 0.512834 -0.467616 0.180291 0.667101 0.512834 -0.467616 0.015706 
19.000000 53139.006866 0.200000 0.700000 0.500000 -0.500000 0.283329 0.506977 0.516869 -0.546775 0.283329 0.506977 0.516869 -0.546775 0.019673 
2.000000 53218.099838 0.200000 0.700000 0.500000 -0.500000 0.210527 0.491670 0.508840 -0.505460 0.210527 0.491670 0.508840 -0.505460 0.020415 
17.000000 53265.156853 0.200000 0.700000 0.500000 -0.500000 0.193603 0.731253 0.539256 -0.498069 0.193603 0.731253 0.539256 -0.498069 0.054151 
29.000000 53277.174522 0.200000 0.700000 0.500000 -0.500000 0.172307 0.998999 0.429705 -0.527843 0.172307 0.998999 0.429705 -0.527843 0.034780 
7.000000 53319.226051 0.200000 0.700000 0.500000 -0.500000 0.287622 0.683424 0.405053 -0.540862 0.287622 0.683424 0.405053 -0.540862 0.044413 
22.000000 53430.351723 0.200000 0.700000 0.500000 -0.500000 0.296094 0.424722 0.505737 -0.574893 0.296094 0.424722 0.505737 -0.574893 0.021997 
15.000000 53487.418716 0.200000 0.700000 0.500000 -0.500000 0.148607 0.993634 0.518774 -0.500464 0.148607 0.993634 0.518774 -0.500464 0.026696 
3.000000 53571.514923 0.200000 0.700000 0.500000 -0.500000 0.202956 0.757878 0.495870 -0.463956 0.202956 0.757878 0.495870 -0.463956 0.022035 
21.000000 53653.608711 0.200000 0.700000 0.500000 -0.500000 0.147116 0.729717 0.552171 -0.456399 0.147116 0.729717 0.552171 -0.456399 0.015379 
18.000000 53842.812614 0.200000 0.700000 0.500000 -0.500000 0.210969 0.748517 0.478577 -0.496156 0.210969 0.748517 0.478577 -0.496156 0.051837 
6.000000 54247.256927 0.200000 0.700000 0.500000 -0.500000 0.272862 0.730729 0.462629 -0.539551 0.272862 0.730729 0.462629 -0.539551 0.030223 
4.000000 54373.398697 0.200000 0.700000 0.500000 -0.500000 0.264286 0.407748 0.485751 -0.386556 0.264286 0.407748 0.485751 -0.386556 0.029979 
23.000000 54392.424980 0.200000 0.700000 0.500000 -0.500000 0.129031 0.967516 0.508958 -0.603650 0.129031 0.967516 0.508958 -0.603650 0.059207 
19.000000 54804.871132 0.200000 0.700000 0.500000 -0.500000 0.237408 0.582928 0.501641 -0.509007 0.237408 0.582928 0.501641 -0.509007 0.046181 
14.000000 54992.080940 0.200000 0.700000 0.500000 -0.500000 0.186830 0.716640 0.510016 -0.586353 0.186830 0.716640 0.510016 -0.586353 0.022944 
11.000000 55213.326355 0.200000 0.700000 0.500000 -0.500000 0.218043 0.756738 0.432460 -0.611570 0.218043 0.756738 0.432460 -0.611570 0.063076 
1.000000 55235.354988 0.200000 0.700000 0.500000 -0.500000 0.226336 0.653648 0.491892 -0.495641 0.226336 0.653648 0.491892 -0.495641 0.034139 
29.000000 55263.390831 0.200000 0.700000 0.500000 -0.500000 0.238097 0.789458 0.449088 -0.476149 0.238097 0.789458 0.449088 -0.476149 0.026949 
26.000000 55356.497665 0.200000 0.700000 0.500000 -0.500000 0.184794 0.554454 0.481460 -0.495053 0.184794 0.554454 0.481460 -0.495053 0.030364 
22.000000 55384.535110 0.200000 0.700000 0.500000 -0.500000 0.144688 0.700952 0.518132 -0.476582 0.144688 0.700952 0.518132 -0.476582 0.024380 
31.000000 55393.550461 0.200000 0.700000 0.500000 -0.500000 0.153776 0.663655 0.502664 -0.657294 0.153776 0.663655 0.502664 -0.657294 0.009289 
13.000000 55407.571007 0.200000 0.700000 0.500000 -0.500000 0.205246 0.509456 0.470474 -0.541254 0.205246 0.509456 0.470474 -0.541254 0.043742 
27.000000 55421.591461 0.200000 0.700000 0.500000 -0.500000 0.217032 0.462412 0.486390 -0.443816 0.217032 0.462412 0.486390 -0.443816 0.011456 
9.000000 55531.716362 0.200000 0.700000 0.500000 -0.500000 0.246711 0.802448 0.283236 -0.724242 0.246711 0.802448 0.283236 -0.724242 0.053236 
7.000000 56010.234428 0.200000 0.700000 0.500000 -0.500000 0.207843 0.893612 0.438792 -0.526395 0.207843 0.893612 0.438792 -0.526395 0.022993 
12.000000 56047.275368 0.200000 0.700000 0.500000 -0.500000 0.373825 0.510941 0.396673 -0.623364 0.373825 0.510941 0.396673 -0.623364 0.032313 
3.000000 56102.340477 0.200000 0.700000 0.500000 -0.500000 0.141453 0.799544 0.537777 -0.620492 0.141453 0.799544 0.537777 -0.620492 0.021301 
18.000000 56149.396980 0.200000 0.700000 0.500000 -0.500000 0.088065 0.981207 0.492506 -0.477008 0.088065 0.981207 0.492506 -0.477008 0.030196 
25.000000 56348.616005 0.200000 0.700000 0.500000 -0.500000 0.301090 0.567104 0.507057 -0.486407 0.301090 0.567104 0.507057 -0.486407 0.020622 
8.000000 56363.634361 0.200000 0.700000 0.500000 -0.500000 0.226510 0.674314 0.503660 -0.470855 0.226510 0.674314 0.503660 -0.470855 0.038009 
