0.000000 0.879166 0.040067 
0.000000 1.136665 0.038460 
0.000000 1.139565 0.053040 
0.000000 1.146172 0.032704 
0.000000 1.260658 0.051574 
0.000000 1.263687 0.047119 
0.000000 1.266495 0.066976 
0.000000 1.269188 0.031169 
0.000000 1.271896 0.058930 
0.000000 1.274620 0.033759 
0.000000 1.277328 0.040958 
0.000000 1.280426 0.042041 
0.000000 1.283287 0.040538 
0.000000 1.285988 0.033200 
0.000000 1.288811 0.046138 
0.000000 1.291527 0.068378 
0.000000 1.294411 0.030904 
0.000000 1.297241 0.040442 
0.000000 1.299973 0.046082 
0.000000 1.303139 0.042342 
0.000000 1.306168 0.038031 
0.000000 1.309067 0.039130 
0.000000 1.311821 0.060137 
0.000000 1.314705 0.040962 
0.000000 1.317421 0.042772 
0.000000 1.320122 0.054938 
0.000000 1.323395 0.051060 
0.000000 1.326164 0.038130 
0.000000 1.328857 0.046159 
0.000000 1.331543 0.054949 
0.000000 1.334503 0.038219 
0.000000 1.337433 0.035522 
0.000000 1.340157 0.038380 
0.000000 1.343285 0.049122 
0.000000 1.346001 0.049032 
0.000000 1.348679 0.045115 
0.000000 1.351471 0.044664 
0.000000 1.354652 0.064753 
0.000000 1.357368 0.052310 
0.000000 1.360085 0.045068 
0.000000 1.362816 0.050036 
0.000000 1.365967 0.055144 
0.000000 1.368683 0.047555 
0.000000 1.371391 0.053118 
0.000000 1.374290 0.038106 
0.000000 1.377098 0.033717 
0.000000 1.379768 0.043172 
0.000000 1.382622 0.032765 
0.000000 1.385933 0.045875 
0.000000 1.388611 0.041025 
0.000000 1.391472 0.058894 
0.000000 1.394188 0.046292 
0.000000 1.397148 0.045661 
0.000000 1.399986 0.044680 
0.000000 1.402878 0.046876 
0.000000 1.405594 0.050162 
0.000000 1.408669 0.059542 
0.000000 1.411385 0.038018 
0.000000 1.414116 0.052418 
0.000000 1.416809 0.043706 
0.000000 1.419540 0.061701 
0.000000 1.422325 0.040823 
0.000000 1.425346 0.048526 
0.000000 1.428406 0.046715 
0.000000 1.431175 0.072720 
0.000000 1.433907 0.056520 
0.000000 1.436584 0.036166 
0.000000 1.439491 0.051020 
0.000000 1.442444 0.040555 
0.000000 1.445366 0.036689 
0.000000 1.448044 0.039254 
0.000000 1.451180 0.050038 
0.000000 1.453911 0.059508 
0.000000 1.456741 0.059954 
0.000000 1.459435 0.053348 
0.000000 1.462303 0.068916 
0.000000 1.465179 0.028940 
0.000000 1.467850 0.044354 
0.000000 1.470619 0.043629 
0.000000 1.474022 0.045914 
0.000000 1.476799 0.047106 
0.000000 1.479485 0.034320 
0.000000 1.482193 0.041650 
0.000000 1.484978 0.039748 
0.000000 1.487717 0.055486 
0.000000 1.490639 0.035899 
0.000000 1.493965 0.042600 
0.000000 1.496651 0.048713 
0.000000 1.499519 0.046957 
0.000000 1.502235 0.036572 
0.000000 1.504959 0.041022 
0.000000 1.507622 0.051311 
0.000000 1.510353 0.038203 
0.000000 1.513092 0.052957 
0.000000 1.516167 0.040657 
0.000000 1.518867 0.035247 
0.000000 1.521767 0.057356 
0.000000 1.524483 0.034331 
0.000000 1.527176 0.049059 
0.000000 1.530121 0.048800 
0.000000 1.534508 0.034839 
0.000000 1.537773 0.046882 
0.000000 1.540474 0.066109 
0.000000 1.543640 0.037572 
0.000000 1.546463 0.035906 
0.000000 1.549278 0.038427 
0.000000 1.552185 0.054260 
0.000000 1.555077 0.056481 
0.000000 1.558548 0.036317 
0.000000 1.561630 0.056960 
0.000000 1.564339 0.038795 
0.000000 1.567192 0.051050 
0.000000 1.569901 0.041395 
0.000000 1.572586 0.050981 
0.000000 1.575340 0.045225 
0.000000 1.578644 0.033481 
0.000000 1.581627 0.034474 
0.000000 1.584335 0.039614 
0.000000 1.587074 0.044233 
0.000000 1.589767 0.038439 
0.000000 1.592461 0.029700 
0.000000 1.595184 0.037840 
0.000000 1.597908 0.038600 
0.000000 1.601212 0.046760 
0.000000 1.603966 0.038598 
0.000000 1.606651 0.041745 
0.000000 1.609344 0.045745 
0.000000 1.612038 0.049154 
0.000000 1.614876 0.039793 
0.000000 1.617638 0.037205 
0.000000 1.620987 0.038087 
0.000000 1.623924 0.042666 
0.000000 1.626755 0.040634 
0.000000 1.629448 0.049854 
0.000000 1.632278 0.049264 
0.000000 1.635002 0.052155 
0.000000 1.637711 0.038851 
0.000000 1.640419 0.033664 
0.000000 1.643730 0.052059 
0.000000 1.646431 0.051824 
0.000000 1.649139 0.046474 
0.000000 1.651840 0.043129 
0.000000 1.654831 0.027426 
0.000000 1.657539 0.047630 
0.000000 1.660393 0.040867 
0.000000 1.663704 0.037313 
0.000000 1.666405 0.036089 
0.000000 1.669243 0.051113 
0.000000 1.672089 0.055002 
0.000000 1.674828 0.049293 
0.000000 1.677536 0.053539 
0.000000 1.680237 0.036677 
0.000000 1.683144 0.041754 
0.000000 1.686249 0.049179 
0.000000 1.688950 0.052301 
0.000000 1.691795 0.039445 
0.000000 1.694580 0.026272 
0.000000 1.697258 0.058025 
0.000000 1.699989 0.044979 
0.000000 1.702911 0.056771 
0.000000 1.706177 0.049527 
0.000000 1.708878 0.043063 
0.000000 1.711586 0.044381 
0.000000 1.714409 0.044229 
0.000000 1.717255 0.051949 
0.000000 1.719963 0.052041 
0.000000 1.722672 0.045998 
0.000000 1.725403 0.049116 
0.000000 1.728775 0.031668 
0.000000 1.731476 0.056830 
0.000000 1.734200 0.040089 
0.000000 1.736900 0.043114 
0.000000 1.739624 0.047510 
0.000000 1.742340 0.029659 
0.000000 1.745071 0.053733 
0.000000 1.748428 0.052149 
0.000000 1.751236 0.039296 
0.000000 1.753975 0.061838 
0.000000 1.756630 0.041530 
0.000000 1.759338 0.044513 
0.000000 1.763260 0.054562 
0.000000 1.766289 0.047078 
0.000000 1.769005 0.033875 
0.000000 1.772110 0.039869 
0.000000 1.774979 0.048396 
0.000000 1.777687 0.077497 
0.000000 1.780388 0.043479 
0.000000 1.783127 0.045841 
0.000000 1.785973 0.044156 
0.000000 1.788795 0.044625 
0.000000 1.791954 0.041500 
0.000000 1.794693 0.046009 
0.000000 1.797577 0.067259 
0.000000 1.800713 0.052928 
0.000000 1.803452 0.039926 
0.000000 1.806160 0.049416 
0.000000 1.808937 0.051139 
0.000000 1.811981 0.054588 
0.000000 1.815132 0.033598 
0.000000 1.817902 0.036623 
0.000000 1.820595 0.027629 
0.000000 1.823410 0.055614 
0.000000 1.826378 0.051883 
0.000000 1.829079 0.035713 
0.000000 1.831894 0.046238 
0.000000 1.835022 0.050543 
0.000000 1.837852 0.034341 
0.000000 1.840553 0.043205 
0.000000 1.843292 0.042917 
0.000000 1.846123 0.028157 
0.000000 1.848808 0.063049 
0.000000 1.851547 0.030630 
0.000000 1.854568 0.049315 
0.000000 1.857956 0.035139 
0.000000 1.860794 0.034501 
0.000000 1.863541 0.044033 
0.000000 1.866241 0.038513 
0.000000 1.868935 0.059539 
0.000000 1.871643 0.038230 
0.000000 1.874367 0.047203 
0.000000 1.877510 0.041293 
0.000000 1.880203 0.037102 
0.000000 1.883080 0.057036 
0.000000 1.885780 0.062063 
0.000000 1.888474 0.037652 
0.000000 1.891319 0.044585 
0.000000 1.894051 0.034906 
0.000000 1.896751 0.036693 
0.000000 1.900368 0.042889 
0.000000 1.903244 0.038044 
0.000000 1.905952 0.043695 
0.000000 1.908669 0.036898 
0.000000 1.911392 0.048501 
0.000000 1.914284 0.031840 
0.000000 1.916969 0.037709 
0.000000 1.920120 0.052397 
0.000000 1.922836 0.053837 
0.000000 1.925591 0.036947 
0.000000 1.928253 0.036030 
0.000000 1.931137 0.051089 
0.000000 1.933891 0.036664 
0.000000 1.936562 0.047560 
0.000000 1.939255 0.037030 
0.000000 1.942528 0.043818 
0.000000 1.945412 0.047982 
0.000000 1.948395 0.035165 
0.000000 1.951141 0.041444 
0.000000 1.953880 0.048397 
0.000000 1.956566 0.049780 
0.000000 1.959267 0.048457 
0.000000 1.962440 0.036480 
0.000000 1.965393 0.035473 
0.000000 1.968178 0.049643 
0.000000 1.970894 0.055371 
0.000000 1.973618 0.044075 
0.000000 1.976295 0.032173 
0.000000 1.979004 0.031670 
0.000000 1.981865 0.049423 
0.000000 1.985138 0.031901 
0.000000 1.987938 0.042294 
0.000000 1.990753 0.040413 
0.000000 1.993683 0.044912 
0.000000 1.996361 0.039134 
0.000000 1.999107 0.029129 
0.000000 2.002037 0.053264 
0.000000 2.005219 0.045185 
0.000000 2.007904 0.032562 
0.000000 2.010628 0.046878 
0.000000 2.013359 0.055772 
0.000000 2.016197 0.040756 
0.000000 2.018997 0.038465 
0.000000 2.021820 0.035292 
0.000000 2.024666 0.056323 
0.000000 2.027527 0.048839 
0.000000 2.030243 0.032031 
0.000000 2.032974 0.062282 
0.000000 2.035728 0.041152 
0.000000 2.038620 0.035107 
0.000000 2.041481 0.049815 
0.000000 2.044205 0.054534 
0.000000 2.047409 0.041834 
0.000000 2.050285 0.049040 
0.000000 2.053131 0.048284 
0.000000 2.055817 0.029713 
0.000000 2.058670 0.055831 
0.000000 2.061554 0.047820 
0.000000 2.064247 0.032988 
0.000000 2.066940 0.038455 
0.000000 2.069672 0.059357 
0.000000 2.072380 0.047086 
0.000000 2.075119 0.034567 
0.000000 2.077988 0.041254 
0.000000 2.080818 0.046593 
0.000000 2.083740 0.047088 
0.000000 2.086563 0.045732 
0.000000 2.089264 0.036876 
0.000000 2.092018 0.050552 
0.000000 2.095078 0.044925 
0.000000 2.097809 0.051693 
0.000000 2.100655 0.048767 
0.000000 2.103401 0.043979 
0.000000 2.106102 0.047311 
0.000000 2.108803 0.033893 
0.000000 2.111595 0.047982 
0.000000 2.114311 0.045104 
0.000000 2.117310 0.046959 
0.000000 2.120018 0.049565 
0.000000 2.122726 0.052918 
0.000000 2.125458 0.047113 
0.000000 2.128418 0.041316 
0.000000 2.131363 0.068326 
0.000000 2.134125 0.042631 
0.000000 2.137001 0.039362 
0.000000 2.139687 0.038128 
0.000000 2.142532 0.056510 
0.000000 2.145279 0.043471 
0.000000 2.147942 0.045659 
0.000000 2.150879 0.048929 
0.000000 2.153648 0.039512 
0.000000 2.156342 0.048691 
0.000000 2.159065 0.042044 
0.000000 2.161919 0.040200 
0.000000 2.164619 0.043731 
0.000000 2.167305 0.047697 
0.000000 2.170021 0.037219 
0.000000 2.172699 0.042482 
0.000000 2.175629 0.056919 
0.000000 2.178459 0.040260 
0.000000 2.181190 0.056573 
0.000000 2.184067 0.055148 
0.000000 2.186913 0.040166 
0.000000 2.189613 0.051477 
0.000000 2.192299 0.042264 
0.000000 2.195038 0.052467 
0.000000 2.197784 0.046432 
0.000000 2.200516 0.053807 
0.000000 2.203262 0.048729 
0.000000 2.205971 0.044489 
0.000000 2.208656 0.039026 
0.000000 2.211380 0.046575 
0.000000 2.214272 0.049445 
0.000000 2.216972 0.052150 
0.000000 2.219681 0.047022 
0.000000 2.222595 0.049770 
0.000000 2.225540 0.047224 
0.000000 2.228233 0.037573 
0.000000 2.230942 0.047474 
0.000000 2.233971 0.036595 
0.000000 2.236649 0.046927 
0.000000 2.239380 0.042963 
0.000000 2.242119 0.044052 
0.000000 2.244827 0.046005 
0.000000 2.247520 0.036630 
0.000000 2.250267 0.036696 
0.000000 2.253006 0.039690 
0.000000 2.255844 0.045430 
0.000000 2.258553 0.046051 
0.000000 2.261314 0.044212 
0.000000 2.264008 0.043338 
0.000000 2.266869 0.045998 
0.000000 2.269669 0.037801 
0.000000 2.272514 0.060136 
0.000000 2.275238 0.043335 
0.000000 2.278076 0.053799 
0.000000 2.280762 0.041999 
0.000000 2.283546 0.071245 
0.000000 2.286232 0.049997 
0.000000 2.288956 0.044540 
0.000000 2.291672 0.040493 
0.000000 2.294403 0.029258 
0.000000 2.297119 0.050570 
0.000000 2.299873 0.040476 
0.000000 2.302612 0.038226 
0.000000 2.305534 0.040765 
0.000000 2.308212 0.046979 
0.000000 2.310928 0.044750 
0.000000 2.313896 0.044518 
0.000000 2.316696 0.053301 
0.000000 2.319565 0.058372 
0.000000 2.322395 0.028420 
0.000000 2.325157 0.032171 
0.000000 2.327904 0.051660 
0.000000 2.330788 0.051362 
0.000000 2.333519 0.041977 
0.000000 2.336319 0.040592 
0.000000 2.339149 0.045898 
0.000000 2.341911 0.044648 
0.000000 2.344604 0.050930 
0.000000 2.347328 0.052686 
0.000000 2.350060 0.042011 
0.000000 2.352943 0.039120 
0.000000 2.355621 0.036471 
0.000000 2.358566 0.055341 
0.000000 2.361458 0.051446 
0.000000 2.364166 0.035666 
0.000000 2.367058 0.062632 
0.000000 2.369919 0.050584 
0.000000 2.372589 0.042472 
0.000000 2.375313 0.044642 
0.000000 2.378029 0.037958 
0.000000 2.380699 0.039944 
0.000000 2.383484 0.037491 
0.000000 2.386360 0.044714 
0.000000 2.389084 0.039293 
0.000000 2.391792 0.036839 
0.000000 2.394524 0.056356 
0.000000 2.397377 0.043844 
0.000000 2.400101 0.042714 
0.000000 2.402802 0.054642 
0.000000 2.405647 0.048159 
0.000000 2.408463 0.034764 
0.000000 2.411369 0.036097 
0.000000 2.414093 0.048699 
0.000000 2.416931 0.049993 
0.000000 2.419670 0.039854 
0.000000 2.422394 0.053325 
0.000000 2.425125 0.039618 
0.000000 2.427834 0.064072 
0.000000 2.430702 0.032118 
0.000000 2.433517 0.055041 
0.000000 2.436310 0.041355 
0.000000 2.439003 0.051283 
0.000000 2.441795 0.037366 
0.000000 2.444672 0.036142 
0.000000 2.447357 0.056463 
0.000000 2.450188 0.035963 
0.000000 2.453682 0.046087 
0.000000 2.456367 0.041804 
0.000000 2.459198 0.038572 
0.000000 2.461937 0.048704 
0.000000 2.464638 0.051855 
0.000000 2.467468 0.035347 
0.000000 2.470322 0.032547 
0.000000 2.473267 0.038200 
0.000000 2.476349 0.037745 
0.000000 2.479057 0.049137 
0.000000 2.481773 0.049938 
0.000000 2.484474 0.046015 
0.000000 2.487167 0.042483 
0.000000 2.489899 0.035125 
0.000000 2.492607 0.040045 
0.000000 2.495956 0.037203 
0.000000 2.499001 0.051971 
0.000000 2.501732 0.056810 
0.000000 2.504425 0.047148 
0.000000 2.507118 0.041314 
0.000000 2.510025 0.035620 
0.000000 2.512825 0.031345 
0.000000 2.515541 0.044018 
0.000000 2.518639 0.035137 
0.000000 2.521492 0.044353 
0.000000 2.524193 0.035668 
0.000000 2.526894 0.062893 
0.000000 2.529594 0.039620 
0.000000 2.532272 0.041399 
0.000000 2.535141 0.029405 
0.000000 2.538422 0.034008 
0.000000 2.541229 0.065569 
0.000000 2.544304 0.037961 
0.000000 2.547081 0.051061 
0.000000 2.550133 0.031267 
0.000000 2.553017 0.043993 
0.000000 2.555733 0.060800 
0.000000 2.558495 0.046617 
0.000000 2.561623 0.035519 
0.000000 2.564331 0.046520 
0.000000 2.567284 0.064055 
0.000000 2.570007 0.038673 
0.000000 2.572685 0.040182 
0.000000 2.575409 0.073321 
0.000000 2.578247 0.046252 
0.000000 2.581543 0.046442 
0.000000 2.584259 0.046247 
0.000000 2.587212 0.048497 
0.000000 2.590042 0.051717 
0.000000 2.592911 0.064469 
0.000000 2.595757 0.060222 
0.000000 2.598495 0.048486 
0.000000 2.601257 0.043819 
0.000000 2.604370 0.046424 
0.000000 2.607140 0.051226 
0.000000 2.609840 0.042264 
0.000000 2.612526 0.034294 
0.000000 2.615265 0.048358 
0.000000 2.617966 0.048224 
0.000000 2.620651 0.043500 
0.000000 2.623901 0.025016 
0.000000 2.626610 0.035071 
0.000000 2.629311 0.041173 
0.000000 2.632591 0.031827 
0.000000 2.635338 0.041093 
0.000000 2.638046 0.040673 
0.000000 2.640739 0.036346 
0.000000 2.643478 0.048346 
0.000000 2.646538 0.038597 
0.000000 2.649277 0.041808 
0.000000 2.651978 0.044264 
0.000000 2.654716 0.034535 
0.000000 2.657745 0.045320 
0.000000 2.660454 0.037632 
0.000000 2.663307 0.047243 
0.000000 2.666565 0.050046 
0.000000 2.669373 0.044551 
0.000000 2.672096 0.041361 
0.000000 2.675064 0.054799 
0.000000 2.678238 0.052524 
0.000000 2.680977 0.041306 
0.000000 2.683838 0.052846 
0.000000 2.686523 0.053263 
0.000000 2.689636 0.038699 
0.000000 2.692482 0.042287 
0.000000 2.695206 0.048355 
0.000000 2.698044 0.049952 
0.000000 2.700760 0.030810 
0.000000 2.703773 0.046137 
0.000000 2.706459 0.054378 
0.000000 2.709587 0.045855 
0.000000 2.712288 0.049667 
0.000000 2.715004 0.062705 
0.000000 2.717705 0.038743 
0.000000 2.720497 0.036330 
0.000000 2.723640 0.049228 
0.000000 2.726341 0.047668 
0.000000 2.729050 0.040095 
0.000000 2.732162 0.042757 
0.000000 2.735016 0.030744 
0.000000 2.737724 0.045866 
0.000000 2.740578 0.038314 
0.000000 2.743317 0.074714 
0.000000 2.746017 0.035724 
0.000000 2.748688 0.053782 
0.000000 2.752014 0.049097 
0.000000 2.754875 0.040406 
0.000000 2.757668 0.035759 
0.000000 2.760399 0.038898 
0.000000 2.763138 0.041753 
0.000000 2.765915 0.059650 
0.000000 2.769051 0.044619 
0.000000 2.771759 0.046815 
0.000000 2.775116 0.040337 
0.000000 2.777832 0.040482 
0.000000 2.780533 0.040291 
0.000000 2.783310 0.036393 
0.000000 2.786133 0.061308 
0.000000 2.788933 0.036528 
0.000000 2.791786 0.051694 
0.000000 2.794937 0.042110 
0.000000 2.797661 0.033072 
0.000000 2.800499 0.035242 
0.000000 2.803223 0.047208 
0.000000 2.805931 0.039721 
0.000000 2.808601 0.051634 
0.000000 2.811478 0.046861 
0.000000 2.814339 0.032511 
0.000000 2.817650 0.040887 
0.000000 2.820610 0.041331 
0.000000 2.823425 0.045420 
0.000000 2.826210 0.042134 
0.000000 2.828888 0.064029 
0.000000 2.831589 0.066865 
0.000000 2.834625 0.051508 
0.000000 2.837944 0.031439 
0.000000 2.840691 0.062999 
0.000000 2.843430 0.053783 
0.000000 2.846123 0.055865 
0.000000 2.848793 0.049786 
0.000000 2.851540 0.041696 
0.000000 2.854263 0.043631 
0.000000 2.857208 0.035827 
0.000000 2.860550 0.045026 
0.000000 2.863319 0.035705 
0.000000 2.866173 0.056229 
0.000000 2.868866 0.045153 
0.000000 2.871727 0.051527 
0.000000 2.874474 0.052167 
0.000000 2.877220 0.036707 
0.000000 2.880562 0.039418 
0.000000 2.883392 0.044568 
0.000000 2.886093 0.044461 
0.000000 2.888771 0.030504 
0.000000 2.891609 0.041915 
0.000000 2.894539 0.050819 
0.000000 2.897263 0.052172 
0.000000 2.899986 0.050119 
0.000000 2.903236 0.043245 
0.000000 2.906258 0.041379 
0.000000 2.908997 0.053591 
0.000000 2.911713 0.034862 
0.000000 2.914558 0.030042 
0.000000 2.917252 0.030763 
0.000000 2.919960 0.051057 
0.000000 2.923103 0.035051 
0.000000 2.925804 0.035778 
0.000000 2.928467 0.056578 
0.000000 2.931435 0.047227 
0.000000 2.934174 0.046204 
0.000000 2.936844 0.038108 
0.000000 2.939667 0.037268 
0.000000 2.942390 0.045402 
0.000000 2.945786 0.034207 
0.000000 2.948532 0.053731 
0.000000 2.951477 0.041848 
0.000000 2.954369 0.044601 
0.000000 2.957077 0.038469 
0.000000 2.959747 0.050980 
0.000000 2.962471 0.044928 
0.000000 2.965836 0.072956 
0.000000 2.968651 0.045832 
0.000000 2.971375 0.048814 
0.000000 2.974121 0.050513 
0.000000 2.976807 0.051755 
0.000000 2.979660 0.039582 
0.000000 2.982506 0.044648 
0.000000 2.985374 0.043861 
0.000000 2.988464 0.034346 
0.000000 2.991173 0.052326 
0.000000 2.994011 0.035981 
0.000000 2.997154 0.042505 
0.000000 2.999962 0.050783 
0.000000 3.002785 0.050573 
0.000000 3.005531 0.036137 
0.000000 3.008606 0.041279 
0.000000 3.011597 0.039679 
0.000000 3.014313 0.056389 
0.000000 3.017250 0.048939 
0.000000 3.020569 0.052425 
0.000000 3.023552 0.034672 
0.000000 3.026268 0.042181 
0.000000 3.029396 0.044519 
0.000000 3.032104 0.039508 
0.000000 3.034836 0.059716 
0.000000 3.037560 0.039437 
0.000000 3.041016 0.043247 
0.000000 3.044518 0.045086 
0.000000 3.047363 0.045893 
0.000000 3.050613 0.042684 
0.000000 3.053795 0.043550 
0.000000 3.056641 0.044670 
0.000000 3.059494 0.031894 
0.000000 3.062241 0.046887 
0.000000 3.065262 0.049324 
0.000000 3.068291 0.055300 
0.000000 3.071793 0.036992 
0.000000 3.075104 0.041716 
0.000000 3.078377 0.072256 
0.000000 3.081467 0.039449 
0.000000 3.084488 0.046554 
0.000000 3.087517 0.029110 
0.000000 3.091179 0.039419 
0.000000 3.095200 0.056579 
0.000000 3.098366 0.051710 
0.000000 3.101585 0.037743 
0.000000 3.104614 0.030618 
0.000000 3.107765 0.037701 
0.000000 3.111298 0.063922 
0.000000 3.115334 0.036340 
0.000000 3.118515 0.043019 
0.000000 3.121788 0.039482 
0.000000 3.125320 0.040342 
0.000000 3.128410 0.044264 
0.000000 3.131714 0.034514 
0.000000 3.135300 0.052315 
0.000000 3.138870 0.048397 
0.000000 3.142029 0.036597 
0.000000 3.145081 0.044529 
0.000000 3.148720 0.032828 
0.000000 3.151764 0.047830 
0.000000 3.154816 0.040397 
0.000000 3.158440 0.040418 
0.000000 3.161873 0.034842 
0.000000 3.164925 0.036311 
0.000000 3.167938 0.031490 
0.000000 3.171394 0.044806 
0.000000 3.174767 0.052677 
0.000000 3.178238 0.050129 
0.000000 3.182152 0.046311 
0.000000 3.185616 0.050925 
0.000000 3.189186 0.046500 
0.000000 3.192322 0.053275 
0.000000 3.195602 0.040445 
0.000000 3.198792 0.043258 
0.000000 3.202332 0.045051 
0.000000 3.205391 0.044441 
0.000000 3.208725 0.039745 
0.000000 3.211754 0.040515 
0.000000 3.214966 0.046970 
0.000000 3.218216 0.042026 
0.000000 3.221794 0.044576 
0.000000 3.224831 0.040933 
0.000000 3.227859 0.050233 
0.000000 3.231537 0.041916 
0.000000 3.234787 0.047068 
0.000000 3.237808 0.045005 
0.000000 3.240845 0.074711 
0.000000 3.244301 0.057861 
0.000000 3.247299 0.044011 
0.000000 3.250366 0.031785 
0.000000 3.253479 0.027392 
0.000000 3.256462 0.055886 
0.000000 3.259659 0.048048 
0.000000 3.262703 0.030551 
0.000000 3.266144 0.060385 
0.000000 3.269173 0.050970 
0.000000 3.272194 0.052073 
0.000000 3.275826 0.035474 
0.000000 3.278954 0.048026 
0.000000 3.282227 0.049543 
0.000000 3.285667 0.055163 
0.000000 3.288818 0.061351 
0.000000 3.291985 0.039474 
0.000000 3.295135 0.043725 
0.000000 3.298172 0.060454 
0.000000 3.301216 0.047063 
0.000000 3.304428 0.064356 
0.000000 3.307831 0.040742 
0.000000 3.310875 0.042797 
0.000000 3.313934 0.046109 
0.000000 3.316948 0.043692 
0.000000 3.320496 0.039408 
0.000000 3.323792 0.036482 
0.000000 3.327469 0.035673 
0.000000 3.330505 0.053780 
0.000000 3.333794 0.047973 
0.000000 3.336792 0.036477 
0.000000 3.339989 0.032840 
0.000000 3.343376 0.048620 
0.000000 3.346535 0.039238 
0.000000 3.349991 0.050140 
0.000000 3.353043 0.054307 
0.000000 3.356041 0.043295 
0.000000 3.359207 0.046664 
0.000000 3.362267 0.045685 
0.000000 3.366013 0.055608 
0.000000 3.369324 0.046821 
0.000000 3.372742 0.039094 
0.000000 3.375809 0.042186 
0.000000 3.378891 0.039224 
0.000000 3.381927 0.054395 
0.000000 3.385162 0.029490 
0.000000 3.388161 0.055812 
0.000000 3.391647 0.041546 
0.000000 3.394707 0.040937 
0.000000 3.397728 0.052934 
0.000000 3.400749 0.032715 
0.000000 3.403816 0.039867 
0.000000 3.406876 0.044095 
0.000000 3.410751 0.044731 
0.000000 3.414406 0.030014 
0.000000 3.417496 0.031859 
0.000000 3.420670 0.052914 
0.000000 3.424149 0.046180 
0.000000 3.427277 0.035928 
0.000000 3.430313 0.051482 
0.000000 3.433365 0.043759 
0.000000 3.436890 0.044959 
0.000000 3.439896 0.037743 
0.000000 3.442947 0.047735 
0.000000 3.446159 0.036518 
0.000000 3.449257 0.046631 
0.000000 3.452415 0.047438 
0.000000 3.457092 0.048331 
0.000000 3.460480 0.031317 
0.000000 3.463524 0.034495 
0.000000 3.466583 0.038181 
0.000000 3.469627 0.035964 
0.000000 3.473007 0.055020 
0.000000 3.476524 0.050293 
0.000000 3.479561 0.045855 
0.000000 3.482605 0.041964 
0.000000 3.485664 0.046240 
0.000000 3.488655 0.037694 
0.000000 3.491692 0.049683 
0.000000 3.494972 0.062812 
0.000000 3.498505 0.049252 
0.000000 3.502289 0.035576 
0.000000 3.505562 0.060193 
0.000000 3.508705 0.040470 
0.000000 3.511734 0.041111 
0.000000 3.514801 0.041247 
0.000000 3.517830 0.045763 
0.000000 3.521416 0.045164 
0.000000 3.524597 0.047496 
0.000000 3.527618 0.055198 
0.000000 3.530769 0.063520 
0.000000 3.533821 0.041345 
0.000000 3.536957 0.037379 
0.000000 3.540009 0.049178 
0.000000 3.543457 0.041944 
0.000000 3.546989 0.065762 
0.000000 3.550148 0.050791 
0.000000 3.553291 0.034291 
0.000000 3.556282 0.046796 
0.000000 3.559776 0.041508 
0.000000 3.563240 0.050185 
0.000000 3.566246 0.043989 
0.000000 3.569420 0.044264 
0.000000 3.572586 0.040599 
0.000000 3.575638 0.029686 
0.000000 3.578857 0.042494 
0.000000 3.581902 0.042631 
0.000000 3.585335 0.060954 
0.000000 3.588333 0.039585 
0.000000 3.591980 0.044358 
0.000000 3.595161 0.033633 
0.000000 3.598244 0.051540 
0.000000 3.601486 0.040596 
0.000000 3.604973 0.050694 
0.000000 3.607979 0.057485 
0.000000 3.611015 0.046865 
0.000000 3.614059 0.044369 
0.000000 3.617111 0.048843 
0.000000 3.620354 0.043631 
0.000000 3.623482 0.038648 
0.000000 3.626961 0.038998 
0.000000 3.630196 0.052346 
0.000000 3.633339 0.044977 
0.000000 3.636948 0.050137 
0.000000 3.640274 0.045874 
0.000000 3.643333 0.046377 
0.000000 3.647629 0.043874 
0.000000 3.650688 0.046520 
0.000000 3.653740 0.045332 
0.000000 3.656731 0.043799 
0.000000 3.659874 0.064795 
0.000000 3.663063 0.039245 
0.000000 3.666557 0.037408 
0.000000 3.670319 0.053458 
0.000000 3.673477 0.048972 
0.000000 3.676483 0.039422 
0.000000 3.679634 0.034833 
0.000000 3.686172 0.050714 
0.000000 3.688866 0.058227 
0.000000 3.691574 0.053724 
0.000000 3.694260 0.041438 
0.000000 3.696930 0.050843 
0.000000 3.700859 0.038822 
0.000000 3.703560 0.041514 
0.000000 3.706352 0.041940 
0.000000 3.709023 0.044192 
0.000000 3.711700 0.039129 
0.000000 3.714394 0.042223 
0.000000 3.717896 0.047486 
0.000000 3.720604 0.031831 
0.000000 3.723289 0.031952 
0.000000 3.730225 0.042053 
0.000000 3.733879 0.055581 
0.000000 3.737190 0.062721 
0.000000 3.740219 0.037895 
0.000000 3.743423 0.043950 
0.000000 3.746529 0.029506 
0.000000 3.749718 0.052446 
0.000000 3.752731 0.035494 
0.000000 3.756348 0.032106 
0.000000 3.759514 0.041642 
0.000000 3.762543 0.047905 
0.000000 3.765587 0.043881 
0.000000 3.768585 0.060632 
0.000000 3.771637 0.053879 
0.000000 3.779518 0.040724 
0.000000 3.782310 0.051648 
0.000000 3.784988 0.044211 
0.000000 3.787766 0.045388 
0.000000 3.790573 0.051201 
0.000000 3.793259 0.044971 
0.000000 3.795929 0.043554 
0.000000 3.799782 0.040365 
0.000000 3.802483 0.043828 
0.000000 3.805168 0.050499 
0.000000 3.807846 0.039962 
0.000000 3.810524 0.054943 
0.000000 3.813202 0.043158 
0.000000 3.815880 0.054947 
0.000000 3.819382 0.034853 
0.000000 3.826263 0.042495 
0.000000 3.828941 0.045104 
0.000000 3.831619 0.064995 
0.000000 3.834312 0.038088 
0.000000 3.836983 0.052666 
0.000000 3.840553 0.053046 
0.000000 3.843346 0.053589 
0.000000 3.846024 0.036206 
0.000000 3.848694 0.035066 
0.000000 3.851509 0.040984 
0.000000 3.854195 0.078161 
0.000000 3.856888 0.043889 
0.000000 3.860428 0.035555 
0.000000 3.863113 0.038308 
0.000000 3.865799 0.034038 
0.000000 3.868469 0.046708 
0.000000 3.874840 0.044239 
0.000000 3.878418 0.042241 
0.000000 3.881218 0.041198 
0.000000 3.883911 0.041477 
0.000000 3.886589 0.066006 
0.000000 3.889275 0.039745 
0.000000 3.891945 0.044946 
0.000000 3.898056 0.042836 
0.000000 3.900757 0.052304 
0.000000 3.903473 0.045247 
0.000000 3.906166 0.044275 
0.000000 3.908829 0.044282 
0.000000 3.911514 0.047021 
0.000000 3.914192 0.034256 
0.000000 3.921181 0.052519 
0.000000 3.924599 0.039242 
0.000000 3.927628 0.043412 
0.000000 3.930939 0.037533 
0.000000 3.933990 0.045700 
0.000000 3.936996 0.049591 
0.000000 3.939995 0.041490 
0.000000 3.943115 0.050304 
0.000000 3.946922 0.045930 
0.000000 3.949989 0.048787 
0.000000 3.953255 0.042012 
0.000000 3.956268 0.044691 
0.000000 3.959274 0.057027 
0.000000 3.962860 0.046489 
0.000000 3.966179 0.059088 
0.000000 3.969597 0.033375 
0.000000 3.972618 0.046714 
0.000000 3.975693 0.041477 
0.000000 3.979607 0.040071 
0.000000 3.982758 0.060411 
0.000000 3.985817 0.042135 
0.000000 3.989281 0.042108 
0.000000 3.992302 0.049166 
0.000000 3.995346 0.039284 
0.000000 3.999046 0.045006 
0.000000 4.002213 0.052318 
0.000000 4.005951 0.037424 
0.000000 4.008896 0.062961 
0.000000 4.012726 0.033335 
0.000000 4.015770 0.039858 
0.000000 4.018806 0.041803 
0.000000 4.021935 0.038952 
0.000000 4.024963 0.054910 
0.000000 4.027977 0.046278 
0.000000 4.031441 0.051602 
0.000000 4.034500 0.032843 
0.000000 4.037514 0.051717 
0.000000 4.040924 0.049236 
0.000000 4.044296 0.037252 
0.000000 4.047630 0.038068 
0.000000 4.050697 0.046777 
0.000000 4.055000 0.042193 
0.000000 4.059059 0.038909 
0.000000 4.062752 0.044525 
0.000000 4.065804 0.049827 
0.000000 4.068810 0.034117 
0.000000 4.072044 0.033344 
0.000000 4.075485 0.037670 
0.000000 4.078499 0.063283 
0.000000 4.081642 0.060284 
0.000000 4.084671 0.039379 
0.000000 4.087692 0.047742 
0.000000 4.091049 0.048783 
0.000000 4.094101 0.049246 
0.000000 4.099060 0.036988 
0.000000 4.102562 0.047013 
0.000000 4.105736 0.036602 
0.000000 4.108788 0.045771 
0.000000 4.111916 0.058767 
0.000000 4.114960 0.049171 
0.000000 4.118469 0.047979 
0.000000 4.121506 0.033928 
0.000000 4.124535 0.029340 
0.000000 4.127541 0.048145 
0.000000 4.131180 0.047893 
0.000000 4.134232 0.038391 
0.000000 4.137375 0.046823 
0.000000 4.140808 0.061857 
0.000000 4.144516 0.032007 
0.000000 4.147850 0.043821 
0.000000 4.151268 0.049722 
0.000000 4.154488 0.049659 
0.000000 4.157539 0.052521 
0.000000 4.160934 0.057845 
0.000000 4.164162 0.058920 
0.000000 4.167168 0.042600 
0.000000 4.170425 0.036091 
0.000000 4.173500 0.046464 
0.000000 4.176651 0.046198 
0.000000 4.179672 0.027939 
0.000000 4.183388 0.048556 
0.000000 4.186447 0.051107 
0.000000 4.189835 0.040527 
0.000000 4.193184 0.039771 
0.000000 4.196167 0.042750 
0.000000 4.199539 0.051162 
0.000000 4.203003 0.041180 
0.000000 4.206245 0.033103 
0.000000 4.209290 0.039046 
0.000000 4.212738 0.039820 
0.000000 4.215813 0.043866 
0.000000 4.218925 0.032842 
0.000000 4.222191 0.039529 
0.000000 4.225632 0.044635 
0.000000 4.228630 0.039400 
0.000000 4.231667 0.046063 
0.000000 4.235107 0.034672 
0.000000 0.111755 0.053087 
1.000000 4.347130 0.048186 
1.000000 4.347130 0.040064 
1.000000 4.347130 0.038303 
1.000000 4.347130 0.054964 
1.000000 4.347130 0.035496 
1.000000 4.347130 0.041389 
1.000000 4.347130 0.035245 
1.000000 4.347130 0.040189 
1.000000 4.347130 0.051381 
1.000000 4.347130 0.040472 
2.000000 6.435791 0.044565 
2.000000 6.435791 0.050231 
2.000000 6.435791 0.067627 
2.000000 6.435791 0.053915 
2.000000 6.435791 0.040859 
2.000000 6.435791 0.039438 
2.000000 6.435791 0.037578 
2.000000 6.435791 0.034421 
2.000000 6.435791 0.043750 
2.000000 6.435791 0.060772 
1.000000 8.460274 0.050387 
1.000000 8.460274 0.022992 
1.000000 8.460274 0.046405 
1.000000 8.460274 0.040374 
1.000000 8.460274 0.043452 
1.000000 8.460274 0.047214 
1.000000 8.460274 0.048488 
1.000000 8.460274 0.050430 
1.000000 8.460274 0.054173 
1.000000 8.460274 0.037389 
2.000000 10.481827 0.043760 
2.000000 10.481827 0.046229 
2.000000 10.481827 0.049986 
2.000000 10.481827 0.041496 
2.000000 10.481827 0.038527 
2.000000 10.481827 0.054754 
2.000000 10.481827 0.047207 
2.000000 10.481827 0.046915 
2.000000 10.481827 0.044165 
2.000000 10.481827 0.034621 
1.000000 12.506012 0.044269 
1.000000 12.506012 0.041444 
1.000000 12.506012 0.040870 
1.000000 12.506012 0.035100 
1.000000 12.506012 0.046919 
1.000000 12.506012 0.052280 
1.000000 12.506012 0.041596 
1.000000 12.506012 0.047447 
1.000000 12.506012 0.035607 
1.000000 12.506012 0.038226 
2.000000 14.525543 0.040952 
2.000000 14.525543 0.057800 
2.000000 14.525543 0.035919 
2.000000 14.525543 0.037435 
2.000000 14.525543 0.036704 
2.000000 14.525543 0.043484 
2.000000 14.525543 0.045487 
2.000000 14.525543 0.040142 
2.000000 14.525543 0.040177 
2.000000 14.525543 0.032355 
1.000000 16.548790 0.032525 
1.000000 16.548790 0.044757 
1.000000 16.548790 0.039079 
1.000000 16.548790 0.050556 
1.000000 16.548790 0.031859 
1.000000 16.548790 0.059516 
1.000000 16.548790 0.046216 
1.000000 16.548790 0.029319 
1.000000 16.548790 0.059676 
1.000000 16.548790 0.038123 
2.000000 18.572128 0.033476 
2.000000 18.572128 0.051202 
2.000000 18.572128 0.037777 
2.000000 18.572128 0.047347 
2.000000 18.572128 0.033964 
2.000000 18.572128 0.043659 
2.000000 18.572128 0.031689 
2.000000 18.572128 0.048860 
2.000000 18.572128 0.040299 
2.000000 18.572128 0.058098 
1.000000 20.589500 0.037635 
1.000000 20.589500 0.064360 
1.000000 20.589500 0.043392 
1.000000 20.589500 0.043648 
1.000000 20.589500 0.044865 
1.000000 20.589500 0.034780 
1.000000 20.589500 0.059105 
1.000000 20.589500 0.038585 
1.000000 20.589500 0.052105 
1.000000 20.589500 0.037693 
2.000000 22.603172 0.033862 
2.000000 22.603172 0.037384 
2.000000 22.603172 0.033421 
2.000000 22.603172 0.035243 
2.000000 22.603172 0.039746 
2.000000 22.603172 0.048746 
2.000000 22.603172 0.045796 
2.000000 22.603172 0.056300 
2.000000 22.603172 0.042897 
2.000000 22.603172 0.054420 
1.000000 24.621101 0.034765 
1.000000 24.621101 0.033534 
1.000000 24.621101 0.034231 
1.000000 24.621101 0.042214 
1.000000 24.621101 0.043288 
1.000000 24.621101 0.066410 
1.000000 24.621101 0.038933 
1.000000 24.621101 0.037450 
1.000000 24.621101 0.049336 
1.000000 24.621101 0.045817 
2.000000 26.635559 0.033388 
2.000000 26.635559 0.062325 
2.000000 26.635559 0.045164 
2.000000 26.635559 0.035433 
2.000000 26.635559 0.038157 
2.000000 26.635559 0.052036 
2.000000 26.635559 0.039061 
2.000000 26.635559 0.039685 
2.000000 26.635559 0.025411 
2.000000 26.635559 0.061712 
1.000000 28.652031 0.055548 
1.000000 28.652031 0.045219 
1.000000 28.652031 0.071606 
1.000000 28.652031 0.045369 
1.000000 28.652031 0.056859 
1.000000 28.652031 0.051389 
1.000000 28.652031 0.055835 
1.000000 28.652031 0.038724 
1.000000 28.652031 0.051142 
1.000000 28.652031 0.036087 
2.000000 30.669052 0.028664 
2.000000 30.669052 0.057600 
2.000000 30.669052 0.045247 
2.000000 30.669052 0.043260 
2.000000 30.669052 0.056814 
2.000000 30.669052 0.029557 
2.000000 30.669052 0.036147 
2.000000 30.669052 0.041277 
2.000000 30.669052 0.029252 
2.000000 30.669052 0.053451 
1.000000 32.684860 0.046424 
1.000000 32.684860 0.057952 
1.000000 32.684860 0.029141 
1.000000 32.684860 0.042984 
1.000000 32.684860 0.033988 
1.000000 32.684860 0.026543 
1.000000 32.684860 0.030349 
1.000000 32.684860 0.046906 
1.000000 32.684860 0.048252 
1.000000 32.684860 0.049182 
2.000000 34.700279 0.052771 
2.000000 34.700279 0.056861 
2.000000 34.700279 0.058248 
2.000000 34.700279 0.037301 
2.000000 34.700279 0.041636 
2.000000 34.700279 0.039136 
2.000000 34.700279 0.044291 
2.000000 34.700279 0.037080 
2.000000 34.700279 0.046066 
2.000000 34.700279 0.049989 
1.000000 36.716415 0.067325 
1.000000 36.716415 0.045220 
1.000000 36.716415 0.038268 
1.000000 36.716415 0.033970 
1.000000 36.716415 0.062783 
1.000000 36.716415 0.038719 
1.000000 36.716415 0.060994 
1.000000 36.716415 0.051282 
1.000000 36.716415 0.033899 
1.000000 36.716415 0.041993 
2.000000 38.733276 0.049960 
2.000000 38.733276 0.044041 
2.000000 38.733276 0.035709 
2.000000 38.733276 0.044922 
2.000000 38.733276 0.029212 
2.000000 38.733276 0.037179 
2.000000 38.733276 0.050012 
2.000000 38.733276 0.043531 
2.000000 38.733276 0.042949 
2.000000 38.733276 0.048861 
1.000000 40.755615 0.059850 
1.000000 40.755615 0.042743 
1.000000 40.755615 0.044966 
1.000000 40.755615 0.041329 
1.000000 40.755615 0.052547 
1.000000 40.755615 0.054336 
1.000000 40.755615 0.054200 
1.000000 40.755615 0.045179 
1.000000 40.755615 0.046015 
1.000000 40.755615 0.032573 
2.000000 42.779335 0.043340 
2.000000 42.779335 0.053343 
2.000000 42.779335 0.048009 
2.000000 42.779335 0.040951 
2.000000 42.779335 0.031827 
2.000000 42.779335 0.036897 
2.000000 42.779335 0.046948 
2.000000 42.779335 0.051648 
2.000000 42.779335 0.038437 
2.000000 42.779335 0.036717 
1.000000 44.799553 0.040306 
1.000000 44.799553 0.037706 
1.000000 44.799553 0.048267 
1.000000 44.799553 0.053503 
1.000000 44.799553 0.033768 
1.000000 44.799553 0.048651 
1.000000 44.799553 0.044261 
1.000000 44.799553 0.028410 
1.000000 44.799553 0.032630 
1.000000 44.799553 0.049486 
2.000000 46.814880 0.040803 
2.000000 46.814880 0.038876 
2.000000 46.814880 0.040656 
2.000000 46.814880 0.056672 
2.000000 46.814880 0.058737 
2.000000 46.814880 0.043425 
2.000000 46.814880 0.057391 
2.000000 46.814880 0.034935 
2.000000 46.814880 0.039091 
2.000000 46.814880 0.036443 
1.000000 48.839745 0.059824 
1.000000 48.839745 0.060494 
1.000000 48.839745 0.058684 
1.000000 48.839745 0.047907 
1.000000 48.839745 0.039647 
1.000000 48.839745 0.063464 
1.000000 48.839745 0.055516 
1.000000 48.839745 0.029122 
1.000000 48.839745 0.043867 
1.000000 48.839745 0.051413 
2.000000 50.860329 0.043973 
2.000000 50.860329 0.030734 
2.000000 50.860329 0.036926 
2.000000 50.860329 0.049998 
2.000000 50.860329 0.053627 
2.000000 50.860329 0.051728 
2.000000 50.860329 0.040732 
2.000000 50.860329 0.056965 
2.000000 50.860329 0.051985 
2.000000 50.860329 0.040429 
1.000000 52.879601 0.046710 
1.000000 52.879601 0.045812 
1.000000 52.879601 0.045430 
1.000000 52.879601 0.031845 
1.000000 52.879601 0.063101 
1.000000 52.879601 0.039409 
1.000000 52.879601 0.066666 
1.000000 52.879601 0.047978 
1.000000 52.879601 0.025873 
1.000000 52.879601 0.041804 
2.000000 54.904816 0.047171 
2.000000 54.904816 0.046021 
2.000000 54.904816 0.044573 
2.000000 54.904816 0.029755 
2.000000 54.904816 0.048585 
2.000000 54.904816 0.034400 
2.000000 54.904816 0.046426 
2.000000 54.904816 0.045341 
2.000000 54.904816 0.040468 
2.000000 54.904816 0.051286 
1.000000 56.922554 0.045792 
1.000000 56.922554 0.036429 
1.000000 56.922554 0.035176 
1.000000 56.922554 0.040031 
1.000000 56.922554 0.037201 
1.000000 56.922554 0.063784 
1.000000 56.922554 0.041224 
1.000000 56.922554 0.042825 
1.000000 56.922554 0.046561 
1.000000 56.922554 0.032022 
2.000000 58.940720 0.040547 
2.000000 58.940720 0.045877 
2.000000 58.940720 0.060888 
2.000000 58.940720 0.047476 
2.000000 58.940720 0.042322 
2.000000 58.940720 0.052616 
2.000000 58.940720 0.046747 
2.000000 58.940720 0.050971 
2.000000 58.940720 0.048055 
2.000000 58.940720 0.060280 
1.000000 60.968269 0.055602 
1.000000 60.968269 0.047893 
1.000000 60.968269 0.035890 
1.000000 60.968269 0.051993 
1.000000 60.968269 0.046710 
1.000000 60.968269 0.070672 
1.000000 60.968269 0.043822 
1.000000 60.968269 0.043326 
1.000000 60.968269 0.051559 
1.000000 60.968269 0.045855 
2.000000 62.992043 0.048184 
2.000000 62.992043 0.046289 
2.000000 62.992043 0.041163 
2.000000 62.992043 0.050500 
2.000000 62.992043 0.041228 
2.000000 62.992043 0.036887 
2.000000 62.992043 0.044848 
2.000000 62.992043 0.060158 
2.000000 62.992043 0.036883 
2.000000 62.992043 0.047234 
1.000000 65.011192 0.041859 
1.000000 65.011192 0.046786 
1.000000 65.011192 0.051738 
1.000000 65.011192 0.042757 
1.000000 65.011192 0.046755 
1.000000 65.011192 0.054828 
1.000000 65.011192 0.029706 
1.000000 65.011192 0.041923 
1.000000 65.011192 0.038214 
1.000000 65.011192 0.035193 
2.000000 67.031410 0.050026 
2.000000 67.031410 0.041051 
2.000000 67.031410 0.047090 
2.000000 67.031410 0.045900 
2.000000 67.031410 0.042557 
2.000000 67.031410 0.039060 
2.000000 67.031410 0.043376 
2.000000 67.031410 0.036017 
2.000000 67.031410 0.030569 
2.000000 67.031410 0.054588 
1.000000 69.052582 0.052638 
1.000000 69.052582 0.041351 
1.000000 69.052582 0.040733 
1.000000 69.052582 0.048428 
1.000000 69.052582 0.040550 
1.000000 69.052582 0.044225 
1.000000 69.052582 0.043774 
1.000000 69.052582 0.040702 
1.000000 69.052582 0.026102 
1.000000 69.052582 0.038204 
2.000000 71.073425 0.048990 
2.000000 71.073425 0.030374 
2.000000 71.073425 0.040965 
2.000000 71.073425 0.038800 
2.000000 71.073425 0.044213 
2.000000 71.073425 0.048336 
2.000000 71.073425 0.028723 
2.000000 71.073425 0.048765 
2.000000 71.073425 0.063750 
2.000000 71.073425 0.054805 
1.000000 73.095474 0.045193 
1.000000 73.095474 0.046475 
1.000000 73.095474 0.047707 
1.000000 73.095474 0.043746 
1.000000 73.095474 0.044830 
1.000000 73.095474 0.051824 
1.000000 73.095474 0.037795 
1.000000 73.095474 0.037345 
1.000000 73.095474 0.046896 
1.000000 73.095474 0.037959 
2.000000 75.122643 0.030358 
2.000000 75.122643 0.043582 
2.000000 75.122643 0.028573 
2.000000 75.122643 0.044848 
2.000000 75.122643 0.038850 
2.000000 75.122643 0.043173 
2.000000 75.122643 0.039900 
2.000000 75.122643 0.062147 
2.000000 75.122643 0.041010 
2.000000 75.122643 0.038542 
