2.000000 1255.128395 0.950000 0.025000 0.260000 0.922029 0.025282 0.250297 0.922029 0.025282 0.250297 0.006738 
3.000000 1256.163002 0.950000 0.025000 0.260000 0.972197 0.022992 0.239158 0.972197 0.022992 0.239158 0.003625 
31.000000 1284.187630 0.950000 0.025000 0.260000 0.903633 0.021951 0.362700 0.903633 0.021951 0.362700 0.011940 
10.000000 1327.220970 0.950000 0.025000 0.260000 0.958395 0.020120 0.284260 0.958395 0.020120 0.284260 0.001005 
11.000000 1328.226036 0.950000 0.025000 0.260000 0.950172 0.020740 0.287000 0.950172 0.020740 0.287000 0.008589 
27.000000 1376.263939 0.950000 0.025000 0.260000 0.780795 0.024915 0.640936 0.780795 0.024915 0.640936 0.050983 
15.000000 1396.282005 0.950000 0.025000 0.260000 0.957937 0.023970 0.188584 0.957937 0.023970 0.188584 0.006818 
22.000000 1435.313042 0.950000 0.025000 0.260000 0.871603 0.021200 0.389895 0.871603 0.021200 0.389895 0.028236 
26.000000 1567.411102 0.950000 0.025000 0.260000 0.879323 0.031838 0.341467 0.879323 0.031838 0.341467 0.011744 
30.000000 1763.555809 0.950000 0.025000 0.260000 0.965867 0.024582 0.272927 0.965867 0.024582 0.272927 0.005232 
13.000000 1938.683517 0.950000 0.025000 0.260000 0.920685 0.019094 0.329275 0.920685 0.019094 0.329275 0.019127 
25.000000 1982.720963 0.950000 0.025000 0.260000 0.871121 0.031501 0.379326 0.871121 0.031501 0.379326 0.046138 
18.000000 2007.742348 0.950000 0.025000 0.260000 0.864484 0.023864 0.498354 0.864484 0.023864 0.498354 0.021635 
14.000000 2067.788483 0.950000 0.025000 0.260000 0.926237 0.025854 0.227710 0.926237 0.025854 0.227710 0.007794 
7.000000 2124.832787 0.950000 0.025000 0.260000 0.930604 0.026910 0.303440 0.930604 0.026910 0.303440 0.012755 
23.000000 2140.848053 0.950000 0.025000 0.260000 0.834071 0.025496 0.402210 0.834071 0.025496 0.402210 0.018502 
3.000000 2569.152687 0.950000 0.025000 0.260000 0.682822 0.023615 0.609357 0.682822 0.023615 0.609357 0.001762 
11.000000 2577.162773 0.950000 0.025000 0.260000 0.921740 0.030340 0.483892 0.921740 0.030340 0.483892 0.012043 
5.000000 2603.185463 0.950000 0.025000 0.260000 0.967627 0.020624 0.253724 0.967627 0.020624 0.253724 0.045643 
27.000000 2625.205498 0.950000 0.025000 0.260000 0.904013 0.024982 0.314304 0.904013 0.024982 0.314304 0.059206 
10.000000 2640.220123 0.950000 0.025000 0.260000 0.984245 0.038527 0.169812 0.984245 0.038527 0.169812 0.051686 
15.000000 2677.251114 0.950000 0.025000 0.260000 0.963676 0.024111 0.272310 0.963676 0.024111 0.272310 0.008349 
6.000000 2700.271294 0.950000 0.025000 0.260000 0.956603 0.025103 0.281202 0.956603 0.025103 0.281202 0.014416 
22.000000 2748.309349 0.950000 0.025000 0.260000 0.896889 0.024840 0.390475 0.896889 0.024840 0.390475 0.007812 
29.000000 2851.388077 0.950000 0.025000 0.260000 0.945068 0.023164 0.331394 0.945068 0.023164 0.331394 0.014467 
2.000000 2888.419655 0.950000 0.025000 0.260000 0.799050 0.022744 0.535997 0.799050 0.022744 0.535997 0.009200 
17.000000 2967.480339 0.950000 0.025000 0.260000 0.940790 0.023779 0.296642 0.940790 0.023779 0.296642 0.015135 
21.000000 3035.532593 0.950000 0.025000 0.260000 0.827897 0.021034 0.504490 0.827897 0.021034 0.504490 0.004707 
30.000000 3172.634331 0.950000 0.025000 0.260000 0.915591 0.027815 0.227491 0.915591 0.027815 0.227491 0.005176 
26.000000 3232.681824 0.950000 0.025000 0.260000 0.854474 0.023623 0.511420 0.854474 0.023623 0.511420 0.011178 
1.000000 3335.758003 0.950000 0.025000 0.260000 0.902303 0.020772 0.387001 0.902303 0.020772 0.387001 0.015714 
19.000000 3353.774086 0.950000 0.025000 0.260000 0.912631 0.021134 0.279853 0.912631 0.021134 0.279853 0.014525 
31.000000 3397.808685 0.950000 0.025000 0.260000 0.974034 0.021466 0.225385 0.974034 0.021466 0.225385 0.014956 
14.000000 3572.936607 0.950000 0.025000 0.260000 0.817539 0.024125 0.319556 0.817539 0.024125 0.319556 0.001361 
7.000000 3629.980972 0.950000 0.025000 0.260000 0.920547 0.028033 0.261637 0.920547 0.028033 0.261637 0.011327 
11.000000 3826.124138 0.950000 0.025000 0.260000 0.979544 0.025900 0.181038 0.979544 0.025900 0.181038 0.014366 
6.000000 3981.236473 0.950000 0.025000 0.260000 0.930785 0.020445 0.284598 0.930785 0.020445 0.284598 0.008857 
13.000000 4020.268379 0.950000 0.025000 0.260000 0.951607 0.025006 0.261581 0.951607 0.025006 0.261581 0.007543 
8.000000 4047.289932 0.950000 0.025000 0.260000 0.839348 0.026502 0.447649 0.839348 0.026502 0.447649 0.006684 
2.000000 4073.312073 0.950000 0.025000 0.260000 0.940636 0.024287 0.320410 0.940636 0.024287 0.320410 0.021208 
9.000000 4080.321381 0.950000 0.025000 0.260000 0.907847 0.024825 0.415025 0.907847 0.024825 0.415025 0.021125 
15.000000 1203.823288 0.950000 0.025000 0.260000 0.917400 0.024535 0.348100 0.917400 0.024535 0.348100 0.006329 
27.000000 1247.891273 0.950000 0.025000 0.260000 0.883206 0.030453 0.425147 0.883206 0.030453 0.425147 0.023620 
2.000000 1254.900261 0.950000 0.025000 0.260000 0.867746 0.026201 0.378691 0.867746 0.026201 0.378691 0.006500 
19.000000 1303.939415 0.950000 0.025000 0.260000 0.708870 0.022578 0.442572 0.708870 0.022578 0.442572 0.001927 
30.000000 1314.951958 0.950000 0.025000 0.260000 0.943913 0.027269 0.290906 0.943913 0.027269 0.290906 0.009399 
10.000000 1326.965042 0.950000 0.025000 0.260000 0.993553 0.020850 0.092161 0.993553 0.020850 0.092161 0.013284 
6.000000 1387.011642 0.950000 0.025000 0.260000 0.861477 0.026028 0.401063 0.861477 0.026028 0.401063 0.023875 
14.000000 1395.021729 0.950000 0.025000 0.260000 0.910218 0.032131 0.283010 0.910218 0.032131 0.283010 0.004005 
26.000000 1503.102600 0.950000 0.025000 0.260000 0.926550 0.029926 0.360621 0.926550 0.029926 0.360621 0.021377 
22.000000 1563.148232 0.950000 0.025000 0.260000 0.992180 0.023489 0.145014 0.992180 0.023489 0.145014 0.006135 
13.000000 1586.168335 0.950000 0.025000 0.260000 0.936760 0.023016 0.296603 0.936760 0.023016 0.296603 0.011718 
21.000000 1594.177589 0.950000 0.025000 0.260000 0.877287 0.024013 0.281607 0.877287 0.024013 0.281607 0.015847 
29.000000 1666.234299 0.950000 0.025000 0.260000 0.953993 0.027375 0.301959 0.953993 0.027375 0.301959 0.017301 
5.000000 1802.334236 0.950000 0.025000 0.260000 0.861496 0.026073 0.425816 0.861496 0.026073 0.425816 0.015212 
18.000000 1815.347679 0.950000 0.025000 0.260000 0.707536 0.019580 0.547102 0.707536 0.019580 0.547102 0.001259 
7.000000 1932.437233 0.950000 0.025000 0.260000 0.930918 0.021342 0.306505 0.930918 0.021342 0.306505 0.021252 
1.000000 2150.599251 0.950000 0.025000 0.260000 0.956333 0.028639 0.341842 0.956333 0.028639 0.341842 0.020794 
9.000000 2222.656204 0.950000 0.025000 0.260000 0.976404 0.023785 0.167022 0.976404 0.023785 0.167022 0.011069 
3.000000 2376.772667 0.950000 0.025000 0.260000 0.915100 0.028616 0.269150 0.915100 0.028616 0.269150 0.013523 
17.000000 2614.947090 0.950000 0.025000 0.260000 0.777030 0.026212 0.464488 0.777030 0.026212 0.464488 0.023732 
11.000000 2672.993706 0.950000 0.025000 0.260000 0.890302 0.026889 0.352522 0.890302 0.026889 0.352522 0.037570 
23.000000 2685.006943 0.950000 0.025000 0.260000 0.948315 0.024911 0.236541 0.948315 0.024911 0.236541 0.013633 
30.000000 2692.016174 0.950000 0.025000 0.260000 0.902277 0.030736 0.454677 0.902277 0.030736 0.454677 0.042114 
19.000000 2809.105499 0.950000 0.025000 0.260000 0.770758 0.024243 0.510082 0.770758 0.024243 0.510082 0.005358 
26.000000 2944.206665 0.950000 0.025000 0.260000 0.984607 0.026293 0.205791 0.984607 0.026293 0.205791 0.005763 
27.000000 2945.212074 0.950000 0.025000 0.260000 0.904370 0.024628 0.432361 0.904370 0.024628 0.432361 0.006759 
14.000000 2964.229622 0.950000 0.025000 0.260000 0.960685 0.021943 0.245357 0.960685 0.021943 0.245357 0.014916 
22.000000 3004.261452 0.950000 0.025000 0.260000 0.800799 0.021385 0.511576 0.800799 0.021385 0.511576 0.010153 
10.000000 3024.278915 0.950000 0.025000 0.260000 0.844681 0.021603 0.552751 0.844681 0.021603 0.552751 0.007229 
15.000000 3029.285988 0.950000 0.025000 0.260000 0.859798 0.029106 0.431536 0.859798 0.029106 0.431536 0.011846 
18.000000 3160.385010 0.950000 0.025000 0.260000 0.981186 0.029952 0.182003 0.981186 0.029952 0.182003 0.008147 
25.000000 3167.394455 0.950000 0.025000 0.260000 0.984651 0.024529 0.220631 0.984651 0.024529 0.220631 0.017462 
7.000000 3181.409119 0.950000 0.025000 0.260000 0.936285 0.023017 0.294364 0.936285 0.023017 0.294364 0.010525 
21.000000 3195.423546 0.950000 0.025000 0.260000 0.765057 0.023438 0.606745 0.765057 0.023438 0.606745 0.009395 
2.000000 3432.594452 0.950000 0.025000 0.260000 0.901766 0.033540 0.377697 0.901766 0.033540 0.377697 0.035437 
16.000000 3638.735413 0.950000 0.025000 0.260000 0.991932 0.024561 0.110369 0.991932 0.024561 0.110369 0.004325 
31.000000 3749.821548 0.950000 0.025000 0.260000 0.896201 0.025718 0.374483 0.896201 0.025718 0.374483 0.011415 
3.000000 3753.828674 0.950000 0.025000 0.260000 0.969766 0.026055 0.258311 0.969766 0.026055 0.258311 0.019073 
20.000000 3866.911552 0.950000 0.025000 0.260000 0.955485 0.019230 0.274834 0.955485 0.019230 0.274834 0.006259 
11.000000 3986.001404 0.950000 0.025000 0.260000 0.854631 0.025453 0.363335 0.854631 0.025453 0.363335 0.042491 
9.000000 4112.096977 0.950000 0.025000 0.260000 0.907580 0.026095 0.301803 0.907580 0.026095 0.301803 0.021213 
23.000000 4126.111137 0.950000 0.025000 0.260000 0.898721 0.027007 0.402094 0.898721 0.027007 0.402094 0.010397 
30.000000 4133.120239 0.950000 0.025000 0.260000 0.810712 0.021642 0.545826 0.810712 0.021642 0.545826 0.015135 
29.000000 4164.145424 0.950000 0.025000 0.260000 0.905204 0.020586 0.370105 0.905204 0.020586 0.370105 0.011274 
4.000000 4171.154121 0.950000 0.025000 0.260000 0.927559 0.021765 0.297411 0.927559 0.021765 0.297411 0.010276 
26.000000 4321.264351 0.950000 0.025000 0.260000 0.929395 0.026667 0.287641 0.929395 0.026667 0.287641 0.025523 
8.000000 4335.277519 0.950000 0.025000 0.260000 0.918028 0.020611 0.341083 0.918028 0.020611 0.341083 0.008667 
15.000000 4342.287018 0.950000 0.025000 0.260000 0.865716 0.021857 0.399409 0.865716 0.021857 0.399409 0.007554 
27.000000 4386.322014 0.950000 0.025000 0.260000 0.990687 0.023673 0.112056 0.990687 0.023673 0.112056 0.029582 
10.000000 4529.429062 0.950000 0.025000 0.260000 0.887553 0.023802 0.298001 0.887553 0.023802 0.298001 0.003493 
6.000000 4557.453461 0.950000 0.025000 0.260000 0.824260 0.021538 0.415217 0.824260 0.021538 0.415217 0.010229 
24.000000 4639.515327 0.950000 0.025000 0.260000 0.819826 0.024587 0.415468 0.819826 0.024587 0.415468 0.002588 
1.000000 4680.549011 0.950000 0.025000 0.260000 0.901399 0.025075 0.437183 0.901399 0.025075 0.437183 0.032047 
25.000000 4768.617241 0.950000 0.025000 0.260000 0.941320 0.023968 0.162554 0.941320 0.023968 0.162554 0.021065 
14.000000 4853.683815 0.950000 0.025000 0.260000 0.839124 0.020794 0.458944 0.839124 0.020794 0.458944 0.011522 
18.000000 4857.690765 0.950000 0.025000 0.260000 0.873835 0.027044 0.419728 0.873835 0.027044 0.419728 0.024149 
19.000000 4858.695496 0.950000 0.025000 0.260000 0.939373 0.024424 0.296030 0.939373 0.024424 0.296030 0.018823 
3.000000 5002.802437 0.950000 0.025000 0.260000 0.937912 0.023158 0.223385 0.937912 0.023158 0.223385 0.013600 
31.000000 5126.896469 0.950000 0.025000 0.260000 0.827922 0.027089 0.379274 0.827922 0.027089 0.379274 0.020351 
17.000000 5208.960381 0.950000 0.025000 0.260000 0.864940 0.031311 0.374581 0.864940 0.031311 0.374581 0.031123 
23.000000 5375.085747 0.950000 0.025000 0.260000 0.978094 0.024507 0.205439 0.978094 0.024507 0.205439 0.016917 
11.000000 5427.126831 0.950000 0.025000 0.260000 0.775312 0.021718 0.624620 0.775312 0.021718 0.624620 0.006046 
27.000000 5571.233833 0.950000 0.025000 0.260000 0.775707 0.023705 0.592809 0.775707 0.023705 0.592809 0.022052 
21.000000 5725.347618 0.950000 0.025000 0.260000 0.959179 0.024363 0.225073 0.959179 0.024363 0.225073 0.028429 
29.000000 5733.356995 0.950000 0.025000 0.260000 0.798530 0.025092 0.536700 0.798530 0.025092 0.536700 0.021855 
5.000000 5773.389389 0.950000 0.025000 0.260000 0.938530 0.022806 0.289259 0.938530 0.022806 0.289259 0.010937 
15.000000 5783.400749 0.950000 0.025000 0.260000 0.915118 0.020199 0.221746 0.915118 0.020199 0.221746 0.011867 
10.000000 5906.493225 0.950000 0.025000 0.260000 0.859405 0.025472 0.467175 0.859405 0.025472 0.467175 0.003761 
9.000000 5937.520187 0.950000 0.025000 0.260000 0.950238 0.027137 0.304475 0.950238 0.027137 0.304475 0.009109 
26.000000 6082.629097 0.950000 0.025000 0.260000 0.938284 0.024181 0.207032 0.938284 0.024181 0.207032 0.012399 
30.000000 6086.636024 0.950000 0.025000 0.260000 0.837524 0.023062 0.451038 0.837524 0.023062 0.451038 0.008250 
7.000000 6095.646057 0.950000 0.025000 0.260000 0.896131 0.025080 0.343090 0.896131 0.025080 0.343090 0.015505 
18.000000 6138.681267 0.950000 0.025000 0.260000 0.923668 0.023950 0.420333 0.923668 0.023950 0.420333 0.015635 
6.000000 6190.723396 0.950000 0.025000 0.260000 0.941695 0.022911 0.424044 0.941695 0.022911 0.424044 0.006452 
19.000000 6235.759453 0.950000 0.025000 0.260000 0.909659 0.024176 0.446506 0.909659 0.024176 0.446506 0.016699 
1.000000 6249.773369 0.950000 0.025000 0.260000 0.934703 0.027129 0.309983 0.934703 0.027129 0.309983 0.027783 
13.000000 6389.879097 0.950000 0.025000 0.260000 0.873267 0.021763 0.441192 0.873267 0.021763 0.441192 0.017564 
31.000000 6568.011002 0.950000 0.025000 0.260000 0.934120 0.027455 0.294822 0.934120 0.027455 0.294822 0.016790 
14.000000 6615.049309 0.950000 0.025000 0.260000 0.792127 0.021121 0.576861 0.792127 0.021121 0.576861 0.012747 
25.000000 6658.085075 0.950000 0.025000 0.260000 0.800829 0.019483 0.464079 0.800829 0.019483 0.464079 0.001395 
22.000000 6719.132660 0.950000 0.025000 0.260000 0.882384 0.020494 0.306375 0.882384 0.020494 0.306375 0.017565 
27.000000 6948.300369 0.950000 0.025000 0.260000 0.968848 0.023033 0.229633 0.968848 0.023033 0.229633 0.013411 
15.000000 7032.365860 0.950000 0.025000 0.260000 0.892372 0.024663 0.417812 0.892372 0.024663 0.417812 0.016861 
9.000000 7378.617226 0.950000 0.025000 0.260000 0.952595 0.028289 0.249885 0.952595 0.028289 0.249885 0.008610 
5.000000 7406.641441 0.950000 0.025000 0.260000 0.912176 0.022385 0.333567 0.912176 0.022385 0.333567 0.024225 
3.000000 7436.666512 0.950000 0.025000 0.260000 0.917908 0.023971 0.339586 0.917908 0.023971 0.339586 0.015079 
21.000000 7486.706299 0.950000 0.025000 0.260000 0.945045 0.020655 0.334552 0.945045 0.020655 0.334552 0.021041 
23.000000 7552.757401 0.950000 0.025000 0.260000 0.941447 0.027348 0.357950 0.941447 0.027348 0.357950 0.044072 
2.000000 7563.768822 0.950000 0.025000 0.260000 0.938839 0.024118 0.394765 0.938839 0.024118 0.394765 0.013246 
18.000000 7643.829567 0.950000 0.025000 0.260000 0.975854 0.027643 0.187995 0.975854 0.027643 0.187995 0.009869 
7.000000 7664.848946 0.950000 0.025000 0.260000 0.890747 0.026185 0.358673 0.890747 0.026185 0.358673 0.017898 
14.000000 7863.998062 0.950000 0.025000 0.260000 0.981713 0.021042 0.220366 0.981713 0.021042 0.220366 0.003494 
17.000000 7899.027252 0.950000 0.025000 0.260000 0.909659 0.024515 0.505956 0.909659 0.024515 0.505956 0.011016 
26.000000 7940.060478 0.950000 0.025000 0.260000 0.928087 0.026534 0.280824 0.928087 0.026534 0.280824 0.022062 
31.000000 7945.068611 0.950000 0.025000 0.260000 0.937376 0.024562 0.273484 0.937376 0.024562 0.273484 0.028730 
8.000000 8114.192017 0.950000 0.025000 0.260000 0.927720 0.021407 0.287188 0.927720 0.021407 0.287188 0.012581 
30.000000 8168.234184 0.950000 0.025000 0.260000 0.901497 0.030582 0.366580 0.901497 0.030582 0.366580 0.006392 
6.000000 8208.266510 0.950000 0.025000 0.260000 0.918434 0.022429 0.364248 0.918434 0.022429 0.364248 0.026465 
13.000000 8215.275558 0.950000 0.025000 0.260000 0.858713 0.024446 0.411267 0.858713 0.024446 0.411267 0.016903 
29.000000 8327.359062 0.950000 0.025000 0.260000 0.960537 0.022410 0.328841 0.960537 0.022410 0.328841 0.019052 
25.000000 8483.474747 0.950000 0.025000 0.260000 0.852041 0.023452 0.494642 0.852041 0.023452 0.494642 0.011745 
12.000000 8502.485390 0.950000 0.025000 0.260000 0.877155 0.021491 0.456995 0.877155 0.021491 0.456995 0.004218 
16.000000 8506.489952 0.950000 0.025000 0.260000 0.790086 0.023880 0.445322 0.790086 0.023880 0.445322 0.029365 
10.000000 8596.558464 0.950000 0.025000 0.260000 0.916925 0.025074 0.293641 0.916925 0.025074 0.293641 0.042210 
19.000000 8605.568298 0.950000 0.025000 0.260000 0.904349 0.023301 0.357191 0.904349 0.023301 0.357191 0.006209 
1.000000 8619.583084 0.950000 0.025000 0.260000 0.871147 0.023696 0.327250 0.871147 0.023696 0.327250 0.019335 
15.000000 8697.643585 0.950000 0.025000 0.260000 0.944810 0.027882 0.293989 0.944810 0.027882 0.293989 0.014616 
22.000000 8736.675362 0.950000 0.025000 0.260000 0.925731 0.028161 0.213004 0.925731 0.028161 0.213004 0.020516 
27.000000 8805.728401 0.950000 0.025000 0.260000 0.826024 0.023769 0.397425 0.826024 0.023769 0.397425 0.014685 
2.000000 8812.737640 0.950000 0.025000 0.260000 0.834540 0.022409 0.294769 0.834540 0.022409 0.294769 0.001142 
5.000000 8975.858963 0.950000 0.025000 0.260000 0.985622 0.023012 0.154540 0.985622 0.023012 0.154540 0.009937 
18.000000 8988.871338 0.950000 0.025000 0.260000 0.984902 0.021582 0.171568 0.984902 0.021582 0.171568 0.009410 
20.000000 8990.875618 0.950000 0.025000 0.260000 0.849336 0.027964 0.407992 0.849336 0.027964 0.407992 0.005384 
11.000000 9013.895729 0.950000 0.025000 0.260000 0.904432 0.023562 0.441184 0.904432 0.023562 0.441184 0.015468 
24.000000 9058.930748 0.950000 0.025000 0.260000 0.934088 0.022887 0.332574 0.934088 0.022887 0.332574 0.015100 
3.000000 9069.941589 0.950000 0.025000 0.260000 0.850389 0.025004 0.342287 0.850389 0.025004 0.342287 0.009434 
7.000000 9105.972122 0.950000 0.025000 0.260000 0.969014 0.022897 0.123575 0.969014 0.022897 0.123575 0.006177 
23.000000 9538.286636 0.950000 0.025000 0.260000 0.925383 0.033181 0.430368 0.925383 0.033181 0.430368 0.015022 
26.000000 9637.361511 0.950000 0.025000 0.260000 0.895637 0.025487 0.404442 0.895637 0.025487 0.404442 0.047253 
28.000000 9671.390450 0.950000 0.025000 0.260000 0.970269 0.025145 0.154312 0.970269 0.025145 0.154312 0.004632 
21.000000 9696.411568 0.950000 0.025000 0.260000 0.902795 0.019887 0.201107 0.902795 0.019887 0.201107 0.017369 
31.000000 9738.446136 0.950000 0.025000 0.260000 0.933459 0.026827 0.249918 0.933459 0.026827 0.249918 0.014489 
9.000000 9844.526970 0.950000 0.025000 0.260000 0.948648 0.026691 0.155799 0.948648 0.026691 0.155799 0.014928 
14.000000 9977.626793 0.950000 0.025000 0.260000 0.897975 0.026471 0.345746 0.897975 0.026471 0.345746 0.017753 
30.000000 9993.642525 0.950000 0.025000 0.260000 0.942943 0.038271 0.266052 0.942943 0.038271 0.266052 0.036033 
22.000000 10177.777893 0.950000 0.025000 0.260000 0.858273 0.022134 0.466555 0.858273 0.022134 0.466555 0.008353 
32.000000 10187.787750 0.950000 0.025000 0.260000 0.969582 0.018905 0.225309 0.969582 0.018905 0.225309 0.017584 
1.000000 10188.792641 0.950000 0.025000 0.260000 0.946381 0.028323 0.272658 0.946381 0.028323 0.272658 0.033720 
6.000000 10321.890480 0.950000 0.025000 0.260000 0.853639 0.028484 0.387838 0.853639 0.028484 0.387838 0.018861 
13.000000 10521.040916 0.950000 0.025000 0.260000 0.993164 0.032943 0.148934 0.993164 0.032943 0.148934 0.014619 
10.000000 10550.065254 0.950000 0.025000 0.260000 0.870986 0.023580 0.400817 0.870986 0.023580 0.400817 0.020120 
5.000000 10609.110428 0.950000 0.025000 0.260000 0.710395 0.026969 0.630334 0.710395 0.026969 0.630334 0.003366 
15.000000 10683.167236 0.950000 0.025000 0.260000 0.858695 0.027013 0.457803 0.858695 0.027013 0.457803 0.020106 
29.000000 10697.180519 0.950000 0.025000 0.260000 0.941758 0.026397 0.285898 0.941758 0.026397 0.285898 0.027505 
11.000000 10743.218475 0.950000 0.025000 0.260000 0.981438 0.031458 0.150651 0.981438 0.031458 0.150651 0.009448 
2.000000 10766.238739 0.950000 0.025000 0.260000 0.948038 0.025322 0.436695 0.948038 0.025322 0.436695 0.013095 
3.000000 10767.243637 0.950000 0.025000 0.260000 0.947445 0.026496 0.277793 0.947445 0.026496 0.277793 0.003470 
25.000000 10949.378067 0.950000 0.025000 0.260000 0.898977 0.027724 0.410448 0.898977 0.027724 0.410448 0.023494 
26.000000 10950.382172 0.950000 0.025000 0.260000 0.906625 0.019543 0.353703 0.906625 0.019543 0.353703 0.004794 
7.000000 11155.532913 0.950000 0.025000 0.260000 0.965970 0.023212 0.318261 0.965970 0.023212 0.318261 0.005765 
21.000000 11201.569366 0.950000 0.025000 0.260000 0.901304 0.031468 0.397981 0.901304 0.031468 0.397981 0.014069 
14.000000 11418.728447 0.950000 0.025000 0.260000 0.923820 0.021161 0.326420 0.923820 0.021161 0.326420 0.004108 
31.000000 11435.744392 0.950000 0.025000 0.260000 0.983634 0.020840 0.120501 0.983634 0.020840 0.120501 0.007320 
17.000000 11517.808151 0.950000 0.025000 0.260000 0.954516 0.024227 0.244890 0.954516 0.024227 0.244890 0.025392 
27.000000 11527.820885 0.950000 0.025000 0.260000 0.921037 0.027617 0.343937 0.921037 0.027617 0.343937 0.014478 
30.000000 11562.850502 0.950000 0.025000 0.260000 0.927874 0.023473 0.233859 0.927874 0.023473 0.233859 0.011844 
6.000000 11570.860329 0.950000 0.025000 0.260000 0.899467 0.021201 0.359893 0.899467 0.021201 0.359893 0.017746 
18.000000 11582.871887 0.950000 0.025000 0.260000 0.903952 0.022580 0.294961 0.903952 0.022580 0.294961 0.017019 
4.000000 11696.955086 0.950000 0.025000 0.260000 0.998597 0.035887 0.057348 0.998597 0.035887 0.057348 0.012606 
19.000000 11711.969429 0.950000 0.025000 0.260000 0.895918 0.024661 0.285089 0.895918 0.024661 0.285089 0.018016 
16.000000 11933.119995 0.950000 0.025000 0.260000 0.931014 0.024340 0.406114 0.931014 0.024340 0.406114 0.012525 
2.000000 12015.181801 0.950000 0.025000 0.260000 0.939917 0.020416 0.292526 0.939917 0.020416 0.292526 0.011915 
5.000000 12082.235115 0.950000 0.025000 0.260000 0.649985 0.020835 0.382801 0.649985 0.020835 0.382801 0.012704 
1.000000 12238.351250 0.950000 0.025000 0.260000 0.968764 0.028253 0.180420 0.968764 0.028253 0.180420 0.012938 
11.000000 12248.362831 0.950000 0.025000 0.260000 0.956792 0.026320 0.338452 0.956792 0.026320 0.338452 0.015509 
3.000000 12336.429260 0.950000 0.025000 0.260000 0.882545 0.028280 0.402258 0.882545 0.028280 0.402258 0.005792 
12.000000 12537.578094 0.950000 0.025000 0.260000 0.890953 0.021524 0.303202 0.890953 0.021524 0.303202 0.014288 
14.000000 12603.630272 0.950000 0.025000 0.260000 0.690654 0.025751 0.668735 0.690654 0.025751 0.668735 0.015224 
30.000000 12811.782341 0.950000 0.025000 0.260000 0.690710 0.022307 0.452712 0.690710 0.022307 0.452712 0.001520 
23.000000 12836.804184 0.950000 0.025000 0.260000 0.908893 0.021664 0.358080 0.908893 0.021664 0.358080 0.005300 
25.000000 12838.809738 0.950000 0.025000 0.260000 0.945239 0.025123 0.236113 0.945239 0.025123 0.236113 0.005164 
31.000000 12876.841934 0.950000 0.025000 0.260000 0.834918 0.021741 0.549295 0.834918 0.021741 0.549295 0.004472 
13.000000 12890.856094 0.950000 0.025000 0.260000 0.985013 0.023223 0.147859 0.985013 0.023223 0.147859 0.004483 
6.000000 13011.948265 0.950000 0.025000 0.260000 0.930273 0.023918 0.404872 0.930273 0.023918 0.404872 0.010713 
26.000000 13128.036751 0.950000 0.025000 0.260000 0.896438 0.020757 0.386927 0.896438 0.020757 0.386927 0.026293 
27.000000 13161.064133 0.950000 0.025000 0.260000 0.931079 0.026443 0.315437 0.931079 0.026443 0.315437 0.016723 
17.000000 13247.129448 0.950000 0.025000 0.260000 0.960954 0.029035 0.248919 0.960954 0.029035 0.248919 0.003927 
29.000000 13291.165268 0.950000 0.025000 0.260000 0.921851 0.025232 0.347185 0.921851 0.025232 0.347185 0.007474 
19.000000 13345.208984 0.950000 0.025000 0.260000 0.949398 0.024641 0.246795 0.949398 0.024641 0.246795 0.024368 
2.000000 13520.337746 0.950000 0.025000 0.260000 0.985600 0.024149 0.098468 0.985600 0.024149 0.098468 0.017135 
10.000000 13560.370255 0.950000 0.025000 0.260000 0.893771 0.019498 0.439685 0.893771 0.019498 0.439685 0.012916 
21.000000 13571.382294 0.950000 0.025000 0.260000 0.916576 0.027420 0.376728 0.916576 0.027420 0.376728 0.030758 
18.000000 13600.407898 0.950000 0.025000 0.260000 0.930765 0.026607 0.315761 0.930765 0.026607 0.315761 0.009845 
9.000000 13623.428680 0.950000 0.025000 0.260000 0.871916 0.030610 0.349244 0.871916 0.030610 0.349244 0.011061 
3.000000 13649.452080 0.950000 0.025000 0.260000 0.974745 0.021428 0.165357 0.974745 0.021428 0.165357 0.005653 
11.000000 13689.484825 0.950000 0.025000 0.260000 0.855658 0.027978 0.480368 0.855658 0.027978 0.480368 0.009716 
22.000000 13732.518280 0.950000 0.025000 0.260000 0.962443 0.022651 0.268627 0.962443 0.022651 0.268627 0.011219 
1.000000 13807.575836 0.950000 0.025000 0.260000 0.990711 0.022792 0.130692 0.990711 0.022792 0.130692 0.009218 
14.000000 13852.611145 0.950000 0.025000 0.260000 0.926202 0.026801 0.306737 0.926202 0.026801 0.306737 0.015001 
24.000000 13862.621323 0.950000 0.025000 0.260000 0.683824 0.025393 0.318944 0.683824 0.025393 0.318944 0.001757 
7.000000 14069.772316 0.950000 0.025000 0.260000 0.906064 0.026181 0.276366 0.906064 0.026181 0.276366 0.017973 
6.000000 14228.887741 0.950000 0.025000 0.260000 0.962594 0.027409 0.269497 0.962594 0.027409 0.269497 0.013841 
23.000000 14406.019585 0.950000 0.025000 0.260000 0.963783 0.027216 0.309115 0.963783 0.027216 0.309115 0.028301 
25.000000 14408.024902 0.950000 0.025000 0.260000 0.879562 0.026478 0.336144 0.879562 0.026478 0.336144 0.005132 
26.000000 14441.053291 0.950000 0.025000 0.260000 0.820026 0.023757 0.635097 0.820026 0.023757 0.635097 0.007564 
5.000000 14484.088028 0.950000 0.025000 0.260000 0.956578 0.023079 0.306311 0.956578 0.023079 0.306311 0.020584 
19.000000 14594.171776 0.950000 0.025000 0.260000 0.990739 0.022307 0.124558 0.990739 0.022307 0.124558 0.013227 
30.000000 14637.206512 0.950000 0.025000 0.260000 0.864551 0.020959 0.381814 0.864551 0.020959 0.381814 0.029234 
2.000000 14769.304276 0.950000 0.025000 0.260000 0.911966 0.018994 0.380493 0.911966 0.018994 0.380493 0.006332 
29.000000 14796.327057 0.950000 0.025000 0.260000 0.965393 0.027982 0.249586 0.965393 0.027982 0.249586 0.024083 
11.000000 14874.386513 0.950000 0.025000 0.260000 0.903181 0.023215 0.297301 0.903181 0.023215 0.297301 0.018242 
31.000000 14990.473991 0.950000 0.025000 0.260000 0.911890 0.026487 0.345357 0.911890 0.026487 0.345357 0.014060 
10.000000 15097.556564 0.950000 0.025000 0.260000 0.978091 0.027200 0.168160 0.978091 0.027200 0.168160 0.016243 
13.000000 15196.630348 0.950000 0.025000 0.260000 0.951017 0.027923 0.275805 0.951017 0.027923 0.275805 0.009366 
1.000000 15536.875793 0.950000 0.025000 0.260000 0.883895 0.029182 0.362779 0.883895 0.029182 0.362779 0.013701 
6.000000 15669.974869 0.950000 0.025000 0.260000 0.906175 0.026173 0.333583 0.906175 0.026173 0.333583 0.015182 
9.000000 15769.050484 0.950000 0.025000 0.260000 0.942427 0.026677 0.215467 0.942427 0.026677 0.215467 0.012163 
18.000000 15810.084267 0.950000 0.025000 0.260000 0.922175 0.032280 0.318921 0.922175 0.032280 0.318921 0.017566 
28.000000 15884.139587 0.950000 0.025000 0.260000 0.833745 0.020591 0.435773 0.833745 0.020591 0.435773 0.015901 
23.000000 15975.208984 0.950000 0.025000 0.260000 0.936163 0.023131 0.424624 0.936163 0.023131 0.424624 0.020251 
22.000000 16038.259705 0.950000 0.025000 0.260000 0.975877 0.027256 0.179383 0.975877 0.027256 0.179383 0.012559 
15.000000 16191.373383 0.950000 0.025000 0.260000 0.941589 0.022009 0.272558 0.941589 0.022009 0.272558 0.008376 
14.000000 16222.400040 0.950000 0.025000 0.260000 0.925300 0.020090 0.225934 0.925300 0.020090 0.225934 0.006497 
30.000000 16334.484528 0.950000 0.025000 0.260000 0.781325 0.027896 0.422564 0.781325 0.027896 0.422564 0.018039 
5.000000 16437.562485 0.950000 0.025000 0.260000 0.994884 0.027344 0.079846 0.994884 0.027344 0.079846 0.011648 
2.000000 16466.587234 0.950000 0.025000 0.260000 0.838972 0.023843 0.391423 0.838972 0.023843 0.391423 0.028579 
27.000000 16587.678543 0.950000 0.025000 0.260000 0.958427 0.025328 0.256742 0.958427 0.025328 0.256742 0.022972 
21.000000 16645.724380 0.950000 0.025000 0.260000 0.918323 0.022278 0.343352 0.918323 0.022278 0.343352 0.004010 
17.000000 16801.841789 0.950000 0.025000 0.260000 0.934040 0.023616 0.309385 0.934040 0.023616 0.309385 0.056333 
13.000000 16861.890137 0.950000 0.025000 0.260000 0.964089 0.027604 0.210577 0.964089 0.027604 0.210577 0.004221 
19.000000 16899.921417 0.950000 0.025000 0.260000 0.926641 0.023076 0.342125 0.926641 0.023076 0.342125 0.022102 
7.000000 16919.940025 0.950000 0.025000 0.260000 0.941625 0.025527 0.229498 0.941625 0.025527 0.229498 0.013526 
1.000000 17202.145981 0.950000 0.025000 0.260000 0.945874 0.026676 0.355476 0.945874 0.026676 0.355476 0.007729 
31.000000 17360.263771 0.950000 0.025000 0.260000 0.951466 0.024668 0.209739 0.951466 0.024668 0.209739 0.022570 
6.000000 17367.272430 0.950000 0.025000 0.260000 0.929015 0.027927 0.339556 0.929015 0.027927 0.339556 0.006810 
11.000000 17436.326355 0.950000 0.025000 0.260000 0.932988 0.022201 0.435687 0.932988 0.022201 0.435687 0.012789 
15.000000 17440.333824 0.950000 0.025000 0.260000 0.907944 0.026671 0.398050 0.907944 0.026671 0.398050 0.015409 
22.000000 17479.365898 0.950000 0.025000 0.260000 0.927525 0.027996 0.359260 0.927525 0.027996 0.359260 0.021699 
9.000000 17498.382652 0.950000 0.025000 0.260000 0.821462 0.024356 0.418343 0.821462 0.024356 0.418343 0.004269 
25.000000 17706.535286 0.950000 0.025000 0.260000 0.880587 0.025411 0.448721 0.880587 0.025411 0.448721 0.045646 
2.000000 17715.545769 0.950000 0.025000 0.260000 0.986407 0.028585 0.132112 0.986407 0.028585 0.132112 0.021836 
10.000000 17723.555733 0.950000 0.025000 0.260000 0.893346 0.024418 0.504723 0.893346 0.024418 0.504723 0.031106 
14.000000 17727.562660 0.950000 0.025000 0.260000 0.886318 0.024142 0.492401 0.886318 0.024142 0.492401 0.023526 
27.000000 17772.598183 0.950000 0.025000 0.260000 0.972024 0.022589 0.191056 0.972024 0.022589 0.191056 0.028133 
4.000000 17781.607704 0.950000 0.025000 0.260000 0.935433 0.023929 0.298053 0.935433 0.023929 0.298053 0.020414 
29.000000 17870.674889 0.950000 0.025000 0.260000 0.945643 0.026710 0.331708 0.945643 0.026710 0.331708 0.036178 
3.000000 17972.751144 0.950000 0.025000 0.260000 0.974870 0.022658 0.233427 0.974870 0.022658 0.233427 0.010282 
30.000000 18095.843636 0.950000 0.025000 0.260000 0.927400 0.022534 0.361713 0.927400 0.022534 0.361713 0.013827 
5.000000 18166.899414 0.950000 0.025000 0.260000 0.974283 0.027393 0.172617 0.974283 0.027393 0.172617 0.010932 
19.000000 18212.937035 0.950000 0.025000 0.260000 0.928629 0.029144 0.257958 0.928629 0.029144 0.257958 0.005545 
32.000000 18322.019524 0.950000 0.025000 0.260000 0.938245 0.021155 0.273825 0.938245 0.021155 0.273825 0.023640 
21.000000 18407.082687 0.950000 0.025000 0.260000 0.892224 0.024472 0.514963 0.892224 0.024472 0.514963 0.018304 
18.000000 18468.129478 0.950000 0.025000 0.260000 0.961274 0.023406 0.143439 0.961274 0.023406 0.143439 0.011322 
13.000000 18527.175507 0.950000 0.025000 0.260000 0.962906 0.022518 0.159103 0.962906 0.022518 0.159103 0.002734 
22.000000 18664.276886 0.950000 0.025000 0.260000 0.899658 0.023559 0.399666 0.899658 0.023559 0.399666 0.003061 
24.000000 18666.282021 0.950000 0.025000 0.260000 0.789410 0.021286 0.571886 0.789410 0.021286 0.571886 0.006595 
7.000000 18713.319656 0.950000 0.025000 0.260000 0.894158 0.023426 0.302065 0.894158 0.023426 0.302065 0.020673 
8.000000 18746.346062 0.950000 0.025000 0.260000 0.858334 0.020239 0.296529 0.858334 0.020239 0.296529 0.010994 
23.000000 18825.406090 0.950000 0.025000 0.260000 0.908601 0.022255 0.323904 0.908601 0.022255 0.323904 0.006624 
27.000000 18957.503563 0.950000 0.025000 0.260000 0.907570 0.027380 0.377456 0.907570 0.027380 0.377456 0.030420 
2.000000 18964.511810 0.950000 0.025000 0.260000 0.985333 0.025457 0.205275 0.985333 0.025457 0.205275 0.021814 
1.000000 19091.606186 0.950000 0.025000 0.260000 0.797031 0.023003 0.451381 0.797031 0.023003 0.451381 0.003545 
31.000000 19153.654808 0.950000 0.025000 0.260000 0.940806 0.024803 0.368531 0.940806 0.024803 0.368531 0.024011 
9.000000 19387.825752 0.950000 0.025000 0.260000 0.911437 0.022196 0.310256 0.911437 0.022196 0.310256 0.004434 
19.000000 19397.836853 0.950000 0.025000 0.260000 0.940115 0.026382 0.323868 0.940115 0.026382 0.323868 0.016326 
15.000000 19617.998108 0.950000 0.025000 0.260000 0.948711 0.024387 0.218930 0.948711 0.024387 0.218930 0.044823 
16.000000 19651.024673 0.950000 0.025000 0.260000 0.933214 0.025181 0.322532 0.933214 0.025181 0.322532 0.011505 
6.000000 19673.044235 0.950000 0.025000 0.260000 0.959877 0.023170 0.169658 0.959877 0.023170 0.169658 0.019725 
30.000000 19729.089134 0.950000 0.025000 0.260000 0.969310 0.018950 0.188694 0.969310 0.018950 0.188694 0.016189 
5.000000 19736.097939 0.950000 0.025000 0.260000 0.925574 0.028030 0.360444 0.925574 0.028030 0.360444 0.006368 
14.000000 19745.108337 0.950000 0.025000 0.260000 0.840233 0.025621 0.424865 0.840233 0.025621 0.424865 0.013986 
20.000000 20103.366508 0.950000 0.025000 0.260000 0.952843 0.028414 0.245657 0.952843 0.028414 0.245657 0.027943 
28.000000 20143.397316 0.950000 0.025000 0.260000 0.513940 0.027762 0.651983 0.513940 0.027762 0.651983 0.007628 
22.000000 20169.419373 0.950000 0.025000 0.260000 0.978641 0.021871 0.185226 0.978641 0.021871 0.185226 0.010830 
18.000000 20197.443642 0.950000 0.025000 0.260000 0.808865 0.025836 0.410881 0.808865 0.025836 0.410881 0.007100 
21.000000 20232.471504 0.950000 0.025000 0.260000 0.698769 0.026410 0.594955 0.698769 0.026410 0.594955 0.012722 
7.000000 20282.513184 0.950000 0.025000 0.260000 0.898689 0.023342 0.327481 0.898689 0.023342 0.327481 0.060079 
27.000000 20526.692444 0.950000 0.025000 0.260000 0.803056 0.027214 0.459700 0.803056 0.027214 0.459700 0.012329 
10.000000 20541.707054 0.950000 0.025000 0.260000 0.981130 0.022460 0.178339 0.981130 0.022460 0.178339 0.003700 
31.000000 20594.748741 0.950000 0.025000 0.260000 0.934104 0.024862 0.338857 0.934104 0.024862 0.338857 0.003428 
23.000000 20778.886627 0.950000 0.025000 0.260000 0.924798 0.028742 0.402862 0.924798 0.028742 0.402862 0.007083 
3.000000 20822.922150 0.950000 0.025000 0.260000 0.910858 0.030003 0.346362 0.910858 0.030003 0.346362 0.009590 
13.000000 20896.979416 0.950000 0.025000 0.260000 0.787149 0.017163 0.412701 0.787149 0.017163 0.412701 0.012464 
9.000000 21053.097595 0.950000 0.025000 0.260000 0.903438 0.030917 0.382911 0.903438 0.030917 0.382911 0.015823 
15.000000 21059.105469 0.950000 0.025000 0.260000 0.911587 0.026195 0.412093 0.911587 0.026195 0.412093 0.006236 
14.000000 21186.201180 0.950000 0.025000 0.260000 0.962322 0.025981 0.235312 0.962322 0.025981 0.235312 0.014607 
29.000000 21233.238182 0.950000 0.025000 0.260000 0.976481 0.028787 0.192722 0.976481 0.028787 0.192722 0.062327 
6.000000 21242.248665 0.950000 0.025000 0.260000 0.763907 0.025175 0.533669 0.763907 0.025175 0.533669 0.007137 
30.000000 21362.337036 0.950000 0.025000 0.260000 0.951997 0.026200 0.333728 0.951997 0.026200 0.333728 0.014264 
18.000000 21478.425766 0.950000 0.025000 0.260000 0.990216 0.030739 0.101888 0.990216 0.030739 0.101888 0.004624 
11.000000 21535.471443 0.950000 0.025000 0.260000 0.913963 0.026019 0.392770 0.913963 0.026019 0.392770 0.026584 
7.000000 21595.517540 0.950000 0.025000 0.260000 0.930295 0.024973 0.331512 0.930295 0.024973 0.331512 0.025029 
19.000000 21639.553558 0.950000 0.025000 0.260000 0.957385 0.024633 0.231838 0.957385 0.024633 0.231838 0.036992 
27.000000 21775.654335 0.950000 0.025000 0.260000 0.553518 0.025747 0.557306 0.553518 0.025747 0.557306 0.006621 
1.000000 21781.662582 0.950000 0.025000 0.260000 0.832833 0.024872 0.345751 0.832833 0.024872 0.345751 0.004429 
32.000000 21812.686951 0.950000 0.025000 0.260000 0.844224 0.024947 0.407637 0.844224 0.024947 0.407637 0.006850 
5.000000 21849.717377 0.950000 0.025000 0.260000 0.876929 0.024354 0.317436 0.876929 0.024354 0.317436 0.017106 
25.000000 21901.758575 0.950000 0.025000 0.260000 0.995948 0.023862 0.062228 0.995948 0.023862 0.062228 0.017730 
31.000000 22356.089432 0.950000 0.025000 0.260000 0.906803 0.028974 0.412959 0.906803 0.028974 0.412959 0.017424 
2.000000 22359.095451 0.950000 0.025000 0.260000 0.927366 0.021823 0.321237 0.927366 0.021823 0.321237 0.024251 
15.000000 22436.154602 0.950000 0.025000 0.260000 0.935262 0.026862 0.303690 0.935262 0.026862 0.303690 0.023856 
23.000000 22476.186806 0.950000 0.025000 0.260000 0.928262 0.029388 0.339342 0.928262 0.029388 0.339342 0.012290 
22.000000 22539.235741 0.950000 0.025000 0.260000 0.906824 0.030200 0.319284 0.906824 0.030200 0.319284 0.008454 
13.000000 22562.256622 0.950000 0.025000 0.260000 0.793460 0.025120 0.540818 0.793460 0.025120 0.540818 0.014927 
21.000000 22634.312073 0.950000 0.025000 0.260000 0.951843 0.025499 0.221445 0.951843 0.025499 0.221445 0.028974 
9.000000 22654.331078 0.950000 0.025000 0.260000 0.810230 0.026391 0.486838 0.810230 0.026391 0.486838 0.024047 
11.000000 22720.382233 0.950000 0.025000 0.260000 0.907136 0.022800 0.383258 0.907136 0.022800 0.383258 0.011372 
6.000000 22811.451355 0.950000 0.025000 0.260000 0.872474 0.027506 0.408876 0.872474 0.027506 0.408876 0.008266 
19.000000 22824.464912 0.950000 0.025000 0.260000 0.936760 0.023410 0.345549 0.936760 0.023410 0.345549 0.022325 
14.000000 22883.511353 0.950000 0.025000 0.260000 0.840530 0.025070 0.604191 0.840530 0.025070 0.604191 0.007508 
18.000000 22887.518425 0.950000 0.025000 0.260000 0.889050 0.024978 0.457101 0.889050 0.024978 0.457101 0.015381 
29.000000 22962.574745 0.950000 0.025000 0.260000 0.888419 0.023658 0.417559 0.888419 0.023658 0.417559 0.017640 
7.000000 23036.630341 0.950000 0.025000 0.260000 0.958099 0.027504 0.343521 0.958099 0.027504 0.343521 0.046772 
4.000000 23065.653473 0.950000 0.025000 0.260000 0.914373 0.024124 0.265752 0.914373 0.024124 0.265752 0.019020 
26.000000 23119.695122 0.950000 0.025000 0.260000 0.903516 0.028122 0.418966 0.903516 0.028122 0.418966 0.035733 
30.000000 23187.746834 0.950000 0.025000 0.260000 0.985212 0.026935 0.139571 0.985212 0.026935 0.139571 0.006702 
17.000000 23334.854889 0.950000 0.025000 0.260000 0.968180 0.024833 0.208748 0.968180 0.024833 0.208748 0.067581 
27.000000 23344.865471 0.950000 0.025000 0.260000 0.754185 0.028128 0.500423 0.754185 0.028128 0.500423 0.005485 
10.000000 1263.453255 0.950000 0.025000 0.260000 0.921528 0.026726 0.251633 0.921528 0.026726 0.251633 0.019979 
14.000000 1331.592331 0.950000 0.025000 0.260000 0.680994 0.022246 0.508994 0.680994 0.022246 0.508994 0.003354 
27.000000 1344.610947 0.950000 0.025000 0.260000 0.903579 0.020333 0.391842 0.903579 0.020333 0.391842 0.009884 
19.000000 1464.741600 0.950000 0.025000 0.260000 0.862793 0.024047 0.255010 0.862793 0.024047 0.255010 0.007710 
18.000000 1495.777504 0.950000 0.025000 0.260000 0.858385 0.021667 0.328945 0.858385 0.021667 0.328945 0.002548 
23.000000 1500.788116 0.950000 0.025000 0.260000 0.980636 0.023112 0.273067 0.980636 0.023112 0.273067 0.008706 
3.000000 1576.872688 0.950000 0.025000 0.260000 0.939107 0.026501 0.252830 0.939107 0.026501 0.252830 0.011758 
15.000000 1588.890221 0.950000 0.025000 0.260000 0.874719 0.026083 0.425061 0.874719 0.026083 0.425061 0.008031 
31.000000 1604.914200 0.950000 0.025000 0.260000 0.919756 0.020748 0.313407 0.919756 0.020748 0.313407 0.010496 
7.000000 1612.927277 0.950000 0.025000 0.260000 0.841064 0.020783 0.486330 0.841064 0.020783 0.486330 0.015821 
11.000000 1777.104668 0.950000 0.025000 0.260000 0.946697 0.026792 0.327965 0.946697 0.026792 0.327965 0.058203 
1.000000 1991.335815 0.950000 0.025000 0.260000 0.817968 0.034791 0.414756 0.817968 0.034791 0.414756 0.021369 
13.000000 2003.354416 0.950000 0.025000 0.260000 0.924054 0.024891 0.350132 0.924054 0.024891 0.350132 0.020086 
29.000000 2243.613365 0.950000 0.025000 0.260000 0.966716 0.032655 0.231280 0.966716 0.032655 0.231280 0.015473 
25.000000 2303.677261 0.950000 0.025000 0.260000 0.950585 0.027224 0.226072 0.950585 0.027224 0.226072 0.005501 
5.000000 2315.694824 0.950000 0.025000 0.260000 0.775728 0.027102 0.426186 0.775728 0.027102 0.426186 0.008252 
26.000000 2336.722679 0.950000 0.025000 0.260000 0.940184 0.023132 0.340748 0.940184 0.023132 0.340748 0.086717 
2.000000 2440.840248 0.950000 0.025000 0.260000 0.825582 0.019415 0.437698 0.825582 0.019415 0.437698 0.007381 
17.000000 2455.859261 0.950000 0.025000 0.260000 0.937396 0.020412 0.273741 0.937396 0.020412 0.273741 0.006871 
21.000000 2620.037460 0.950000 0.025000 0.260000 0.924711 0.024075 0.299324 0.924711 0.024075 0.299324 0.005371 
23.000000 2750.183037 0.950000 0.025000 0.260000 0.963337 0.023486 0.258570 0.963337 0.023486 0.258570 0.011867 
10.000000 2801.240494 0.950000 0.025000 0.260000 0.927867 0.026185 0.288339 0.927867 0.026185 0.288339 0.019754 
3.000000 2826.271622 0.950000 0.025000 0.260000 0.791817 0.027259 0.510935 0.791817 0.027259 0.510935 0.024726 
31.000000 2886.340645 0.950000 0.025000 0.260000 0.789952 0.024904 0.633247 0.789952 0.024904 0.633247 0.012742 
22.000000 2941.404892 0.950000 0.025000 0.260000 0.992041 0.028601 0.125626 0.992041 0.028601 0.125626 0.015487 
18.000000 3001.474632 0.950000 0.025000 0.260000 0.977783 0.030697 0.161546 0.977783 0.030697 0.161546 0.004597 
30.000000 3045.527023 0.950000 0.025000 0.260000 0.994371 0.031186 0.089034 0.994371 0.031186 0.089034 0.017003 
19.000000 3066.555878 0.950000 0.025000 0.260000 0.828476 0.019671 0.479809 0.828476 0.019671 0.479809 0.010520 
11.000000 3154.652557 0.950000 0.025000 0.260000 0.958490 0.026283 0.307416 0.958490 0.026283 0.307416 0.037136 
15.000000 3350.866486 0.950000 0.025000 0.260000 0.884358 0.025868 0.391356 0.884358 0.025868 0.391356 0.034916 
7.000000 3567.098328 0.950000 0.025000 0.260000 0.948174 0.020666 0.276589 0.948174 0.020666 0.276589 0.008513 
13.000000 3733.279282 0.950000 0.025000 0.260000 0.972286 0.024904 0.154909 0.972286 0.024904 0.154909 0.004534 
12.000000 3828.382828 0.950000 0.025000 0.260000 0.825470 0.023966 0.602666 0.825470 0.023966 0.602666 0.008379 
17.000000 3961.531555 0.950000 0.025000 0.260000 0.838433 0.024960 0.422915 0.838433 0.024960 0.422915 0.028717 
2.000000 4010.588196 0.950000 0.025000 0.260000 0.941882 0.022216 0.342118 0.941882 0.022216 0.342118 0.009787 
9.000000 4017.600296 0.950000 0.025000 0.260000 0.928836 0.025902 0.320761 0.928836 0.025902 0.320761 0.046432 
31.000000 4135.729919 0.950000 0.025000 0.260000 0.904405 0.027139 0.424701 0.904405 0.027139 0.424701 0.014963 
3.000000 4203.806969 0.950000 0.025000 0.260000 0.911471 0.022957 0.285934 0.911471 0.022957 0.285934 0.013086 
10.000000 4210.819847 0.950000 0.025000 0.260000 0.933954 0.027023 0.388591 0.933954 0.027023 0.388591 0.018743 
28.000000 4228.843399 0.950000 0.025000 0.260000 0.832888 0.024615 0.481277 0.832888 0.024615 0.481277 0.007657 
25.000000 4289.912613 0.950000 0.025000 0.260000 0.970708 0.019306 0.242490 0.970708 0.019306 0.242490 0.015095 
1.000000 4329.959183 0.950000 0.025000 0.260000 0.941244 0.028613 0.260264 0.941244 0.028613 0.260264 0.017400 
16.000000 4441.074806 0.950000 0.025000 0.260000 0.943226 0.024267 0.262737 0.943226 0.024267 0.262737 0.018252 
6.000000 4463.098228 0.950000 0.025000 0.260000 0.949350 0.026902 0.203360 0.949350 0.026902 0.203360 0.010322 
8.000000 4465.103607 0.950000 0.025000 0.260000 0.746115 0.019765 0.413227 0.746115 0.019765 0.413227 0.001702 
5.000000 4526.169449 0.950000 0.025000 0.260000 0.892604 0.022881 0.402283 0.892604 0.022881 0.402283 0.004171 
20.000000 4605.258980 0.950000 0.025000 0.260000 0.915833 0.025783 0.376317 0.915833 0.025783 0.376317 0.010703 
27.000000 4612.271263 0.950000 0.025000 0.260000 0.871588 0.022622 0.425459 0.871588 0.022622 0.425459 0.007117 
26.000000 4707.377968 0.950000 0.025000 0.260000 0.972199 0.021985 0.109336 0.972199 0.021985 0.109336 0.011895 
23.000000 4736.415459 0.950000 0.025000 0.260000 0.925259 0.025379 0.326891 0.925259 0.025379 0.326891 0.013174 
22.000000 4767.453819 0.950000 0.025000 0.260000 0.849202 0.027202 0.497731 0.849202 0.027202 0.497731 0.006016 
32.000000 4809.499390 0.950000 0.025000 0.260000 0.835468 0.021710 0.462701 0.835468 0.021710 0.462701 0.012281 
19.000000 4828.523491 0.950000 0.025000 0.260000 0.927296 0.024868 0.285423 0.927296 0.024868 0.285423 0.008916 
15.000000 4984.694725 0.950000 0.025000 0.260000 0.932063 0.030843 0.278825 0.932063 0.030843 0.278825 0.023637 
30.000000 4999.716125 0.950000 0.025000 0.260000 0.960173 0.026827 0.196832 0.960173 0.026827 0.196832 0.018266 
29.000000 5158.889824 0.950000 0.025000 0.260000 0.896657 0.022133 0.314180 0.896657 0.022133 0.314180 0.023981 
7.000000 5200.939651 0.950000 0.025000 0.260000 0.942281 0.028307 0.241185 0.942281 0.028307 0.241185 0.026721 
14.000000 5336.086533 0.950000 0.025000 0.260000 0.941362 0.021316 0.332060 0.941362 0.021316 0.332060 0.020637 
10.000000 5396.154541 0.950000 0.025000 0.260000 0.933331 0.025633 0.316091 0.933331 0.025633 0.316091 0.031360 
18.000000 5436.202179 0.950000 0.025000 0.260000 0.902070 0.027950 0.331888 0.902070 0.027950 0.331888 0.017237 
11.000000 5461.234398 0.950000 0.025000 0.260000 0.983202 0.024291 0.179892 0.983202 0.024291 0.179892 0.028658 
17.000000 5691.477264 0.950000 0.025000 0.260000 0.898732 0.023643 0.384481 0.898732 0.023643 0.384481 0.005804 
21.000000 5695.486328 0.950000 0.025000 0.260000 0.945842 0.024577 0.366480 0.945842 0.024577 0.366480 0.007902 
13.000000 5879.687195 0.950000 0.025000 0.260000 0.972150 0.025141 0.281547 0.972150 0.025141 0.281547 0.030804 
6.000000 5904.717064 0.950000 0.025000 0.260000 0.896041 0.026750 0.436160 0.896041 0.026750 0.436160 0.017678 
5.000000 6031.853523 0.950000 0.025000 0.260000 0.991867 0.027940 0.136947 0.991867 0.027940 0.136947 0.071196 
22.000000 6273.111839 0.950000 0.025000 0.260000 0.891301 0.023268 0.327245 0.891301 0.023268 0.327245 0.004877 
30.000000 6313.160027 0.950000 0.025000 0.260000 0.889657 0.023920 0.386572 0.889657 0.023920 0.386572 0.007571 
26.000000 6341.194603 0.950000 0.025000 0.260000 0.932342 0.029685 0.249936 0.932342 0.029685 0.249936 0.013988 
31.000000 6346.205193 0.950000 0.025000 0.260000 0.858309 0.022272 0.451916 0.858309 0.022272 0.451916 0.028614 
19.000000 6398.265030 0.950000 0.025000 0.260000 0.882699 0.031580 0.341212 0.882699 0.031580 0.341212 0.011219 
15.000000 6426.301079 0.950000 0.025000 0.260000 0.956150 0.022393 0.274185 0.956150 0.022393 0.274185 0.009374 
3.000000 6446.326126 0.950000 0.025000 0.260000 0.983689 0.029081 0.168672 0.983689 0.029081 0.168672 0.016977 
1.000000 6540.428238 0.950000 0.025000 0.260000 0.932189 0.020753 0.429602 0.932189 0.020753 0.429602 0.007948 
27.000000 6630.526451 0.950000 0.025000 0.260000 0.990594 0.020534 0.140102 0.990594 0.020534 0.140102 0.009673 
14.000000 6713.614235 0.950000 0.025000 0.260000 0.938122 0.021547 0.297359 0.938122 0.021547 0.297359 0.022912 
10.000000 6773.683777 0.950000 0.025000 0.260000 0.822744 0.024128 0.501979 0.822744 0.024128 0.501979 0.012293 
2.000000 6861.782082 0.950000 0.025000 0.260000 0.940487 0.024466 0.287215 0.940487 0.024466 0.287215 0.042172 
7.000000 7155.092812 0.950000 0.025000 0.260000 0.917273 0.021036 0.322705 0.917273 0.021036 0.322705 0.026165 
29.000000 7209.155388 0.950000 0.025000 0.260000 0.889709 0.027640 0.356324 0.889709 0.027640 0.356324 0.011325 
4.000000 7248.199005 0.950000 0.025000 0.260000 0.973513 0.028106 0.179279 0.973513 0.028106 0.179279 0.014561 
9.000000 7253.209557 0.950000 0.025000 0.260000 0.924387 0.025955 0.360256 0.924387 0.025955 0.360256 0.007836 
6.000000 7346.311646 0.950000 0.025000 0.260000 0.870920 0.021064 0.413550 0.870920 0.021064 0.413550 0.011630 
21.000000 7425.399727 0.950000 0.025000 0.260000 0.948197 0.022821 0.255158 0.948197 0.022821 0.255158 0.016282 
11.000000 7447.429176 0.950000 0.025000 0.260000 0.869528 0.023329 0.342793 0.869528 0.023329 0.342793 0.007124 
23.000000 7555.545525 0.950000 0.025000 0.260000 0.947939 0.025433 0.235263 0.947939 0.025433 0.235263 0.035122 
26.000000 7718.719757 0.950000 0.025000 0.260000 0.979073 0.020693 0.169732 0.979073 0.020693 0.169732 0.023463 
31.000000 7787.796921 0.950000 0.025000 0.260000 0.960730 0.024471 0.199184 0.960730 0.024471 0.199184 0.009571 
19.000000 7839.852287 0.950000 0.025000 0.260000 0.952784 0.030170 0.333360 0.952784 0.030170 0.333360 0.016166 
25.000000 7845.862434 0.950000 0.025000 0.260000 0.908199 0.022554 0.389904 0.908199 0.022554 0.389904 0.008447 
30.000000 7882.904419 0.950000 0.025000 0.260000 0.919990 0.026299 0.264128 0.919990 0.026299 0.264128 0.002487 
15.000000 7931.960289 0.950000 0.025000 0.260000 0.910711 0.028061 0.250366 0.910711 0.028061 0.250366 0.016842 
14.000000 7962.997055 0.950000 0.025000 0.260000 0.897462 0.026180 0.350521 0.897462 0.026180 0.350521 0.014625 
12.000000 8025.064812 0.950000 0.025000 0.260000 0.887530 0.027284 0.288909 0.887530 0.027284 0.288909 0.032221 
22.000000 8099.148102 0.950000 0.025000 0.260000 0.919870 0.022368 0.257665 0.919870 0.022368 0.257665 0.007550 
5.000000 8146.202530 0.950000 0.025000 0.260000 0.876810 0.027356 0.484448 0.876810 0.027356 0.484448 0.006260 
17.000000 8222.287865 0.950000 0.025000 0.260000 0.980244 0.025841 0.171461 0.980244 0.025841 0.171461 0.020071 
24.000000 8229.300087 0.950000 0.025000 0.260000 0.930246 0.028486 0.472314 0.930246 0.028486 0.472314 0.013896 
2.000000 8239.314812 0.950000 0.025000 0.260000 0.873386 0.025466 0.302255 0.873386 0.025466 0.302255 0.004226 
27.000000 8392.477898 0.950000 0.025000 0.260000 0.934098 0.029313 0.237432 0.934098 0.029313 0.237432 0.028190 
7.000000 8468.561417 0.950000 0.025000 0.260000 0.936404 0.031178 0.265351 0.936404 0.031178 0.265351 0.011837 
3.000000 8496.595360 0.950000 0.025000 0.260000 0.935858 0.027464 0.245453 0.935858 0.027464 0.245453 0.003180 
6.000000 8595.703972 0.950000 0.025000 0.260000 0.802303 0.024092 0.384694 0.802303 0.024092 0.384694 0.014674 
18.000000 8607.721817 0.950000 0.025000 0.260000 0.916093 0.021449 0.360800 0.916093 0.021449 0.360800 0.013970 
1.000000 8750.876022 0.950000 0.025000 0.260000 0.976856 0.027127 0.193650 0.976856 0.027127 0.193650 0.006606 
23.000000 8804.937172 0.950000 0.025000 0.260000 0.958748 0.022347 0.252125 0.958748 0.022347 0.252125 0.015719 
26.000000 8904.045517 0.950000 0.025000 0.260000 0.905538 0.026205 0.314794 0.905538 0.026205 0.314794 0.019221 
29.000000 9035.191078 0.950000 0.025000 0.260000 0.840512 0.025363 0.354477 0.840512 0.025363 0.354477 0.023118 
31.000000 9101.268051 0.950000 0.025000 0.260000 0.903935 0.025058 0.378396 0.903935 0.025058 0.378396 0.019568 
19.000000 9217.394974 0.950000 0.025000 0.260000 0.962936 0.023627 0.278941 0.962936 0.023627 0.278941 0.020243 
15.000000 9309.493950 0.950000 0.025000 0.260000 0.955309 0.022705 0.198237 0.955309 0.022705 0.198237 0.001225 
20.000000 9378.570320 0.950000 0.025000 0.260000 0.896411 0.026776 0.355245 0.896411 0.026776 0.355245 0.020830 
16.000000 9406.587120 0.950000 0.025000 0.260000 0.933520 0.027724 0.298882 0.933520 0.027724 0.298882 0.004515 
9.000000 9463.650047 0.950000 0.025000 0.260000 0.781901 0.023591 0.510503 0.781901 0.023591 0.510503 0.017770 
22.000000 9476.668282 0.950000 0.025000 0.260000 0.938923 0.027581 0.296108 0.938923 0.027581 0.296108 0.043737 
2.000000 9488.685837 0.950000 0.025000 0.260000 0.966412 0.023003 0.171318 0.966412 0.023003 0.171318 0.037731 
14.000000 9532.737045 0.950000 0.025000 0.260000 0.917043 0.025223 0.401095 0.917043 0.025223 0.401095 0.035230 
21.000000 9603.817963 0.950000 0.025000 0.260000 0.850778 0.022388 0.425587 0.850778 0.022388 0.425587 0.007816 
28.000000 9674.893936 0.950000 0.025000 0.260000 0.866035 0.024627 0.369575 0.866035 0.024627 0.369575 0.060673 
3.000000 9745.973412 0.950000 0.025000 0.260000 0.877809 0.023714 0.363355 0.877809 0.023714 0.363355 0.016066 
11.000000 9753.986794 0.950000 0.025000 0.260000 0.928808 0.025137 0.293694 0.928808 0.025137 0.293694 0.030116 
7.000000 9782.022438 0.950000 0.025000 0.260000 0.936142 0.024878 0.232250 0.936142 0.024878 0.232250 0.012221 
30.000000 9965.219002 0.950000 0.025000 0.260000 0.933815 0.024774 0.239365 0.933815 0.024774 0.239365 0.037186 
23.000000 9990.248032 0.950000 0.025000 0.260000 0.717585 0.028892 0.376247 0.717585 0.028892 0.376247 0.014709 
5.000000 10036.301750 0.950000 0.025000 0.260000 0.966996 0.024186 0.237155 0.966996 0.024186 0.237155 0.014794 
17.000000 10112.388214 0.950000 0.025000 0.260000 0.974588 0.032054 0.213929 0.974588 0.032054 0.213929 0.004332 
26.000000 10217.504333 0.950000 0.025000 0.260000 0.897144 0.026218 0.368105 0.897144 0.026218 0.368105 0.011376 
32.000000 10255.545616 0.950000 0.025000 0.260000 0.888016 0.024853 0.438275 0.888016 0.024853 0.438275 0.019808 
6.000000 10293.592255 0.950000 0.025000 0.260000 0.845178 0.028531 0.287304 0.845178 0.028531 0.287304 0.002359 
25.000000 10376.684982 0.950000 0.025000 0.260000 0.997333 0.023605 0.047069 0.997333 0.023605 0.047069 0.011327 
31.000000 10382.696167 0.950000 0.025000 0.260000 0.936675 0.023523 0.402097 0.936675 0.023523 0.402097 0.029999 
10.000000 10393.713120 0.950000 0.025000 0.260000 0.923874 0.021031 0.248519 0.923874 0.021031 0.248519 0.014205 
13.000000 10492.819672 0.950000 0.025000 0.260000 0.977196 0.026824 0.188745 0.977196 0.026824 0.188745 0.011733 
18.000000 10690.032280 0.950000 0.025000 0.260000 0.970815 0.024812 0.297549 0.970815 0.024812 0.297549 0.020659 
29.000000 10701.049164 0.950000 0.025000 0.260000 0.959765 0.023604 0.230172 0.959765 0.023604 0.230172 0.012246 
1.000000 10705.058243 0.950000 0.025000 0.260000 0.881307 0.023586 0.499933 0.881307 0.023586 0.499933 0.014465 
22.000000 10854.219444 0.950000 0.025000 0.260000 0.971890 0.024126 0.219723 0.971890 0.024126 0.219723 0.006294 
27.000000 10891.265083 0.950000 0.025000 0.260000 0.954967 0.022552 0.172595 0.954967 0.022552 0.172595 0.016898 
9.000000 11033.420921 0.950000 0.025000 0.260000 0.967357 0.027676 0.188385 0.967357 0.027676 0.188385 0.034504 
14.000000 11038.430611 0.950000 0.025000 0.260000 0.848638 0.026370 0.386486 0.848638 0.026370 0.386486 0.012661 
21.000000 11109.505173 0.950000 0.025000 0.260000 0.938768 0.029416 0.376339 0.938768 0.029416 0.376339 0.010171 
23.000000 11175.578606 0.950000 0.025000 0.260000 0.969036 0.025148 0.263398 0.969036 0.025148 0.263398 0.009185 
3.000000 11251.661247 0.950000 0.025000 0.260000 0.874123 0.026177 0.321262 0.874123 0.026177 0.321262 0.011876 
11.000000 11259.675758 0.950000 0.025000 0.260000 0.938948 0.026600 0.338946 0.938948 0.026600 0.338946 0.010677 
19.000000 11299.723724 0.950000 0.025000 0.260000 0.983919 0.030842 0.167897 0.983919 0.030842 0.167897 0.031676 
15.000000 11616.061401 0.950000 0.025000 0.260000 0.962492 0.022094 0.188159 0.962492 0.022094 0.188159 0.010168 
17.000000 11618.068283 0.950000 0.025000 0.260000 0.926006 0.018656 0.390594 0.926006 0.018656 0.390594 0.032973 
31.000000 11664.121170 0.950000 0.025000 0.260000 0.912845 0.023119 0.477961 0.912845 0.023119 0.477961 0.005878 
10.000000 11835.304146 0.950000 0.025000 0.260000 0.774926 0.025289 0.688328 0.774926 0.025289 0.688328 0.010648 
25.000000 11882.354774 0.950000 0.025000 0.260000 0.886350 0.027187 0.479303 0.886350 0.027187 0.479303 0.029423 
2.000000 11923.403450 0.950000 0.025000 0.260000 0.920493 0.025917 0.321747 0.920493 0.025917 0.321747 0.029910 
30.000000 12111.608047 0.950000 0.025000 0.260000 0.984421 0.027759 0.195163 0.984421 0.027759 0.195163 0.033563 
7.000000 12152.656532 0.950000 0.025000 0.260000 0.941375 0.024099 0.254694 0.941375 0.024099 0.254694 0.025466 
22.000000 12231.741364 0.950000 0.025000 0.260000 0.934693 0.020406 0.381461 0.934693 0.020406 0.381461 0.019342 
23.000000 12553.086754 0.950000 0.025000 0.260000 0.846203 0.025500 0.467107 0.846203 0.025500 0.467107 0.014601 
6.000000 12600.140167 0.950000 0.025000 0.260000 0.833678 0.028053 0.392176 0.833678 0.028053 0.392176 0.008967 
9.000000 12699.247604 0.950000 0.025000 0.260000 0.967716 0.029986 0.281091 0.967716 0.029986 0.281091 0.028694 
26.000000 12716.269066 0.950000 0.025000 0.260000 0.843844 0.021270 0.571744 0.843844 0.021270 0.571744 0.012509 
12.000000 12766.325905 0.950000 0.025000 0.260000 0.877310 0.024173 0.406700 0.877310 0.024173 0.406700 0.013544 
15.000000 12865.434189 0.950000 0.025000 0.260000 0.932574 0.025603 0.373231 0.932574 0.025603 0.373231 0.051765 
31.000000 12881.455620 0.950000 0.025000 0.260000 0.922020 0.026953 0.375326 0.922020 0.026953 0.375326 0.017670 
