Starting Dynare (version 5.1).
Calling Dynare with arguments: none
Starting preprocessing of the model file ...
Found 11 equation(s).
Evaluating expressions...done
Computing static model derivatives (order 1).
Computing dynamic model derivatives (order 1).
Processing outputs ...
done
Preprocessing completed.


You did not declare endogenous variables after the estimation/calib_smoother command.
warning: Some of the parameters have no value (psi, c1, iss, yss, kss, css) when using initial_estimation_checks. If these parameters are not initialized in a steadystate file or a steady_state_model-block, Dynare may not be able to solve the model. Note that simul, perfect_foresight_setup, and perfect_foresight_solver do not automatically call the steady state file.
Initial value of the log posterior (or likelihood): 913.5272
-----------------
f at the beginning of new iteration,      -913.5272105483
Predicted improvement:     3441.096058975
lambda =          1; f =         -913.5272105
lambda =    0.33333; f =         -913.5272105
lambda =    0.11111; f =         -913.5272105
lambda =   0.037037; f =           64.0234065
lambda =   0.012346; f =         -832.5747038
lambda =  0.0041152; f =         -907.5314041
lambda =  0.0013717; f =         -918.2889029
Norm of dx    0.82959
----
Improvement on iteration 1 =        4.761692315
-----------------
f at the beginning of new iteration,      -918.2889028637
Predicted improvement:       62.817945995
lambda =          1; f =         -524.0503471
lambda =    0.33333; f =         -739.3571615
lambda =    0.11111; f =         -867.2543934
lambda =   0.037037; f =         -910.3950396
lambda =   0.012346; f =         -918.0618256
lambda =  0.0041152; f =         -918.5897509
Norm of dx     0.1131
----
Improvement on iteration 2 =        0.300848068
-----------------
f at the beginning of new iteration,      -918.5897509316
Predicted improvement:       23.959099436
lambda =          1; f =         4799.2569056
lambda =    0.33333; f =         -547.3373704
lambda =    0.11111; f =         -895.3203837
lambda =   0.037037; f =         -916.8636252
lambda =   0.012346; f =         -918.7694513
Norm of dx   0.081538
----
Improvement on iteration 3 =        0.179700404
-----------------
f at the beginning of new iteration,      -918.7694513359
Predicted improvement:        2.965784205
lambda =          1; f =         -876.4647128
lambda =    0.33333; f =         -917.9308781
lambda =    0.11111; f =         -919.1549871
Norm of dx   0.025916
----
Improvement on iteration 4 =        0.385535756
-----------------
f at the beginning of new iteration,      -919.1549870916
Predicted improvement:        1.246778986
lambda =          1; f =         -920.3902044
Norm of dx   0.018376
----
Improvement on iteration 5 =        1.235217269
-----------------
f at the beginning of new iteration,      -920.3902043606
Predicted improvement:        0.088977288
lambda =          1; f =         -920.5404840
lambda =     1.9332; f =         -920.6304891
Norm of dx  0.0035924
----
Improvement on iteration 6 =        0.240284733
-----------------
f at the beginning of new iteration,      -920.6304890940
Predicted improvement:        0.211947980
lambda =          1; f =         -920.9804789
lambda =     1.9332; f =         -921.1716453
Norm of dx   0.014931
----
Improvement on iteration 7 =        0.541156243
-----------------
f at the beginning of new iteration,      -921.1716453375
Predicted improvement:        0.343131458
lambda =          1; f =         -921.6879262
lambda =     1.9332; f =         -921.8347499
Norm of dx    0.02992
----
Improvement on iteration 8 =        0.663104531
-----------------
f at the beginning of new iteration,      -921.8347498686
Predicted improvement:        0.125646151
lambda =          1; f =         -921.9855591
Norm of dx  0.0045192
----
Improvement on iteration 9 =        0.150809194
-----------------
f at the beginning of new iteration,      -921.9855590622
Predicted improvement:        0.014994326
lambda =          1; f =         -922.0018673
Norm of dx  0.0023545
----
Improvement on iteration 10 =        0.016308277
-----------------
f at the beginning of new iteration,      -922.0018673391
Predicted improvement:        0.000492851
lambda =          1; f =         -922.0023765
Norm of dx 0.00047334
----
Improvement on iteration 11 =        0.000509163
-----------------
f at the beginning of new iteration,      -922.0023765020
Predicted improvement:        0.000012459
lambda =          1; f =         -922.0023878
Norm of dx 3.3647e-05
----
Improvement on iteration 12 =        0.000011328
-----------------
f at the beginning of new iteration,      -922.0023878301
Predicted improvement:        0.000002553
lambda =          1; f =         -922.0023897
Norm of dx 2.9901e-05
----
Improvement on iteration 13 =        0.000001863
-----------------
f at the beginning of new iteration,      -922.0023896934
Predicted improvement:        0.000001371
lambda =          1; f =         -922.0023908
Norm of dx 2.0285e-05
----
Improvement on iteration 14 =        0.000001113
-----------------
f at the beginning of new iteration,      -922.0023908060
Predicted improvement:        0.000001002
lambda =          1; f =         -922.0023922
Norm of dx 2.3805e-05
----
Improvement on iteration 15 =        0.000001362
-----------------
f at the beginning of new iteration,      -922.0023921684
Predicted improvement:        0.000001636
lambda =          1; f =         -922.0023949
lambda =     1.9332; f =         -922.0023963
Norm of dx 5.1901e-05
----
Improvement on iteration 16 =        0.000004102
-----------------
f at the beginning of new iteration,      -922.0023962700
Predicted improvement:        0.000002352
lambda =          1; f =         -922.0024012
lambda =     1.9332; f =         -922.0024055
lambda =     3.7372; f =         -922.0024129
lambda =     7.2247; f =         -922.0024238
lambda =     13.967; f =         -922.0024319
Norm of dx 7.8756e-05
----
Improvement on iteration 17 =        0.000035673
-----------------
f at the beginning of new iteration,      -922.0024319433
Predicted improvement:        0.000025447
lambda =          1; f =         -922.0024828
lambda =     1.9332; f =         -922.0025277
lambda =     3.7372; f =         -922.0026074
lambda =     7.2247; f =         -922.0027348
lambda =     13.967; f =         -922.0028813
Norm of dx 0.00051752
----
Improvement on iteration 18 =        0.000449329
-----------------
f at the beginning of new iteration,      -922.0028812727
Correct for low angle: 0.0034918
Predicted improvement:        0.000270420
lambda =          1; f =         -922.0031355
Norm of dx  0.0073727
----
Improvement on iteration 19 =        0.000254219
-----------------
f at the beginning of new iteration,      -922.0031354919
Correct for low angle: 0.00244664
Predicted improvement:        0.000267672
lambda =          1; f =         -922.0030308
lambda =    0.33333; f =         -922.0032512
Norm of dx  0.0058874
----
Improvement on iteration 20 =        0.000115700
-----------------
f at the beginning of new iteration,      -922.0032511917
Predicted improvement:        0.000047194
lambda =          1; f =         -922.0033109
Norm of dx  0.0045357
----
Improvement on iteration 21 =        0.000059709
-----------------
f at the beginning of new iteration,      -922.0033109008
Predicted improvement:        0.000001002
lambda =          1; f =         -922.0033119
Norm of dx 0.00032916
----
Improvement on iteration 22 =        0.000000988
-----------------
f at the beginning of new iteration,      -922.0033118890
Predicted improvement:        0.000000012
lambda =          1; f =         -922.0033118
lambda =    0.33333; f =         -922.0033118
lambda =    0.11111; f =         -922.0033119
lambda =   0.037037; f =         -922.0033119
lambda =   0.012346; f =         -922.0033119
lambda =  0.0041152; f =         -922.0033119
lambda =  0.0013717; f =         -922.0033119
lambda = 0.00045725; f =         -922.0033119
lambda = 0.00015242; f =         -922.0033119
lambda = 5.0805e-05; f =         -922.0033119
lambda = 1.6935e-05; f =         -922.0033119
lambda =  5.645e-06; f =         -922.0033119
lambda = 1.8817e-06; f =         -922.0033119
lambda = 3.6376e-06; f =         -922.0033119
lambda = 2.4494e-06; f =         -922.0033119
lambda = 3.1054e-06; f =         -922.0033119
lambda = 2.6933e-06; f =         -922.0033119
lambda = 2.9334e-06; f =         -922.0033119
lambda = 3.1951e-06; f =         -922.0033119
lambda = 3.0354e-06; f =         -922.0033119
lambda = 3.1302e-06; f =         -922.0033119
lambda =  3.073e-06; f =         -922.0033119
lambda = 3.0392e-06; f =         -922.0033119
Norm of dx 2.6402e-05
Cliff.  Perturbing search direction.
Predicted improvement:        0.000000031
lambda =          1; f =         -922.0033116
lambda =    0.33333; f =         -922.0033118
lambda =    0.11111; f =         -922.0033119
lambda =   0.037037; f =         -922.0033119
lambda =   0.012346; f =         -922.0033119
lambda =  0.0041152; f =         -922.0033119
lambda =  0.0013717; f =         -922.0033119
lambda = 0.00045725; f =         -922.0033119
lambda = 0.00015242; f =         -922.0033119
lambda = 5.0805e-05; f =         -922.0033119
lambda = 1.6935e-05; f =         -922.0033119
lambda =  5.645e-06; f =         -922.0033119
lambda = 1.8817e-06; f =         -922.0033119
lambda = 6.2723e-07; f =         -922.0033119
lambda = 1.2125e-06; f =         -922.0033119
lambda = 8.1646e-07; f =         -922.0033119
lambda = 6.4398e-07; f =         -922.0033119
lambda = 7.4252e-07; f =         -922.0033119
lambda = 8.5614e-07; f =         -922.0033119
lambda = 9.8714e-07; f =         -922.0033119
lambda = 1.1382e-06; f =         -922.0033119
lambda = 1.3123e-06; f =         -922.0033119
lambda = 1.2049e-06; f =         -922.0033119
lambda = 1.1062e-06; f =         -922.0033119
lambda = 1.0157e-06; f =         -922.0033119
lambda = 1.0691e-06; f =         -922.0033119
lambda = 1.1253e-06; f =         -922.0033119
lambda = 1.0912e-06; f =         -922.0033119
lambda = 1.1115e-06; f =         -922.0033119
lambda = 1.1322e-06; f =         -922.0033119
lambda = 1.1533e-06; f =         -922.0033119
lambda = 1.1406e-06; f =         -922.0033119
lambda = 1.1281e-06; f =         -922.0033119
lambda = 1.1156e-06; f =         -922.0033119
Norm of dx 8.7796e-05
Cliff again.  Try traversing
Predicted improvement:        0.000111839
lambda =          1; f =         -921.9834321
lambda =    0.33333; f =         -922.0010706
lambda =    0.11111; f =         -922.0030457
lambda =   0.037037; f =         -922.0032764
lambda =   0.012346; f =         -922.0033060
lambda =  0.0041152; f =         -922.0033106
lambda =  0.0013717; f =         -922.0033115
lambda = 0.00045725; f =         -922.0033118
lambda = 0.00015242; f =         -922.0033119
lambda = 5.0805e-05; f =         -922.0033119
lambda = 1.6935e-05; f =         -922.0033119
lambda =  5.645e-06; f =         -922.0033119
lambda = 1.8817e-06; f =         -922.0033119
lambda = 6.2723e-07; f =         -922.0033119
lambda = 2.0908e-07; f =         -922.0033119
lambda = 6.9692e-08; f =         -922.0033119
lambda = 2.3231e-08; f =         -922.0033119
lambda = 7.7435e-09; f =         -922.0033119
lambda = 2.5812e-09; f =         -922.0033119
lambda = -6.2723e-07
lambda = -6.2723e-07; f =         -922.0033119
Norm of dx   0.014956
----
Improvement on iteration 23 =        0.000000000
improvement < crit termination

Final value of minus the log posterior (or likelihood):-922.003312 

POSTERIOR KERNEL OPTIMIZATION PROBLEM!
 (minus) the hessian matrix at the "mode" is not positive definite!
=> posterior variance of the estimated parameters are not positive.
You should try to change the initial values of the parameters using
the estimated_params_init block, or use another optimization routine.
warning: The results below are most likely wrong!
warning: called from
    dynare_estimation_1 at line 308 column 9
    dynare_estimation at line 118 column 5
    driver at line 261 column 14
    dynare at line 289 column 5


RESULTS FROM MAXIMUM LIKELIHOOD ESTIMATION
parameters
         Estimate    s.d. t-stat

betta      0.9924  0.0000  0.0000 
gam        2.0236  0.0000  0.0000 
rho1       0.9087  0.0000  0.0000 
sigma1     0.0203  0.0000  0.0000 
rho2       0.7980  0.0000  0.0000 
sigma2     0.0113  0.0005 23.4949 
nss        0.3314  0.0000  0.0000 

Total computing time : 0h00m08s
Note: warning(s) encountered in MATLAB/Octave code
