Dynare version: 0.9.12
2025-04-30T09:36:05.001: Starting @dynare ML.mod
["ML.mod", "language=julia", "json=compute"]
Dynare preprocessor version: 6.4.0+0
2025-04-30T09:36:05.114: End of preprocessing
2025-04-30T09:36:05.197: Start parse_statements!
f_tol is deprecated. Use f_abstol or f_reltol instead. The provided value (1.0e-5) will be used as f_reltol.
 * Status: success

 * Candidate solution
    Final objective value:     -9.217020e+02

 * Found with
    Algorithm:     BFGS

 * Convergence measures
    |x - x'|               = 3.07e-03 ≰ 0.0e+00
    |x - x'|/|x'|          = 1.15e-03 ≰ 0.0e+00
    |f(x) - f(x')|         = 4.00e-05 ≰ 0.0e+00
    |f(x) - f(x')|/|f(x')| = 4.34e-08 ≤ 1.0e-05
    |g(x)|                 = 8.58e-02 ≰ 1.0e-08

 * Work counters
    Seconds run:   0  (vs limit Inf)
    Iterations:    13
    f(x) calls:    39
    ∇f(x) calls:   39

  Posterior mode

───────────┬──────────────────────────────────────────────────────────
 Parameter │ Estimated value  Standard error  80% confidence interval
──────────────────────────────────────────────────────────────────────
     betta │           0.992          0.0015         0.9901 .. 0.9939
       gam │          1.9146          0.1794          1.685 .. 2.1442
      rho1 │          0.9207          0.0078         0.9107 .. 0.9308
    sigma1 │          0.0216          0.0014         0.0198 .. 0.0233
      rho2 │          0.5794          0.0697         0.4902 .. 0.6686
    sigma2 │           0.009          0.0005         0.0083 .. 0.0097
       nss │          0.3294          0.0022         0.3265 .. 0.3323
───────────┴──────────────────────────────────────────────────────────

2025-04-30T09:36:20.480: End parse_statements!
2025-04-30T09:36:20.481: End parser
x_tol is deprecated. Use x_abstol or x_reltol instead. The provided value (1.0e-8) will be used as x_abstol.
f_tol is deprecated. Use f_abstol or f_reltol instead. The provided value (1.0e-8) will be used as f_reltol.
x_tol is deprecated. Use x_abstol or x_reltol instead. The provided value (1.0e-8) will be used as x_abstol.
f_tol is deprecated. Use f_abstol or f_reltol instead. The provided value (1.0e-8) will be used as f_reltol.
x_tol is deprecated. Use x_abstol or x_reltol instead. The provided value (1.0e-8) will be used as x_abstol.
f_tol is deprecated. Use f_abstol or f_reltol instead. The provided value (1.0e-8) will be used as f_reltol.
