
Ox version 3.20 (Linux) (C) J.A. Doornik, 1994-2002

**************************************************************************
MEPS data, OBDV
negbin_snp_obj results
Strong convergence

Observations = 500

Avg. Log Likelihood 
      -2.2426

Standard Errors

                    params      se(OPG)    se(Sand.)     se(Hess)
constant            1.5340      0.13289      0.12645      0.12593
pub_ins            0.16113     0.053100     0.056824     0.054144
priv_ins          0.090624     0.062689     0.065619     0.063835
sex                0.16863     0.047614     0.050720     0.048707
age                0.17950     0.048407     0.045060     0.046301
educ              0.039692     0.047968     0.058794     0.052521
inc               0.032581     0.064384     0.043708     0.051033
ln_alpha            1.8138      0.18466      0.17398      0.17378
                 -0.052710    0.0089429    0.0078799    0.0083419
                  0.013382    0.0042349    0.0039745    0.0040547

t-Stats

                    params       t(OPG)     t(Sand.)      t(Hess)
constant            1.5340       11.543       12.132       12.181
pub_ins            0.16113       3.0344       2.8356       2.9759
priv_ins          0.090624       1.4456       1.3811       1.4197
sex                0.16863       3.5416       3.3248       3.4621
age                0.17950       3.7082       3.9837       3.8769
educ              0.039692      0.82746      0.67509      0.75573
inc               0.032581      0.50603      0.74541      0.63842
ln_alpha            1.8138       9.8226       10.425       10.438
                 -0.052710      -5.8941      -6.6892      -6.3188
                  0.013382       3.1599       3.3669       3.3003

Information Criteria 

         CAIC          BIC          AIC
       2314.7       2304.7       2262.6

**************************************************************************

