0.000000 0.216347 -1.977468 0.075731 -1.572710 0.181042 
0.000000 0.216347 -1.536455 -0.029204 -1.554919 -0.158731 
0.000000 0.216347 -1.743979 0.655738 -1.775867 0.134893 
0.000000 0.216347 0.280851 -0.220640 0.468679 -0.007355 
0.000000 0.216347 -5.280734 -0.293265 -5.207761 -0.210438 
0.000000 0.216347 1.380654 -0.290867 1.482140 0.151691 
0.000000 0.216347 -1.547805 -0.178041 -1.577523 -0.115647 
0.000000 0.216347 3.868137 0.043615 4.115891 -0.039428 
0.000000 0.216347 -1.245348 -0.311569 -1.108659 -0.143130 
0.000000 0.216347 2.302073 0.033260 2.386561 0.042866 
0.000000 0.216347 0.435348 0.066758 0.406187 0.150319 
0.000000 0.216347 0.543481 -0.106473 0.576996 -0.003939 
0.000000 0.216347 0.379324 0.305655 0.089661 -0.002002 
0.000000 0.216347 1.298757 0.312937 1.330260 0.080712 
0.000000 0.216347 -0.110956 -0.047111 -0.648190 -0.064183 
0.000000 0.216347 -1.174575 0.070829 -1.176878 0.119649 
0.000000 0.216347 0.589320 -0.151688 0.565436 -0.125296 
0.000000 0.216347 -1.526486 0.399439 -1.476825 0.148085 
0.000000 0.216347 0.981812 -0.109513 0.956411 0.085406 
0.000000 0.216347 0.115877 0.320587 -0.542706 -0.183254 
0.000000 0.216347 0.468408 0.113438 0.302161 0.059558 
0.000000 0.216347 2.508265 -0.312292 2.414786 -0.022131 
0.000000 0.216347 0.131903 -0.245535 0.083271 0.043131 
0.000000 0.216347 -3.347674 -0.536382 -3.086215 -0.265904 
0.000000 0.216347 1.932321 0.064181 1.917925 0.022766 
0.000000 0.216347 0.346500 -0.068540 0.255359 -0.050819 
0.000000 0.216347 0.266951 0.109283 -0.170313 0.245551 
0.000000 0.216347 -0.417170 -0.330138 -0.653140 -0.111979 
0.000000 0.216347 -1.692499 -0.498297 -1.499978 -0.060543 
0.000000 0.216347 1.542720 0.051865 1.186585 0.106347 
0.000000 0.216347 -1.568722 -0.152939 -0.851372 0.008147 
0.000000 0.216347 0.098032 -0.487463 1.015605 -0.075266 
0.000000 0.216347 1.550746 0.205181 1.090897 -0.072459 
0.000000 0.216347 0.463643 -0.143992 0.688746 -0.224949 
0.000000 0.216347 -0.887073 0.082818 -1.016219 -0.153783 
0.000000 0.216347 0.955737 0.121424 0.915731 -0.109055 
0.000000 0.216347 -0.015498 0.004071 0.379939 0.104268 
0.000000 0.216347 0.240473 0.122342 0.045642 0.077258 
0.000000 0.216347 -0.071221 0.446567 -0.201601 0.129295 
0.000000 0.216347 0.341516 -0.303375 0.499244 0.051624 
0.000000 0.216347 2.682886 0.424283 2.709035 -0.050683 
0.000000 0.216347 -1.315832 -0.860980 -1.593091 -0.404396 
0.000000 0.216347 -1.352163 -0.343905 -1.257094 -0.016558 
0.000000 0.216347 1.180047 -0.021796 1.142677 -0.001154 
0.000000 0.216347 0.371789 0.121575 0.518386 0.128192 
0.000000 0.216347 0.374289 0.140573 0.289097 0.034936 
0.000000 0.216347 -0.478488 -0.443470 -0.533736 -0.148785 
0.000000 0.216347 0.598263 -0.133878 0.531735 -0.087231 
0.000000 0.216347 0.102562 -0.095337 0.085572 -0.019651 
0.000000 0.216347 0.817476 -0.081627 0.504403 0.002346 
0.000000 0.216347 -1.043991 -0.133898 -0.922820 -0.132727 
0.000000 0.216347 -0.106645 0.558758 -0.202253 -0.071875 
0.000000 0.216347 -0.705078 0.145749 -1.062033 0.116983 
0.000000 0.216347 1.081463 0.200550 0.283325 -0.051474 
0.000000 0.216347 -0.706585 -0.168282 -1.282738 -0.065578 
0.000000 0.216347 0.325603 -0.062555 0.340177 0.041381 
0.000000 0.216347 -0.980648 -0.127874 -0.952556 -0.050022 
0.000000 0.216347 1.361317 -0.301027 1.178616 0.004923 
0.000000 0.216347 1.655003 -0.280477 1.612787 -0.047908 
0.000000 0.216347 1.354762 -0.156343 1.330256 -0.128272 
0.000000 0.216347 -2.869392 -0.097845 -2.873518 -0.077810 
0.000000 0.216347 -2.386902 -0.039227 -2.432225 0.099902 
0.000000 0.216347 -0.068116 -0.214979 -0.455714 0.045394 
0.000000 0.216347 -1.686839 -0.269728 -1.055704 0.021940 
0.000000 0.216347 -0.495178 -0.518061 -0.385751 -0.288334 
0.000000 0.216347 0.085819 -0.303553 -0.345526 0.025435 
0.000000 0.216347 0.559288 -0.099879 0.416817 -0.143434 
0.000000 0.216347 -1.334494 0.863108 -1.773758 0.242528 
0.000000 0.216347 1.394525 0.299028 1.366345 0.031434 
0.000000 0.216347 -0.273542 -0.191876 -0.289267 -0.188137 
0.000000 0.216347 3.282964 -0.067014 3.315553 -0.200150 
0.000000 0.216347 -1.316185 -0.243883 -1.343588 -0.205749 
0.000000 0.216347 -2.517285 0.084435 -2.806027 -0.347858 
0.000000 0.216347 1.174981 -0.327889 1.208774 -0.163354 
0.000000 0.216347 -0.312874 0.768216 -0.324346 0.326108 
0.000000 0.216347 -0.248772 1.088470 -0.020631 0.505301 
0.000000 0.216347 -1.719025 -0.142600 -2.238766 -0.143327 
0.000000 0.216347 -0.335969 0.455181 -0.389841 0.138988 
0.000000 0.216347 -2.375080 0.487944 -2.252753 0.116532 
0.000000 0.216347 0.270261 -0.019142 0.036404 0.144150 
0.000000 0.216347 1.419195 0.017647 1.334675 0.049380 
0.000000 0.216347 0.086977 -0.039431 0.007302 -0.088736 
0.000000 0.216347 1.226440 -0.053559 1.459666 0.099190 
0.000000 0.216347 0.118036 -0.015133 -1.265337 -0.250696 
0.000000 0.216347 1.729224 0.539005 1.708575 0.215692 
0.000000 0.216347 2.236580 0.024731 2.103621 0.057061 
0.000000 0.216347 -0.411517 -0.022472 -0.237122 0.002555 
0.000000 0.216347 1.356796 -0.081055 1.386088 -0.134510 
0.000000 0.216347 0.574228 -0.113345 0.633403 0.017695 
0.000000 0.216347 2.232011 0.493445 1.402704 0.179734 
0.000000 0.216347 0.565766 -0.199168 0.494053 -0.071778 
0.000000 0.216347 -2.363348 0.117565 -2.551332 0.107910 
0.000000 0.216347 0.580165 -1.061131 0.122275 0.053314 
0.000000 0.216347 1.175406 0.276193 1.281789 0.055671 
0.000000 0.216347 1.123790 -0.221367 1.188581 -0.234731 
0.000000 0.216347 -0.133738 0.682510 -0.126116 0.126405 
0.000000 0.216347 1.678367 0.217743 1.787580 0.212821 
0.000000 0.216347 0.712558 -0.503057 0.655335 -0.377165 
0.000000 0.216347 -1.961347 -0.140286 -1.748075 -0.050375 
0.000000 0.216347 0.539778 0.215095 0.392995 -0.191901 
0.000000 0.431511 1.934730 -0.725784 1.919376 -0.012931 
0.000000 0.431511 0.751406 -0.035296 1.387451 -0.079075 
0.000000 0.431511 -0.337944 0.176706 -0.411282 0.000056 
0.000000 0.431511 2.550890 1.252620 2.197902 0.130733 
0.000000 0.431511 -0.449851 -0.222910 0.409494 -0.012919 
0.000000 0.431511 -0.694891 0.039694 -0.962030 -0.107488 
0.000000 0.431511 -1.278062 0.314816 -1.371297 0.301856 
0.000000 0.431511 -0.188997 -0.299082 -0.213886 0.008356 
0.000000 0.431511 -0.445953 0.040060 -1.012146 0.159862 
0.000000 0.431511 2.582455 0.205867 2.650059 -0.108566 
0.000000 0.431511 -0.579471 -0.192677 -0.660215 0.039491 
0.000000 0.431511 1.954077 -0.090932 1.504076 0.045696 
0.000000 0.431511 -0.471824 -0.398768 -0.898362 0.000342 
0.000000 0.431511 1.611171 -0.393264 1.427953 0.035041 
0.000000 0.431511 2.034433 0.322346 2.233930 0.294254 
0.000000 0.431511 -0.211923 -0.088960 -0.426581 0.014252 
0.000000 0.431511 -4.214092 0.171208 -4.107210 0.028313 
0.000000 0.431511 -0.226041 0.176370 -0.232397 0.091000 
0.000000 0.431511 -0.979907 -0.523237 -0.959085 -0.210648 
0.000000 0.431511 1.626344 0.129681 1.539319 0.220695 
0.000000 0.431511 0.021583 0.957741 0.102253 0.287995 
0.000000 0.431511 0.403924 -0.107913 0.538768 0.149875 
0.000000 0.431511 -1.440570 0.199527 -0.897732 0.117967 
0.000000 0.431511 -0.147518 -0.388620 -0.272167 -0.060507 
0.000000 0.431511 0.534936 0.013342 0.566557 -0.056298 
0.000000 0.431511 0.910808 -0.053050 0.997483 0.031596 
0.000000 0.431511 2.846069 0.048860 2.697764 -0.178191 
0.000000 0.431511 -0.046380 0.266242 -0.103402 -0.038783 
0.000000 0.431511 2.314852 0.562257 1.490862 0.263443 
0.000000 0.431511 1.001864 0.205188 0.989053 0.059995 
0.000000 0.431511 2.000231 -0.412951 2.065899 -0.314446 
0.000000 0.431511 -0.731266 -0.234708 -0.762648 0.057755 
0.000000 0.431511 -0.787307 -0.137797 -0.592926 -0.069826 
0.000000 0.431511 1.945541 -0.066876 1.970934 0.019218 
0.000000 0.431511 0.643832 -0.606971 0.794051 -0.202750 
0.000000 0.431511 -1.375970 0.203978 -1.431732 0.007480 
0.000000 0.431511 -2.869815 0.609900 -2.763510 0.308521 
0.000000 0.431511 1.100759 0.063863 1.172609 0.136538 
0.000000 0.431511 2.538021 -0.452693 2.414127 -0.114178 
0.000000 0.431511 -2.033338 0.410793 -0.820114 0.002480 
0.000000 0.431511 -1.561543 0.001557 -1.556352 0.025974 
0.000000 0.431511 -0.644705 0.049920 -0.361873 0.058609 
0.000000 0.431511 -4.285267 -0.103189 -4.297343 -0.077726 
0.000000 0.431511 -0.504540 0.132254 -0.239734 0.111027 
0.000000 0.431511 3.018079 -0.504967 2.713618 -0.198641 
0.000000 0.431511 2.412199 -0.244789 2.507412 0.015547 
0.000000 0.431511 1.077572 -0.280880 0.199170 -0.043449 
0.000000 0.431511 1.850880 -0.126964 1.853712 -0.116596 
0.000000 0.431511 -3.839601 0.285203 -3.770257 0.118443 
0.000000 0.431511 -2.607688 0.245553 -2.025131 -0.107990 
0.000000 0.431511 1.024403 0.177578 -0.601304 0.035126 
0.000000 0.431511 -0.159286 0.421414 -0.803608 0.010762 
0.000000 0.431511 0.713898 -0.101215 0.791417 0.057642 
0.000000 0.431511 -2.688026 -0.120226 -2.785259 0.176387 
0.000000 0.431511 -1.054000 0.270165 -0.986138 0.167503 
0.000000 0.431511 0.032767 0.228595 0.023551 0.177641 
0.000000 0.431511 -2.056855 0.626700 -2.000160 -0.115457 
0.000000 0.431511 0.028870 -0.545892 0.130476 -0.194048 
0.000000 0.431511 -1.531082 0.122150 -1.502462 -0.053986 
0.000000 0.431511 1.549692 0.249892 1.406560 -0.025581 
0.000000 0.431511 -1.025399 0.002505 -0.979385 -0.059133 
0.000000 0.431511 0.326967 -0.205814 -0.061161 -0.032753 
0.000000 0.431511 0.684442 1.771492 -0.433018 0.219723 
0.000000 0.431511 -2.803253 -0.171297 -2.598834 0.005661 
0.000000 0.431511 0.607974 -0.115852 0.630951 -0.304593 
0.000000 0.431511 0.352179 -0.361996 0.168685 0.082834 
0.000000 0.431511 -1.870794 0.232523 -2.127877 -0.118942 
0.000000 0.431511 2.276955 -0.053472 2.321997 -0.046020 
0.000000 0.431511 -1.659070 -0.031102 -1.758743 0.112054 
0.000000 0.431511 1.713739 -0.224508 0.821267 0.101274 
0.000000 0.431511 -3.047160 -0.141923 -2.668057 -0.060739 
0.000000 0.431511 0.003180 -0.110259 0.226376 -0.013333 
0.000000 0.431511 -0.646173 0.313222 -0.570594 -0.029617 
0.000000 0.431511 2.994178 0.415817 2.927771 0.199123 
0.000000 0.431511 1.972532 0.544070 1.552727 0.195073 
0.000000 0.431511 2.365912 -0.043872 2.267527 -0.036773 
0.000000 0.431511 1.346391 -0.012399 0.817599 -0.011997 
0.000000 0.431511 -1.993263 0.225417 -2.135253 0.391352 
0.000000 0.431511 1.565016 -0.130122 1.426467 0.006241 
0.000000 0.431511 0.375232 0.465851 -0.128250 0.001096 
0.000000 0.431511 2.531686 -0.440157 2.448977 -0.144131 
0.000000 0.431511 3.210546 -0.203761 3.227643 -0.192537 
0.000000 0.431511 1.173651 0.259403 1.156125 0.003976 
0.000000 0.431511 1.269575 0.208985 0.921886 0.005268 
0.000000 0.431511 -0.924985 -0.045920 -1.055411 0.116114 
0.000000 0.431511 -0.887807 -0.428025 -0.898126 -0.171779 
0.000000 0.431511 -0.192497 -0.384973 -0.419252 -0.151236 
0.000000 0.431511 0.399333 -0.388561 0.325965 -0.128482 
0.000000 0.431511 -0.304623 -0.637355 -0.642278 -0.077826 
0.000000 0.431511 -0.841951 0.059579 -0.519803 0.247501 
0.000000 0.431511 0.308746 -0.145530 0.307721 -0.112683 
0.000000 0.431511 2.882830 0.500696 2.729593 0.038051 
0.000000 0.431511 1.440589 -0.058544 1.108629 -0.071148 
0.000000 0.431511 -0.339536 0.193469 -0.593326 0.033506 
0.000000 0.431511 -2.422046 0.055570 -2.342504 0.193614 
0.000000 0.431511 2.901881 0.355676 2.971440 0.115414 
0.000000 0.431511 2.166205 0.195189 2.155463 -0.058840 
0.000000 0.431511 -1.387015 -0.297980 -1.258307 0.039045 
0.000000 0.431511 0.555549 -0.594313 0.529492 0.016615 
0.000000 0.431511 -1.738140 -0.399165 -1.373875 -0.128363 
0.000000 0.672462 1.511078 0.016711 1.342662 0.077030 
0.000000 0.672462 -1.544172 -0.178058 -1.607567 -0.006502 
0.000000 0.672462 -2.321994 -0.379834 -2.181040 0.112641 
0.000000 0.672462 -2.051261 0.334568 -2.012729 0.171109 
0.000000 0.672462 2.072649 -0.478728 1.655747 -0.164514 
0.000000 0.672462 -0.887405 0.373868 -0.892673 -0.004560 
0.000000 0.672462 1.542285 0.271167 1.620224 0.037131 
0.000000 0.672462 -2.281124 0.272955 -1.214317 0.000825 
0.000000 0.672462 2.080617 -0.001643 2.311889 -0.219962 
0.000000 0.672462 1.538985 0.105805 0.208210 0.227595 
0.000000 0.672462 1.802655 -0.055646 1.989938 0.039386 
0.000000 0.672462 -0.660359 0.000057 -0.700362 -0.029935 
0.000000 0.672462 0.221433 -0.594482 0.760360 -0.173229 
0.000000 0.672462 -1.519957 -0.409537 -1.438937 -0.305109 
0.000000 0.672462 1.463849 0.393883 1.380266 0.150801 
0.000000 0.672462 0.640444 -0.067190 -2.537818 -0.240501 
0.000000 0.672462 -3.741764 -0.076928 -2.154542 0.007975 
0.000000 0.672462 1.486703 0.338734 1.726584 -0.068924 
0.000000 0.672462 0.881312 -0.259523 0.504340 -0.016851 
0.000000 0.672462 0.409439 -0.739925 -0.174170 -0.140544 
0.000000 0.672462 -1.699130 0.267415 -1.194295 0.014472 
0.000000 0.672462 0.160253 -0.080055 0.152899 -0.037705 
0.000000 0.672462 -0.812405 -0.709498 -0.611075 -0.152359 
0.000000 0.672462 1.836041 -0.094235 1.733106 -0.000366 
0.000000 0.672462 0.874233 -0.086779 0.582547 -0.018124 
0.000000 0.672462 0.834988 -0.059648 -0.962076 0.084514 
0.000000 0.672462 -1.544275 -0.228108 -1.247392 0.103595 
0.000000 0.672462 -1.372668 -0.111934 -1.623385 -0.044381 
0.000000 0.672462 -1.803556 -0.178551 -1.390106 -0.098928 
0.000000 0.672462 -0.879599 0.070178 -0.764271 0.203849 
0.000000 0.672462 -2.675223 -0.911175 -2.227190 -0.139461 
0.000000 0.672462 1.544022 -0.604447 1.307459 -0.017459 
0.000000 0.672462 -1.520867 -0.144446 -1.214838 0.110492 
0.000000 0.672462 1.366388 -0.297822 1.405180 -0.051067 
0.000000 0.672462 0.529350 0.684766 0.393350 -0.069729 
0.000000 0.672462 -1.970459 -0.357486 -1.914668 -0.051791 
0.000000 0.672462 1.157184 -0.306107 1.088815 -0.237575 
0.000000 0.672462 0.064679 0.120133 -0.059241 0.034922 
0.000000 0.672462 -1.439751 -0.059656 -1.473728 0.025022 
0.000000 0.672462 -0.394216 -0.239928 0.113606 -0.205590 
0.000000 0.672462 -1.264201 0.000503 -1.092364 -0.002459 
0.000000 0.672462 -2.446493 0.331805 -1.988644 0.238316 
0.000000 0.672462 -0.211614 0.333378 -0.265223 -0.005107 
0.000000 0.672462 0.006768 0.008581 -0.176862 0.122167 
0.000000 0.672462 -0.313140 -0.265077 -0.352293 -0.194267 
0.000000 0.672462 -0.424341 0.399248 -0.957442 0.259642 
0.000000 0.672462 2.387796 -0.275275 2.024026 0.117310 
0.000000 0.672462 -1.439782 0.067639 -1.454218 -0.085157 
0.000000 0.672462 0.635498 0.386510 0.586069 0.217470 
0.000000 0.672462 -1.051838 0.168255 -0.757183 -0.024377 
0.000000 0.672462 2.097118 -0.139262 2.108851 -0.064400 
0.000000 0.672462 0.574915 0.085637 0.471099 0.170991 
0.000000 0.672462 -0.914812 0.231620 -0.910520 0.255970 
0.000000 0.672462 1.028626 -0.100450 0.635699 -0.235259 
0.000000 0.672462 3.210014 0.193764 2.773544 0.212014 
0.000000 0.672462 0.842378 -0.198371 -0.053615 -0.184905 
0.000000 0.672462 -3.313518 0.197206 -3.138657 0.068549 
0.000000 0.672462 0.986925 0.145853 1.595576 0.157190 
0.000000 0.672462 0.840130 -0.060677 0.831067 -0.096673 
0.000000 0.672462 -3.158016 0.417767 -2.711205 0.064136 
0.000000 0.672462 -2.190229 0.136820 -1.880728 -0.062809 
0.000000 0.672462 -0.100651 0.014489 -0.123769 0.283685 
0.000000 0.672462 0.225104 0.570360 0.448669 0.251382 
0.000000 0.672462 -3.151312 -0.723248 -2.947249 0.005300 
0.000000 0.672462 1.855620 -0.076975 2.001257 -0.076713 
0.000000 0.672462 -0.452056 -0.234066 -0.695761 0.007760 
0.000000 0.672462 -0.639605 -0.114366 -0.896206 0.083136 
0.000000 0.672462 -4.192021 -0.676825 -3.626307 -0.096423 
0.000000 0.672462 1.592685 -0.241950 1.405074 0.052641 
0.000000 0.672462 0.460374 0.229703 0.424909 0.135659 
0.000000 0.672462 0.312833 0.125086 0.169131 0.207967 
0.000000 0.672462 -0.825655 0.107885 -0.669172 0.172381 
0.000000 0.672462 -1.043077 0.521749 -0.993162 0.372105 
0.000000 0.672462 0.295335 -0.562336 0.228363 0.193392 
0.000000 0.672462 -0.076337 0.194246 0.227485 -0.031650 
0.000000 0.672462 0.678957 0.296984 0.787203 -0.179583 
0.000000 0.672462 -0.524683 0.464238 -0.294830 0.153637 
0.000000 0.672462 2.766807 -0.111490 2.473953 0.043271 
0.000000 0.672462 0.734232 -0.109717 0.550053 0.230001 
0.000000 0.672462 1.468387 -0.132932 1.483762 0.139993 
0.000000 0.672462 -2.080201 -0.652239 -1.944306 -0.013480 
0.000000 0.672462 0.162417 -0.194063 0.675489 0.044570 
0.000000 0.672462 0.210131 -0.106483 0.199276 -0.037228 
0.000000 0.672462 -0.372797 0.247806 -0.785957 0.137007 
0.000000 0.672462 -0.539175 -0.242263 -0.263584 -0.120342 
0.000000 0.672462 2.679572 0.231310 3.188340 0.081930 
0.000000 0.672462 3.013900 -0.427138 2.814361 -0.164367 
0.000000 0.672462 1.770239 0.263471 1.356761 0.170271 
0.000000 0.672462 3.563198 -0.135298 2.978987 -0.240405 
0.000000 0.672462 0.379214 0.039581 0.267735 0.100610 
0.000000 0.672462 0.539404 -0.270949 0.661507 -0.188785 
0.000000 0.672462 2.154416 -0.021998 1.972449 0.038964 
0.000000 0.672462 -2.072658 0.620854 -2.190976 0.274803 
0.000000 0.672462 -1.550272 -0.002319 -1.574591 -0.014580 
0.000000 0.672462 -1.998280 0.042377 -1.846602 0.096136 
0.000000 0.672462 -2.418611 -0.005984 -2.915667 0.041044 
0.000000 0.672462 -0.205329 0.165572 -0.491718 -0.089609 
0.000000 0.672462 -2.925536 -0.140286 -2.924455 -0.124963 
0.000000 0.672462 0.424887 0.042655 0.439499 0.443896 
0.000000 0.672462 -1.181359 0.064581 -1.075647 0.003713 
0.000000 0.878113 -0.551989 0.000880 -0.523943 -0.008656 
0.000000 0.878113 0.698916 -0.450943 0.515019 -0.168561 
0.000000 0.878113 -0.015253 -0.376318 -0.022545 -0.356995 
0.000000 0.878113 0.319389 0.035538 0.488235 0.057483 
0.000000 0.878113 0.794256 -0.289194 0.644159 -0.066499 
0.000000 0.878113 0.942236 -0.013572 1.042264 0.083240 
0.000000 0.878113 -2.781966 0.019852 -2.915482 -0.040060 
0.000000 0.878113 -0.326519 0.242983 -0.690704 0.117343 
0.000000 0.878113 -2.382475 0.537289 -2.387815 0.150240 
0.000000 0.878113 1.069603 -0.697392 1.351618 -0.072903 
0.000000 0.878113 1.960452 0.138518 1.648303 -0.048907 
0.000000 0.878113 -0.437000 -0.079390 -0.013902 0.064451 
0.000000 0.878113 2.288250 0.171850 2.565840 -0.063083 
0.000000 0.878113 -1.907539 0.048506 -1.785272 0.015858 
0.000000 0.878113 -1.709039 0.454159 -1.575832 0.387821 
0.000000 0.878113 0.267446 0.231869 0.365720 0.139500 
0.000000 0.878113 2.027797 -0.691926 1.770298 -0.200101 
0.000000 0.878113 -1.231861 0.195935 -1.246508 0.037891 
0.000000 0.878113 0.865720 0.191201 1.232365 0.018091 
0.000000 0.878113 -2.275490 -0.093210 -2.258743 -0.010426 
0.000000 0.878113 1.520173 0.963187 1.342174 0.469851 
0.000000 0.878113 2.650001 -0.260398 2.490792 -0.158387 
0.000000 0.878113 1.585600 0.264466 1.856249 -0.227641 
0.000000 0.878113 -1.253194 -0.486637 -1.216722 -0.047312 
0.000000 0.878113 2.585778 0.610904 2.557220 0.312810 
0.000000 0.878113 -1.040388 -0.177215 -0.746273 -0.121939 
0.000000 0.878113 -3.166562 0.148480 -3.053281 0.220354 
0.000000 0.878113 1.874766 0.264944 1.721881 -0.031250 
0.000000 0.878113 0.517460 -0.431044 0.493687 -0.282528 
0.000000 0.878113 1.705084 -0.180782 1.773032 -0.077497 
0.000000 0.878113 1.933751 -0.034508 1.580657 0.173096 
0.000000 0.878113 0.750552 0.286692 0.755125 0.196524 
0.000000 0.878113 -1.476272 -0.047269 -1.305821 -0.044978 
0.000000 0.878113 -2.347691 0.056834 -2.381093 0.048517 
0.000000 0.878113 1.308751 -0.030527 1.180079 0.200170 
0.000000 0.878113 -0.261921 0.187506 -0.282155 -0.149834 
0.000000 0.878113 0.518696 0.329979 0.308174 -0.054232 
0.000000 0.878113 -0.944306 -0.378448 -1.008460 -0.007551 
0.000000 0.878113 1.569283 0.029069 1.173388 -0.100844 
0.000000 0.878113 1.244608 0.061948 0.870507 0.122221 
0.000000 0.878113 2.467454 0.339139 2.396379 0.295285 
0.000000 0.878113 0.305975 0.015225 0.076730 -0.042380 
0.000000 0.878113 1.946883 0.460908 2.067220 0.081287 
0.000000 0.878113 -1.777867 -0.480279 -1.413781 -0.177812 
0.000000 0.878113 0.762160 0.120621 1.003871 0.208615 
0.000000 0.878113 -0.945066 0.485413 -0.982836 0.239020 
0.000000 0.878113 -0.537742 -0.431140 -0.270761 -0.139853 
0.000000 0.878113 0.736571 0.325553 0.718342 -0.065478 
0.000000 0.878113 0.294704 -0.004959 0.251293 0.067816 
0.000000 0.878113 1.381541 0.393193 1.275235 0.153996 
0.000000 0.878113 -2.770413 0.052028 -2.747028 0.103047 
0.000000 0.878113 -0.537039 0.543509 -0.591584 0.031157 
0.000000 0.878113 -0.861801 0.299416 -0.947359 0.056902 
0.000000 0.878113 0.225291 -0.033470 0.490518 -0.161516 
0.000000 0.878113 -0.139961 -0.061699 -0.068683 -0.114816 
0.000000 0.878113 1.783546 0.204454 1.760310 0.089274 
0.000000 0.878113 0.235348 -0.023158 -0.481803 0.106729 
0.000000 0.878113 -1.313490 -0.149771 -1.391693 0.020912 
0.000000 0.878113 -3.773304 -0.482791 -3.538048 -0.243154 
0.000000 0.878113 -1.727138 0.142486 -1.962544 -0.115820 
0.000000 0.878113 2.548931 0.608915 2.508849 -0.012913 
0.000000 0.878113 -2.072541 0.405958 -2.149617 -0.020637 
0.000000 0.878113 -1.254250 -0.255385 -0.774330 0.034753 
0.000000 0.878113 0.401288 -0.198006 0.506140 0.164349 
0.000000 0.878113 1.177709 0.395604 1.060801 0.324791 
0.000000 0.878113 3.941218 0.009916 3.876350 0.007304 
0.000000 0.878113 0.001334 0.168196 -0.185637 -0.034546 
0.000000 0.878113 -1.731370 -0.232008 -1.731233 0.056671 
0.000000 0.878113 1.212010 -0.052946 1.099473 0.069868 
0.000000 0.878113 -2.486853 -0.211830 -2.175487 -0.034369 
0.000000 0.878113 -1.355756 0.324062 -2.326410 0.019892 
0.000000 0.878113 -1.529665 -0.051478 -1.368329 -0.142469 
0.000000 0.878113 0.055355 -0.098749 0.178743 0.144838 
0.000000 0.878113 -0.061227 -0.092866 1.801469 -0.104577 
0.000000 0.878113 -0.793503 -0.058475 -0.733132 -0.068949 
0.000000 0.878113 0.438949 0.197489 0.306842 -0.119248 
0.000000 0.878113 1.518350 0.057516 1.453070 -0.001327 
0.000000 0.878113 1.528872 0.347179 1.463698 0.015129 
0.000000 0.878113 0.592427 -0.183601 1.048130 -0.246783 
0.000000 0.878113 2.450043 0.325643 2.648794 -0.071830 
0.000000 0.878113 -0.095139 -0.243574 -0.176928 0.040246 
0.000000 0.878113 3.969043 0.030483 3.621033 -0.020964 
0.000000 0.878113 1.304701 -0.071050 1.296975 0.059264 
0.000000 0.878113 0.672713 -0.018541 0.655936 -0.021621 
0.000000 0.878113 -1.402919 0.070715 -1.675097 0.173427 
0.000000 0.878113 1.477186 0.296512 1.687144 0.415415 
0.000000 0.878113 -1.053345 -0.200202 -1.196846 -0.295163 
0.000000 0.878113 -0.989614 -0.665355 -0.969063 -0.246556 
0.000000 0.878113 -0.678420 -0.055143 -0.685421 -0.060829 
0.000000 0.878113 0.250009 0.444145 0.035581 0.028023 
0.000000 0.878113 -0.989417 -0.088626 -0.809958 0.069225 
0.000000 0.878113 0.717353 0.245557 0.707697 0.305723 
0.000000 0.878113 0.074413 0.234823 0.081384 0.164018 
0.000000 0.878113 -1.599826 0.228661 -1.718866 0.148020 
0.000000 0.878113 -4.357807 0.319613 -4.349578 0.046164 
0.000000 0.878113 -0.037463 -0.277951 0.096063 -0.171819 
0.000000 0.878113 -1.380373 -0.419208 -1.162253 -0.195468 
0.000000 0.878113 1.592888 0.165220 1.295253 0.184194 
0.000000 0.878113 1.393730 0.225675 1.548315 0.234102 
0.000000 0.878113 -1.271217 0.377284 -0.793726 0.206919 
0.000000 1.084732 4.408605 0.588872 4.191588 0.195232 
0.000000 1.084732 -4.037706 -0.313490 -3.670395 0.037117 
0.000000 1.084732 1.699178 0.154554 1.855411 0.161834 
0.000000 1.084732 -0.938658 0.350305 -0.765189 0.048684 
0.000000 1.084732 1.733140 -0.026981 1.663038 -0.078416 
0.000000 1.084732 -0.678757 -0.238431 -0.802926 -0.259373 
0.000000 1.084732 0.054833 0.471548 -0.793284 0.176197 
0.000000 1.084732 3.104001 -0.020521 2.987057 0.081186 
0.000000 1.084732 -0.139790 -0.231280 -0.078879 -0.009792 
0.000000 1.084732 0.522081 -0.210205 -0.275107 0.074431 
0.000000 1.084732 -0.806085 -0.050075 -0.715085 0.145366 
0.000000 1.084732 -0.050084 -0.250005 -0.358263 -0.118176 
0.000000 1.084732 -1.692901 0.258729 -1.631501 -0.099584 
0.000000 1.084732 -1.848692 0.110874 -1.988368 0.048484 
0.000000 1.084732 2.248833 -0.144574 2.319370 -0.225360 
0.000000 1.084732 0.708485 -0.315667 0.392485 0.009964 
0.000000 1.084732 -1.917077 0.026752 -1.828728 0.127161 
0.000000 1.084732 2.463607 -0.361271 2.444247 -0.088122 
0.000000 1.084732 0.071666 -0.554219 -0.085189 -0.198319 
0.000000 1.084732 -2.158888 0.062835 -2.119275 -0.093636 
0.000000 1.084732 -0.199329 -0.446777 -0.099989 0.056853 
0.000000 1.084732 -0.183266 -0.019058 0.087800 -0.022558 
0.000000 1.084732 -1.575655 0.112181 -1.241785 0.017545 
0.000000 1.084732 -2.140404 0.237760 -2.072064 0.119961 
0.000000 1.084732 0.935300 -0.035418 0.719951 -0.078349 
0.000000 1.084732 -2.187311 -0.019866 -2.488347 0.094821 
0.000000 1.084732 -1.600792 0.194978 -1.405742 -0.153707 
0.000000 1.084732 1.026390 -0.264553 1.209280 0.008907 
0.000000 1.084732 0.240851 -0.700023 0.644863 -0.210809 
0.000000 1.084732 -1.628845 -0.332955 -1.780620 -0.087302 
0.000000 1.084732 -0.045019 0.418635 0.036503 0.050153 
0.000000 1.084732 -0.948654 -0.421549 -0.968129 0.180395 
0.000000 1.084732 -0.255245 0.408298 -0.441432 -0.017733 
0.000000 1.084732 -2.255394 0.381889 -2.083318 0.273032 
0.000000 1.084732 1.251511 0.131264 1.195520 -0.063279 
0.000000 1.084732 0.385366 -0.252419 0.624269 0.186686 
0.000000 1.084732 2.071418 -0.306310 2.116364 -0.044332 
0.000000 1.084732 -0.324271 -0.018704 -0.021050 0.001431 
0.000000 1.084732 -0.783330 -0.001028 -0.417160 0.063104 
0.000000 1.084732 -2.367993 0.297410 -2.460676 -0.002151 
0.000000 1.084732 0.802680 -0.253399 0.807693 -0.089581 
0.000000 1.084732 0.557458 -0.517812 0.557471 -0.301651 
0.000000 1.084732 1.224698 -0.130814 0.744479 0.083710 
0.000000 1.084732 -1.726256 1.018000 -1.284304 0.352579 
0.000000 1.084732 1.417226 -0.141771 1.573214 -0.072168 
0.000000 1.084732 -1.587382 0.284860 -1.818724 0.070257 
0.000000 1.084732 -0.433509 0.296597 -0.601946 -0.028391 
0.000000 1.084732 0.439097 -0.090155 1.508478 -0.109932 
0.000000 1.084732 2.401361 0.368082 1.332940 0.086567 
0.000000 1.084732 -0.449314 0.175333 -0.111032 0.115598 
0.000000 1.084732 2.001331 -0.207182 1.971416 -0.119133 
0.000000 1.084732 -2.779957 0.195835 -2.848400 -0.002812 
0.000000 1.084732 2.059136 -0.322243 1.111442 -0.014076 
0.000000 1.084732 0.139519 0.272040 0.083148 0.061758 
0.000000 1.084732 -0.214866 -0.058746 -0.182605 -0.012914 
0.000000 1.084732 0.604575 0.232366 0.346365 0.295345 
0.000000 1.084732 -1.793289 0.104048 -1.792162 0.209410 
0.000000 1.084732 -0.939180 -0.127131 -0.625438 -0.300177 
0.000000 1.084732 0.408634 0.394370 0.630964 0.022552 
0.000000 1.084732 -0.743815 0.204045 -0.781123 -0.127180 
0.000000 1.084732 0.464601 -0.168458 0.394792 -0.172024 
0.000000 1.084732 0.108451 -0.326055 0.047262 -0.081993 
0.000000 1.084732 1.306421 -0.336500 1.176247 -0.309506 
0.000000 1.084732 -0.877397 0.174397 -0.989060 0.158053 
0.000000 1.084732 -0.233619 0.242134 -0.055307 -0.013271 
0.000000 1.084732 -0.447539 0.414388 -0.087710 0.220879 
0.000000 1.084732 -1.702971 -0.026729 -1.358316 -0.085234 
0.000000 1.084732 -1.603613 0.614104 -1.638434 0.153414 
0.000000 1.084732 1.922912 0.294836 1.380071 -0.197706 
0.000000 1.084732 -0.699839 0.642436 -0.511505 0.041250 
0.000000 1.084732 1.575859 0.291140 1.114616 -0.034466 
0.000000 1.084732 0.242578 -0.560278 0.390369 -0.106240 
0.000000 1.084732 1.095240 0.319566 0.744839 0.007563 
0.000000 1.084732 1.424959 0.170663 1.376674 0.018556 
0.000000 1.084732 -2.478666 -0.076538 -2.890734 -0.088945 
0.000000 1.084732 1.577691 -0.195467 1.304493 0.010762 
0.000000 1.084732 0.594656 0.604747 0.449793 0.197080 
0.000000 1.084732 -0.276437 -0.308809 -0.379527 -0.191588 
0.000000 1.084732 2.810540 0.324257 2.581107 0.113481 
0.000000 1.084732 -0.383211 -0.416758 0.251970 -0.197336 
0.000000 1.084732 -1.286104 -0.347530 -1.231790 0.057568 
0.000000 1.084732 1.391444 -0.012798 1.473440 -0.063218 
0.000000 1.084732 0.433959 0.044007 0.793596 -0.008180 
0.000000 1.084732 1.864775 0.104585 0.987493 0.039194 
0.000000 1.084732 -1.939476 -0.231018 -1.990188 0.064284 
0.000000 1.084732 -2.832593 0.205435 -2.499969 0.262004 
0.000000 1.084732 -1.481647 -0.997655 -1.187040 0.014268 
0.000000 1.084732 0.958117 0.265488 1.228119 0.084550 
0.000000 1.084732 -0.432227 0.267162 -0.305441 0.064364 
0.000000 1.084732 2.532558 -0.216435 2.269117 -0.066997 
0.000000 1.084732 0.677967 -0.390124 0.754640 -0.115501 
0.000000 1.084732 1.759210 -0.017842 2.853373 0.061004 
0.000000 1.084732 -1.324995 -0.024118 -1.446775 0.019171 
0.000000 1.084732 -0.320432 -0.119638 -0.589048 -0.058373 
0.000000 1.084732 2.012857 0.991391 1.536090 -0.131506 
0.000000 1.084732 -0.965911 -0.226149 -0.984567 -0.254034 
0.000000 1.084732 0.955294 0.071702 1.025204 0.231431 
0.000000 1.084732 0.630145 -0.161556 0.409375 -0.075228 
0.000000 1.084732 1.452611 0.304701 1.412377 0.056052 
0.000000 1.084732 -0.035804 -0.150539 0.062919 0.300648 
0.000000 1.291771 1.675974 -0.232120 1.696934 -0.199447 
0.000000 1.291771 -1.791620 0.454665 -1.564884 0.152033 
0.000000 1.291771 -0.676798 -0.748655 -0.646975 -0.334394 
0.000000 1.291771 0.088639 -0.450081 -0.048610 0.012230 
0.000000 1.291771 0.189838 -0.065020 0.447159 -0.083523 
0.000000 1.291771 1.225234 -0.862212 1.051800 -0.076660 
0.000000 1.291771 2.302172 -0.101221 1.343820 -0.004339 
0.000000 1.291771 -0.314383 0.249656 -0.136033 -0.240281 
0.000000 1.291771 -1.559601 -0.041598 -1.471384 -0.060923 
0.000000 1.291771 1.636394 0.209603 1.378501 0.041139 
0.000000 1.291771 0.639902 -0.118966 0.546050 -0.132314 
0.000000 1.291771 -0.390183 -0.399839 -0.339920 -0.067649 
0.000000 1.291771 2.274087 0.600370 2.323173 -0.093107 
0.000000 1.291771 0.579292 -0.164167 0.464373 -0.036625 
0.000000 1.291771 0.901690 -0.158728 0.795713 0.146247 
0.000000 1.291771 0.758701 -0.094894 0.277385 -0.133390 
0.000000 1.291771 -3.051094 -0.642979 -2.336924 -0.260749 
0.000000 1.291771 0.600798 -0.258096 1.166809 -0.136298 
0.000000 1.291771 -0.705493 -0.135669 -0.892732 0.079164 
0.000000 1.291771 1.355277 0.080360 1.436414 0.144487 
0.000000 1.291771 -1.178828 -0.332064 -1.079022 -0.183380 
0.000000 1.291771 0.185430 -0.108277 0.240392 -0.044451 
0.000000 1.291771 0.819374 0.037164 0.819389 0.043086 
0.000000 1.291771 0.330962 0.237928 0.566733 0.088334 
0.000000 1.291771 0.102076 0.032034 0.182555 0.087287 
0.000000 1.291771 -0.244092 0.230941 0.012255 -0.031978 
0.000000 1.291771 -1.440390 0.252508 -1.427845 0.180720 
0.000000 1.291771 0.497142 0.081696 0.799764 -0.064813 
0.000000 1.291771 -0.680218 0.225213 -0.554921 0.134933 
0.000000 1.291771 -0.444955 0.202500 -0.218201 0.026677 
0.000000 1.291771 0.345440 0.159566 0.373921 -0.014871 
0.000000 1.291771 -0.578570 0.303347 -0.568719 0.092946 
0.000000 1.291771 -2.339428 0.555094 -2.239133 0.250421 
0.000000 1.291771 -1.214670 -0.542945 -1.134030 -0.287032 
0.000000 1.291771 -1.842474 -0.431444 -1.811938 -0.154657 
0.000000 1.291771 -1.056080 0.776615 -0.838474 0.124600 
0.000000 1.291771 -0.816116 -0.029551 -0.402870 -0.032481 
0.000000 1.291771 2.305419 -0.320414 1.901348 -0.195638 
0.000000 1.291771 0.260181 -0.651545 0.178679 -0.107364 
0.000000 1.291771 -1.970109 -0.033357 -1.998455 0.061948 
0.000000 1.291771 -1.689575 0.103125 -1.598320 0.189421 
0.000000 1.291771 -3.226463 -0.793741 -3.132375 0.028475 
0.000000 1.291771 0.128901 0.511069 -0.193938 0.131261 
0.000000 1.291771 1.288089 0.259671 1.307318 0.071259 
0.000000 1.291771 1.623113 -0.293145 1.301786 -0.078336 
0.000000 1.291771 -0.891107 -0.397129 -0.843673 -0.182617 
0.000000 1.291771 -3.179242 1.077820 -3.239922 0.285896 
0.000000 1.291771 -0.770963 -0.638918 -0.974102 -0.121824 
0.000000 1.291771 3.674489 0.184099 3.534272 0.013865 
0.000000 1.291771 0.094569 0.073158 -0.175199 0.100461 
0.000000 1.291771 1.901490 0.156742 2.010318 0.058902 
0.000000 1.291771 -0.703932 0.261543 -0.166493 -0.061507 
0.000000 1.291771 -0.388835 -0.165524 -0.463320 -0.117747 
0.000000 1.291771 -1.936990 0.357415 -1.319698 0.165436 
0.000000 1.291771 -1.109570 -0.083733 -0.978226 -0.082025 
0.000000 1.291771 1.483861 -0.000018 0.921369 -0.112765 
0.000000 1.291771 1.988163 0.241603 1.812105 0.253120 
0.000000 1.291771 0.049245 0.297465 0.575953 0.120330 
0.000000 1.291771 -0.220502 -0.075492 0.178662 0.179782 
0.000000 1.291771 -0.514997 -0.241187 -0.374267 -0.228698 
0.000000 1.291771 -1.546572 -0.143462 -1.343399 -0.049400 
0.000000 1.291771 -1.662117 -0.011545 -1.617651 -0.018392 
0.000000 1.291771 1.376986 0.168636 1.431091 -0.107318 
0.000000 1.291771 -0.734291 -0.388760 -0.724790 -0.209479 
0.000000 1.291771 -1.243913 0.128588 -1.033615 0.040527 
0.000000 1.291771 -2.926737 0.199789 -2.884570 0.090835 
0.000000 1.291771 2.927673 0.298189 2.798072 0.175427 
0.000000 1.291771 -1.694929 -0.197099 -1.650439 -0.094155 
0.000000 1.291771 0.428705 -0.166670 0.365812 -0.219836 
0.000000 1.291771 2.249308 0.090294 2.201544 -0.010078 
0.000000 1.291771 3.088128 -0.268317 2.381220 -0.099864 
0.000000 1.291771 2.077069 -0.155402 1.864730 0.081480 
0.000000 1.291771 -1.677179 0.029383 -1.738860 -0.018705 
0.000000 1.291771 -1.445288 0.076505 -1.495654 0.191583 
0.000000 1.291771 -1.343267 0.202743 -1.305423 0.184800 
0.000000 1.291771 0.017511 -0.016821 -0.111108 -0.100805 
0.000000 1.291771 -2.779165 -0.102893 -2.427510 -0.029038 
0.000000 1.291771 1.408387 0.036588 1.463544 -0.156096 
0.000000 1.291771 -1.325487 -0.297686 -0.497667 -0.276302 
0.000000 1.291771 1.451049 0.797286 3.121087 0.172217 
0.000000 1.291771 2.097498 0.135787 2.162137 0.180110 
0.000000 1.291771 -0.053626 0.288352 0.063899 -0.012733 
0.000000 1.291771 3.675794 -0.716547 3.314695 0.064051 
0.000000 1.291771 -1.211691 0.518994 -0.936644 0.058417 
0.000000 1.291771 -0.305157 0.076103 -0.448405 -0.050240 
0.000000 1.291771 -2.138684 -0.256849 -1.076385 0.028857 
0.000000 1.291771 -1.121820 -0.031571 -1.214659 0.040245 
0.000000 1.291771 0.515602 0.535416 0.598790 0.151351 
0.000000 1.291771 -1.128361 0.124940 -1.086573 -0.085058 
0.000000 1.291771 -0.974264 0.008045 -0.505224 -0.185412 
0.000000 1.291771 2.122354 -0.225566 2.258091 -0.081885 
0.000000 1.291771 2.337842 -0.465577 2.487327 -0.216288 
0.000000 1.291771 0.905665 0.077719 0.830197 -0.048840 
0.000000 1.291771 -0.076264 -0.291552 0.144360 0.006156 
0.000000 1.291771 0.207160 -0.049244 0.251339 -0.195298 
0.000000 1.291771 -3.240099 0.081696 -3.350613 -0.067001 
0.000000 1.291771 1.542819 -0.196248 1.088226 -0.163733 
0.000000 1.291771 -1.305763 0.007133 -1.300177 0.033891 
0.000000 1.291771 -0.264392 -0.278913 -0.135636 0.008068 
0.000000 1.291771 -0.393412 0.084001 -0.395720 -0.036339 
0.000000 1.496666 -1.590225 -0.287304 -1.482003 0.023935 
0.000000 1.496666 -0.412693 -0.118414 -0.581166 0.158511 
0.000000 1.496666 -0.412761 0.195424 -0.177803 0.061997 
0.000000 1.496666 1.874776 0.149533 1.573336 -0.015303 
0.000000 1.496666 0.061868 0.300081 -0.105188 0.205873 
0.000000 1.496666 0.574120 -0.034484 0.580984 -0.012587 
0.000000 1.496666 0.575017 -0.519660 0.766337 -0.212423 
0.000000 1.496666 2.545545 -0.279874 2.451912 -0.125635 
0.000000 1.496666 -2.008899 -0.264357 -2.027065 -0.112462 
0.000000 1.496666 1.123202 -0.358644 0.989742 -0.145152 
0.000000 1.496666 -0.804892 0.504909 -0.796845 0.196866 
0.000000 1.496666 -0.114219 0.189280 0.239199 0.147367 
0.000000 1.496666 -1.397879 -0.209513 -1.361231 0.064584 
0.000000 1.496666 -0.476201 -0.082930 -1.005462 -0.017319 
0.000000 1.496666 -1.509342 0.390627 -1.257222 0.079396 
0.000000 1.496666 0.820221 -0.430719 0.569091 -0.106943 
0.000000 1.496666 -1.813705 -0.278108 -1.846437 -0.093995 
0.000000 1.496666 0.651288 0.387733 -0.578150 0.142959 
0.000000 1.496666 -1.591983 0.100974 -1.478430 0.150539 
0.000000 1.496666 1.371314 -0.712477 1.937341 0.050046 
0.000000 1.496666 -1.752132 -0.439013 -1.485257 0.032789 
0.000000 1.496666 1.213227 0.564534 0.930096 0.113254 
0.000000 1.496666 -0.145213 0.201134 0.182522 0.124534 
0.000000 1.496666 1.401447 -0.046140 1.351777 -0.022659 
0.000000 1.496666 -1.103190 0.569801 -1.554718 0.266116 
0.000000 1.496666 -0.456756 0.166208 -0.630966 -0.074570 
0.000000 1.496666 -0.955733 -0.459752 -1.005491 -0.200361 
0.000000 1.496666 3.398031 0.382273 3.178668 -0.073234 
0.000000 1.496666 -2.116305 -0.420872 -1.957299 -0.045608 
0.000000 1.496666 1.742375 -0.237995 1.192087 0.048267 
0.000000 1.496666 -0.889322 -0.294559 -1.008053 -0.244207 
0.000000 1.496666 -1.137123 -0.286561 -1.079268 -0.058424 
0.000000 1.496666 -1.484420 0.068638 -1.383736 -0.294310 
0.000000 1.496666 2.753561 0.360041 2.364624 0.114734 
0.000000 1.496666 1.911447 0.074998 1.700537 -0.065213 
0.000000 1.496666 0.297645 -0.165112 0.415952 0.137069 
0.000000 1.496666 -0.773791 -0.124897 -0.803807 -0.148183 
0.000000 1.496666 -1.867798 0.203871 -1.743104 0.139551 
0.000000 1.496666 -3.054056 -0.041834 -3.198167 0.064209 
0.000000 1.496666 0.561698 -0.019483 0.499719 -0.144155 
0.000000 1.496666 0.332595 0.173717 0.300393 -0.024616 
0.000000 1.496666 -0.940875 -0.000066 -0.957521 0.113595 
0.000000 1.496666 0.219478 0.308313 0.245318 0.108774 
0.000000 1.496666 0.118092 0.172872 -0.011861 0.116589 
0.000000 1.496666 0.898758 -0.078763 0.729287 -0.097882 
0.000000 1.496666 0.898928 0.388103 0.948191 0.196211 
0.000000 1.496666 0.270658 0.153683 0.215619 0.005007 
0.000000 1.496666 0.335505 -0.114824 0.630630 0.135275 
0.000000 1.496666 2.024439 0.164655 0.169850 0.125600 
0.000000 1.496666 -0.320967 -0.025043 -0.495733 -0.064552 
0.000000 1.496666 1.688045 0.064665 0.862273 0.005552 
0.000000 1.496666 1.608785 -0.164011 1.572051 0.004315 
0.000000 1.496666 0.227881 -0.031103 -0.286812 0.030407 
0.000000 1.496666 -1.071799 0.221966 -1.147582 0.064272 
0.000000 1.496666 -0.634226 -0.201099 -0.675350 0.169323 
0.000000 1.496666 -0.400531 -0.117435 -0.664619 -0.087223 
0.000000 1.496666 -0.465953 0.061071 -0.425131 -0.041412 
0.000000 1.496666 -2.164432 0.005929 -2.226745 0.129629 
0.000000 1.496666 1.271507 -0.621295 1.106238 -0.360752 
0.000000 1.496666 2.058709 -0.245623 2.046807 -0.152236 
0.000000 1.496666 0.235520 -0.119098 -0.057031 -0.131632 
0.000000 1.496666 -0.514097 -0.308181 -0.782021 -0.057597 
0.000000 1.496666 1.252182 0.012965 1.029588 -0.337508 
0.000000 1.496666 0.147832 -0.148728 -0.372310 0.044384 
0.000000 1.496666 2.637604 -0.099584 2.738726 -0.122630 
0.000000 1.496666 0.256684 0.642215 -0.785892 0.191165 
0.000000 1.496666 1.461023 -0.033729 1.437333 0.095350 
0.000000 1.496666 0.312537 0.150158 0.243299 0.071605 
0.000000 1.496666 -0.798388 0.453061 -1.689251 0.429387 
0.000000 1.496666 0.858052 -0.049762 1.199591 -0.079239 
0.000000 1.496666 0.646208 0.127479 0.670554 0.038656 
0.000000 1.496666 -2.248217 -0.226033 -2.078966 0.036480 
0.000000 1.496666 -0.260993 0.159656 -0.176803 0.022525 
0.000000 1.496666 0.665740 -0.058105 0.774085 0.152175 
0.000000 1.496666 0.465344 0.284125 0.445830 0.175415 
0.000000 1.496666 -1.529584 -0.044298 -1.773761 -0.166082 
0.000000 1.496666 -0.780825 -0.169452 -0.727186 -0.039291 
0.000000 1.496666 -3.470556 0.301191 -3.085852 0.135943 
0.000000 1.496666 3.112795 0.383351 2.999178 -0.015616 
0.000000 1.496666 1.518368 0.497780 1.410446 0.064365 
0.000000 1.496666 2.143663 -0.047719 1.603815 0.173205 
0.000000 1.496666 1.211756 0.292349 0.322532 -0.024860 
0.000000 1.496666 1.265444 -0.324473 0.629098 -0.076585 
0.000000 1.496666 0.175310 -0.844968 -0.208893 -0.185758 
0.000000 1.496666 -0.613373 0.002614 -0.439796 -0.285897 
0.000000 1.496666 0.136002 -0.304385 -0.154333 -0.065345 
0.000000 1.496666 1.789204 0.235406 1.644391 -0.046268 
0.000000 1.496666 1.578133 0.191995 1.523867 0.161137 
0.000000 1.496666 -0.497493 0.273841 -1.571197 -0.019162 
0.000000 1.496666 0.604053 -0.035997 0.622222 -0.009909 
0.000000 1.496666 0.309105 0.639494 0.375396 0.457096 
0.000000 1.496666 -1.017092 0.095005 -0.600299 -0.123055 
0.000000 1.496666 1.315292 0.061805 1.344001 -0.141790 
0.000000 1.496666 -0.566948 -0.180647 -0.450815 0.080011 
0.000000 1.496666 -2.823653 0.298931 -3.239986 0.119394 
0.000000 1.496666 -0.078675 0.093533 -0.332564 -0.027496 
0.000000 1.496666 -1.412544 0.053628 -1.663661 0.020616 
0.000000 1.496666 0.077392 -0.171048 -0.155114 -0.139955 
0.000000 1.496666 -0.264936 -0.390749 -0.557479 0.043251 
0.000000 1.496666 -0.419982 -0.262743 0.023084 -0.088520 
0.000000 1.703766 1.797489 0.119796 1.797601 0.234207 
0.000000 1.703766 1.462214 0.922655 1.426514 0.042757 
0.000000 1.703766 2.344823 0.272552 1.911909 0.035059 
0.000000 1.703766 1.336384 0.448864 1.924733 0.307675 
0.000000 1.703766 -0.603138 -0.128630 -0.394060 0.066964 
0.000000 1.703766 0.497767 -0.297253 0.492589 -0.201101 
0.000000 1.703766 0.652456 -0.393077 0.496002 -0.188629 
0.000000 1.703766 -1.008629 -0.128866 -1.102521 -0.004524 
0.000000 1.703766 -0.332801 -0.272120 -0.466841 -0.213740 
0.000000 1.703766 -1.370861 0.289582 -1.067866 -0.075531 
0.000000 1.703766 -1.220044 0.270549 -1.015776 0.146766 
0.000000 1.703766 0.816432 -0.171837 0.836839 -0.045006 
0.000000 1.703766 1.623218 0.351671 0.994606 0.034660 
0.000000 1.703766 2.135877 0.262117 2.051782 0.454503 
0.000000 1.703766 -1.206616 -0.179416 -1.203407 -0.060411 
0.000000 1.703766 0.415981 0.321312 0.428623 0.224164 
0.000000 1.703766 -1.570785 0.582563 -1.571428 0.068254 
0.000000 1.703766 -0.269114 0.353572 -0.291163 0.194621 
0.000000 1.703766 -1.597653 0.690815 -1.749348 0.242168 
0.000000 1.703766 -1.556635 0.077193 -1.534126 0.287519 
0.000000 1.703766 -0.446472 0.339643 -0.199171 0.035882 
0.000000 1.703766 -0.379479 0.297997 -0.482915 0.057499 
0.000000 1.703766 -0.315190 0.030917 -0.341852 0.072668 
0.000000 1.703766 -2.659174 -0.168555 -2.599064 -0.113210 
0.000000 1.703766 -0.280995 -0.108615 -0.763766 -0.100178 
0.000000 1.703766 1.950677 0.138700 1.951552 0.148829 
0.000000 1.703766 -0.255040 0.317286 -0.206837 0.235377 
0.000000 1.703766 -0.217493 0.156647 0.016239 -0.089685 
0.000000 1.703766 0.712836 0.261671 0.870013 0.005203 
0.000000 1.703766 1.411235 -0.209269 1.253470 0.198533 
0.000000 1.703766 0.510996 0.035521 0.349151 -0.100070 
0.000000 1.703766 0.089292 0.467380 -0.046773 0.129848 
0.000000 1.703766 2.852884 -0.434152 2.669259 -0.256111 
0.000000 1.703766 -0.357662 0.156412 0.515391 0.028636 
0.000000 1.703766 1.254806 0.079265 0.831354 -0.096083 
0.000000 1.703766 2.363862 0.521322 2.558027 0.004053 
0.000000 1.703766 0.954935 0.305874 0.875458 0.284448 
0.000000 1.703766 -1.453482 -0.067427 -1.328426 -0.235054 
0.000000 1.703766 -0.821742 0.026848 -0.970159 -0.097902 
0.000000 1.703766 0.005526 0.280282 0.726378 0.048817 
0.000000 1.703766 -0.952486 0.544215 -0.951856 0.381869 
0.000000 1.703766 0.705900 -0.185605 0.765461 -0.074422 
0.000000 1.703766 0.491287 0.477079 0.775504 0.078341 
0.000000 1.703766 -1.600830 0.178247 -1.623360 0.024989 
0.000000 1.703766 0.027823 -0.297963 0.018108 -0.043439 
0.000000 1.703766 0.177764 0.213160 0.413637 0.115925 
0.000000 1.703766 0.435737 -0.146782 0.103847 -0.146136 
0.000000 1.703766 1.217682 -0.283760 0.904230 0.042966 
0.000000 1.703766 1.115052 0.006331 1.170351 -0.130711 
0.000000 1.703766 -0.645394 0.023110 -0.675564 0.129991 
0.000000 1.703766 1.441912 -0.090528 1.038334 -0.099059 
0.000000 1.703766 -1.565175 0.181321 -1.594673 0.261603 
0.000000 1.703766 -0.820103 -0.159784 -0.713466 -0.253955 
0.000000 1.703766 0.354918 -0.255300 0.337989 -0.153707 
0.000000 1.703766 -0.038953 -0.053386 0.570983 -0.134284 
0.000000 1.703766 -0.078748 0.150608 0.533768 0.011759 
0.000000 1.703766 0.998577 -0.268799 0.752514 0.119581 
0.000000 1.703766 -3.061193 0.345021 -2.899036 -0.163142 
0.000000 1.703766 -3.529352 -0.029680 -3.327848 0.045306 
0.000000 1.703766 1.573263 -0.446520 1.484192 -0.226961 
0.000000 1.703766 -0.980499 -0.033249 -0.957748 -0.126439 
0.000000 1.703766 -0.608932 -0.145331 -0.473933 0.132241 
0.000000 1.703766 -0.378339 0.614202 -0.785377 0.397159 
0.000000 1.703766 -0.671422 0.358577 -0.455936 0.479447 
0.000000 1.703766 -0.731040 -0.210499 -0.932223 -0.033569 
0.000000 1.703766 -1.095794 -0.075998 -1.133910 -0.150899 
0.000000 1.703766 -2.495510 -0.003745 -2.312100 0.129303 
0.000000 1.703766 -1.160401 0.648965 -0.730010 0.208210 
0.000000 1.703766 0.190326 0.500012 0.094738 0.171073 
0.000000 1.703766 -0.247985 0.052238 -0.273258 -0.061978 
0.000000 1.703766 1.600448 -0.780897 1.525660 -0.066818 
0.000000 1.703766 0.014722 0.290422 0.014710 0.216457 
0.000000 1.703766 -2.336714 -0.220924 -1.929966 -0.170212 
0.000000 1.703766 -2.816138 0.376614 -2.014549 -0.086245 
0.000000 1.703766 -1.726128 -0.439623 -1.561865 0.093672 
0.000000 1.703766 0.213379 -0.220915 -0.012999 -0.158814 
0.000000 1.703766 1.640139 0.454266 1.695771 -0.004044 
0.000000 1.703766 1.116981 -0.871879 1.139069 -0.168414 
0.000000 1.703766 0.167522 0.287544 0.174327 0.283439 
0.000000 1.703766 1.578884 -0.387815 1.616235 -0.005143 
0.000000 1.703766 -0.058799 -0.311613 0.349663 -0.094923 
0.000000 1.703766 1.973155 -0.540033 1.891173 -0.156269 
0.000000 1.703766 1.785984 0.017124 1.651549 0.272514 
0.000000 1.703766 1.640770 -0.578831 -0.256834 -0.262401 
0.000000 1.703766 0.217796 0.163795 0.377580 0.276349 
0.000000 1.703766 0.679175 -0.535336 0.728846 -0.319674 
0.000000 1.703766 0.873063 0.162854 1.012234 0.135410 
0.000000 1.703766 -2.277076 -0.016132 -2.111741 0.024974 
0.000000 1.703766 -2.917635 0.414750 -2.859078 0.228037 
0.000000 1.703766 2.270408 -0.036371 2.506601 0.049860 
0.000000 1.703766 -2.109107 -0.003796 -1.852498 0.175404 
0.000000 1.703766 0.032709 0.326287 0.105505 0.349901 
0.000000 1.703766 0.737052 0.140458 1.002104 0.054145 
0.000000 1.703766 -0.556278 0.633060 -0.132992 0.368177 
0.000000 1.703766 -0.849176 -0.015659 -0.949143 -0.055593 
0.000000 1.703766 -1.413697 -0.034508 -1.534910 -0.053831 
0.000000 1.703766 1.716365 -0.736924 1.518240 -0.262172 
0.000000 1.703766 1.299684 -0.477606 1.044411 -0.178031 
0.000000 1.703766 0.667373 -0.283687 0.628538 -0.074722 
0.000000 1.703766 -0.925132 0.115782 0.036494 0.071969 
0.000000 1.909355 1.635426 0.264705 1.901573 0.078228 
0.000000 1.909355 1.196220 -0.561081 1.103736 -0.296585 
0.000000 1.909355 1.197980 -1.391725 0.788228 -0.177271 
0.000000 1.909355 1.590469 0.363889 1.477865 0.101379 
0.000000 1.909355 -1.652566 0.221735 -1.643399 0.108815 
0.000000 1.909355 -2.636604 0.272711 -2.100105 0.165934 
0.000000 1.909355 -0.891139 0.033176 -0.843292 -0.144772 
0.000000 1.909355 -0.180665 -0.571233 -0.318378 -0.055099 
0.000000 1.909355 1.754409 -0.469052 2.288568 -0.265404 
0.000000 1.909355 1.133856 -0.258459 0.882890 -0.189655 
0.000000 1.909355 1.176865 -0.096333 0.648326 -0.156139 
0.000000 1.909355 0.650637 0.296115 0.563297 0.071564 
0.000000 1.909355 -1.600923 0.191438 -1.830906 0.004514 
0.000000 1.909355 1.287276 0.065099 1.011262 0.050132 
0.000000 1.909355 -2.033020 -0.391227 -2.003144 -0.125038 
0.000000 1.909355 1.038711 -0.139294 1.023427 -0.000691 
0.000000 1.909355 1.514444 -0.117120 1.406506 -0.053884 
0.000000 1.909355 -0.302723 0.088731 -0.546229 0.102594 
0.000000 1.909355 1.491551 -0.607905 0.885163 -0.159487 
0.000000 1.909355 0.021906 -0.174165 -0.455284 -0.086959 
0.000000 1.909355 2.019753 -0.127297 2.001023 0.207230 
0.000000 1.909355 0.842244 -0.008831 0.842327 -0.025193 
0.000000 1.909355 -0.990395 0.473026 -1.006099 0.292714 
0.000000 1.909355 1.450453 -0.057727 1.505940 0.067797 
0.000000 1.909355 -1.860680 0.354606 -1.806791 0.246824 
0.000000 1.909355 0.041923 0.262450 0.009033 -0.043917 
0.000000 1.909355 0.397179 -0.026568 0.726399 0.141565 
0.000000 1.909355 0.102073 -0.083513 0.260814 0.081415 
0.000000 1.909355 0.257871 0.306483 -0.092772 -0.109298 
0.000000 1.909355 1.076231 0.650399 0.843441 0.078093 
0.000000 1.909355 -1.934054 0.601220 -2.319617 0.047648 
0.000000 1.909355 0.387111 -0.198343 0.344751 0.018990 
0.000000 1.909355 0.777808 -0.034561 0.825794 0.052138 
0.000000 1.909355 1.084636 0.004628 1.019700 0.035851 
0.000000 1.909355 4.308239 -0.391731 4.233780 -0.133531 
0.000000 1.909355 -0.317059 -0.110412 -0.360653 -0.106365 
0.000000 1.909355 -1.447114 0.138573 -1.705735 0.070849 
0.000000 1.909355 2.268399 0.321829 2.218723 0.000531 
0.000000 1.909355 0.379478 0.600213 0.400412 0.062290 
0.000000 1.909355 2.031554 0.179101 1.513272 -0.075535 
0.000000 1.909355 0.891564 -0.762704 -0.041396 0.297149 
0.000000 1.909355 -0.072475 -0.263233 -0.431985 0.072417 
0.000000 1.909355 0.534199 -0.174246 0.766362 -0.117863 
0.000000 1.909355 -0.964077 -0.248524 -0.354514 -0.001230 
0.000000 1.909355 -0.244742 0.090052 -0.370797 0.184351 
0.000000 1.909355 1.571818 -0.270435 1.479931 -0.083483 
0.000000 1.909355 -2.135819 -0.352888 -2.129558 -0.102100 
0.000000 1.909355 0.883055 0.135889 0.738859 0.209144 
0.000000 1.909355 0.303471 0.613337 0.860965 0.193459 
0.000000 1.909355 -1.373004 -0.512341 -0.787730 -0.154062 
0.000000 1.909355 -0.175485 -0.209040 -0.219573 0.015666 
0.000000 1.909355 -1.424173 0.242232 -1.195360 0.098913 
0.000000 1.909355 -1.993469 0.247125 -1.991136 0.145123 
0.000000 1.909355 0.011634 -0.116688 0.052737 -0.112885 
0.000000 1.909355 2.059857 0.093496 1.460944 -0.044736 
0.000000 1.909355 0.300565 0.044900 0.388863 0.128725 
0.000000 1.909355 -0.937021 -0.298760 -0.944214 0.002002 
0.000000 1.909355 -0.368409 -0.423900 -0.232022 -0.126568 
0.000000 1.909355 0.031364 0.165142 -0.084384 0.122430 
0.000000 1.909355 0.494377 0.026092 -0.258795 0.074955 
0.000000 1.909355 -0.801832 -0.037975 -0.821839 0.006181 
0.000000 1.909355 -1.026445 0.197815 -1.024757 -0.198106 
0.000000 1.909355 -0.393859 -0.122920 0.327457 -0.094235 
0.000000 1.909355 -1.501489 0.024241 -1.651433 0.243426 
0.000000 1.909355 1.689084 -0.111095 1.886400 -0.252780 
0.000000 1.909355 -2.210850 0.417406 -2.205353 0.004277 
0.000000 1.909355 3.989054 -0.145681 3.880623 0.084500 
0.000000 1.909355 -0.085945 0.016872 0.113180 0.189158 
0.000000 1.909355 1.546634 -0.498391 1.183039 -0.067682 
0.000000 1.909355 -1.103057 0.625070 -2.200308 0.024637 
0.000000 1.909355 0.200856 0.126097 0.441583 0.197697 
0.000000 1.909355 -1.254208 -0.276697 -0.784653 -0.123970 
0.000000 1.909355 -1.989737 0.097550 -1.923673 0.071442 
0.000000 1.909355 -0.621255 -0.042352 -0.707707 -0.081426 
0.000000 1.909355 0.399327 -0.044249 0.332247 -0.003484 
0.000000 1.909355 -1.400139 0.565931 -1.034966 0.133003 
0.000000 1.909355 1.309331 -0.236237 1.443210 0.002819 
0.000000 1.909355 0.617373 0.330502 1.010520 0.126462 
0.000000 1.909355 -0.272331 -0.569542 -0.183042 -0.334087 
0.000000 1.909355 -2.322372 0.700682 -1.978291 0.326907 
0.000000 1.909355 1.139332 0.005256 1.418927 -0.036387 
0.000000 1.909355 0.406695 -0.161678 0.360543 -0.155043 
0.000000 1.909355 -4.068684 -0.702129 -4.382110 -0.138457 
0.000000 1.909355 -0.233013 0.239496 0.246017 0.075728 
0.000000 1.909355 0.569398 -0.371824 0.332163 -0.086322 
0.000000 1.909355 1.429207 -0.078384 1.503704 -0.056888 
0.000000 1.909355 -1.270606 -0.185731 -1.117300 -0.111675 
0.000000 1.909355 1.293692 -0.211228 1.355126 -0.061356 
0.000000 1.909355 1.033162 -0.011312 1.260980 -0.004594 
0.000000 1.909355 -1.223502 0.453749 -1.058769 0.051320 
0.000000 1.909355 -0.796197 -0.025828 -0.676074 -0.083045 
0.000000 1.909355 -2.837867 -0.020028 -2.561143 -0.055596 
0.000000 1.909355 0.714096 0.085900 0.489582 0.148398 
0.000000 1.909355 -1.141441 0.054227 -0.864880 -0.188666 
0.000000 1.909355 1.489755 -0.018908 1.447014 0.108485 
0.000000 1.909355 -1.559352 0.298373 -1.942559 0.174513 
0.000000 1.909355 0.836556 -0.058655 0.806230 -0.024341 
0.000000 1.909355 0.146841 -0.276857 0.138531 -0.288618 
0.000000 1.909355 -0.651629 -0.448289 -0.596589 -0.110753 
0.000000 1.909355 -1.541561 -0.015727 -1.453076 0.064440 
0.000000 2.116753 -0.190823 0.172024 -0.340802 -0.048861 
0.000000 2.116753 2.964844 0.233919 3.066121 -0.021088 
0.000000 2.116753 0.513556 0.149600 0.361593 0.073206 
0.000000 2.116753 2.638159 0.326738 2.626726 0.265255 
0.000000 2.116753 -1.208421 0.660309 -1.076299 0.168757 
0.000000 2.116753 0.344818 0.059253 0.202538 0.035873 
0.000000 2.116753 -0.542534 -0.135531 -0.972217 -0.092022 
0.000000 2.116753 0.665768 0.196219 0.538857 -0.115998 
0.000000 2.116753 -0.391782 -0.863706 -0.399825 -0.115472 
0.000000 2.116753 -0.825931 0.368410 -0.518673 0.066497 
0.000000 2.116753 -1.997933 -0.068852 -2.234379 0.062103 
0.000000 2.116753 2.810409 0.286916 2.807040 0.201632 
0.000000 2.116753 -0.914410 0.089976 -1.757476 -0.041135 
0.000000 2.116753 0.787384 0.089408 0.754376 -0.018559 
0.000000 2.116753 1.302063 -0.424487 0.547616 -0.255044 
0.000000 2.116753 1.116678 -0.057024 1.051596 -0.156432 
0.000000 2.116753 0.474389 -0.489481 0.487897 -0.326592 
0.000000 2.116753 -1.153498 0.055621 -1.160428 0.033951 
0.000000 2.116753 0.955912 0.088826 0.994587 0.055835 
0.000000 2.116753 1.383509 0.490284 1.342943 0.115090 
0.000000 2.116753 -0.246145 -0.350279 -0.231582 -0.249754 
0.000000 2.116753 1.214134 0.435446 1.280887 0.155104 
0.000000 2.116753 -1.474646 -0.200202 -1.027187 -0.008492 
0.000000 2.116753 -3.689797 -0.483476 -3.612563 -0.153440 
0.000000 2.116753 -0.595783 0.257436 -0.554787 0.028933 
0.000000 2.116753 -0.803391 -0.261333 -0.857975 -0.069670 
0.000000 2.116753 0.442628 0.008699 0.344114 0.134112 
0.000000 2.116753 -1.077583 -0.738704 -0.871003 -0.132159 
0.000000 2.116753 -1.238209 0.193258 -1.241359 0.082584 
0.000000 2.116753 1.425962 -0.238866 1.468353 -0.198792 
0.000000 2.116753 0.725646 -0.267635 0.364742 0.103503 
0.000000 2.116753 -0.281001 0.242146 -0.023818 0.088064 
0.000000 2.116753 -1.745613 -0.148960 -1.692168 -0.101190 
0.000000 2.116753 -2.949204 0.658536 -2.890330 0.067215 
0.000000 2.116753 0.458170 0.275192 0.435049 -0.123519 
0.000000 2.116753 -3.154878 0.405117 -3.174842 0.047751 
0.000000 2.116753 0.134326 -0.160621 0.756343 0.023540 
0.000000 2.116753 0.392926 0.554024 0.063511 0.039305 
0.000000 2.116753 2.242792 -0.042124 2.547133 0.097730 
0.000000 2.116753 -1.401446 -0.334786 -1.298206 0.099672 
0.000000 2.116753 -0.791774 0.337315 -0.702190 0.306257 
0.000000 2.116753 0.055809 -0.317320 0.474058 -0.201329 
0.000000 2.116753 0.625461 0.295707 0.485095 0.047431 
0.000000 2.116753 0.872669 -0.484313 0.689243 -0.130425 
0.000000 2.116753 0.903290 0.156001 0.752584 0.001564 
0.000000 2.116753 0.103133 -0.141392 -0.003542 0.041237 
0.000000 2.116753 -1.714782 0.129798 -1.759085 0.221044 
0.000000 2.116753 0.821243 0.032315 1.005305 0.184876 
0.000000 2.116753 -0.068814 0.261391 1.925901 0.114273 
0.000000 2.116753 -0.291460 0.015249 -0.186835 0.102423 
0.000000 2.116753 -3.371344 0.251333 -3.438012 0.157982 
0.000000 2.116753 0.777840 -0.388164 0.643226 -0.154693 
0.000000 2.116753 0.041150 0.088787 -0.143478 0.146904 
0.000000 2.116753 0.458101 0.046712 0.724488 0.106833 
0.000000 2.116753 0.982456 -0.335873 0.939939 -0.315250 
0.000000 2.116753 -1.849608 -0.320832 -1.995508 0.067298 
0.000000 2.116753 -1.613636 0.533055 -1.475080 0.136207 
0.000000 2.116753 0.905255 1.107022 0.837694 -0.083415 
0.000000 2.116753 -1.639362 -0.059709 -1.563451 -0.235509 
0.000000 2.116753 1.106816 -0.026539 1.202675 -0.022109 
0.000000 2.116753 1.042594 0.145571 1.203292 0.071544 
0.000000 2.116753 -0.625129 0.110651 0.346628 -0.000975 
0.000000 2.116753 1.242487 0.421758 1.233804 0.120940 
0.000000 2.116753 0.105762 -0.411553 -0.077074 -0.183422 
0.000000 2.116753 0.889318 -0.159855 0.384237 -0.234870 
0.000000 2.116753 0.684063 -0.024799 0.707026 0.004131 
0.000000 2.116753 -0.208247 -0.366186 -0.082431 -0.169467 
0.000000 2.116753 1.926375 -0.177554 1.606248 -0.061844 
0.000000 2.116753 0.763935 0.082522 0.777119 0.102914 
0.000000 2.116753 -0.731685 -0.322930 -0.286051 0.142589 
0.000000 2.116753 -0.775290 0.014004 -0.963634 -0.087859 
0.000000 2.116753 0.084768 0.071997 0.043324 -0.035550 
0.000000 2.116753 -0.389451 0.506803 -0.453190 0.321964 
0.000000 2.116753 -1.185718 0.169042 -1.170920 -0.026207 
0.000000 2.116753 1.285423 -0.765497 0.975107 -0.235145 
0.000000 2.116753 1.388053 -0.064609 1.199293 0.070618 
0.000000 2.116753 1.474990 -0.103297 1.112845 0.077939 
0.000000 2.116753 0.115274 -0.394814 0.191910 -0.218609 
0.000000 2.116753 -0.295704 0.326507 -0.167502 0.151111 
0.000000 2.116753 3.455645 -0.011245 3.341076 -0.052192 
0.000000 2.116753 2.561994 -0.096291 2.207796 0.232458 
0.000000 2.116753 -0.282320 0.111899 -0.321857 0.023038 
0.000000 2.116753 -1.389634 -0.405051 -1.465344 -0.221586 
0.000000 2.116753 0.305026 -0.255171 0.352088 0.112446 
0.000000 2.116753 1.694710 -0.681778 2.310672 -0.199380 
0.000000 2.116753 3.137522 0.166519 1.638628 0.092814 
0.000000 2.116753 0.745020 0.059431 0.278936 0.111452 
0.000000 2.116753 1.562743 -0.462895 1.113555 0.215884 
0.000000 2.116753 0.948859 0.285702 -0.426993 -0.027851 
0.000000 2.116753 -0.072153 -0.029557 -0.559269 0.124134 
0.000000 2.116753 -0.861792 -0.163897 -0.816901 0.246536 
0.000000 2.116753 -3.179957 0.184111 -3.007240 0.037690 
0.000000 2.116753 2.913721 -0.529472 2.587641 -0.030818 
0.000000 2.116753 0.450226 -0.107568 0.563727 0.073417 
0.000000 2.116753 -1.328549 0.517030 -1.493265 0.073240 
0.000000 2.116753 -0.966993 0.070454 -0.916898 0.146463 
0.000000 2.116753 1.224054 -0.143272 0.957191 -0.170937 
0.000000 2.116753 -0.436396 -0.653437 -0.963482 -0.161446 
0.000000 2.116753 1.670452 0.020967 1.529527 -0.058118 
0.000000 2.116753 1.505279 0.477473 1.509901 0.209735 
