0.000000 2.874023 1.086509 -0.111404 0.016669 
0.000000 2.874023 1.259196 -0.128763 0.060082 
0.000000 2.874023 1.407729 -0.146042 -0.073798 
0.000000 2.874023 1.287668 -0.131818 0.121291 
0.000000 2.874023 1.676140 -0.162202 -0.025412 
0.000000 2.874023 1.140445 -0.115284 -0.001366 
0.000000 2.874023 1.583381 -0.166160 -0.012558 
0.000000 2.874023 1.799444 -0.175861 -0.025857 
0.000000 2.874023 1.405413 -0.145489 -0.053188 
0.000000 2.874023 1.481755 -0.150131 -0.021743 
0.000000 2.874023 1.474099 -0.148731 0.001494 
0.000000 2.874023 1.187036 -0.116932 -0.023883 
0.000000 2.874023 1.211089 -0.119273 0.025480 
0.000000 2.874023 1.716448 -0.173224 -0.018321 
0.000000 2.874023 1.331380 -0.127008 0.071950 
0.000000 2.874023 1.369264 -0.140590 -0.091552 
0.000000 2.874023 1.151514 -0.116999 0.078057 
0.000000 2.874023 1.455069 -0.149537 -0.052321 
0.000000 2.874023 1.302913 -0.127006 0.010400 
0.000000 2.874023 1.548821 -0.147112 -0.023555 
0.000000 2.874023 1.275045 -0.134912 -0.088061 
0.000000 2.874023 1.277493 -0.132713 0.039176 
0.000000 2.874023 1.730598 -0.171831 0.020024 
0.000000 2.874023 1.460679 -0.144966 -0.016316 
0.000000 2.874023 1.346392 -0.138645 -0.022765 
0.000000 2.874023 1.605859 -0.159905 -0.002898 
0.000000 2.874023 1.438168 -0.148335 -0.036334 
0.000000 2.874023 1.359159 -0.135378 0.028121 
0.000000 2.874023 1.396225 -0.149266 -0.075195 
0.000000 2.874023 1.187406 -0.120336 0.036108 
0.000000 2.874023 1.490330 -0.154029 0.080408 
0.000000 2.874023 1.563129 -0.155876 0.008356 
0.000000 2.874023 1.386382 -0.148784 -0.069484 
0.000000 2.874023 1.461460 -0.144449 -0.013882 
0.000000 2.874023 1.145398 -0.115878 -0.034523 
0.000000 2.874023 1.381008 -0.148290 0.020044 
0.000000 2.874023 1.039567 -0.106392 -0.030767 
0.000000 2.874023 1.596235 -0.165090 -0.030744 
0.000000 2.874023 1.534199 -0.158202 -0.076250 
0.000000 2.874023 1.688240 -0.165837 0.016418 
0.000000 2.874023 1.935724 -0.190571 -0.014225 
0.000000 2.874023 1.568962 -0.157508 -0.011091 
0.000000 2.874023 1.111190 -0.113858 0.000741 
0.000000 2.874023 1.390662 -0.137642 0.004329 
0.000000 2.874023 1.425874 -0.138219 -0.018850 
0.000000 2.874023 1.222309 -0.126526 0.110086 
0.000000 2.874023 1.277383 -0.125137 0.032960 
0.000000 2.874023 1.297810 -0.136151 0.077639 
0.000000 2.874023 1.331253 -0.138480 0.027578 
0.000000 2.874023 1.482266 -0.150812 -0.101028 
0.000000 2.874023 1.434834 -0.146096 0.019309 
0.000000 2.874023 1.620044 -0.161548 0.042822 
0.000000 2.874023 1.762933 -0.176871 -0.001255 
0.000000 2.874023 1.423497 -0.144268 0.020055 
0.000000 2.874023 1.426842 -0.137386 0.025992 
0.000000 2.874023 1.246275 -0.126960 -0.036641 
0.000000 2.874023 1.171365 -0.115351 -0.005167 
0.000000 2.874023 1.551785 -0.153712 0.028237 
0.000000 2.874023 0.946619 -0.094827 -0.004716 
0.000000 2.874023 1.449927 -0.150938 0.022166 
0.000000 2.874023 1.594117 -0.158922 -0.078216 
0.000000 2.874023 1.357680 -0.147251 0.049607 
0.000000 2.874023 1.328638 -0.133444 0.048676 
0.000000 2.874023 1.282588 -0.128702 0.006914 
0.000000 2.874023 1.551968 -0.149942 -0.062461 
0.000000 2.874023 1.275809 -0.125228 -0.007174 
0.000000 2.874023 1.227586 -0.126516 0.013063 
0.000000 2.874023 1.386665 -0.137229 -0.053374 
0.000000 2.874023 1.253704 -0.122016 -0.052134 
0.000000 2.874023 1.497653 -0.151504 -0.080311 
0.000000 2.874023 1.281716 -0.127439 -0.002166 
0.000000 2.874023 1.445663 -0.154863 -0.002851 
0.000000 2.874023 1.286485 -0.132070 0.019050 
0.000000 2.874023 1.160751 -0.120455 0.070549 
0.000000 2.874023 1.299923 -0.129990 -0.000277 
0.000000 2.874023 1.374721 -0.142164 -0.085187 
0.000000 2.874023 1.296057 -0.132804 -0.013565 
0.000000 2.874023 1.118504 -0.107270 0.015740 
0.000000 2.874023 1.414711 -0.142179 -0.073193 
0.000000 2.874023 1.426027 -0.139167 -0.016733 
0.000000 2.874023 1.454316 -0.146530 0.026641 
0.000000 2.874023 1.761052 -0.172989 0.028750 
0.000000 2.874023 1.177277 -0.113656 -0.012722 
0.000000 2.874023 1.466234 -0.149114 -0.003565 
0.000000 2.874023 1.498468 -0.160151 0.013954 
0.000000 2.874023 1.401550 -0.150425 -0.049358 
0.000000 2.874023 1.619135 -0.154481 0.049999 
0.000000 2.874023 1.310083 -0.135075 -0.022576 
0.000000 2.874023 1.348321 -0.137279 0.050948 
0.000000 2.874023 1.534139 -0.151902 -0.022114 
0.000000 2.874023 1.288743 -0.133559 -0.096859 
0.000000 2.874023 1.313820 -0.130448 0.002307 
0.000000 2.874023 1.804040 -0.174134 -0.037402 
0.000000 2.874023 1.440873 -0.145796 0.008967 
0.000000 2.874023 1.337613 -0.132733 0.031304 
0.000000 2.874023 1.263458 -0.128261 0.058203 
0.000000 2.874023 1.650080 -0.163293 0.017209 
0.000000 2.874023 1.955576 -0.184657 0.025079 
0.000000 2.874023 1.313666 -0.136654 -0.038062 
0.000000 2.874023 1.617030 -0.159096 -0.017052 
0.000000 5.765388 1.590716 -0.163538 -0.028938 
0.000000 5.765388 1.366016 -0.131837 -0.052943 
0.000000 5.765388 1.056422 -0.112664 -0.018974 
0.000000 5.765388 1.399424 -0.139126 -0.019341 
0.000000 5.765388 1.441096 -0.147525 -0.047535 
0.000000 5.765388 1.313420 -0.134702 0.053242 
0.000000 5.765388 1.298201 -0.136651 0.004275 
0.000000 5.765388 1.413952 -0.142760 -0.040421 
0.000000 5.765388 1.445392 -0.141841 0.042121 
0.000000 5.765388 1.310273 -0.134270 -0.043574 
0.000000 5.765388 1.650469 -0.175984 0.007435 
0.000000 5.765388 1.435627 -0.143187 -0.025688 
0.000000 5.765388 1.471073 -0.147195 0.035498 
0.000000 5.765388 1.395635 -0.145491 -0.045066 
0.000000 5.765388 1.656649 -0.171403 -0.057021 
0.000000 5.765388 1.226817 -0.124725 -0.049165 
0.000000 5.765388 1.530593 -0.156572 0.058537 
0.000000 5.765388 0.959250 -0.096503 0.015646 
0.000000 5.765388 1.714538 -0.176254 0.032720 
0.000000 5.765388 1.339081 -0.136525 -0.038706 
0.000000 5.765388 1.411118 -0.139410 -0.007380 
0.000000 5.765388 1.728502 -0.180333 0.026047 
0.000000 5.765388 1.682287 -0.171827 -0.025046 
0.000000 5.765388 1.690663 -0.164029 0.074988 
0.000000 5.765388 1.326750 -0.133220 0.080592 
0.000000 5.765388 1.601125 -0.161475 0.043629 
0.000000 5.765388 1.625068 -0.168088 0.076832 
0.000000 5.765388 1.105911 -0.110220 0.081344 
0.000000 5.765388 1.412068 -0.140615 0.020007 
0.000000 5.765388 1.793044 -0.172446 -0.022272 
0.000000 5.765388 1.617605 -0.157636 -0.003892 
0.000000 5.765388 1.712780 -0.172821 0.003691 
0.000000 5.765388 1.461443 -0.157143 0.048392 
0.000000 5.765388 1.226518 -0.123866 -0.028461 
0.000000 5.765388 1.266251 -0.132160 -0.021731 
0.000000 5.765388 1.651312 -0.162805 0.006190 
0.000000 5.765388 1.345632 -0.135548 -0.019689 
0.000000 5.765388 1.717450 -0.167204 -0.029216 
0.000000 5.765388 1.483629 -0.144229 0.000777 
0.000000 5.765388 1.392557 -0.143989 -0.056094 
0.000000 5.765388 1.409832 -0.140393 -0.113755 
0.000000 5.765388 1.512440 -0.151358 -0.026801 
0.000000 5.765388 1.613110 -0.159817 0.075640 
0.000000 5.765388 1.335159 -0.128457 -0.036297 
0.000000 5.765388 1.417496 -0.147593 -0.014512 
0.000000 5.765388 1.314903 -0.133717 -0.058877 
0.000000 5.765388 1.272720 -0.128366 0.073437 
0.000000 5.765388 1.153212 -0.118697 -0.037866 
0.000000 5.765388 1.466554 -0.147743 -0.018402 
0.000000 5.765388 1.425358 -0.146931 -0.018060 
0.000000 5.765388 1.751435 -0.175882 -0.020723 
0.000000 5.765388 1.614107 -0.167191 -0.014943 
0.000000 5.765388 1.719714 -0.175908 -0.020309 
0.000000 5.765388 1.235461 -0.116702 0.006422 
0.000000 5.765388 1.271478 -0.132222 -0.017071 
0.000000 5.765388 1.248127 -0.123894 -0.012688 
0.000000 5.765388 1.402109 -0.147078 0.029888 
0.000000 5.765388 1.458630 -0.146689 -0.003809 
0.000000 5.765388 1.558151 -0.159119 0.016320 
0.000000 5.765388 1.450267 -0.143825 -0.088240 
0.000000 5.765388 1.509705 -0.143207 -0.030216 
0.000000 5.765388 1.540976 -0.157734 0.019114 
0.000000 5.765388 1.235704 -0.131960 0.031627 
0.000000 5.765388 1.363180 -0.128966 0.083391 
0.000000 5.765388 1.009463 -0.102470 -0.011069 
0.000000 5.765388 1.468945 -0.152630 -0.006388 
0.000000 5.765388 1.784910 -0.180811 0.072773 
0.000000 5.765388 1.251391 -0.126076 -0.017109 
0.000000 5.765388 1.503424 -0.149838 -0.022299 
0.000000 5.765388 1.317389 -0.127397 0.011428 
0.000000 5.765388 1.684745 -0.171224 0.019537 
0.000000 5.765388 1.296505 -0.134738 0.002671 
0.000000 5.765388 1.549315 -0.149767 -0.007015 
0.000000 5.765388 1.185380 -0.122875 -0.064924 
0.000000 5.765388 1.182187 -0.117173 0.049193 
0.000000 5.765388 1.310810 -0.132429 -0.009900 
0.000000 5.765388 1.767772 -0.175827 -0.049401 
0.000000 5.765388 1.299335 -0.135942 0.087324 
0.000000 5.765388 1.565350 -0.168423 0.011901 
0.000000 5.765388 1.806560 -0.173747 0.079140 
0.000000 5.765388 1.464495 -0.146094 0.008016 
0.000000 5.765388 1.445695 -0.150709 0.048639 
0.000000 5.765388 1.551926 -0.147816 -0.015449 
0.000000 5.765388 1.643376 -0.157572 -0.043094 
0.000000 5.765388 1.840896 -0.179456 -0.005485 
0.000000 5.765388 1.327672 -0.132130 0.091855 
0.000000 5.765388 1.388315 -0.142868 0.066971 
0.000000 5.765388 1.219299 -0.117032 0.041293 
0.000000 5.765388 1.309667 -0.134566 0.057378 
0.000000 5.765388 1.306880 -0.130458 0.010239 
0.000000 5.765388 1.404516 -0.142844 0.006722 
0.000000 5.765388 1.764941 -0.173193 0.078660 
0.000000 5.765388 1.760952 -0.173717 0.010512 
0.000000 5.765388 1.380447 -0.139722 0.021426 
0.000000 5.765388 1.545913 -0.148389 -0.014706 
0.000000 5.765388 1.906403 -0.186752 0.030199 
0.000000 5.765388 1.330777 -0.127790 -0.065150 
0.000000 5.765388 1.851560 -0.180623 -0.009713 
0.000000 5.765388 1.235860 -0.125841 0.027738 
0.000000 5.765388 1.257752 -0.124491 0.045255 
0.000000 8.640854 1.520447 -0.151078 -0.042723 
0.000000 8.640854 1.468432 -0.156774 -0.032135 
0.000000 8.640854 1.349555 -0.139264 -0.034153 
0.000000 8.640854 1.294178 -0.125876 -0.050694 
0.000000 8.640854 1.268907 -0.131453 -0.044786 
0.000000 8.640854 1.816690 -0.187455 -0.064752 
0.000000 8.640854 1.600618 -0.168992 -0.051044 
0.000000 8.640854 1.540619 -0.156009 0.062257 
0.000000 8.640854 1.471442 -0.155819 -0.020898 
0.000000 8.640854 1.192141 -0.120759 -0.040511 
0.000000 8.640854 1.320512 -0.133462 0.012514 
0.000000 8.640854 1.514076 -0.152555 0.079152 
0.000000 8.640854 1.506089 -0.146919 -0.028261 
0.000000 8.640854 1.258214 -0.129321 -0.007189 
0.000000 8.640854 1.618038 -0.160516 0.021931 
0.000000 8.640854 1.348791 -0.132018 0.033416 
0.000000 8.640854 1.442369 -0.144210 -0.069108 
0.000000 8.640854 1.483680 -0.145818 -0.007780 
0.000000 8.640854 1.481405 -0.148607 -0.017197 
0.000000 8.640854 1.167491 -0.118350 0.063610 
0.000000 8.640854 1.866950 -0.189970 0.067031 
0.000000 8.640854 1.340084 -0.129056 0.049283 
0.000000 8.640854 1.338537 -0.137893 0.102709 
0.000000 8.640854 1.449938 -0.145855 0.020410 
0.000000 8.640854 1.479774 -0.157209 0.077520 
0.000000 8.640854 1.511431 -0.153149 0.017108 
0.000000 8.640854 1.261057 -0.124971 -0.009425 
0.000000 8.640854 1.105621 -0.121222 -0.021785 
0.000000 8.640854 1.623027 -0.158501 0.013101 
0.000000 8.640854 1.357552 -0.134492 -0.083218 
0.000000 8.640854 1.326688 -0.134487 0.018237 
0.000000 8.640854 1.621899 -0.164856 -0.003862 
0.000000 8.640854 1.289372 -0.129188 -0.013872 
0.000000 8.640854 1.179276 -0.116549 -0.010711 
0.000000 8.640854 1.308646 -0.128074 0.031291 
0.000000 8.640854 1.235889 -0.123095 0.013368 
0.000000 8.640854 1.379372 -0.142975 -0.015733 
0.000000 8.640854 1.513797 -0.147498 0.001174 
0.000000 8.640854 1.546636 -0.149202 -0.024020 
0.000000 8.640854 1.540189 -0.150505 0.024327 
0.000000 8.640854 1.794195 -0.175288 0.061231 
0.000000 8.640854 0.941459 -0.095226 -0.084326 
0.000000 8.640854 1.444660 -0.143028 -0.012771 
0.000000 8.640854 1.636229 -0.161527 -0.028688 
0.000000 8.640854 1.478273 -0.149828 -0.012442 
0.000000 8.640854 1.447575 -0.142042 0.010012 
0.000000 8.640854 1.485883 -0.152194 -0.016476 
0.000000 8.640854 1.424505 -0.136768 0.004436 
0.000000 8.640854 1.339601 -0.121573 0.034510 
0.000000 8.640854 1.543923 -0.147845 0.042733 
0.000000 8.640854 1.614013 -0.160985 0.008213 
0.000000 8.640854 1.092334 -0.109415 0.006522 
0.000000 8.640854 1.119778 -0.115626 -0.102975 
0.000000 8.640854 1.528107 -0.152015 0.034672 
0.000000 8.640854 1.311520 -0.130325 0.131167 
0.000000 8.640854 1.319510 -0.128520 0.080306 
0.000000 8.640854 1.423424 -0.134680 -0.016431 
0.000000 8.640854 1.299063 -0.133877 0.027621 
0.000000 8.640854 1.627281 -0.163218 0.009352 
0.000000 8.640854 1.725375 -0.178769 -0.012229 
0.000000 8.640854 1.127781 -0.115660 0.027585 
0.000000 8.640854 1.116867 -0.117929 -0.011735 
0.000000 8.640854 1.584278 -0.164690 -0.017471 
0.000000 8.640854 1.355737 -0.135909 0.030314 
0.000000 8.640854 1.477046 -0.146778 -0.014955 
0.000000 8.640854 1.652442 -0.159416 0.011978 
0.000000 8.640854 1.438379 -0.146913 0.083200 
0.000000 8.640854 1.236699 -0.121864 -0.051549 
0.000000 8.640854 1.456402 -0.150166 -0.005403 
0.000000 8.640854 1.629540 -0.155885 -0.034402 
0.000000 8.640854 1.455470 -0.148090 0.001447 
0.000000 8.640854 1.322258 -0.132964 0.015336 
0.000000 8.640854 1.382894 -0.142655 -0.010744 
0.000000 8.640854 1.137191 -0.113688 0.045424 
0.000000 8.640854 1.786766 -0.175912 0.066436 
0.000000 8.640854 1.344338 -0.140715 -0.080958 
0.000000 8.640854 1.523399 -0.158266 0.023839 
0.000000 8.640854 1.407673 -0.143238 -0.007754 
0.000000 8.640854 1.294209 -0.129534 0.019848 
0.000000 8.640854 1.415113 -0.152482 0.030632 
0.000000 8.640854 1.132513 -0.116059 -0.015575 
0.000000 8.640854 1.707581 -0.167351 -0.020916 
0.000000 8.640854 1.331862 -0.133014 0.039638 
0.000000 8.640854 1.571806 -0.152200 0.025885 
0.000000 8.640854 1.565559 -0.154199 -0.035767 
0.000000 8.640854 1.525207 -0.149406 -0.051305 
0.000000 8.640854 1.789331 -0.181807 -0.016499 
0.000000 8.640854 1.517986 -0.162524 -0.026358 
0.000000 8.640854 1.470059 -0.148110 -0.035669 
0.000000 8.640854 1.631997 -0.163446 -0.029572 
0.000000 8.640854 1.580839 -0.167192 -0.038370 
0.000000 8.640854 1.044029 -0.108846 -0.014322 
0.000000 8.640854 1.102786 -0.113121 0.030940 
0.000000 8.640854 1.639321 -0.166744 0.006367 
0.000000 8.640854 1.228688 -0.126443 0.023445 
0.000000 8.640854 1.239011 -0.124908 -0.047496 
0.000000 8.640854 1.497171 -0.153134 0.007372 
0.000000 8.640854 1.627566 -0.161861 -0.002414 
0.000000 8.640854 1.222059 -0.122503 -0.033140 
0.000000 8.640854 1.327638 -0.132911 0.012969 
0.000000 11.514168 1.300634 -0.129312 -0.142250 
0.000000 11.514168 1.407264 -0.136662 -0.037607 
0.000000 11.514168 2.076179 -0.206952 -0.030651 
0.000000 11.514168 1.240273 -0.120433 -0.053275 
0.000000 11.514168 1.170499 -0.119186 0.032453 
0.000000 11.514168 1.635019 -0.164982 -0.058848 
0.000000 11.514168 1.454775 -0.150244 -0.035393 
0.000000 11.514168 1.598785 -0.157650 -0.043777 
0.000000 11.514168 1.440554 -0.145417 -0.025749 
0.000000 11.514168 1.518848 -0.153751 0.025695 
0.000000 11.514168 1.671009 -0.166879 0.025114 
0.000000 11.514168 1.449678 -0.144758 0.020794 
0.000000 11.514168 1.611535 -0.162788 -0.024298 
0.000000 11.514168 1.089830 -0.111651 -0.021983 
0.000000 11.514168 1.551393 -0.152370 0.034875 
0.000000 11.514168 1.157427 -0.125117 -0.018745 
0.000000 11.514168 1.244348 -0.121555 -0.015233 
0.000000 11.514168 1.416237 -0.140223 -0.008653 
0.000000 11.514168 1.464705 -0.144610 0.000243 
0.000000 11.514168 1.112723 -0.110790 0.035066 
0.000000 11.514168 1.595339 -0.159492 0.053583 
0.000000 11.514168 1.544914 -0.154095 0.052026 
0.000000 11.514168 1.207060 -0.122972 -0.074883 
0.000000 11.514168 1.339632 -0.137632 -0.033482 
0.000000 11.514168 1.717857 -0.171264 -0.028623 
0.000000 11.514168 1.596459 -0.157057 0.021515 
0.000000 11.514168 1.608435 -0.164084 -0.045826 
0.000000 11.514168 1.695620 -0.164618 -0.012251 
0.000000 11.514168 1.341079 -0.133993 0.006411 
0.000000 11.514168 1.637960 -0.174941 -0.012904 
0.000000 11.514168 1.208274 -0.128073 -0.013335 
0.000000 11.514168 1.320242 -0.135920 -0.020585 
0.000000 11.514168 1.431864 -0.142446 0.056815 
0.000000 11.514168 1.531528 -0.151782 0.001306 
0.000000 11.514168 1.323614 -0.138244 0.003590 
0.000000 11.514168 1.475582 -0.150860 -0.011825 
0.000000 11.514168 1.613240 -0.161701 -0.087385 
0.000000 11.514168 1.414854 -0.140906 -0.008457 
0.000000 11.514168 1.502973 -0.149720 0.059563 
0.000000 11.514168 1.794655 -0.179368 0.040494 
0.000000 11.514168 1.378321 -0.140135 0.051259 
0.000000 11.514168 1.431214 -0.147104 0.072277 
0.000000 11.514168 1.329730 -0.133223 -0.039594 
0.000000 11.514168 1.193587 -0.119094 -0.059687 
0.000000 11.514168 1.614075 -0.159966 -0.012986 
0.000000 11.514168 1.336913 -0.129189 -0.025913 
0.000000 11.514168 1.511521 -0.154796 0.014146 
0.000000 11.514168 1.744978 -0.164007 0.039052 
0.000000 11.514168 1.496037 -0.150006 0.008048 
0.000000 11.514168 1.222464 -0.121300 0.014946 
0.000000 11.514168 1.215158 -0.126530 -0.008804 
0.000000 11.514168 1.382265 -0.138032 0.023701 
0.000000 11.514168 1.303680 -0.128903 -0.027454 
0.000000 11.514168 1.580242 -0.160320 0.010720 
0.000000 11.514168 1.234158 -0.119782 0.030157 
0.000000 11.514168 1.390491 -0.145389 -0.025805 
0.000000 11.514168 1.474938 -0.149185 -0.005507 
0.000000 11.514168 1.603213 -0.157037 0.058377 
0.000000 11.514168 1.165891 -0.121270 -0.017678 
0.000000 11.514168 1.284403 -0.134954 0.024146 
0.000000 11.514168 1.127949 -0.108034 0.072016 
0.000000 11.514168 1.307459 -0.131864 -0.026969 
0.000000 11.514168 1.334181 -0.132819 0.038711 
0.000000 11.514168 1.333041 -0.129448 -0.061024 
0.000000 11.514168 1.109672 -0.114157 0.044938 
0.000000 11.514168 1.539008 -0.163676 0.071198 
0.000000 11.514168 1.506898 -0.152633 0.004975 
0.000000 11.514168 1.203264 -0.119330 0.065217 
0.000000 11.514168 1.480165 -0.148328 0.027055 
0.000000 11.514168 1.439559 -0.147677 -0.115536 
0.000000 11.514168 1.754727 -0.179260 -0.093806 
0.000000 11.514168 1.279042 -0.133173 0.097410 
0.000000 11.514168 1.204886 -0.121737 -0.065847 
0.000000 11.514168 1.506986 -0.148906 -0.024758 
0.000000 11.514168 1.581772 -0.163306 -0.018830 
0.000000 11.514168 1.274378 -0.127687 -0.058861 
0.000000 11.514168 1.556571 -0.156104 -0.015309 
0.000000 11.514168 1.381523 -0.130601 -0.036124 
0.000000 11.514168 1.379178 -0.143615 0.047108 
0.000000 11.514168 1.755872 -0.174889 -0.075866 
0.000000 11.514168 1.292962 -0.134628 0.025597 
0.000000 11.514168 1.313728 -0.132380 -0.025393 
0.000000 11.514168 1.390157 -0.136079 -0.063004 
0.000000 11.514168 1.338510 -0.136797 0.010552 
0.000000 11.514168 1.449178 -0.147889 -0.001712 
0.000000 11.514168 1.391539 -0.133875 0.021352 
0.000000 11.514168 1.599669 -0.164745 -0.021243 
0.000000 11.514168 1.474529 -0.159409 -0.043685 
0.000000 11.514168 1.627240 -0.167804 -0.001266 
0.000000 11.514168 1.727291 -0.168767 -0.020581 
0.000000 11.514168 1.476389 -0.143725 -0.016184 
0.000000 11.514168 1.818263 -0.181741 -0.043909 
0.000000 11.514168 1.107739 -0.108652 -0.054867 
0.000000 11.514168 1.826148 -0.179374 0.019469 
0.000000 11.514168 1.356054 -0.135688 0.002957 
0.000000 11.514168 1.375695 -0.133476 -0.053747 
0.000000 11.514168 1.578636 -0.163303 -0.010748 
0.000000 11.514168 1.568165 -0.163161 -0.004625 
0.000000 11.514168 1.897592 -0.194273 0.041555 
0.000000 11.514168 1.367466 -0.142524 -0.084918 
0.000000 14.404007 1.253714 -0.136648 0.029592 
0.000000 14.404007 1.437781 -0.143664 0.022608 
0.000000 14.404007 1.271914 -0.128989 0.065172 
0.000000 14.404007 1.477863 -0.148793 -0.014856 
0.000000 14.404007 1.442627 -0.142585 0.027556 
0.000000 14.404007 1.723053 -0.175546 -0.054407 
0.000000 14.404007 1.474802 -0.141540 -0.014800 
0.000000 14.404007 1.350580 -0.142671 0.095126 
0.000000 14.404007 1.275672 -0.131440 -0.021336 
0.000000 14.404007 1.439897 -0.150173 -0.053528 
0.000000 14.404007 1.529734 -0.160422 -0.053938 
0.000000 14.404007 1.354903 -0.135115 -0.059943 
0.000000 14.404007 1.511148 -0.145640 0.047524 
0.000000 14.404007 1.249327 -0.125889 -0.010102 
0.000000 14.404007 1.522278 -0.152774 0.004116 
0.000000 14.404007 1.435323 -0.146262 0.017507 
0.000000 14.404007 1.178615 -0.120087 0.021337 
0.000000 14.404007 1.491646 -0.147141 -0.003246 
0.000000 14.404007 1.834859 -0.173626 -0.005184 
0.000000 14.404007 1.244372 -0.125306 -0.016589 
0.000000 14.404007 1.565440 -0.155286 -0.017640 
0.000000 14.404007 1.629518 -0.170044 0.036448 
0.000000 14.404007 1.513578 -0.154870 -0.003715 
0.000000 14.404007 1.325286 -0.135331 -0.077321 
0.000000 14.404007 1.389113 -0.138866 0.045116 
0.000000 14.404007 1.444353 -0.146244 -0.040865 
0.000000 14.404007 1.868370 -0.183013 0.021453 
0.000000 14.404007 1.587358 -0.159915 0.017206 
0.000000 14.404007 1.392853 -0.145822 -0.012702 
0.000000 14.404007 1.542406 -0.155151 0.001597 
0.000000 14.404007 1.251455 -0.123991 0.038538 
0.000000 14.404007 1.686367 -0.166358 -0.040185 
0.000000 14.404007 1.421892 -0.143818 0.019790 
0.000000 14.404007 1.414069 -0.143200 0.059750 
0.000000 14.404007 1.518506 -0.151762 -0.014440 
0.000000 14.404007 1.781518 -0.187936 0.094533 
0.000000 14.404007 1.395725 -0.138620 -0.025408 
0.000000 14.404007 1.480696 -0.151525 -0.027977 
0.000000 14.404007 1.465596 -0.143031 -0.050218 
0.000000 14.404007 1.667081 -0.168353 -0.013833 
0.000000 14.404007 1.704512 -0.181679 -0.034027 
0.000000 14.404007 1.391227 -0.144678 0.053992 
0.000000 14.404007 1.422292 -0.139045 0.019685 
0.000000 14.404007 1.737374 -0.175699 0.006414 
0.000000 14.404007 1.310960 -0.132545 0.051322 
0.000000 14.404007 1.271318 -0.132836 -0.042231 
0.000000 14.404007 1.296616 -0.128156 0.011020 
0.000000 14.404007 1.864222 -0.194015 -0.053117 
0.000000 14.404007 1.341516 -0.138062 -0.014830 
0.000000 14.404007 1.325695 -0.131574 0.014532 
0.000000 14.404007 1.532453 -0.154075 0.007414 
0.000000 14.404007 1.495705 -0.147103 0.059685 
0.000000 14.404007 1.837005 -0.188570 -0.004704 
0.000000 14.404007 1.184076 -0.122328 0.056072 
0.000000 14.404007 1.380553 -0.139586 -0.038273 
0.000000 14.404007 1.788299 -0.182812 -0.024143 
0.000000 14.404007 1.390787 -0.142518 0.041031 
0.000000 14.404007 1.441678 -0.135675 0.004237 
0.000000 14.404007 1.321214 -0.134157 -0.046816 
0.000000 14.404007 1.572591 -0.160429 -0.090085 
0.000000 14.404007 1.183613 -0.117248 0.056728 
0.000000 14.404007 1.390777 -0.133279 0.005832 
0.000000 14.404007 1.447179 -0.154354 0.011972 
0.000000 14.404007 1.275518 -0.127547 -0.012071 
0.000000 14.404007 1.461995 -0.144540 -0.039893 
0.000000 14.404007 1.492874 -0.150374 -0.058759 
0.000000 14.404007 1.461476 -0.148443 -0.004077 
0.000000 14.404007 1.497584 -0.152226 -0.001769 
0.000000 14.404007 1.724165 -0.187205 -0.026234 
0.000000 14.404007 1.411001 -0.141192 -0.068435 
0.000000 14.404007 1.415628 -0.143494 0.010673 
0.000000 14.404007 1.212387 -0.119542 0.028663 
0.000000 14.404007 1.340747 -0.134207 0.003369 
0.000000 14.404007 1.239625 -0.119499 -0.008472 
0.000000 14.404007 1.104483 -0.109292 -0.022522 
0.000000 14.404007 1.420772 -0.140044 0.071493 
0.000000 14.404007 1.545607 -0.165908 -0.033324 
0.000000 14.404007 1.413167 -0.139729 -0.040173 
0.000000 14.404007 1.454287 -0.146208 -0.020081 
0.000000 14.404007 1.449824 -0.150460 0.007788 
0.000000 14.404007 1.927266 -0.191502 -0.074576 
0.000000 14.404007 1.302887 -0.133117 0.011950 
0.000000 14.404007 1.435979 -0.148256 0.066154 
0.000000 14.404007 1.270604 -0.130479 0.007476 
0.000000 14.404007 1.317000 -0.140646 -0.019419 
0.000000 14.404007 1.217489 -0.124516 0.009406 
0.000000 14.404007 1.428487 -0.144827 -0.016047 
0.000000 14.404007 1.316315 -0.131909 0.022606 
0.000000 14.404007 1.375040 -0.138933 -0.076348 
0.000000 14.404007 1.324827 -0.128864 0.031523 
0.000000 14.404007 1.278683 -0.127690 -0.010651 
0.000000 14.404007 1.206276 -0.113892 0.003886 
0.000000 14.404007 1.196794 -0.116209 0.015656 
0.000000 14.404007 1.212277 -0.114030 -0.014296 
0.000000 14.404007 1.204787 -0.127472 -0.057295 
0.000000 14.404007 1.269030 -0.125472 0.036475 
0.000000 14.404007 1.158761 -0.120798 -0.032204 
0.000000 14.404007 1.484049 -0.155366 0.018728 
0.000000 14.404007 1.418017 -0.140075 0.040160 
0.000000 14.404007 1.794348 -0.175682 0.068814 
0.000000 17.315582 1.115131 -0.117435 -0.002235 
0.000000 17.315582 1.481851 -0.152960 -0.038373 
0.000000 17.315582 1.339140 -0.133359 0.021268 
0.000000 17.315582 1.300252 -0.127507 0.068794 
0.000000 17.315582 1.860109 -0.173073 0.007174 
0.000000 17.315582 1.234788 -0.121552 -0.039119 
0.000000 17.315582 1.353382 -0.140875 0.004022 
0.000000 17.315582 1.331916 -0.136557 -0.001322 
0.000000 17.315582 1.378283 -0.134257 -0.053077 
0.000000 17.315582 1.610783 -0.163157 -0.063702 
0.000000 17.315582 1.207836 -0.119679 -0.070330 
0.000000 17.315582 1.574297 -0.151950 0.014370 
0.000000 17.315582 1.108755 -0.113383 0.034525 
0.000000 17.315582 1.407981 -0.144973 0.041129 
0.000000 17.315582 1.188002 -0.123208 -0.004603 
0.000000 17.315582 1.359983 -0.133172 -0.055779 
0.000000 17.315582 1.358640 -0.134376 0.001906 
0.000000 17.315582 1.419492 -0.138147 0.039972 
0.000000 17.315582 1.711346 -0.170690 -0.028046 
0.000000 17.315582 1.158455 -0.119025 0.042346 
0.000000 17.315582 1.166234 -0.118168 0.051397 
0.000000 17.315582 1.277706 -0.138342 0.057907 
0.000000 17.315582 1.257210 -0.120435 0.078885 
0.000000 17.315582 0.989289 -0.109831 -0.034830 
0.000000 17.315582 1.325503 -0.131147 0.048503 
0.000000 17.315582 1.494498 -0.147953 0.034994 
0.000000 17.315582 0.994969 -0.099988 0.045492 
0.000000 17.315582 1.807159 -0.189041 0.006222 
0.000000 17.315582 1.619530 -0.171639 -0.004784 
0.000000 17.315582 1.375688 -0.143739 -0.045604 
0.000000 17.315582 1.169735 -0.123567 0.025290 
0.000000 17.315582 1.374268 -0.132586 0.012373 
0.000000 17.315582 1.176208 -0.117267 -0.019837 
0.000000 17.315582 1.670103 -0.165353 -0.043516 
0.000000 17.315582 1.684988 -0.177337 -0.030047 
0.000000 17.315582 2.130289 -0.212665 -0.055483 
0.000000 17.315582 1.174266 -0.120339 0.088745 
0.000000 17.315582 1.328023 -0.132468 0.024573 
0.000000 17.315582 1.414024 -0.144356 0.044529 
0.000000 17.315582 1.341545 -0.131923 -0.003230 
0.000000 17.315582 1.461620 -0.149516 -0.033726 
0.000000 17.315582 1.436567 -0.145402 0.057268 
0.000000 17.315582 1.367747 -0.139137 -0.009583 
0.000000 17.315582 1.480017 -0.153568 0.016402 
0.000000 17.315582 1.829990 -0.178291 0.027410 
0.000000 17.315582 1.098973 -0.115326 -0.052205 
0.000000 17.315582 1.216118 -0.125039 -0.067847 
0.000000 17.315582 1.335541 -0.139519 -0.058013 
0.000000 17.315582 1.438212 -0.149658 -0.100287 
0.000000 17.315582 1.839256 -0.177904 -0.035565 
0.000000 17.315582 1.315140 -0.126598 -0.011207 
0.000000 17.315582 1.713774 -0.177692 0.069973 
0.000000 17.315582 1.549352 -0.161824 0.018196 
0.000000 17.315582 1.793576 -0.172358 -0.074877 
0.000000 17.315582 1.450047 -0.147246 -0.009075 
0.000000 17.315582 1.240295 -0.130086 0.027195 
0.000000 17.315582 1.508398 -0.160449 0.025102 
0.000000 17.315582 1.862606 -0.183577 0.026773 
0.000000 17.315582 1.471316 -0.143774 0.116138 
0.000000 17.315582 1.169076 -0.115916 -0.033971 
0.000000 17.315582 1.322056 -0.137139 0.009073 
0.000000 17.315582 1.686833 -0.160750 -0.020158 
0.000000 17.315582 1.757340 -0.178961 0.010440 
0.000000 17.315582 1.156467 -0.112455 0.048272 
0.000000 17.315582 1.199676 -0.117237 -0.039596 
0.000000 17.315582 1.588229 -0.165017 0.055363 
0.000000 17.315582 1.867458 -0.191178 0.093631 
0.000000 17.315582 1.509931 -0.153396 -0.107502 
0.000000 17.315582 1.740663 -0.168890 0.029307 
0.000000 17.315582 1.007742 -0.108503 -0.065502 
0.000000 17.315582 1.205885 -0.123072 0.029407 
0.000000 17.315582 1.408667 -0.140051 0.008946 
0.000000 17.315582 1.254007 -0.129274 -0.082798 
0.000000 17.315582 1.235997 -0.123542 -0.058786 
0.000000 17.315582 1.563359 -0.152879 0.057619 
0.000000 17.315582 1.786601 -0.171976 -0.006089 
0.000000 17.315582 1.401012 -0.143315 -0.037140 
0.000000 17.315582 1.553048 -0.151374 -0.002101 
0.000000 17.315582 1.430746 -0.149624 -0.025846 
0.000000 17.315582 1.478366 -0.136750 0.033954 
0.000000 17.315582 1.439406 -0.144242 0.000989 
0.000000 17.315582 1.740740 -0.178505 0.027939 
0.000000 17.315582 1.652711 -0.163877 -0.008199 
0.000000 17.315582 1.485190 -0.144342 -0.041270 
0.000000 17.315582 1.762249 -0.176846 -0.018949 
0.000000 17.315582 1.013430 -0.103570 0.038302 
0.000000 17.315582 1.368094 -0.142753 0.013715 
0.000000 17.315582 1.413473 -0.147495 -0.003983 
0.000000 17.315582 1.384585 -0.144920 -0.009584 
0.000000 17.315582 1.743819 -0.177649 -0.007605 
0.000000 17.315582 1.272695 -0.124744 -0.060253 
0.000000 17.315582 1.562526 -0.159950 -0.031330 
0.000000 17.315582 1.408177 -0.136279 0.006369 
0.000000 17.315582 1.507117 -0.152528 0.004079 
0.000000 17.315582 1.421157 -0.147748 0.047494 
0.000000 17.315582 1.477060 -0.145751 -0.030916 
0.000000 17.315582 1.253712 -0.124882 -0.001331 
0.000000 17.315582 1.307716 -0.133472 -0.033951 
0.000000 17.315582 1.496692 -0.152382 0.061484 
0.000000 17.315582 1.626045 -0.150797 0.025561 
0.000000 20.207123 1.335740 -0.127640 -0.044239 
0.000000 20.207123 1.267816 -0.125229 -0.003641 
0.000000 20.207123 1.110424 -0.115419 0.000823 
0.000000 20.207123 1.608179 -0.159090 -0.003081 
0.000000 20.207123 1.365529 -0.141133 -0.010322 
0.000000 20.207123 1.681637 -0.160655 0.034022 
0.000000 20.207123 1.316644 -0.131311 -0.026135 
0.000000 20.207123 1.332004 -0.130944 0.020459 
0.000000 20.207123 1.441315 -0.143532 0.055212 
0.000000 20.207123 1.200888 -0.120842 0.021826 
0.000000 20.207123 1.592950 -0.159926 -0.009571 
0.000000 20.207123 1.284471 -0.137304 -0.045973 
0.000000 20.207123 1.493890 -0.150720 0.036674 
0.000000 20.207123 1.720009 -0.174496 0.041042 
0.000000 20.207123 1.262901 -0.126301 0.047766 
0.000000 20.207123 1.657188 -0.166039 -0.004944 
0.000000 20.207123 1.570765 -0.162820 0.023389 
0.000000 20.207123 1.603422 -0.158002 -0.015121 
0.000000 20.207123 1.298581 -0.137129 -0.053504 
0.000000 20.207123 1.472400 -0.146702 0.063514 
0.000000 20.207123 1.125957 -0.111832 -0.033568 
0.000000 20.207123 1.565174 -0.153130 -0.008607 
0.000000 20.207123 1.153774 -0.118907 -0.006892 
0.000000 20.207123 1.295864 -0.139677 -0.015353 
0.000000 20.207123 1.759220 -0.173541 0.037249 
0.000000 20.207123 1.589464 -0.149618 -0.005665 
0.000000 20.207123 1.185507 -0.131049 -0.003268 
0.000000 20.207123 1.089206 -0.114279 0.008682 
0.000000 20.207123 1.549215 -0.153526 -0.020704 
0.000000 20.207123 1.099190 -0.111404 0.002393 
0.000000 20.207123 1.246526 -0.126971 -0.012106 
0.000000 20.207123 1.688712 -0.164766 0.015772 
0.000000 20.207123 1.081752 -0.104360 0.020459 
0.000000 20.207123 1.523105 -0.154463 0.022586 
0.000000 20.207123 1.527642 -0.154948 0.046254 
0.000000 20.207123 1.216891 -0.120373 0.017505 
0.000000 20.207123 1.249177 -0.124948 -0.033031 
0.000000 20.207123 1.743510 -0.167724 0.029546 
0.000000 20.207123 1.516038 -0.155923 -0.005704 
0.000000 20.207123 1.451682 -0.151656 0.076781 
0.000000 20.207123 1.525665 -0.155158 -0.020740 
0.000000 20.207123 1.497163 -0.155194 -0.010594 
0.000000 20.207123 1.150569 -0.114512 -0.017149 
0.000000 20.207123 1.415506 -0.151613 -0.052657 
0.000000 20.207123 1.447640 -0.142208 0.018605 
0.000000 20.207123 1.386919 -0.146994 -0.026862 
0.000000 20.207123 1.295691 -0.135870 0.050051 
0.000000 20.207123 1.461947 -0.140917 -0.045911 
0.000000 20.207123 1.328536 -0.130173 0.009902 
0.000000 20.207123 1.360692 -0.135984 0.088234 
0.000000 20.207123 1.455543 -0.145885 -0.049395 
0.000000 20.207123 1.495413 -0.156554 0.048389 
0.000000 20.207123 1.084900 -0.112652 -0.006312 
0.000000 20.207123 1.537436 -0.150398 -0.055158 
0.000000 20.207123 1.142476 -0.120872 -0.066618 
0.000000 20.207123 1.491439 -0.162370 0.036150 
0.000000 20.207123 1.417872 -0.145542 0.013499 
0.000000 20.207123 1.347366 -0.135028 -0.075333 
0.000000 20.207123 1.574447 -0.157483 0.017424 
0.000000 20.207123 1.284171 -0.130121 0.004733 
0.000000 20.207123 1.574571 -0.163215 0.020159 
0.000000 20.207123 1.593756 -0.150022 -0.028186 
0.000000 20.207123 1.360444 -0.136811 -0.017241 
0.000000 20.207123 1.999946 -0.187563 -0.058757 
0.000000 20.207123 1.266021 -0.132100 -0.017206 
0.000000 20.207123 1.346237 -0.130770 0.018066 
0.000000 20.207123 1.937721 -0.201086 0.010363 
0.000000 20.207123 1.161351 -0.116680 -0.059672 
0.000000 20.207123 1.128300 -0.113331 0.018734 
0.000000 20.207123 1.294618 -0.125324 -0.003811 
0.000000 20.207123 1.309445 -0.132003 0.074656 
0.000000 20.207123 1.424385 -0.140219 -0.010155 
0.000000 20.207123 1.886312 -0.184834 -0.066548 
0.000000 20.207123 1.538339 -0.159475 -0.010806 
0.000000 20.207123 1.393269 -0.137118 0.013350 
0.000000 20.207123 1.275414 -0.137759 0.042035 
0.000000 20.207123 1.241671 -0.132264 -0.037942 
0.000000 20.207123 1.322133 -0.139458 -0.061959 
0.000000 20.207123 1.349834 -0.131199 -0.015338 
0.000000 20.207123 1.158841 -0.115457 -0.031447 
0.000000 20.207123 1.696572 -0.168958 -0.012203 
0.000000 20.207123 1.353089 -0.144366 0.008842 
0.000000 20.207123 1.438062 -0.146327 0.038678 
0.000000 20.207123 1.620481 -0.161332 -0.091185 
0.000000 20.207123 1.306002 -0.127101 0.014409 
0.000000 20.207123 1.127960 -0.111606 0.051416 
0.000000 20.207123 0.901355 -0.093536 -0.047550 
0.000000 20.207123 1.447121 -0.142917 0.032191 
0.000000 20.207123 1.518944 -0.151514 -0.023921 
0.000000 20.207123 1.246897 -0.122874 -0.003933 
0.000000 20.207123 1.107956 -0.117646 -0.020026 
0.000000 20.207123 1.521345 -0.152888 0.020999 
0.000000 20.207123 1.410536 -0.143361 -0.028709 
0.000000 20.207123 1.220764 -0.121177 0.137646 
0.000000 20.207123 1.633588 -0.161573 -0.024488 
0.000000 20.207123 1.145834 -0.120099 -0.012059 
0.000000 20.207123 1.349819 -0.136243 0.045779 
0.000000 20.207123 1.339826 -0.136258 -0.024371 
0.000000 20.207123 1.324169 -0.138152 0.129530 
0.000000 20.207123 1.456737 -0.153775 -0.018727 
0.000000 23.094093 1.251118 -0.122520 -0.084941 
0.000000 23.094093 1.607965 -0.163436 -0.026181 
0.000000 23.094093 1.060011 -0.107529 -0.015223 
0.000000 23.094093 1.575438 -0.160092 0.033308 
0.000000 23.094093 1.430395 -0.151192 -0.040837 
0.000000 23.094093 1.857174 -0.190397 0.005901 
0.000000 23.094093 1.186369 -0.120377 -0.043131 
0.000000 23.094093 1.393344 -0.129592 0.026475 
0.000000 23.094093 1.300547 -0.135560 0.041690 
0.000000 23.094093 1.301526 -0.138989 0.036975 
0.000000 23.094093 1.507683 -0.151481 0.027232 
0.000000 23.094093 1.282413 -0.129843 0.005918 
0.000000 23.094093 1.383447 -0.135221 0.064109 
0.000000 23.094093 1.589477 -0.155681 -0.047924 
0.000000 23.094093 1.308612 -0.136460 -0.008944 
0.000000 23.094093 1.180171 -0.116602 0.053787 
0.000000 23.094093 1.794110 -0.182846 0.049265 
0.000000 23.094093 1.104670 -0.114857 -0.075993 
0.000000 23.094093 1.236316 -0.123976 0.039449 
0.000000 23.094093 1.465513 -0.143935 0.052890 
0.000000 23.094093 1.344226 -0.138480 -0.000465 
0.000000 23.094093 1.417867 -0.139411 -0.017504 
0.000000 23.094093 1.216035 -0.129636 -0.030330 
0.000000 23.094093 1.360837 -0.141538 -0.062906 
0.000000 23.094093 1.628488 -0.157931 0.047161 
0.000000 23.094093 1.758951 -0.182366 0.004384 
0.000000 23.094093 1.513115 -0.149585 0.044131 
0.000000 23.094093 1.484918 -0.143831 -0.012384 
0.000000 23.094093 1.266846 -0.127317 -0.013421 
0.000000 23.094093 1.306126 -0.136918 -0.074767 
0.000000 23.094093 1.403181 -0.146613 0.001757 
0.000000 23.094093 1.189303 -0.121212 0.027392 
0.000000 23.094093 1.381139 -0.140936 0.004656 
0.000000 23.094093 1.633781 -0.159127 -0.067434 
0.000000 23.094093 1.281499 -0.133914 0.038852 
0.000000 23.094093 1.614868 -0.156216 -0.053414 
0.000000 23.094093 1.512025 -0.161073 0.013778 
0.000000 23.094093 1.317498 -0.130500 0.042378 
0.000000 23.094093 1.541371 -0.159654 -0.039148 
0.000000 23.094093 1.133011 -0.125459 0.020116 
0.000000 23.094093 1.325689 -0.133505 0.025614 
0.000000 23.094093 1.186349 -0.119293 -0.072363 
0.000000 23.094093 1.534093 -0.152701 0.049038 
0.000000 23.094093 1.331209 -0.139400 0.040793 
0.000000 23.094093 1.239928 -0.125805 0.020370 
0.000000 23.094093 1.221339 -0.124936 -0.017207 
0.000000 23.094093 1.758770 -0.175926 0.004459 
0.000000 23.094093 1.131200 -0.119149 0.108657 
0.000000 23.094093 1.457139 -0.143738 -0.039651 
0.000000 23.094093 1.453532 -0.140598 0.000462 
0.000000 23.094093 1.398860 -0.138032 -0.066936 
0.000000 23.094093 1.529672 -0.153584 0.023886 
0.000000 23.094093 1.688312 -0.164350 0.015660 
0.000000 23.094093 1.487152 -0.146649 0.066475 
0.000000 23.094093 1.239257 -0.126341 0.037689 
0.000000 23.094093 1.267229 -0.128037 0.039761 
0.000000 23.094093 1.629143 -0.169157 -0.015724 
0.000000 23.094093 1.331283 -0.132728 0.005394 
0.000000 23.094093 1.419049 -0.142079 0.002711 
0.000000 23.094093 1.151601 -0.124307 -0.003563 
0.000000 23.094093 1.946652 -0.179692 -0.015126 
0.000000 23.094093 1.424894 -0.148084 0.065950 
0.000000 23.094093 1.145734 -0.118685 -0.031653 
0.000000 23.094093 1.259583 -0.128577 0.045960 
0.000000 23.094093 1.575968 -0.166837 0.023743 
0.000000 23.094093 1.810425 -0.185897 0.012216 
0.000000 23.094093 1.387310 -0.130975 0.018708 
0.000000 23.094093 1.806159 -0.178842 0.016730 
0.000000 23.094093 1.235130 -0.118983 0.017389 
0.000000 23.094093 1.589752 -0.158871 -0.083574 
0.000000 23.094093 1.589260 -0.160310 0.010958 
0.000000 23.094093 1.659197 -0.165314 0.049262 
0.000000 23.094093 1.476225 -0.142466 0.053918 
0.000000 23.094093 1.494125 -0.151556 -0.105067 
0.000000 23.094093 1.418218 -0.147717 0.003242 
0.000000 23.094093 1.679679 -0.174894 -0.081065 
0.000000 23.094093 1.702854 -0.174409 0.017199 
0.000000 23.094093 1.582907 -0.151274 -0.070498 
0.000000 23.094093 1.323575 -0.135374 -0.053479 
0.000000 23.094093 1.553339 -0.157949 -0.048388 
0.000000 23.094093 1.208593 -0.119136 0.049126 
0.000000 23.094093 1.496537 -0.147791 0.016385 
0.000000 23.094093 1.402218 -0.134394 -0.049201 
0.000000 23.094093 1.410791 -0.149802 0.005684 
0.000000 23.094093 1.441522 -0.142096 0.055930 
0.000000 23.094093 1.400945 -0.139019 -0.015017 
0.000000 23.094093 1.416567 -0.133273 -0.020423 
0.000000 23.094093 1.341604 -0.139246 0.057070 
0.000000 23.094093 1.336752 -0.128753 -0.067609 
0.000000 23.094093 1.244346 -0.121956 0.004685 
0.000000 23.094093 1.502234 -0.145852 -0.009991 
0.000000 23.094093 1.705849 -0.174556 0.003616 
0.000000 23.094093 1.802727 -0.180285 0.020958 
0.000000 23.094093 1.542614 -0.147673 -0.014291 
0.000000 23.094093 1.405415 -0.147795 0.008523 
0.000000 23.094093 1.633760 -0.169173 0.007509 
0.000000 23.094093 1.310711 -0.134282 0.047709 
0.000000 23.094093 1.681779 -0.167854 -0.059788 
0.000000 23.094093 1.230870 -0.124447 0.022516 
0.000000 23.094093 1.600513 -0.155668 -0.066756 
0.000000 26.033020 1.456114 -0.141114 0.019405 
0.000000 26.033020 1.300492 -0.129054 -0.012013 
0.000000 26.033020 1.594517 -0.159834 -0.009666 
0.000000 26.033020 1.430830 -0.149632 -0.052225 
0.000000 26.033020 1.515804 -0.154597 -0.024984 
0.000000 26.033020 1.281548 -0.130112 -0.056702 
0.000000 26.033020 0.980126 -0.106966 -0.034639 
0.000000 26.033020 1.335630 -0.146932 -0.020237 
0.000000 26.033020 1.344887 -0.144996 -0.051514 
0.000000 26.033020 1.557194 -0.160232 -0.038119 
0.000000 26.033020 1.417677 -0.141171 -0.013835 
0.000000 26.033020 1.410568 -0.141587 -0.042700 
0.000000 26.033020 1.614697 -0.167806 -0.002627 
0.000000 26.033020 1.461988 -0.155299 -0.036506 
0.000000 26.033020 1.535646 -0.150265 -0.054445 
0.000000 26.033020 1.404426 -0.141105 0.012424 
0.000000 26.033020 1.581264 -0.151606 -0.050578 
0.000000 26.033020 1.881974 -0.186209 0.045492 
0.000000 26.033020 1.667470 -0.164089 0.055994 
0.000000 26.033020 1.307006 -0.135473 0.002880 
0.000000 26.033020 1.387982 -0.143626 0.020988 
0.000000 26.033020 1.332281 -0.137345 -0.005880 
0.000000 26.033020 1.240747 -0.120447 -0.038265 
0.000000 26.033020 1.644911 -0.175930 -0.058592 
0.000000 26.033020 1.336404 -0.135113 0.017565 
0.000000 26.033020 1.805568 -0.173613 0.013271 
0.000000 26.033020 1.305907 -0.130761 -0.010426 
0.000000 26.033020 1.151660 -0.110177 -0.074391 
0.000000 26.033020 1.415592 -0.151032 -0.055564 
0.000000 26.033020 1.569238 -0.155734 -0.029400 
0.000000 26.033020 1.627844 -0.159773 0.009874 
0.000000 26.033020 1.652640 -0.174936 -0.055957 
0.000000 26.033020 1.522439 -0.146331 0.033966 
0.000000 26.033020 1.410886 -0.144620 0.026245 
0.000000 26.033020 1.634511 -0.166003 0.046405 
0.000000 26.033020 1.085749 -0.111783 0.053458 
0.000000 26.033020 1.323230 -0.133465 0.035969 
0.000000 26.033020 1.220672 -0.123681 0.042364 
0.000000 26.033020 1.264869 -0.128821 -0.038695 
0.000000 26.033020 1.878827 -0.181176 0.002497 
0.000000 26.033020 1.415147 -0.148275 -0.010163 
0.000000 26.033020 1.286607 -0.134634 -0.032497 
0.000000 26.033020 1.480017 -0.154229 0.072287 
0.000000 26.033020 1.744459 -0.166396 -0.022287 
0.000000 26.033020 1.639954 -0.165730 0.027835 
0.000000 26.033020 1.748293 -0.175579 -0.011231 
0.000000 26.033020 1.414029 -0.146803 0.007173 
0.000000 26.033020 1.114026 -0.122236 -0.005938 
0.000000 26.033020 1.412593 -0.141730 -0.026340 
0.000000 26.033020 1.583683 -0.154230 -0.015969 
0.000000 26.033020 1.255921 -0.123347 0.078150 
0.000000 26.033020 1.572410 -0.168881 -0.004346 
0.000000 26.033020 1.533397 -0.145726 -0.028427 
0.000000 26.033020 1.184136 -0.123108 0.068408 
0.000000 26.033020 1.389264 -0.141034 -0.042072 
0.000000 26.033020 1.487285 -0.149991 0.061485 
0.000000 26.033020 1.548325 -0.165505 -0.069448 
0.000000 26.033020 1.146839 -0.115334 0.000714 
0.000000 26.033020 1.664948 -0.159861 -0.087891 
0.000000 26.033020 1.308788 -0.132196 -0.014274 
0.000000 26.033020 1.335509 -0.137451 0.013697 
0.000000 26.033020 1.502604 -0.153548 0.007333 
0.000000 26.033020 1.585436 -0.160677 -0.034770 
0.000000 26.033020 1.281535 -0.133874 -0.019515 
0.000000 26.033020 1.382882 -0.133581 -0.095811 
0.000000 26.033020 1.692942 -0.171374 -0.013945 
0.000000 26.033020 1.273001 -0.133989 0.027825 
0.000000 26.033020 1.311674 -0.137683 0.065939 
0.000000 26.033020 1.162072 -0.113963 0.046751 
0.000000 26.033020 1.090411 -0.105907 -0.053368 
0.000000 26.033020 1.362031 -0.137097 0.015922 
0.000000 26.033020 1.736486 -0.173329 -0.050495 
0.000000 26.033020 2.013797 -0.186557 0.022687 
0.000000 26.033020 1.145129 -0.123375 0.017745 
0.000000 26.033020 1.178787 -0.122834 -0.019770 
0.000000 26.033020 1.277748 -0.136578 -0.062368 
0.000000 26.033020 1.661610 -0.162213 -0.062164 
0.000000 26.033020 1.567051 -0.161713 0.013471 
0.000000 26.033020 1.354108 -0.132277 -0.025993 
0.000000 26.033020 1.290057 -0.130321 0.080559 
0.000000 26.033020 1.685456 -0.166465 -0.079428 
0.000000 26.033020 1.405323 -0.142360 0.054510 
0.000000 26.033020 1.515001 -0.157573 0.016911 
0.000000 26.033020 1.341192 -0.134474 0.007834 
0.000000 26.033020 1.418587 -0.140202 0.012583 
0.000000 26.033020 1.239432 -0.127118 -0.000622 
0.000000 26.033020 1.358546 -0.135514 -0.025909 
0.000000 26.033020 1.243486 -0.129975 -0.005779 
0.000000 26.033020 1.614924 -0.159069 -0.012692 
0.000000 26.033020 1.321668 -0.137966 0.004919 
0.000000 26.033020 1.442647 -0.150557 -0.058814 
0.000000 26.033020 1.514352 -0.153414 -0.033505 
0.000000 26.033020 1.179362 -0.114540 -0.049945 
0.000000 26.033020 1.249536 -0.125222 -0.029041 
0.000000 26.033020 1.498797 -0.149062 0.042045 
0.000000 26.033020 1.729139 -0.172244 0.005023 
0.000000 26.033020 1.395036 -0.147070 0.049511 
0.000000 26.033020 1.197712 -0.128209 0.008109 
0.000000 26.033020 1.540044 -0.160022 -0.029888 
0.000000 26.033020 1.358305 -0.142095 0.045731 
0.000000 28.937187 1.290803 -0.127244 -0.007349 
0.000000 28.937187 1.382598 -0.137680 0.008422 
0.000000 28.937187 1.464176 -0.140809 0.028122 
0.000000 28.937187 1.641390 -0.160346 0.014817 
0.000000 28.937187 1.199427 -0.122164 0.005518 
0.000000 28.937187 1.253609 -0.118290 -0.001425 
0.000000 28.937187 1.142595 -0.117894 0.004868 
0.000000 28.937187 1.487243 -0.156238 0.047390 
0.000000 28.937187 1.489613 -0.147961 0.055919 
0.000000 28.937187 1.262247 -0.128424 0.061167 
0.000000 28.937187 1.205472 -0.121477 -0.032631 
0.000000 28.937187 1.368349 -0.136198 -0.021523 
0.000000 28.937187 1.365698 -0.131963 -0.035177 
0.000000 28.937187 1.579353 -0.152406 0.003340 
0.000000 28.937187 1.541410 -0.151640 0.074503 
0.000000 28.937187 1.298533 -0.129549 -0.070870 
0.000000 28.937187 1.458389 -0.144309 -0.052014 
0.000000 28.937187 1.524322 -0.144805 0.031459 
0.000000 28.937187 1.356209 -0.131224 -0.019777 
0.000000 28.937187 1.333656 -0.132848 0.021752 
0.000000 28.937187 1.404993 -0.136527 0.002568 
0.000000 28.937187 1.586800 -0.167513 -0.032227 
0.000000 28.937187 1.242579 -0.130102 0.028939 
0.000000 28.937187 1.315443 -0.138069 -0.016989 
0.000000 28.937187 1.113613 -0.113961 -0.027116 
0.000000 28.937187 1.311964 -0.133825 -0.039720 
0.000000 28.937187 1.392873 -0.144318 -0.012436 
0.000000 28.937187 1.305779 -0.129151 0.053579 
0.000000 28.937187 1.314303 -0.133677 -0.008572 
0.000000 28.937187 1.777459 -0.175890 -0.074806 
0.000000 28.937187 1.134991 -0.117676 0.012965 
0.000000 28.937187 1.674165 -0.171860 0.013654 
0.000000 28.937187 1.413815 -0.143625 -0.019255 
0.000000 28.937187 1.287126 -0.133490 0.021715 
0.000000 28.937187 1.382029 -0.142528 0.095348 
0.000000 28.937187 1.510364 -0.155733 0.033704 
0.000000 28.937187 1.472163 -0.151414 -0.002408 
0.000000 28.937187 1.391182 -0.136412 -0.024106 
0.000000 28.937187 1.384556 -0.137488 -0.006967 
0.000000 28.937187 1.716904 -0.175923 0.027143 
0.000000 28.937187 1.634521 -0.167168 0.000428 
0.000000 28.937187 1.612442 -0.155720 0.012426 
0.000000 28.937187 1.429024 -0.135878 -0.021009 
0.000000 28.937187 1.318975 -0.131569 0.041809 
0.000000 28.937187 1.090517 -0.111797 0.002917 
0.000000 28.937187 1.389196 -0.133996 -0.024676 
0.000000 28.937187 1.583314 -0.163070 0.046697 
0.000000 28.937187 1.238501 -0.125625 0.002917 
0.000000 28.937187 1.823347 -0.184731 0.038732 
0.000000 28.937187 1.467560 -0.153738 0.028500 
0.000000 28.937187 1.687011 -0.171148 0.010860 
0.000000 28.937187 1.300325 -0.131971 0.016824 
0.000000 28.937187 1.435452 -0.145360 0.057529 
0.000000 28.937187 1.213162 -0.117333 -0.014630 
0.000000 28.937187 1.673500 -0.159840 -0.064203 
0.000000 28.937187 1.526046 -0.151090 -0.049705 
0.000000 28.937187 1.622775 -0.156069 0.041896 
0.000000 28.937187 1.197658 -0.123642 -0.037673 
0.000000 28.937187 1.676649 -0.176728 -0.004627 
0.000000 28.937187 1.420422 -0.142507 0.013503 
0.000000 28.937187 1.223421 -0.123273 -0.003707 
0.000000 28.937187 1.430544 -0.143662 0.036182 
0.000000 28.937187 1.277358 -0.132434 -0.039923 
0.000000 28.937187 1.413533 -0.142856 0.107458 
0.000000 28.937187 1.040564 -0.106291 0.063062 
0.000000 28.937187 1.306077 -0.128813 0.001739 
0.000000 28.937187 1.296824 -0.138876 -0.013272 
0.000000 28.937187 1.237293 -0.123975 0.043424 
0.000000 28.937187 1.760636 -0.174384 0.003630 
0.000000 28.937187 1.108397 -0.112310 0.015499 
0.000000 28.937187 1.494230 -0.155241 -0.012080 
0.000000 28.937187 1.325069 -0.130102 0.036356 
0.000000 28.937187 1.618668 -0.162947 0.018265 
0.000000 28.937187 1.517655 -0.148938 -0.082512 
0.000000 28.937187 1.295304 -0.123035 -0.054934 
0.000000 28.937187 1.420426 -0.145134 0.062847 
0.000000 28.937187 1.217517 -0.122538 0.023341 
0.000000 28.937187 1.443437 -0.144679 0.091870 
0.000000 28.937187 1.954454 -0.193132 -0.019260 
0.000000 28.937187 1.384460 -0.139471 0.045652 
0.000000 28.937187 1.396050 -0.137397 0.053808 
0.000000 28.937187 1.194143 -0.120949 -0.020853 
0.000000 28.937187 1.689782 -0.161419 -0.014281 
0.000000 28.937187 1.372243 -0.137317 0.024051 
0.000000 28.937187 1.619385 -0.156748 0.072839 
0.000000 28.937187 1.354565 -0.140992 0.002867 
0.000000 28.937187 0.993894 -0.105117 0.089363 
0.000000 28.937187 1.554341 -0.166895 -0.043361 
0.000000 28.937187 1.560850 -0.152295 -0.043517 
0.000000 28.937187 1.586117 -0.164300 0.008812 
0.000000 28.937187 1.718749 -0.164633 -0.065117 
0.000000 28.937187 1.387621 -0.139632 -0.018056 
0.000000 28.937187 1.386027 -0.138206 0.000876 
0.000000 28.937187 1.200289 -0.122423 0.002855 
0.000000 28.937187 1.680163 -0.165631 -0.014922 
0.000000 28.937187 1.466437 -0.148831 0.015043 
0.000000 28.937187 1.545452 -0.154308 -0.092762 
0.000000 28.937187 1.455734 -0.142321 -0.038236 
0.000000 28.937187 1.991112 -0.194372 -0.021995 
0.000000 28.937187 1.028109 -0.106642 0.058406 
