0.000000 0.012367 0.144931 -0.252647 0.129131 
0.000000 0.019310 -0.053690 -0.178872 -0.113931 
0.000000 0.023293 -0.191868 -0.274919 -0.230938 
0.000000 0.027168 -0.101541 -0.215136 -0.164173 
0.000000 0.031052 -0.265680 -0.271680 0.002006 
0.000000 0.034966 -0.498051 -0.302585 -0.076654 
0.000000 0.038849 0.228227 -0.195784 -0.121651 
0.000000 0.042755 -0.050095 -0.104467 -0.066601 
0.000000 0.046623 -0.054739 -0.180026 0.069414 
0.000000 0.050476 -0.286440 -0.225890 0.106354 
0.000000 0.054352 -0.149206 -0.155133 -0.055221 
0.000000 0.058228 0.063714 -0.136410 -0.054941 
0.000000 0.062088 0.063398 -0.162345 -0.123026 
0.000000 0.065971 -0.103221 -0.142357 0.094659 
0.000000 0.069885 0.022534 -0.090801 0.016819 
0.000000 0.073738 -0.079778 -0.118810 0.059454 
0.000000 0.077614 0.007331 -0.141897 0.004094 
0.000000 0.081482 -0.017518 -0.168492 -0.008643 
0.000000 0.085365 -0.010772 -0.110211 0.048278 
0.000000 0.089409 -0.115069 -0.130978 -0.074273 
0.000000 0.093307 -0.012910 -0.178825 0.202883 
0.000000 0.097160 0.104409 -0.176908 0.030581 
0.000000 0.101028 0.136435 -0.112675 0.067745 
0.000000 0.104889 -0.002240 -0.174620 0.140866 
0.000000 0.108810 0.074903 -0.179950 0.073023 
0.000000 0.117332 -0.139974 -0.196329 0.024082 
0.000000 0.121468 0.033135 -0.055065 0.079934 
0.000000 0.125351 0.585014 -0.370823 -0.119996 
0.000000 0.129318 -0.013809 -0.055976 -0.126304 
0.000000 0.133263 -0.647528 -0.316998 -0.180265 
0.000000 0.137161 -0.003638 -0.185959 0.150688 
0.000000 0.141052 -0.202942 -0.210246 -0.010312 
0.000000 0.145042 0.129278 -0.164617 -0.036705 
0.000000 0.148903 0.505271 -0.268110 -0.138445 
0.000000 0.152786 0.137787 -0.285470 -0.101531 
0.000000 0.156662 0.091084 -0.232492 -0.050120 
0.000000 0.160500 0.040945 -0.102417 0.042866 
0.000000 0.164375 0.097148 -0.160362 0.036123 
0.000000 0.168243 0.256049 -0.164772 -0.002648 
0.000000 0.172081 -0.346210 -0.167001 0.105930 
0.000000 0.175972 0.060375 -0.087857 0.003100 
0.000000 0.179840 0.028286 -0.237801 -0.136410 
0.000000 0.183685 0.133159 -0.059124 0.112511 
0.000000 0.187546 0.256197 -0.285876 0.192368 
0.000000 0.191399 0.233000 -0.136492 -0.141943 
0.000000 0.195236 -0.111991 -0.161832 0.154946 
0.000000 0.199089 -0.157451 -0.176708 -0.198563 
0.000000 0.202995 -0.267597 -0.278292 -0.306015 
0.000000 0.206841 -0.255284 -0.325549 0.062715 
0.000000 0.210701 0.012033 -0.054606 -0.090883 
0.000000 0.214607 0.385030 -0.229758 -0.212002 
0.000000 0.218445 -0.146114 -0.343315 0.085090 
0.000000 0.222298 -0.213085 -0.133730 -0.021002 
0.000000 0.226181 -0.180904 -0.132827 -0.064879 
0.000000 0.230049 0.453317 -0.203857 0.026345 
0.000000 0.233902 0.179801 -0.123289 -0.074386 
0.000000 0.237793 -0.191454 -0.336140 -0.237579 
0.000000 0.241661 -0.060112 -0.194939 0.015957 
0.000000 0.245911 0.152120 -0.163605 0.056047 
0.000000 0.249786 -0.020856 -0.148076 0.189332 
0.000000 0.254555 -0.073829 -0.154855 -0.234959 
0.000000 0.258400 -0.118561 -0.155959 0.014917 
0.000000 0.262276 -0.274915 -0.215728 -0.129500 
0.000000 0.266136 0.237527 -0.220569 -0.112555 
0.000000 0.269974 -0.007559 -0.113286 -0.063472 
0.000000 0.273842 0.386536 -0.247461 -0.234177 
0.000000 0.277702 0.023019 -0.165735 0.134772 
0.000000 0.281555 0.114357 -0.167532 -0.056461 
0.000000 0.285423 0.343668 -0.123969 -0.119491 
0.000000 0.289307 -0.132258 -0.132028 -0.250595 
0.000000 0.293198 0.022007 -0.264654 -0.055600 
0.000000 0.297073 -0.011920 -0.100143 0.032831 
0.000000 0.300957 -0.141431 -0.207985 -0.036125 
0.000000 0.304802 0.023410 -0.145665 0.139369 
0.000000 0.308708 0.087486 -0.222724 0.089366 
0.000000 0.313583 0.046602 -0.281000 -0.097723 
0.000000 0.317894 0.251991 -0.241208 -0.235127 
0.000000 0.322136 -0.014452 -0.167411 -0.047948 
0.000000 0.326790 -0.080825 -0.160608 0.085920 
0.000000 0.330696 0.135773 -0.134844 -0.050614 
0.000000 0.334572 0.399104 -0.384707 -0.142535 
0.000000 0.338432 -0.189436 -0.168946 0.054454 
0.000000 0.342278 -0.654223 -0.347076 -0.117610 
0.000000 0.346153 0.295390 -0.183556 -0.120255 
0.000000 0.350006 -0.174427 -0.185915 -0.045225 
0.000000 0.353867 -0.463263 -0.311164 -0.312599 
0.000000 0.357758 -0.161994 -0.136736 -0.249881 
0.000000 0.361595 0.194351 -0.149970 -0.224579 
0.000000 0.365433 0.014674 -0.169896 0.126171 
0.000000 0.369286 -0.116268 -0.235585 -0.159464 
0.000000 0.373840 -0.000878 -0.104366 0.010411 
0.000000 0.377731 0.012227 -0.242810 -0.080111 
0.000000 0.381592 0.186743 -0.174169 0.013689 
0.000000 0.385437 -0.218538 -0.140562 -0.122880 
0.000000 0.389290 0.124942 -0.196056 -0.118468 
0.000000 0.393135 -0.130500 -0.091471 0.080878 
0.000000 0.396988 0.107253 -0.091098 0.166791 
0.000000 0.400841 -0.213154 -0.362036 0.079411 
0.000000 0.404709 0.050860 -0.194945 0.075794 
0.000000 0.408562 -0.171594 -0.178990 -0.092986 
0.000000 0.413101 0.228880 -0.280529 -0.009845 
0.000000 0.416969 0.026272 -0.143113 0.111211 
0.000000 0.420830 -0.115674 -0.088798 -0.049503 
0.000000 0.424660 -0.006801 -0.168872 -0.233084 
0.000000 0.428505 0.200383 -0.255809 0.142381 
0.000000 0.432358 -0.051735 -0.071948 -0.061245 
0.000000 0.436203 0.010965 -0.139765 -0.267000 
0.000000 0.440041 -0.191123 -0.128230 0.009398 
0.000000 0.443886 0.015045 -0.352959 -0.075982 
0.000000 0.448402 -0.021629 -0.207354 -0.083638 
0.000000 0.452293 0.123864 -0.312900 0.043033 
0.000000 0.456131 -0.117732 -0.171830 -0.009263 
0.000000 0.459953 0.148189 -0.131595 -0.132723 
0.000000 0.463791 0.464885 -0.330156 -0.159257 
0.000000 0.467644 0.136121 -0.210131 -0.103878 
0.000000 0.471489 -0.176488 -0.191973 0.101921 
0.000000 0.475327 -0.067901 -0.301087 -0.117498 
0.000000 0.479179 0.053522 -0.208607 -0.110358 
0.000000 0.483017 -0.104598 -0.174783 0.153625 
0.000000 0.487450 -0.340101 -0.305909 -0.204835 
0.000000 0.491318 0.103954 -0.302376 -0.280404 
0.000000 0.495163 0.052237 -0.403977 -0.240950 
0.000000 0.499031 0.027321 -0.213113 0.087744 
0.000000 0.502899 -0.115858 -0.144082 0.004450 
0.000000 0.506767 0.019044 -0.125212 0.065382 
0.000000 0.510643 0.028906 -0.132549 -0.077463 
0.000000 0.514877 -0.049051 -0.175305 0.183806 
0.000000 0.519089 -0.094548 -0.134823 -0.050132 
0.000000 0.522957 0.147641 -0.249212 -0.142950 
0.000000 0.527496 0.031701 -0.129889 -0.419223 
0.000000 0.531418 -0.101436 -0.326765 -0.226492 
0.000000 0.535263 -0.037750 -0.127842 0.073527 
0.000000 0.539124 -0.081734 -0.146611 0.442323 
0.000000 0.542984 -0.103003 -0.186346 0.014765 
0.000000 0.546829 0.092711 -0.237184 0.050963 
0.000000 0.550713 0.215483 -0.298327 -0.119699 
0.000000 0.554565 -0.133716 -0.227345 0.092183 
0.000000 0.558418 0.067057 -0.246967 0.026073 
0.000000 0.562286 -0.027591 -0.093196 0.001443 
0.000000 0.566124 -0.190550 -0.140822 0.045732 
0.000000 0.569962 -0.178532 -0.237446 0.035846 
0.000000 0.574524 0.128533 -0.139697 -0.065304 
0.000000 0.578453 -0.354491 -0.304166 -0.073008 
0.000000 0.582306 0.006611 -0.146981 0.061741 
0.000000 0.586189 0.073766 -0.229659 0.074363 
0.000000 0.590057 0.162868 -0.445575 -0.366151 
0.000000 0.593941 -0.208213 -0.194144 -0.161354 
0.000000 0.597832 -0.157802 -0.317196 -0.303113 
0.000000 0.601692 0.120774 -0.231829 0.081496 
0.000000 0.605553 -0.031516 -0.153153 -0.064252 
0.000000 0.610039 0.105502 -0.153867 -0.146344 
0.000000 0.613922 0.146862 -0.146893 -0.015095 
0.000000 0.617775 -0.137713 -0.176981 0.242455 
0.000000 0.621643 -0.152286 -0.118345 -0.057507 
0.000000 0.625488 -0.277619 -0.218580 0.017252 
0.000000 0.629356 -0.104926 -0.155635 -0.115131 
0.000000 0.633224 0.142785 -0.261592 0.019275 
0.000000 0.637062 -0.003682 -0.121151 0.131269 
0.000000 0.640907 -0.452797 -0.163565 -0.248501 
0.000000 0.644760 0.138035 -0.153113 -0.191632 
0.000000 0.649216 0.155048 -0.094646 0.085150 
0.000000 0.653084 0.185309 -0.214442 -0.006887 
0.000000 0.656937 -0.362055 -0.321009 -0.115155 
0.000000 0.660782 -0.046037 -0.149910 0.072700 
0.000000 0.664612 0.213772 -0.152854 0.092144 
0.000000 0.668457 -0.004860 -0.193886 -0.065048 
0.000000 0.672302 -0.205037 -0.234204 -0.200611 
0.000000 0.676132 0.091015 -0.207473 -0.140242 
0.000000 0.679970 -0.087825 -0.122812 -0.008703 
0.000000 0.683830 0.193784 -0.127220 -0.206498 
0.000000 0.687675 0.069478 -0.145928 -0.002937 
0.000000 0.691528 0.239885 -0.210100 -0.086084 
0.000000 0.695969 -0.161122 -0.195100 0.170835 
0.000000 0.699806 -0.253713 -0.208666 -0.236798 
0.000000 0.703674 0.050430 -0.203262 -0.113449 
0.000000 0.707535 0.179009 -0.115822 -0.067704 
0.000000 0.711372 0.418627 -0.205121 0.172981 
0.000000 0.715637 -0.034353 -0.117487 0.031462 
0.000000 0.719749 -0.044825 -0.183233 0.125209 
0.000000 0.723618 0.034446 -0.085286 0.024294 
0.000000 0.727470 0.148960 -0.157632 0.024356 
0.000000 0.732025 0.117008 -0.234033 -0.019448 
0.000000 0.735947 -0.139882 -0.187639 -0.146908 
0.000000 0.739799 0.119343 -0.181078 -0.145322 
0.000000 0.743668 0.178976 -0.212189 -0.073376 
0.000000 0.747528 0.109333 -0.160090 -0.084020 
0.000000 0.751404 -0.084447 -0.097419 -0.098678 
0.000000 0.755249 0.002071 -0.148618 -0.209315 
0.000000 0.759109 -0.020871 -0.248225 0.278755 
0.000000 0.762985 -0.068766 -0.147394 0.053827 
0.000000 0.767250 0.113150 -0.123775 -0.106833 
0.000000 0.771240 -0.209094 -0.151384 -0.060556 
0.000000 0.775070 -0.065087 -0.225321 0.020084 
0.000000 0.778954 -0.021060 -0.143971 -0.128957 
0.000000 0.782822 -0.036556 -0.151446 -0.093616 
0.000000 0.786682 -0.264399 -0.223921 0.077856 
0.000000 0.790527 0.046311 -0.117578 -0.107177 
0.000000 0.794380 -0.188695 -0.248393 -0.336716 
0.000000 0.798233 -0.046456 -0.180092 -0.071801 
0.000000 0.802116 0.012965 -0.103306 0.135023 
0.000000 0.805977 -0.018294 -0.151644 0.174462 
0.000000 0.809822 -0.453482 -0.297025 0.012496 
0.000000 0.814194 0.074730 -0.164291 0.070542 
0.000000 0.818062 -0.079445 -0.162365 0.262832 
0.000000 0.821922 0.208497 -0.167645 -0.040286 
0.000000 0.825798 0.255049 -0.222062 -0.153686 
0.000000 0.829651 -0.038643 -0.220933 -0.035756 
0.000000 0.833488 0.146363 -0.127245 -0.094604 
0.000000 0.837349 0.144679 -0.153142 -0.030069 
0.000000 0.841187 0.029415 -0.262998 -0.165444 
0.000000 0.845039 0.075745 -0.187733 -0.153527 
0.000000 0.848907 -0.135787 -0.159288 -0.218520 
0.000000 0.853241 0.014360 -0.147042 -0.044362 
0.000000 0.857117 0.007131 -0.079477 0.220308 
0.000000 0.860962 0.362628 -0.284648 -0.079598 
0.000000 0.864815 -0.271333 -0.094286 -0.053215 
0.000000 0.868675 0.008311 -0.192313 0.040074 
0.000000 0.872513 -0.079609 -0.082313 0.000743 
0.000000 0.876343 -0.312670 -0.246047 0.000665 
0.000000 0.880196 0.203095 -0.178228 0.015971 
0.000000 0.884033 -0.342540 -0.428018 -0.137773 
0.000000 0.888374 0.228298 -0.180836 0.083151 
0.000000 0.892220 0.355632 -0.307775 -0.314446 
0.000000 0.896049 -0.119474 -0.147307 0.110061 
0.000000 0.899918 -0.227628 -0.300945 0.074728 
0.000000 0.903763 0.061505 -0.181863 0.042541 
0.000000 0.907608 0.072795 -0.198372 0.231377 
0.000000 0.911461 -0.426423 -0.157203 -0.136780 
0.000000 0.915718 0.011881 -0.179304 -0.057315 
0.000000 0.919853 -0.340558 -0.208759 -0.166095 
0.000000 0.923737 0.133702 -0.257149 -0.066153 
0.000000 0.928169 0.171178 -0.297437 -0.079446 
0.000000 0.932068 0.012796 -0.179999 -0.148896 
0.000000 0.935905 -0.161627 -0.178759 0.250343 
0.000000 0.939743 -0.180511 -0.205194 0.127792 
0.000000 0.943596 0.051061 -0.118973 -0.001599 
0.000000 0.947456 0.167611 -0.338618 -0.095447 
0.000000 0.951302 0.189738 -0.172012 -0.084316 
0.000000 0.955154 0.072681 -0.158331 0.051810 
0.000000 0.959007 -0.240252 -0.228494 -0.070054 
0.000000 0.962860 -0.315748 -0.246698 0.049959 
0.000000 0.966705 0.465321 -0.205644 -0.154616 
0.000000 0.970573 0.234838 -0.122541 0.072923 
0.000000 0.974915 -0.407819 -0.225580 -0.082543 
0.000000 0.978806 0.098654 -0.240561 -0.186134 
0.000000 0.982658 -0.083901 -0.148586 -0.021468 
0.000000 0.986519 0.013734 -0.206996 -0.109893 
0.000000 0.990379 -0.067358 -0.254124 -0.108754 
0.000000 0.994232 -0.096814 -0.175995 0.085660 
0.000000 0.998100 0.274598 -0.209771 -0.044670 
0.000000 1.001961 0.086889 -0.113774 0.015108 
0.000000 1.005821 -0.123843 -0.120542 0.103418 
0.000000 1.010117 -0.288364 -0.282133 0.026811 
0.000000 1.013992 -0.044245 -0.162256 -0.044292 
0.000000 1.017860 0.021565 -0.128435 -0.334186 
0.000000 1.021713 0.179942 -0.303038 -0.197616 
0.000000 1.025574 0.180540 -0.214101 -0.119585 
0.000000 1.029419 -0.020078 -0.206688 -0.275856 
0.000000 1.033257 -0.013691 -0.136690 0.001383 
0.000000 1.037094 -0.058120 -0.186920 0.119893 
0.000000 1.040955 -0.129181 -0.148346 -0.020394 
0.000000 1.044823 -0.113948 -0.297330 -0.100075 
0.000000 1.049171 0.044877 -0.114414 0.206816 
0.000000 1.053047 -0.012109 -0.155609 -0.173350 
0.000000 1.056885 0.017085 -0.101108 0.138017 
0.000000 1.060738 0.268094 -0.268274 -0.233716 
0.000000 1.064606 -0.131965 -0.256834 -0.170696 
0.000000 1.068443 -0.389063 -0.297000 -0.179681 
0.000000 1.072281 0.022957 -0.284545 -0.023801 
0.000000 1.076126 0.049578 -0.078859 -0.002816 
0.000000 1.079948 0.070911 -0.253059 0.020603 
0.000000 1.083786 -0.031390 -0.106522 -0.194326 
0.000000 1.087624 0.246561 -0.154488 -0.083143 
0.000000 1.091782 0.071291 -0.155549 -0.003941 
0.000000 1.095764 -0.204961 -0.129397 0.142986 
0.000000 1.099617 0.066103 -0.178243 0.095501 
0.000000 1.103485 -0.113615 -0.146444 -0.144872 
0.000000 1.107346 0.365340 -0.212267 -0.019475 
0.000000 1.111176 -0.444883 -0.218237 -0.035000 
0.000000 1.115448 0.036356 -0.208804 0.023484 
0.000000 1.119598 0.223327 -0.150320 0.153877 
0.000000 1.123703 -0.165595 -0.230016 -0.126903 
0.000000 1.127563 -0.199793 -0.206874 -0.104402 
0.000000 1.131981 -0.039884 -0.187086 -0.043594 
0.000000 1.135880 0.083465 -0.193578 0.224676 
0.000000 1.139748 -0.101450 -0.096473 0.066536 
0.000000 1.143593 0.015879 -0.081219 0.173029 
0.000000 1.147438 0.160913 -0.135378 -0.075191 
0.000000 1.151321 -0.281558 -0.398605 -0.128849 
0.000000 1.155151 -0.128935 -0.136021 0.000135 
0.000000 1.158997 0.020328 -0.137846 -0.015096 
0.000000 1.162872 0.479619 -0.259665 -0.261173 
0.000000 1.167175 0.131322 -0.203034 0.146218 
0.000000 1.171043 0.101273 -0.165401 -0.054878 
0.000000 1.174934 0.188591 -0.138567 -0.273657 
0.000000 1.178780 -0.155806 -0.160192 0.152631 
0.000000 1.182640 0.090968 -0.194040 -0.148151 
0.000000 1.186539 -0.212670 -0.200395 -0.056521 
0.000000 1.190384 -0.064089 -0.166577 0.026527 
0.000000 1.194275 0.241820 -0.294902 -0.368502 
0.000000 1.198143 0.074764 -0.141308 0.288296 
0.000000 1.201996 -0.063739 -0.195507 0.002802 
0.000000 1.205841 -0.296064 -0.190545 0.029206 
0.000000 1.209686 -0.125816 -0.261664 -0.031846 
0.000000 1.214027 0.108004 -0.242353 -0.138651 
0.000000 1.217911 0.093422 -0.181220 0.043605 
0.000000 1.221771 -0.298640 -0.242034 0.220487 
0.000000 1.225616 -0.136613 -0.231673 0.103895 
0.000000 1.229454 -0.069259 -0.118877 -0.009714 
0.000000 1.233299 0.414904 -0.185376 -0.120393 
0.000000 1.237152 -0.196212 -0.250620 0.046203 
0.000000 1.241013 -0.116690 -0.151279 -0.256869 
0.000000 1.245132 0.171096 -0.301944 -0.258105 
0.000000 1.249008 0.051827 -0.195263 -0.203489 
0.000000 1.253357 -0.149309 -0.232843 0.009866 
0.000000 1.257256 -0.216709 -0.208811 0.042633 
0.000000 1.261101 0.031572 -0.123465 -0.043696 
0.000000 1.264946 -0.017045 -0.066067 -0.057205 
0.000000 1.268799 0.068950 -0.242924 -0.077570 
0.000000 1.272644 0.138811 -0.102584 -0.135663 
0.000000 1.276489 -0.090715 -0.140250 -0.015625 
0.000000 1.280342 -0.100743 -0.126005 -0.039023 
0.000000 1.284187 0.174477 -0.253603 -0.320178 
0.000000 1.288490 -0.030302 -0.146862 0.065868 
0.000000 1.292381 -0.017034 -0.154347 -0.081959 
0.000000 1.296219 -0.079007 -0.200735 -0.001653 
0.000000 1.300056 0.327485 -0.213787 -0.198709 
0.000000 1.303886 0.106838 -0.145293 0.100374 
0.000000 1.307739 -0.038390 -0.119609 -0.157785 
0.000000 1.311577 0.033849 -0.236370 -0.210941 
0.000000 1.315834 0.159405 -0.229930 -0.096408 
0.000000 1.319962 -0.234077 -0.203677 -0.163354 
0.000000 1.323822 0.029644 -0.227923 -0.120998 
0.000000 1.328232 -0.068711 -0.113397 0.062995 
0.000000 1.332138 0.097695 -0.187328 -0.013618 
0.000000 1.335991 -0.077001 -0.209700 0.104876 
0.000000 1.339828 0.116325 -0.187031 -0.158728 
0.000000 1.343666 0.360649 -0.187693 -0.304272 
0.000000 1.347542 -0.222379 -0.250250 0.057461 
0.000000 1.351387 -0.122954 -0.265718 -0.141996 
0.000000 1.355255 0.055229 -0.191042 -0.096246 
0.000000 1.359100 0.055651 -0.080285 0.033316 
0.000000 1.362961 0.085119 -0.175136 0.132434 
0.000000 1.366821 -0.379559 -0.173537 0.133573 
0.000000 1.370689 0.012124 -0.161851 0.039622 
0.000000 1.375038 0.018823 -0.211532 0.074055 
0.000000 1.378937 0.095840 -0.134852 -0.094014 
0.000000 1.382759 -0.023427 -0.155393 -0.067984 
0.000000 1.386604 -0.331985 -0.206359 -0.012652 
0.000000 1.390472 -0.196127 -0.223943 0.081229 
0.000000 1.394333 0.202850 -0.231493 -0.023503 
0.000000 1.398186 -0.391330 -0.258001 -0.375196 
0.000000 1.402046 0.129004 -0.171104 0.186180 
0.000000 1.405891 -0.222219 -0.233324 0.225868 
0.000000 1.410210 0.334889 -0.214574 0.073869 
0.000000 1.414078 0.254304 -0.181111 -0.258030 
0.000000 1.417931 0.189154 -0.134868 -0.051840 
0.000000 1.421783 0.067640 -0.129441 -0.041987 
0.000000 1.425629 0.014222 -0.148541 0.071452 
0.000000 1.429466 -0.274338 -0.249206 0.035608 
0.000000 1.433319 -0.020816 -0.179150 0.056302 
0.000000 1.437187 -0.109199 -0.098641 0.079321 
0.000000 1.441032 0.159741 -0.204004 0.036748 
0.000000 1.444878 0.053254 -0.237156 -0.171672 
0.000000 1.449196 0.223918 -0.147846 0.025723 
0.000000 1.453072 0.048558 -0.195911 0.332724 
0.000000 1.456917 0.096903 -0.091961 -0.041543 
0.000000 1.460793 -0.409602 -0.338274 0.022543 
0.000000 1.464622 0.362653 -0.392140 -0.142702 
0.000000 1.468468 -0.067049 -0.137182 -0.012550 
0.000000 1.472328 -0.041593 -0.154011 0.080997 
0.000000 1.476173 0.014079 -0.192029 0.080759 
0.000000 1.480003 0.043766 -0.106780 0.070011 
0.000000 1.484192 0.076444 -0.113285 -0.157828 
0.000000 1.488174 -0.097600 -0.146117 0.127411 
0.000000 1.491997 -0.071879 -0.317032 -0.094441 
0.000000 1.495842 -0.000179 -0.250405 -0.048597 
0.000000 1.499702 0.349823 -0.188517 -0.236748 
0.000000 1.503540 -0.212072 -0.176706 0.046328 
0.000000 1.507393 -0.057253 -0.087011 0.174862 
0.000000 1.511261 -0.223180 -0.223069 -0.047596 
0.000000 1.515511 -0.224139 -0.180482 0.226779 
0.000000 1.519653 -0.105725 -0.116555 0.088086 
0.000000 1.523514 0.035688 -0.134384 -0.105885 
0.000000 1.527931 0.096916 -0.159476 0.206440 
0.000000 1.531845 -0.088466 -0.138560 -0.129255 
0.000000 1.535721 -0.177225 -0.191948 0.090048 
0.000000 1.539558 -0.238569 -0.148290 -0.072386 
0.000000 1.543404 0.056056 -0.134771 -0.084690 
0.000000 1.547272 -0.078403 -0.230069 0.200830 
0.000000 1.551132 -0.164237 -0.237989 0.029494 
0.000000 1.554977 -0.129608 -0.193169 0.007024 
0.000000 1.558838 -0.052312 -0.153247 -0.129177 
0.000000 1.562698 -0.080821 -0.153622 -0.041417 
0.000000 1.566551 0.077063 -0.117227 -0.032533 
0.000000 1.570419 -0.039808 -0.174143 0.085032 
0.000000 1.574768 0.070818 -0.181126 0.082017 
0.000000 1.578659 -0.064234 -0.278251 0.109042 
0.000000 1.582542 -0.040252 -0.112561 -0.042224 
0.000000 1.586395 0.154080 -0.210019 0.187751 
0.000000 1.590248 -0.200032 -0.206291 -0.244130 
0.000000 1.594109 -0.001975 -0.237183 -0.033600 
0.000000 1.597977 0.023748 -0.149590 0.049917 
0.000000 1.601807 0.125910 -0.183391 -0.044024 
0.000000 1.605667 0.232167 -0.442269 -0.177990 
0.000000 1.610001 -0.036510 -0.213504 -0.078211 
0.000000 1.613869 -0.066929 -0.340008 0.029892 
0.000000 1.617722 -0.209319 -0.128743 0.104630 
0.000000 1.621590 -0.079908 -0.176455 0.012842 
0.000000 1.625427 -0.037216 -0.123894 0.091926 
0.000000 1.629311 -0.358771 -0.297529 0.028572 
0.000000 1.633148 -0.002218 -0.050532 -0.036882 
0.000000 1.636986 -0.013035 -0.133716 0.131553 
0.000000 1.640846 0.036569 -0.091366 0.012750 
0.000000 1.644707 -0.169732 -0.170285 0.022558 
0.000000 1.649368 0.185273 -0.276259 0.056052 
0.000000 1.653282 0.004657 -0.403132 -0.260063 
0.000000 1.657127 0.157562 -0.225481 0.013316 
0.000000 1.660973 0.078113 -0.168766 0.156241 
0.000000 1.664841 0.225175 -0.167154 0.088886 
0.000000 1.668671 0.144811 -0.141540 0.148856 
0.000000 1.672523 0.007785 -0.088482 0.116133 
0.000000 1.676376 -0.046219 -0.188888 -0.065420 
0.000000 1.680206 0.362252 -0.203841 0.059152 
0.000000 1.684036 -0.028439 -0.200787 -0.194678 
0.000000 1.687889 0.074024 -0.226329 -0.029481 
0.000000 1.691734 0.096779 -0.223373 0.108057 
0.000000 1.696075 0.024867 -0.258149 -0.100730 
0.000000 1.699921 0.040712 -0.260513 -0.140955 
0.000000 1.703766 -0.385897 -0.260626 -0.205770 
0.000000 1.707619 0.133015 -0.199217 -0.290378 
0.000000 1.711472 0.148540 -0.210080 -0.111704 
0.000000 1.715736 0.078462 -0.163548 0.113141 
0.000000 1.719856 -0.124374 -0.206933 0.145899 
0.000000 1.723724 0.153263 -0.146753 -0.147555 
0.000000 1.727592 -0.025575 -0.111953 -0.064691 
0.000000 1.731995 0.105216 -0.117110 0.026896 
0.000000 1.735886 0.067203 -0.151996 0.237809 
0.000000 1.739754 -0.011856 -0.183752 0.124014 
0.000000 1.743591 -0.037896 -0.105102 -0.154159 
0.000000 1.747429 0.151566 -0.241223 -0.317397 
0.000000 1.751289 0.026645 -0.260749 0.055574 
0.000000 1.755119 0.038675 -0.123970 -0.033524 
0.000000 1.758965 0.044913 -0.175172 -0.027405 
0.000000 1.762833 0.482101 -0.349230 -0.281604 
0.000000 1.766693 0.028217 -0.209352 -0.114268 
0.000000 1.771049 0.072665 -0.207497 -0.044216 
0.000000 1.774963 0.028182 -0.311657 0.110044 
0.000000 1.778809 0.156103 -0.102427 0.075373 
0.000000 1.782677 0.000966 -0.282383 -0.117505 
0.000000 1.786552 -0.271956 -0.108807 -0.050793 
0.000000 1.790390 0.201368 -0.163885 0.001879 
0.000000 1.794243 -0.079470 -0.130379 0.249280 
0.000000 1.798111 -0.087319 -0.265727 -0.026299 
0.000000 1.801956 -0.450524 -0.325070 0.087834 
0.000000 1.806282 0.000742 -0.129251 -0.080368 
0.000000 1.810173 0.110031 -0.262089 0.026078 
0.000000 1.814011 0.165374 -0.151974 0.094307 
0.000000 1.817856 0.220158 -0.236470 -0.079422 
0.000000 1.821701 -0.179373 -0.315534 -0.317671 
0.000000 1.825562 0.001430 -0.309389 -0.200964 
0.000000 1.829414 0.113725 -0.199192 -0.177401 
0.000000 1.833260 0.034849 -0.109411 -0.084617 
0.000000 1.837112 0.169523 -0.145606 -0.012350 
0.000000 1.840950 0.004456 -0.141724 0.198415 
0.000000 1.844788 -0.040967 -0.260818 0.029363 
0.000000 1.848633 -0.114425 -0.185681 -0.092461 
0.000000 1.852936 -0.068783 -0.263210 -0.001280 
0.000000 1.856804 -0.041763 -0.163599 -0.076454 
0.000000 1.860664 0.110519 -0.222833 -0.075043 
0.000000 1.864502 0.214054 -0.165166 0.162734 
0.000000 1.868347 0.176939 -0.213089 -0.164308 
0.000000 1.872192 -0.188864 -0.175909 0.051691 
0.000000 1.876015 -0.053787 -0.153544 0.153610 
0.000000 1.879868 -0.137093 -0.177686 -0.061801 
0.000000 1.883713 -0.100133 -0.095525 -0.264623 
0.000000 1.887566 0.189002 -0.192302 0.031278 
0.000000 1.891861 0.199207 -0.277465 -0.116413 
0.000000 1.895706 -0.081884 -0.161328 0.054046 
0.000000 1.899551 0.102062 -0.171656 -0.026858 
0.000000 1.903397 0.137495 -0.219312 0.065968 
0.000000 1.907265 0.104892 -0.178200 0.012805 
0.000000 1.911110 -0.261683 -0.312621 -0.282642 
0.000000 1.915344 -0.018775 -0.208984 0.238805 
0.000000 1.920341 0.026026 -0.261828 -0.015474 
0.000000 1.924416 -0.237871 -0.218321 -0.043159 
0.000000 1.928825 -0.089549 -0.145237 -0.116658 
0.000000 1.932739 0.004921 -0.228242 -0.146972 
0.000000 1.936607 0.050028 -0.239089 0.112245 
0.000000 1.940460 -0.523702 -0.233817 0.088074 
0.000000 1.944313 0.006138 -0.290345 0.202507 
0.000000 1.948181 -0.142237 -0.191223 -0.093686 
0.000000 1.952026 0.108920 -0.225851 -0.200358 
0.000000 1.955879 0.012037 -0.178738 0.016441 
0.000000 1.959740 -0.063953 -0.203995 -0.029498 
0.000000 1.963577 0.041971 -0.197462 -0.028120 
0.000000 1.967926 -0.038697 -0.200750 -0.095361 
0.000000 1.972275 -0.073460 -0.103669 0.053670 
0.000000 1.976128 0.161544 -0.214894 0.044430 
0.000000 1.979958 0.296053 -0.210712 0.071282 
0.000000 1.983810 0.020233 -0.157867 0.152506 
0.000000 1.987633 0.203175 -0.172445 0.224683 
0.000000 1.991486 0.358934 -0.141125 0.087410 
0.000000 1.995308 -0.061614 -0.053850 -0.098393 
0.000000 1.999153 0.441856 -0.138427 -0.170691 
0.000000 2.003036 0.213344 -0.174013 -0.101281 
0.000000 2.006897 0.050357 -0.158721 0.040757 
0.000000 2.010750 -0.012162 -0.190023 0.110632 
0.000000 2.015099 -0.078163 -0.235653 0.066756 
0.000000 2.018959 0.068860 -0.114454 0.092162 
0.000000 2.022827 0.243055 -0.266710 0.050294 
0.000000 2.026703 -0.484434 -0.325389 -0.055552 
0.000000 2.030556 -0.152350 -0.101623 -0.021643 
0.000000 2.034409 0.067991 -0.305221 -0.331550 
0.000000 2.038261 -0.033753 -0.255917 0.032641 
0.000000 2.042114 -0.114288 -0.143969 0.084842 
0.000000 2.045952 0.136711 -0.132832 0.042372 
0.000000 2.050270 -0.043475 -0.209368 0.012419 
0.000000 2.054146 0.022262 -0.157818 -0.102518 
0.000000 2.057991 0.013532 -0.315019 -0.194082 
0.000000 2.061844 0.060046 -0.157503 -0.205303 
0.000000 2.065704 0.074723 -0.157150 -0.166491 
0.000000 2.069550 -0.104594 -0.215716 -0.102334 
0.000000 2.073395 -0.051600 -0.088130 -0.016638 
0.000000 2.077248 -0.126275 -0.107911 -0.115771 
0.000000 2.081093 -0.139089 -0.198367 -0.128449 
0.000000 2.084953 -0.022694 -0.298200 0.214462 
0.000000 2.089272 0.279669 -0.240914 -0.192298 
0.000000 2.093109 0.011557 -0.360186 -0.140348 
0.000000 2.096977 0.182186 -0.148668 -0.046087 
0.000000 2.100838 0.023003 -0.181863 -0.082679 
0.000000 2.104691 0.030914 -0.202356 -0.116902 
0.000000 2.108559 0.117952 -0.117290 0.141374 
0.000000 2.112404 0.050906 -0.279723 -0.197357 
0.000000 2.116669 0.015323 -0.106550 0.087123 
0.000000 2.120773 0.068689 -0.064914 -0.005359 
0.000000 2.124619 0.090469 -0.143619 -0.059023 
0.000000 2.129036 -0.009442 -0.154168 -0.038840 
0.000000 2.132927 0.127301 -0.144941 0.113386 
0.000000 2.136772 -0.021494 -0.186231 0.122868 
0.000000 2.140617 0.159289 -0.182375 0.168013 
0.000000 2.144470 -0.079335 -0.201369 -0.227725 
0.000000 2.148308 -0.002705 -0.155188 0.057852 
0.000000 2.152145 -0.222216 -0.211954 0.070847 
0.000000 2.155983 -0.058603 -0.132996 0.016241 
0.000000 2.159836 -0.044424 -0.149080 -0.032786 
0.000000 2.163696 -0.101291 -0.115219 0.071413 
0.000000 2.167542 0.011747 -0.245267 -0.085020 
0.000000 2.171730 0.363022 -0.157110 -0.096980 
0.000000 2.175728 -0.493661 -0.279411 -0.192604 
0.000000 2.179581 0.012501 -0.269129 -0.104044 
0.000000 2.183441 0.239496 -0.194838 -0.093344 
0.000000 2.187294 -0.004710 -0.136828 -0.009798 
0.000000 2.191139 0.140773 -0.186823 -0.158471 
0.000000 2.195007 -0.127135 -0.172086 0.093550 
0.000000 2.198853 -0.244179 -0.184557 -0.131724 
0.000000 2.202721 -0.038700 -0.094757 -0.164352 
0.000000 2.206589 -0.330822 -0.205474 -0.033343 
0.000000 2.210915 0.038337 -0.090872 0.113878 
0.000000 2.214767 -0.102866 -0.503414 0.022837 
0.000000 2.218651 0.019976 -0.202440 0.114464 
0.000000 2.222511 0.027051 -0.140688 0.025254 
0.000000 2.226486 0.284487 -0.096326 -0.112983 
0.000000 2.230446 -0.253601 -0.305758 0.115897 
0.000000 2.234352 0.268773 -0.270870 -0.045749 
0.000000 2.238228 0.043965 -0.236508 -0.017503 
0.000000 2.242126 -0.193548 -0.292943 -0.194581 
0.000000 2.245979 0.020136 -0.195968 -0.084117 
0.000000 2.250481 0.144190 -0.214812 -0.037338 
0.000000 2.254379 0.157147 -0.202089 -0.152167 
0.000000 2.258286 0.192675 -0.282830 -0.100043 
0.000000 2.262146 0.201652 -0.357391 0.335730 
0.000000 2.266052 -0.006117 -0.278119 0.081747 
0.000000 2.269905 -0.113279 -0.108013 0.201935 
0.000000 2.273811 0.244526 -0.181213 0.120089 
0.000000 2.277687 0.199885 -0.256019 -0.024632 
0.000000 2.281563 0.165818 -0.209802 0.207405 
0.000000 2.285896 -0.055071 -0.226317 0.105667 
0.000000 2.289810 0.021579 -0.083877 0.038360 
0.000000 2.293655 0.289271 -0.327215 0.031443 
0.000000 2.297539 -0.084867 -0.131027 -0.218112 
0.000000 2.301399 -0.300020 -0.135597 -0.129401 
0.000000 2.305283 -0.114314 -0.166782 -0.237063 
0.000000 2.309120 0.051011 -0.152768 -0.010241 
0.000000 2.313087 -0.037176 -0.106022 0.161830 
0.000000 2.317436 -0.054611 -0.203959 -0.047641 
0.000000 2.321541 -0.090953 -0.098704 0.241706 
0.000000 2.325432 -0.039907 -0.251414 -0.211665 
0.000000 2.329323 -0.267976 -0.200218 -0.034007 
0.000000 2.333748 0.216511 -0.133016 -0.177867 
0.000000 2.337677 0.134560 -0.132900 0.158724 
0.000000 2.341530 -0.327441 -0.218048 0.297375 
0.000000 2.345406 0.128881 -0.182607 0.120336 
0.000000 2.349274 -0.175848 -0.211305 -0.072476 
0.000000 2.353172 0.051338 -0.172762 -0.034741 
0.000000 2.357018 -0.257064 -0.258429 -0.180675 
0.000000 2.360878 -0.126052 -0.136887 0.052084 
0.000000 2.364777 0.129386 -0.126058 0.086076 
0.000000 2.369125 -0.019142 -0.170995 -0.063332 
0.000000 2.373039 -0.014442 -0.151270 0.031141 
0.000000 2.376892 -0.007812 -0.160649 0.053584 
0.000000 2.380791 0.060272 -0.174909 -0.301277 
0.000000 2.384659 0.274103 -0.243482 -0.087510 
0.000000 2.388519 -0.155260 -0.116343 -0.134570 
0.000000 2.392357 -0.396884 -0.197320 -0.072702 
0.000000 2.396255 0.045373 -0.338829 -0.127593 
0.000000 2.400131 0.174596 -0.167821 0.319439 
0.000000 2.403984 -0.499467 -0.345236 -0.045396 
0.000000 2.408348 0.151670 -0.122496 -0.140608 
0.000000 2.412239 -0.355197 -0.217324 -0.214232 
0.000000 2.416100 -0.034644 -0.179870 0.068146 
0.000000 2.419968 -0.254221 -0.143167 -0.068328 
0.000000 2.423805 -0.081094 -0.145304 -0.147814 
0.000000 2.427696 -0.105589 -0.165421 0.017622 
0.000000 2.431526 -0.182030 -0.267950 -0.032716 
0.000000 2.435425 0.210215 -0.214315 -0.326997 
0.000000 2.439270 -0.054838 -0.275593 -0.185914 
0.000000 2.443092 0.104923 -0.144125 -0.082943 
0.000000 2.446945 0.005032 -0.270196 -0.019100 
0.000000 2.450821 0.028464 -0.373155 -0.045244 
0.000000 2.455162 0.092502 -0.251295 -0.116549 
0.000000 2.459045 0.137203 -0.124802 0.003995 
0.000000 2.462898 0.010162 -0.222843 -0.033601 
0.000000 2.466743 -0.077666 -0.151206 -0.152048 
0.000000 2.470627 0.075329 -0.118823 0.075167 
0.000000 2.474480 0.135139 -0.196002 0.075823 
0.000000 2.478325 -0.250504 -0.186214 0.050010 
0.000000 2.482185 0.017644 -0.144839 -0.184068 
0.000000 2.486031 0.083553 -0.098743 -0.017782 
0.000000 2.490211 0.095324 -0.133734 -0.230514 
0.000000 2.494217 0.100202 -0.160521 -0.246693 
0.000000 2.498085 -0.227965 -0.148687 0.095602 
0.000000 2.501938 -0.058733 -0.104958 0.196650 
0.000000 2.505798 -0.086465 -0.091816 -0.211601 
0.000000 2.509651 -0.217370 -0.179956 -0.253907 
0.000000 2.513664 -0.044085 -0.084821 -0.141265 
0.000000 2.517990 0.448731 -0.341507 -0.049812 
0.000000 2.521942 0.307608 -0.186323 -0.038252 
0.000000 2.525803 -0.088341 -0.148728 0.066084 
0.000000 2.530205 0.272477 -0.233872 -0.067458 
0.000000 2.534119 -0.050873 -0.089854 -0.037836 
0.000000 2.537979 -0.056347 -0.214985 -0.253784 
0.000000 2.541840 0.005850 -0.170457 0.032459 
0.000000 2.545692 0.080528 -0.097677 0.006993 
0.000000 2.549576 -0.102600 -0.133027 0.026268 
0.000000 2.553452 0.020885 -0.312318 -0.032949 
0.000000 2.557304 0.001485 -0.220969 -0.076186 
0.000000 2.561142 0.555888 -0.330429 -0.191212 
0.000000 2.565361 -0.091819 -0.195283 0.200329 
0.000000 2.569366 0.119888 -0.432505 -0.310260 
0.000000 2.573219 -0.348597 -0.377980 -0.275650 
0.000000 2.577065 0.270003 -0.137751 -0.173269 
0.000000 2.580910 0.048261 -0.229122 -0.020468 
0.000000 2.584763 0.202012 -0.195728 -0.129715 
0.000000 2.588623 -0.064785 -0.145105 0.224163 
0.000000 2.592468 -0.113811 -0.161654 -0.179238 
0.000000 2.596321 -0.012782 -0.144624 -0.162969 
0.000000 2.600166 0.137636 -0.147708 0.133835 
0.000000 2.603989 -0.216206 -0.167354 -0.007497 
0.000000 2.607826 -0.135443 -0.173358 0.108370 
0.000000 2.612152 0.035657 -0.258963 -0.094228 
0.000000 2.615990 -0.253520 -0.247174 0.008578 
0.000000 2.619827 -0.184425 -0.283322 -0.118539 
0.000000 2.623665 -0.758131 -0.358221 -0.145290 
0.000000 2.627510 -0.059456 -0.099715 0.095579 
0.000000 2.631340 0.000221 -0.162511 0.359300 
0.000000 2.635193 0.098092 -0.208767 0.099942 
0.000000 2.639023 0.124527 -0.155239 0.059979 
0.000000 2.642868 -0.067499 -0.234537 -0.159182 
0.000000 2.646713 0.053721 -0.216545 0.183180 
0.000000 2.651054 0.108161 -0.178152 -0.016016 
0.000000 2.654915 -0.249176 -0.212384 -0.207245 
0.000000 2.658775 0.070632 -0.227103 0.158924 
0.000000 2.662636 0.022853 -0.235061 -0.042902 
0.000000 2.666504 0.011884 -0.076037 0.009706 
0.000000 2.670364 -0.264246 -0.249475 -0.137932 
0.000000 2.674232 -0.264375 -0.165433 0.203650 
0.000000 2.678078 -0.150878 -0.180304 -0.218532 
0.000000 2.681923 -0.141700 -0.344370 -0.374350 
0.000000 2.686234 -0.213421 -0.111296 -0.021639 
0.000000 2.690102 -0.373525 -0.353604 -0.251588 
0.000000 2.693939 -0.159772 -0.188274 0.178006 
0.000000 2.697815 0.001606 -0.104035 -0.217249 
0.000000 2.701668 -0.127902 -0.354009 -0.133747 
0.000000 2.705505 0.102579 -0.254190 0.117258 
0.000000 2.709381 -0.078949 -0.179913 -0.069749 
0.000000 2.713341 0.377730 -0.216616 0.002607 
0.000000 2.717606 -0.037030 -0.274181 0.008161 
0.000000 2.721878 0.084141 -0.161071 0.097704 
0.000000 2.726257 0.109369 -0.115873 0.115860 
0.000000 2.730179 0.334220 -0.455154 -0.252862 
0.000000 2.734062 0.181241 -0.186554 -0.098547 
0.000000 2.737915 -0.252794 -0.254451 0.211855 
0.000000 2.741768 0.131615 -0.143753 -0.044347 
0.000000 2.745636 -0.060533 -0.236189 -0.043515 
0.000000 2.749474 0.037456 -0.180579 -0.135814 
0.000000 2.753319 -0.036850 -0.134205 -0.001737 
0.000000 2.757179 0.071357 -0.110259 0.168110 
0.000000 2.761040 -0.234582 -0.335380 -0.122970 
0.000000 2.764908 0.030028 -0.068513 -0.098464 
0.000000 2.768776 0.055404 -0.172408 0.045588 
0.000000 2.773094 -0.057224 -0.250757 0.101959 
0.000000 2.776947 0.396814 -0.257770 -0.173315 
0.000000 2.780792 -0.083434 -0.240218 -0.058454 
0.000000 2.784630 0.134275 -0.101887 0.029632 
0.000000 2.788467 0.144549 -0.149666 -0.021383 
0.000000 2.792305 -0.164474 -0.101314 -0.324324 
0.000000 2.796158 -0.080482 -0.303719 -0.152120 
0.000000 2.799980 0.215025 -0.132994 -0.053412 
0.000000 2.803818 0.264624 -0.203470 -0.130973 
0.000000 2.807671 0.111137 -0.164037 0.052254 
0.000000 2.812004 -0.047189 -0.125405 -0.002473 
0.000000 2.815865 -0.091075 -0.178054 -0.226072 
0.000000 2.819725 0.074746 -0.279102 -0.150733 
0.000000 2.823570 -0.324943 -0.175753 -0.055950 
0.000000 2.827400 -0.139270 -0.150711 -0.033802 
0.000000 2.831253 -0.137239 -0.192789 -0.073454 
0.000000 2.835075 -0.105169 -0.157701 -0.176755 
0.000000 2.838928 -0.245257 -0.160313 -0.132405 
0.000000 2.842796 0.054455 -0.179897 -0.011859 
0.000000 2.847137 0.357315 -0.191253 -0.061538 
0.000000 2.851067 -0.147419 -0.314210 -0.002685 
0.000000 2.854942 0.085412 -0.193948 -0.122615 
0.000000 2.858795 0.095182 -0.155019 -0.066530 
0.000000 2.862663 0.396317 -0.361401 -0.145971 
0.000000 2.866539 -0.157787 -0.367106 -0.072136 
0.000000 2.870392 -0.095087 -0.217518 0.009478 
0.000000 2.874252 -0.064617 -0.128908 0.097630 
0.000000 2.878098 0.104291 -0.151946 -0.060259 
0.000000 2.881958 0.141570 -0.191107 -0.048466 
0.000000 2.885796 -0.091138 -0.253204 0.143859 
0.000000 2.889648 -0.561848 -0.415343 -0.273683 
0.000000 2.893974 0.274595 -0.220137 0.140650 
0.000000 2.897842 -0.095069 -0.142387 -0.047550 
0.000000 2.901703 0.060099 -0.124482 0.085192 
0.000000 2.905556 0.181397 -0.220329 -0.155934 
0.000000 2.909401 -0.066190 -0.077237 0.097798 
0.000000 2.913368 0.184493 -0.147380 -0.077918 
0.000000 2.917679 -0.209639 -0.333390 -0.004589 
0.000000 2.921677 -0.030993 -0.181982 -0.038205 
0.000000 2.925545 0.088336 -0.208639 -0.170014 
0.000000 2.929398 -0.065615 -0.117112 -0.003633 
0.000000 2.933807 0.099761 -0.054194 -0.205768 
0.000000 2.937675 0.311619 -0.235858 0.003991 
0.000000 2.941536 -0.052709 -0.136269 -0.089169 
0.000000 2.945396 -0.098926 -0.168716 0.241821 
0.000000 2.949265 0.100705 -0.212081 -0.255378 
0.000000 2.953125 -0.270032 -0.390073 -0.065114 
0.000000 2.956978 -0.058904 -0.111635 0.083198 
0.000000 2.960846 -0.090940 -0.257748 -0.200189 
0.000000 2.964691 -0.302454 -0.257134 -0.324862 
0.000000 2.969009 -0.093285 -0.217935 -0.016015 
0.000000 2.972893 -0.163364 -0.149067 -0.258150 
0.000000 2.976738 0.002701 -0.098002 0.002376 
0.000000 2.980568 -0.066869 -0.235806 -0.022663 
0.000000 2.984421 0.280025 -0.295845 -0.340362 
0.000000 2.988281 -0.126077 -0.193156 0.163986 
0.000000 2.992104 0.074953 -0.188743 0.231948 
0.000000 2.995934 -0.023539 -0.204908 -0.253755 
0.000000 2.999771 0.096062 -0.211839 -0.165259 
0.000000 3.003632 0.011343 -0.203673 -0.122410 
0.000000 3.007965 -0.059652 -0.224912 -0.095071 
0.000000 3.011833 0.018418 -0.155181 -0.025149 
0.000000 3.015671 -0.181746 -0.237859 -0.136406 
0.000000 3.019508 -0.104137 -0.287990 -0.005102 
0.000000 3.023346 0.190260 -0.233686 0.015256 
0.000000 3.027184 1.050083 -0.366317 -0.194544 
0.000000 3.031029 -0.087054 -0.196984 -0.086159 
0.000000 3.034889 0.248601 -0.251304 -0.322417 
0.000000 3.038742 -0.082932 -0.109907 0.067692 
0.000000 3.042587 0.205335 -0.201367 0.092530 
0.000000 3.046463 -0.036146 -0.119720 -0.060264 
0.000000 3.050308 0.036031 -0.292665 0.007454 
0.000000 3.054626 0.153659 -0.103441 -0.275552 
0.000000 3.058525 0.192734 -0.151177 0.086667 
0.000000 3.062393 0.089763 -0.150147 0.130500 
0.000000 3.066238 0.023720 -0.259073 0.188284 
0.000000 3.070107 0.114534 -0.173964 -0.039230 
0.000000 3.073967 0.021272 -0.124449 0.046868 
0.000000 3.077820 0.124301 -0.129118 0.083549 
0.000000 3.081696 -0.312848 -0.286513 0.042076 
0.000000 3.085541 0.021614 -0.146312 0.218996 
0.000000 3.089836 -0.215511 -0.148804 -0.113070 
0.000000 3.093719 -0.183022 -0.100293 0.164393 
0.000000 3.097572 -0.149746 -0.145548 -0.036525 
0.000000 3.101433 0.587424 -0.298435 -0.190882 
0.000000 3.105293 0.038994 -0.109277 0.138044 
0.000000 3.109131 -0.031194 -0.144219 -0.022591 
0.000000 3.113037 0.254121 -0.143650 -0.119957 
0.000000 3.117340 0.171439 -0.113601 0.056056 
0.000000 3.121376 0.402180 -0.268501 0.002053 
0.000000 3.125832 0.043528 -0.193135 0.008651 
0.000000 3.129791 -0.021963 -0.233330 0.133711 
0.000000 3.133728 0.127461 -0.244608 -0.158511 
0.000000 3.137619 -0.201967 -0.150664 -0.098386 
0.000000 3.141525 0.156636 -0.145783 -0.057629 
0.000000 3.145409 0.039878 -0.116683 0.083310 
0.000000 3.149696 0.063146 -0.155336 -0.021964 
0.000000 3.153595 -0.208871 -0.191848 0.238937 
0.000000 3.157478 -0.117492 -0.297892 0.232488 
0.000000 3.161346 0.249586 -0.149140 -0.254278 
0.000000 3.165215 0.006807 -0.155299 0.013172 
0.000000 3.169067 -0.030218 -0.213839 0.023467 
0.000000 3.172928 -0.023568 -0.288348 0.008743 
0.000000 3.176834 0.250484 -0.195157 -0.033996 
0.000000 3.180733 -0.012529 -0.194051 -0.090482 
0.000000 3.184746 0.041212 -0.178324 0.248043 
0.000000 3.188622 0.012136 -0.150711 0.001836 
0.000000 3.192490 0.046895 -0.132239 0.256336 
0.000000 3.196350 -0.179952 -0.139554 -0.119518 
0.000000 3.200256 0.374715 -0.276397 -0.199399 
0.000000 3.204170 0.415850 -0.246295 0.055187 
0.000000 3.208008 -0.116415 -0.162200 -0.211793 
0.000000 3.211891 0.113645 -0.267024 -0.178977 
0.000000 3.215782 0.346074 -0.251106 -0.144684 
0.000000 3.219643 0.006927 -0.245961 -0.287617 
0.000000 3.223503 -0.238730 -0.283214 -0.193201 
0.000000 3.227348 0.228314 -0.259804 0.024684 
0.000000 3.231186 0.208507 -0.223404 -0.007895 
0.000000 3.235016 0.128667 -0.153901 -0.013721 
0.000000 3.238869 0.018337 -0.153988 -0.219902 
0.000000 3.242729 0.864813 -0.343216 -0.120046 
0.000000 3.246582 -0.129346 -0.152733 -0.151539 
0.000000 3.250854 -0.212564 -0.124117 0.142767 
0.000000 3.255295 -0.065672 -0.107687 -0.274160 
0.000000 3.259148 -0.136668 -0.223933 -0.085154 
0.000000 3.262970 -0.002153 -0.165247 -0.455163 
0.000000 3.266815 -0.458038 -0.283348 -0.157024 
0.000000 3.270691 -0.278886 -0.220351 -0.042622 
0.000000 3.274551 -0.064324 -0.214313 0.220168 
0.000000 3.278412 0.202938 -0.172774 0.008968 
0.000000 3.282272 -0.219639 -0.332422 0.051529 
0.000000 3.286140 0.531940 -0.257984 -0.045291 
0.000000 3.290001 -0.082726 -0.298457 0.063782 
0.000000 3.293869 0.191587 -0.128808 -0.144562 
0.000000 3.297760 -0.230506 -0.169876 -0.250662 
0.000000 3.301704 -0.020527 -0.192177 0.259467 
0.000000 3.305573 -0.089627 -0.166169 -0.024488 
0.000000 3.309479 0.214791 -0.206579 0.191200 
0.000000 3.318115 -0.025254 -0.152086 -0.170432 
0.000000 3.322319 -0.008190 -0.164239 -0.076871 
0.000000 3.326187 -0.044149 -0.090539 -0.146931 
0.000000 3.330101 -0.045176 -0.233402 -0.056377 
0.000000 3.334061 0.074964 -0.247338 -0.217568 
0.000000 3.337944 -0.218555 -0.323218 0.174213 
0.000000 3.341797 -0.157412 -0.178321 0.011362 
0.000000 3.345703 0.019607 -0.167302 -0.141398 
0.000000 3.349640 -0.121082 -0.183450 -0.178623 
0.000000 3.353500 -0.471002 -0.277897 -0.124137 
0.000000 3.357391 0.241312 -0.208552 -0.156169 
0.000000 3.361252 0.409276 -0.184654 -0.002218 
0.000000 3.365105 0.245135 -0.233169 -0.030411 
0.000000 3.369041 0.142874 -0.169832 0.062779 
0.000000 3.372948 0.164996 -0.127323 0.147563 
0.000000 3.376808 -0.005277 -0.080813 0.249124 
0.000000 3.380684 0.211541 -0.182478 -0.177642 
0.000000 3.384583 0.092824 -0.134107 -0.042400 
0.000000 3.388435 -0.138137 -0.087654 -0.224568 
0.000000 3.392288 0.219814 -0.243860 0.104157 
0.000000 3.396141 -0.024490 -0.178669 0.143412 
0.000000 3.399994 0.050533 -0.127614 -0.069946 
0.000000 3.403862 0.122286 -0.109683 0.023185 
0.000000 3.407745 -0.152852 -0.157431 0.178607 
0.000000 3.411606 -0.021842 -0.053573 0.016378 
0.000000 3.415497 0.133969 -0.228738 -0.076255 
0.000000 3.419350 -0.327165 -0.267012 -0.051963 
0.000000 3.423256 0.019134 -0.191302 -0.253490 
0.000000 3.427116 -0.174018 -0.267597 -0.045340 
0.000000 3.431000 -0.078056 -0.160611 -0.085099 
0.000000 3.434891 0.038679 -0.229930 0.139211 
0.000000 3.438751 0.157460 -0.190297 -0.128815 
0.000000 3.442635 0.018176 -0.102313 0.057312 
0.000000 3.446487 -0.019933 -0.192931 -0.070351 
0.000000 3.450401 -0.040092 -0.099382 -0.200872 
0.000000 3.454361 -0.081824 -0.368734 0.189973 
0.000000 3.458237 -0.077349 -0.140413 -0.074727 
0.000000 3.462090 -0.035777 -0.092094 0.058882 
0.000000 3.466003 -0.125662 -0.126127 0.093760 
0.000000 3.469917 -0.123864 -0.222901 -0.001982 
0.000000 3.473793 -0.179029 -0.166893 -0.105200 
0.000000 3.477715 0.378632 -0.229583 -0.023427 
0.000000 3.481598 0.055286 -0.424726 -0.011584 
0.000000 3.485466 0.116578 -0.219271 -0.047758 
0.000000 3.489342 -0.211706 -0.173234 -0.109084 
0.000000 3.493240 -0.113371 -0.105557 -0.003137 
0.000000 3.497116 0.093928 -0.180689 0.036542 
0.000000 3.500984 -0.229076 -0.172706 0.331353 
0.000000 3.504829 -0.523183 -0.339044 -0.284575 
0.000000 3.508690 -0.203834 -0.177318 0.211327 
0.000000 3.516853 -0.090931 -0.104974 0.004814 
0.000000 3.520996 0.031902 -0.201862 -0.339139 
0.000000 3.524864 0.013186 -0.123348 -0.189964 
0.000000 3.528793 -0.229915 -0.196327 -0.092044 
0.000000 3.532761 0.377406 -0.172579 -0.212784 
0.000000 3.536682 0.440526 -0.247444 -0.127455 
0.000000 3.540550 0.071040 -0.171762 0.088240 
0.000000 3.544403 0.022809 -0.122682 -0.015347 
0.000000 3.548271 0.080815 -0.113529 -0.000113 
0.000000 3.552177 -0.034711 -0.325603 -0.096109 
0.000000 3.556030 -0.035581 -0.208475 -0.123613 
0.000000 3.559883 -0.504541 -0.291042 -0.153523 
0.000000 3.563728 0.119499 -0.144757 0.141684 
0.000000 3.567604 0.036110 -0.173514 0.079060 
0.000000 3.571457 0.045703 -0.107622 0.110179 
0.000000 3.575310 -0.238949 -0.251851 -0.089500 
0.000000 3.579155 -0.222738 -0.184882 0.124468 
0.000000 3.583008 -0.135329 -0.251724 -0.144258 
0.000000 3.586868 0.454298 -0.233469 -0.206584 
0.000000 3.590706 0.082886 -0.163062 0.199055 
0.000000 3.594559 0.244396 -0.091295 -0.264914 
0.000000 3.598427 -0.034571 -0.120358 0.008793 
0.000000 3.602333 -0.129747 -0.111391 0.124840 
0.000000 3.606186 0.002902 -0.062295 -0.029553 
0.000000 3.610062 0.137046 -0.310765 0.003204 
0.000000 3.613953 0.131171 -0.128896 -0.028695 
0.000000 3.617821 0.127299 -0.194301 -0.047767 
0.000000 3.621712 -0.000976 -0.124068 -0.098295 
0.000000 3.625557 -0.144108 -0.196250 -0.070097 
0.000000 3.629417 -0.000231 -0.165445 -0.081210 
0.000000 3.633324 -0.226369 -0.238306 -0.120118 
0.000000 3.637192 -0.131523 -0.077618 -0.066319 
0.000000 3.641052 -0.080600 -0.119208 0.195969 
0.000000 3.644928 -0.315426 -0.252296 -0.070700 
0.000000 3.648773 -0.021020 -0.094879 0.198410 
0.000000 3.652748 0.076680 -0.211742 -0.072019 
0.000000 3.656631 -0.215467 -0.239990 0.158077 
0.000000 3.660484 -0.061960 -0.129625 0.004008 
0.000000 3.664368 0.092238 -0.195837 -0.064472 
0.000000 3.668259 -0.200233 -0.171026 -0.139134 
0.000000 3.672112 0.040070 -0.205291 -0.149635 
0.000000 3.675987 -0.009253 -0.086616 -0.172894 
0.000000 3.679840 -0.187540 -0.122662 0.048650 
0.000000 3.683678 0.171423 -0.190102 -0.238256 
0.000000 3.687546 -0.264350 -0.175978 0.036117 
0.000000 3.691422 -0.232863 -0.131167 0.049542 
0.000000 3.695274 -0.116709 -0.228220 -0.108339 
0.000000 3.699135 0.099153 -0.186469 0.254704 
0.000000 3.702965 -0.061607 -0.116096 0.241187 
0.000000 3.706848 -0.070140 -0.073134 -0.081025 
0.000000 3.710701 0.134468 -0.221872 0.093479 
0.000000 3.716293 -0.151204 -0.172989 -0.114988 
0.000000 3.720421 0.024949 -0.160569 0.039878 
0.000000 3.724472 -0.147410 -0.254464 -0.189146 
0.000000 3.728317 -0.407313 -0.201419 0.211788 
0.000000 3.733780 -0.279500 -0.352663 -0.094922 
0.000000 3.737740 0.127966 -0.174903 -0.005644 
0.000000 3.742783 0.008229 -0.114544 0.104261 
0.000000 3.746849 -0.109595 -0.108972 -0.095988 
0.000000 3.750801 0.290031 -0.172402 -0.294959 
0.000000 3.755287 0.385098 -0.267375 0.012648 
0.000000 3.759171 -0.063866 -0.231474 -0.041836 
0.000000 3.763000 0.131551 -0.266284 0.152847 
0.000000 3.766869 0.078885 -0.178732 -0.015484 
0.000000 3.771263 0.113347 -0.202849 -0.073604 
0.000000 3.775154 -0.138823 -0.160680 0.029063 
0.000000 3.778992 -0.231936 -0.087748 -0.068304 
0.000000 3.782898 0.061383 -0.181747 -0.222644 
0.000000 3.786743 -0.229032 -0.273093 -0.143422 
0.000000 3.790634 0.322540 -0.216882 0.198348 
0.000000 3.794487 -0.033793 -0.174722 0.013649 
0.000000 3.798355 0.208295 -0.166819 -0.103205 
0.000000 3.802208 -0.035915 -0.131231 0.072268 
0.000000 3.806061 0.156033 -0.103121 0.011980 
0.000000 3.810417 -0.324503 -0.400917 -0.059739 
0.000000 3.814278 0.129398 -0.169432 -0.118883 
0.000000 3.818123 -0.071651 -0.159451 -0.099601 
0.000000 3.822006 -0.034760 -0.095937 0.010812 
0.000000 3.825859 0.054791 -0.104840 -0.146322 
0.000000 3.829735 0.338000 -0.147757 -0.097658 
0.000000 3.833580 0.007149 -0.226876 0.268518 
0.000000 3.837448 0.091609 -0.091758 -0.137510 
0.000000 3.841301 0.049912 -0.147732 -0.136711 
0.000000 3.845169 -0.039746 -0.128960 -0.026429 
0.000000 3.849068 0.551209 -0.274750 -0.000916 
0.000000 3.853333 0.004669 -0.129575 0.231797 
0.000000 3.857338 -0.024188 -0.124262 -0.175064 
0.000000 3.861229 0.070497 -0.140627 -0.030386 
0.000000 3.865082 0.112820 -0.129799 -0.006128 
0.000000 3.868988 -0.012166 -0.084189 -0.210430 
0.000000 3.872841 0.024896 -0.196699 0.118280 
0.000000 3.876709 0.182564 -0.129669 0.092294 
0.000000 3.880554 0.296139 -0.119139 -0.018501 
0.000000 3.884438 -0.479166 -0.240458 -0.005840 
0.000000 3.888252 0.052659 -0.169559 -0.111005 
0.000000 3.892563 -0.233838 -0.121302 -0.081678 
0.000000 3.896477 0.099832 -0.173055 0.062030 
0.000000 3.900330 0.102428 -0.237138 -0.296779 
0.000000 3.904221 -0.232478 -0.262101 0.013003 
0.000000 3.908112 0.016768 -0.069799 -0.138003 
0.000000 3.912689 -0.307441 -0.151500 0.038743 
0.000000 3.917023 0.076174 -0.230823 0.034968 
0.000000 3.921310 0.455021 -0.137687 -0.068848 
0.000000 3.925179 0.384119 -0.244966 0.101164 
0.000000 3.930725 -0.126767 -0.105484 -0.149822 
0.000000 3.934677 -0.113194 -0.164313 0.025266 
0.000000 3.938530 0.348080 -0.240763 0.308937 
0.000000 3.942398 0.024229 -0.244749 -0.224757 
0.000000 3.946274 0.202604 -0.307519 -0.147025 
0.000000 3.950134 -0.034452 -0.082767 -0.072493 
0.000000 3.954002 -0.073095 -0.176659 -0.115698 
