% MH log file (Dynare).
% 25-May-2023 12:40:39.
 

% Session 1.
 
  Number of blocks...............: 1
  Number of simulations per block: 10000
 
  Initial values of the parameters:
    Blck 1params:
      1:0.98995
      2:1.8829
      3:0.90124
      4:0.018861
      5:0.77547
      6:0.011986
      7:0.33452
    Blck 1logpo2:1232.3214
 
 
  CREATION OF THE MH HISTORY FILE!

    Expected number of files per block.......: 1.
    Expected number of lines in the last file: 10000.

    Initial state of the Gaussian random number generator for chain number 1:
      2147483648
      163610392
      3414454684
      213706556
      4107842212
      2345084137
      1370141154
      308032203
      1333762497
      62788148
      3897778028
      747877958
      1467715487
      3456091536
      2761063683
      1618744790
      1478419815
      1764113510
      846282508
      2723886408
      4169581479
      1502702845
      2646586442
      2469253028
      2959591262
      4098450497
      884511481
      335884721
      3599209546
      513139374
      3325056467
      728657986
      4258769976
      1345736399
      2025918085
      3316918730
      2943630414
      2227403036
      2570027851
      3647123330
      1428539568
      3871201705
      1751794003
      270064251
      1795576567
      1369598507
      618682879
      2451807245
      529121120
      3890334672
      1711572734
      3489061444
      651351815
      4134812839
      69921281
      166843555
      3639104358
      1220147039
      1949863666
      1735631448
      1274775129
      2568486724
      1135749407
      4184445328
      1474571425
      2839972547
      1408182003
      244421551
      3350038055
      1060682618
      4280572247
      1303862814
      2374039070
      2105482037
      3963285136
      1813783878
      3843306449
      1550621711
      3201633678
      3993032609
      2696521485
      1737817996
      2171565928
      2455244480
      1159916282
      512285753
      3858590612
      4026374369
      1315072297
      1616330716
      2575452881
      2244992328
      3829642776
      3110057432
      2014659424
      2754832975
      325146004
      2099885769
      2020308731
      1285440480
      3077009376
      2090384422
      1391632928
      3117180829
      446498285
      441350144
      2181843108
      2070907054
      159173329
      2146887474
      2552448310
      2804228090
      1104855231
      3423489232
      571551281
      2985027384
      2539165306
      297570257
      2726511311
      4153586362
      2738372079
      136762299
      632694665
      2321868360
      405387135
      3889854117
      3664524696
      2155352969
      3438225114
      1479423152
      3490667914
      1428754172
      4202177206
      3666900963
      1589695458
      1376009076
      2045844259
      2570438673
      4062196720
      2557681198
      3588069788
      3816335341
      1913661670
      2760431498
      473535928
      886428644
      3042733200
      3514611376
      1727272720
      1352272367
      1182350217
      2770160529
      1408757716
      1236436838
      2638114048
      2288958075
      1907848138
      2513183981
      430007381
      1410996817
      2893861882
      93734637
      889812797
      1746269177
      2955589432
      2154616085
      2341907336
      3667241034
      3612199480
      3276336868
      2147135321
      1218242541
      4191308092
      3390432817
      3936122595
      2082616352
      2829353186
      2952040553
      713551976
      2561783586
      1479607462
      3332321760
      1309567703
      22089850
      2486755466
      381044148
      159099040
      388730878
      609513646
      2552905871
      3544022117
      3805737844
      2227334610
      2494928250
      3378607757
      3524817012
      2139887110
      1238988590
      1805829162
      517563348
      3523030613
      2561647659
      2457033094
      110524459
      3060194499
      1371354234
      3106249499
      654135201
      3060697207
      1782090502
      3493197751
      2011962950
      3463067072
      2125293843
      3618129160
      264083333
      1779954467
      2211720346
      4182937327
      2941369992
      3794523672
      1330988599
      234225856
      90287582
      2051877036
      3960155203
      2325302511
      1243082884
      2254641221
      3139095438
      2202182478
      2713924425
      891524757
      4005270835
      387403269
      1030701411
      2326221003
      3972817848
      37068874
      4188732375
      4170743689
      1563571666
      3264605422
      1224007347
      2388878847
      2696076550
      1160443253
      3998214265
      3911940885
      309058713
      1299838128
      301738434
      1868013930
      2026352840
      29203600
      99450731
      2742148479
      1264016868
      2461978269
      3930600891
      158658524
      1095791153
      431156709
      1089146157
      3086708774
      3913479923
      3488886065
      662837957
      512314933
      2687580555
      1640087888
      1842891598
      2484638237
      1503175697
      2919500073
      935426647
      3390674322
      3710660216
      3948785403
      3859267761
      886850881
      3266066614
      2405923502
      1778892505
      1078419801
      1202668153
      394351055
      415838974
      3983768587
      825332883
      3634217853
      1472412051
      1551030949
      931843079
      427180435
      725935900
      4262431060
      939768058
      1301081958
      636087235
      271721944
      2204560285
      2497269100
      2473167459
      21620607
      3335975034
      3517674840
      3222417599
      3447164101
      1339565348
      3349704368
      3857516299
      1095981426
      544959111
      234180808
      2480014075
      3949935942
      1047216236
      589300123
      950190608
      1291006957
      424096100
      1214133370
      2491845264
      1910609750
      515729687
      1468575130
      3508223487
      3358189942
      3760910659
      662492595
      3290816602
      1495146986
      3554891657
      2379549908
      1284425649
      3908438764
      500208693
      370734844
      1862397830
      2496258349
      643941428
      3847013908
      430464089
      757441939
      4234893488
      2402089443
      3885899272
      123955394
      2911486454
      3570245885
      305823305
      3521973682
      1134143933
      1822715901
      3771209687
      3765835594
      503306148
      2350585095
      74213553
      244012694
      802358191
      2625353188
      2628956054
      145736569
      2172920852
      1568086026
      733619507
      145496153
      2787717823
      880654765
      1331585910
      1509465018
      2573573594
      1824150333
      1865181627
      4223844607
      2293788278
      2772801702
      3925583439
      356447406
      2275228672
      1673212648
      2042698565
      551936189
      3909795553
      567834322
      338699308
      2642651442
      3561630650
      3766126637
      274749558
      223928195
      3276818380
      3595671621
      1529598288
      3512135371
      990408170
      2187846354
      952429742
      3852385894
      1322368093
      163246556
      3259930194
      3283300532
      323737423
      1292813868
      3393309894
      3713892438
      1677062690
      2298850951
      1458909664
      1403814726
      2831530730
      4228128557
      3781052071
      925731853
      4201869440
      875580200
      1391612016
      1456821743
      1236774598
      655110906
      2237702866
      2535339850
      3500123217
      1831097575
      2339509975
      3223214024
      3242702888
      3348863740
      4116159753
      2639186856
      1354770100
      117843731
      1020244916
      351111739
      1986396569
      424269361
      2196821979
      2537273993
      1099950039
      2929886044
      2892244184
      1264517853
      203709692
      2382681067
      742099144
      1432956886
      1044385927
      429332988
      3613380401
      49444759
      756116338
      1251280805
      2433090297
      780894170
      323183842
      1323214767
      2433951660
      2719446105
      3017944748
      2520180279
      756337248
      1982568823
      2576088552
      63554701
      1246766315
      308294942
      1783051840
      2559719156
      2508295691
      2220094509
      1885560612
      1389554963
      2409332505
      3551025026
      935038925
      2282550240
      567151253
      1056625473
      1361090054
      1830928174
      1948837568
      604804332
      175213352
      1616532552
      2864856813
      3664285213
      1796704245
      2207154019
      1703148797
      3029510914
      3916216499
      3046424967
      2469057762
      3688516508
      4174594823
      826735065
      3609658778
      2706825366
      1721894425
      4102204064
      2372640683
      873998586
      4645688
      342108091
      1052229759
      2885481328
      3846566736
      2725335273
      3141905149
      1944588128
      3338309352
      1217293365
      758904441
      908714149
      1857017353
      3158344528
      407367111
      1832778363
      2870192017
      195421260
      2082695712
      2299786895
      3924633962
      3816319308
      4174469444
      352017743
      3919653893
      3552084113
      4084281710
      217019257
      2220897032
      2831356070
      517986126
      2126042467
      3500893938
      486038748
      282202472
      62418345
      4243706353
      3034591456
      2928836324
      2433510828
      1171220900
      3151109281
      4133436617
      3496079655
      889039997
      3169404797
      4218370257
      3184524119
      3222673742
      955349275
      2029908831
      410243278
      2276423897
      4200509024
      427092757
      2393598070
      1849682457
      3026238934
      2818453350
      2830402705
      910713912
      1567238953
      2857806016
      4178086031
      3618315352
      2721672244
      1362169819
      2879403111
      944177284
      3409592433
      3148312349
      117073596
      2159545286
      667249336
      442234702
      1437245782
      1195451558
      3555215932
      3898790982
      2775911198
      2796500044
      4192572470
      61910163
      1144565006
      1759081450
      4217561358
      3851781926
      1895855845
      2978681379
      3636215304
      1364798791
      791350095
      1253102225
      2548766165
      4180900150
      1987462070
      1190937574
      312972162
      1033899022
      3652779080
      1460108538
      2200492031
      2596682597
      2194804720
      1702535764
      2371568706
      3426924971
      1084035508
      1270666209
      2966270095
      3594748641
      2314251442
      662353580
      4005784134
      4037513750
      2711695041
      402334646
      906313207
      1781494222
      1
    Initial state of the Uniform random number generator for chain number 1:
      2147483648
      163610392
      3414454684
      213706556
      4107842212
      2345084137
      1370141154
      308032203
      1333762497
      62788148
      3897778028
      747877958
      1467715487
      3456091536
      2761063683
      1618744790
      1478419815
      1764113510
      846282508
      2723886408
      4169581479
      1502702845
      2646586442
      2469253028
      2959591262
      4098450497
      884511481
      335884721
      3599209546
      513139374
      3325056467
      728657986
      4258769976
      1345736399
      2025918085
      3316918730
      2943630414
      2227403036
      2570027851
      3647123330
      1428539568
      3871201705
      1751794003
      270064251
      1795576567
      1369598507
      618682879
      2451807245
      529121120
      3890334672
      1711572734
      3489061444
      651351815
      4134812839
      69921281
      166843555
      3639104358
      1220147039
      1949863666
      1735631448
      1274775129
      2568486724
      1135749407
      4184445328
      1474571425
      2839972547
      1408182003
      244421551
      3350038055
      1060682618
      4280572247
      1303862814
      2374039070
      2105482037
      3963285136
      1813783878
      3843306449
      1550621711
      3201633678
      3993032609
      2696521485
      1737817996
      2171565928
      2455244480
      1159916282
      512285753
      3858590612
      4026374369
      1315072297
      1616330716
      2575452881
      2244992328
      3829642776
      3110057432
      2014659424
      2754832975
      325146004
      2099885769
      2020308731
      1285440480
      3077009376
      2090384422
      1391632928
      3117180829
      446498285
      441350144
      2181843108
      2070907054
      159173329
      2146887474
      2552448310
      2804228090
      1104855231
      3423489232
      571551281
      2985027384
      2539165306
      297570257
      2726511311
      4153586362
      2738372079
      136762299
      632694665
      2321868360
      405387135
      3889854117
      3664524696
      2155352969
      3438225114
      1479423152
      3490667914
      1428754172
      4202177206
      3666900963
      1589695458
      1376009076
      2045844259
      2570438673
      4062196720
      2557681198
      3588069788
      3816335341
      1913661670
      2760431498
      473535928
      886428644
      3042733200
      3514611376
      1727272720
      1352272367
      1182350217
      2770160529
      1408757716
      1236436838
      2638114048
      2288958075
      1907848138
      2513183981
      430007381
      1410996817
      2893861882
      93734637
      889812797
      1746269177
      2955589432
      2154616085
      2341907336
      3667241034
      3612199480
      3276336868
      2147135321
      1218242541
      4191308092
      3390432817
      3936122595
      2082616352
      2829353186
      2952040553
      713551976
      2561783586
      1479607462
      3332321760
      1309567703
      22089850
      2486755466
      381044148
      159099040
      388730878
      609513646
      2552905871
      3544022117
      3805737844
      2227334610
      2494928250
      3378607757
      3524817012
      2139887110
      1238988590
      1805829162
      517563348
      3523030613
      2561647659
      2457033094
      110524459
      3060194499
      1371354234
      3106249499
      654135201
      3060697207
      1782090502
      3493197751
      2011962950
      3463067072
      2125293843
      3618129160
      264083333
      1779954467
      2211720346
      4182937327
      2941369992
      3794523672
      1330988599
      234225856
      90287582
      2051877036
      3960155203
      2325302511
      1243082884
      2254641221
      3139095438
      2202182478
      2713924425
      891524757
      4005270835
      387403269
      1030701411
      2326221003
      3972817848
      37068874
      4188732375
      4170743689
      1563571666
      3264605422
      1224007347
      2388878847
      2696076550
      1160443253
      3998214265
      3911940885
      309058713
      1299838128
      301738434
      1868013930
      2026352840
      29203600
      99450731
      2742148479
      1264016868
      2461978269
      3930600891
      158658524
      1095791153
      431156709
      1089146157
      3086708774
      3913479923
      3488886065
      662837957
      512314933
      2687580555
      1640087888
      1842891598
      2484638237
      1503175697
      2919500073
      935426647
      3390674322
      3710660216
      3948785403
      3859267761
      886850881
      3266066614
      2405923502
      1778892505
      1078419801
      1202668153
      394351055
      415838974
      3983768587
      825332883
      3634217853
      1472412051
      1551030949
      931843079
      427180435
      725935900
      4262431060
      939768058
      1301081958
      636087235
      271721944
      2204560285
      2497269100
      2473167459
      21620607
      3335975034
      3517674840
      3222417599
      3447164101
      1339565348
      3349704368
      3857516299
      1095981426
      544959111
      234180808
      2480014075
      3949935942
      1047216236
      589300123
      950190608
      1291006957
      424096100
      1214133370
      2491845264
      1910609750
      515729687
      1468575130
      3508223487
      3358189942
      3760910659
      662492595
      3290816602
      1495146986
      3554891657
      2379549908
      1284425649
      3908438764
      500208693
      370734844
      1862397830
      2496258349
      643941428
      3847013908
      430464089
      757441939
      4234893488
      2402089443
      3885899272
      123955394
      2911486454
      3570245885
      305823305
      3521973682
      1134143933
      1822715901
      3771209687
      3765835594
      503306148
      2350585095
      74213553
      244012694
      802358191
      2625353188
      2628956054
      145736569
      2172920852
      1568086026
      733619507
      145496153
      2787717823
      880654765
      1331585910
      1509465018
      2573573594
      1824150333
      1865181627
      4223844607
      2293788278
      2772801702
      3925583439
      356447406
      2275228672
      1673212648
      2042698565
      551936189
      3909795553
      567834322
      338699308
      2642651442
      3561630650
      3766126637
      274749558
      223928195
      3276818380
      3595671621
      1529598288
      3512135371
      990408170
      2187846354
      952429742
      3852385894
      1322368093
      163246556
      3259930194
      3283300532
      323737423
      1292813868
      3393309894
      3713892438
      1677062690
      2298850951
      1458909664
      1403814726
      2831530730
      4228128557
      3781052071
      925731853
      4201869440
      875580200
      1391612016
      1456821743
      1236774598
      655110906
      2237702866
      2535339850
      3500123217
      1831097575
      2339509975
      3223214024
      3242702888
      3348863740
      4116159753
      2639186856
      1354770100
      117843731
      1020244916
      351111739
      1986396569
      424269361
      2196821979
      2537273993
      1099950039
      2929886044
      2892244184
      1264517853
      203709692
      2382681067
      742099144
      1432956886
      1044385927
      429332988
      3613380401
      49444759
      756116338
      1251280805
      2433090297
      780894170
      323183842
      1323214767
      2433951660
      2719446105
      3017944748
      2520180279
      756337248
      1982568823
      2576088552
      63554701
      1246766315
      308294942
      1783051840
      2559719156
      2508295691
      2220094509
      1885560612
      1389554963
      2409332505
      3551025026
      935038925
      2282550240
      567151253
      1056625473
      1361090054
      1830928174
      1948837568
      604804332
      175213352
      1616532552
      2864856813
      3664285213
      1796704245
      2207154019
      1703148797
      3029510914
      3916216499
      3046424967
      2469057762
      3688516508
      4174594823
      826735065
      3609658778
      2706825366
      1721894425
      4102204064
      2372640683
      873998586
      4645688
      342108091
      1052229759
      2885481328
      3846566736
      2725335273
      3141905149
      1944588128
      3338309352
      1217293365
      758904441
      908714149
      1857017353
      3158344528
      407367111
      1832778363
      2870192017
      195421260
      2082695712
      2299786895
      3924633962
      3816319308
      4174469444
      352017743
      3919653893
      3552084113
      4084281710
      217019257
      2220897032
      2831356070
      517986126
      2126042467
      3500893938
      486038748
      282202472
      62418345
      4243706353
      3034591456
      2928836324
      2433510828
      1171220900
      3151109281
      4133436617
      3496079655
      889039997
      3169404797
      4218370257
      3184524119
      3222673742
      955349275
      2029908831
      410243278
      2276423897
      4200509024
      427092757
      2393598070
      1849682457
      3026238934
      2818453350
      2830402705
      910713912
      1567238953
      2857806016
      4178086031
      3618315352
      2721672244
      1362169819
      2879403111
      944177284
      3409592433
      3148312349
      117073596
      2159545286
      667249336
      442234702
      1437245782
      1195451558
      3555215932
      3898790982
      2775911198
      2796500044
      4192572470
      61910163
      1144565006
      1759081450
      4217561358
      3851781926
      1895855845
      2978681379
      3636215304
      1364798791
      791350095
      1253102225
      2548766165
      4180900150
      1987462070
      1190937574
      312972162
      1033899022
      3652779080
      1460108538
      2200492031
      2596682597
      2194804720
      1702535764
      2371568706
      3426924971
      1084035508
      1270666209
      2966270095
      3594748641
      2314251442
      662353580
      4005784134
      4037513750
      2711695041
      402334646
      906313207
      1781494222
      1
 

% Mh1Blck1 (25-May-2023 12:42:37)
 
  Number of simulations.: 10000
  Acceptance ratio......: 0.3189
  Feval per iteration...: 1
  Posterior mean........:
    params:1: 0.99013
    params:2: 1.849
    params:3: 0.90494
    params:4: 0.018406
    params:5: 0.79358
    params:6: 0.012832
    params:7: 0.33444
    log2po:1228.5261
  Minimum value.........:
    params:1: 0.98197
    params:2: 0.82036
    params:3: 0.87181
    params:4: 0.0093767
    params:5: 0.67449
    params:6: 0.0094074
    params:7: 0.32547
    log2po:1217.454
  Maximum value.........:
    params:1: 0.99803
    params:2: 3.065
    params:3: 0.94424
    params:4: 0.027937
    params:5: 0.90312
    params:6: 0.018614
    params:7: 0.34468
    log2po:1232.3214
 
