0.000000 2.888901 -2.300576 
0.000000 2.888901 -5.127831 
0.000000 2.888901 -2.883381 
0.000000 2.888901 -1.272917 
0.000000 2.888901 -1.566171 
0.000000 2.888901 3.385236 
0.000000 2.888901 -5.004640 
0.000000 2.888901 3.984645 
0.000000 2.888901 -2.406228 
0.000000 2.888901 0.700890 
0.000000 2.888901 3.494076 
0.000000 2.888901 -1.476421 
0.000000 2.888901 3.065039 
0.000000 2.888901 -3.726554 
0.000000 2.888901 -2.925176 
0.000000 2.888901 1.705808 
0.000000 2.888901 -3.420100 
0.000000 2.888901 -1.433139 
0.000000 2.888901 -4.133682 
0.000000 2.888901 6.710395 
0.000000 2.888901 -1.318370 
0.000000 2.888901 -1.506096 
0.000000 2.888901 -6.131994 
0.000000 2.888901 -2.023532 
0.000000 2.888901 1.509093 
0.000000 2.888901 5.975515 
0.000000 2.888901 -4.169223 
0.000000 2.888901 -3.135726 
0.000000 2.888901 -6.734266 
0.000000 2.888901 -5.251958 
0.000000 2.888901 0.282543 
0.000000 2.888901 -0.382383 
0.000000 2.888901 -2.044382 
0.000000 2.888901 0.417634 
0.000000 2.888901 -3.006589 
0.000000 2.888901 -3.473249 
0.000000 2.888901 -3.201727 
0.000000 2.888901 -1.937517 
0.000000 2.888901 -2.896427 
0.000000 2.888901 -2.974223 
0.000000 2.888901 -0.165380 
0.000000 2.888901 -1.101338 
0.000000 2.888901 1.476740 
0.000000 2.888901 4.318295 
0.000000 2.888901 -0.551164 
0.000000 2.888901 -3.538911 
0.000000 2.888901 1.420711 
0.000000 2.888901 2.979512 
0.000000 2.888901 -7.950578 
0.000000 2.888901 -5.659034 
0.000000 2.888901 0.663372 
0.000000 2.888901 -5.189174 
0.000000 2.888901 -2.470041 
0.000000 2.888901 0.608518 
0.000000 2.888901 0.372922 
0.000000 2.888901 -2.017668 
0.000000 2.888901 9.733660 
0.000000 2.888901 2.644130 
0.000000 2.888901 4.710213 
0.000000 2.888901 4.785569 
0.000000 2.888901 4.194333 
0.000000 2.888901 4.902790 
0.000000 2.888901 -7.041745 
0.000000 2.888901 -4.424134 
0.000000 2.888901 -0.465932 
0.000000 2.888901 -1.942582 
0.000000 2.888901 2.071273 
0.000000 2.888901 -4.074922 
0.000000 2.888901 -6.357866 
0.000000 2.888901 -2.929611 
0.000000 2.888901 -4.470437 
0.000000 2.888901 -3.323992 
0.000000 2.888901 -3.117579 
0.000000 2.888901 -3.521226 
0.000000 2.888901 -0.876762 
0.000000 2.888901 0.694931 
0.000000 2.888901 -0.265943 
0.000000 2.888901 8.309898 
0.000000 2.888901 5.289248 
0.000000 2.888901 -0.363737 
0.000000 2.888901 10.268181 
0.000000 2.888901 -1.415730 
0.000000 2.888901 -6.415273 
0.000000 2.888901 3.634004 
0.000000 2.888901 -4.663462 
0.000000 2.888901 4.393770 
0.000000 2.888901 0.890650 
0.000000 2.888901 9.184298 
0.000000 2.888901 4.483220 
0.000000 2.888901 -5.429397 
0.000000 2.888901 3.152120 
0.000000 2.888901 -3.900057 
0.000000 2.888901 1.774451 
0.000000 2.888901 -0.788734 
0.000000 2.888901 0.380130 
0.000000 2.888901 0.278045 
0.000000 2.888901 1.875150 
0.000000 2.888901 2.452604 
0.000000 2.888901 -5.917754 
0.000000 2.888901 2.836642 
0.000000 5.780334 -1.838082 
0.000000 5.780334 -3.051710 
0.000000 5.780334 -0.671442 
0.000000 5.780334 1.944305 
0.000000 5.780334 -1.510346 
0.000000 5.780334 1.233634 
0.000000 5.780334 1.366442 
0.000000 5.780334 -1.304185 
0.000000 5.780334 -6.215621 
0.000000 5.780334 -2.797660 
0.000000 5.780334 -1.513246 
0.000000 5.780334 6.999690 
0.000000 5.780334 1.992609 
0.000000 5.780334 -2.307037 
0.000000 5.780334 -1.256180 
0.000000 5.780334 -2.130339 
0.000000 5.780334 2.139456 
0.000000 5.780334 2.130336 
0.000000 5.780334 -4.172243 
0.000000 5.780334 -3.646881 
0.000000 5.780334 -2.311107 
0.000000 5.780334 8.047561 
0.000000 5.780334 -2.441439 
0.000000 5.780334 -2.619481 
0.000000 5.780334 1.846972 
0.000000 5.780334 -1.471252 
0.000000 5.780334 3.980949 
0.000000 5.780334 -3.588990 
0.000000 5.780334 0.467232 
0.000000 5.780334 -4.439202 
0.000000 5.780334 -1.494433 
0.000000 5.780334 -7.527167 
0.000000 5.780334 -5.729324 
0.000000 5.780334 -7.775016 
0.000000 5.780334 -1.895434 
0.000000 5.780334 13.112011 
0.000000 5.780334 0.647912 
0.000000 5.780334 7.651841 
0.000000 5.780334 1.328969 
0.000000 5.780334 4.723200 
0.000000 5.780334 -4.059543 
0.000000 5.780334 4.643963 
0.000000 5.780334 -4.473938 
0.000000 5.780334 1.706735 
0.000000 5.780334 2.521356 
0.000000 5.780334 -0.188057 
0.000000 5.780334 -2.388738 
0.000000 5.780334 -4.777111 
0.000000 5.780334 -4.759027 
0.000000 5.780334 -4.201848 
0.000000 5.780334 5.338280 
0.000000 5.780334 -2.809138 
0.000000 5.780334 -2.713050 
0.000000 5.780334 -3.882410 
0.000000 5.780334 -3.476927 
0.000000 5.780334 0.764377 
0.000000 5.780334 -2.720503 
0.000000 5.780334 -2.902780 
0.000000 5.780334 -1.813093 
0.000000 5.780334 -2.451139 
0.000000 5.780334 -3.628306 
0.000000 5.780334 -0.470029 
0.000000 5.780334 7.545062 
0.000000 5.780334 9.301560 
0.000000 5.780334 -4.689509 
0.000000 5.780334 -1.202170 
0.000000 5.780334 -4.114526 
0.000000 5.780334 -3.148323 
0.000000 5.780334 0.036992 
0.000000 5.780334 0.584029 
0.000000 5.780334 0.173904 
0.000000 5.780334 -4.271567 
0.000000 5.780334 5.934462 
0.000000 5.780334 -1.485582 
0.000000 5.780334 1.745788 
0.000000 5.780334 6.627857 
0.000000 5.780334 0.289101 
0.000000 5.780334 -2.920376 
0.000000 5.780334 -2.004033 
0.000000 5.780334 3.967482 
0.000000 5.780334 -3.222502 
0.000000 5.780334 -5.449668 
0.000000 5.780334 2.590208 
0.000000 5.780334 -1.698946 
0.000000 5.780334 -3.238290 
0.000000 5.780334 -0.478953 
0.000000 5.780334 -6.071462 
0.000000 5.780334 0.614379 
0.000000 5.780334 -1.841042 
0.000000 5.780334 -0.585167 
0.000000 5.780334 -5.452738 
0.000000 5.780334 -2.503422 
0.000000 5.780334 0.150928 
0.000000 5.780334 -6.353652 
0.000000 5.780334 -8.724149 
0.000000 5.780334 1.704064 
0.000000 5.780334 19.843414 
0.000000 5.780334 -4.337723 
0.000000 5.780334 -4.460745 
0.000000 5.780334 0.010888 
0.000000 8.624092 2.628803 
0.000000 8.624092 -6.683992 
0.000000 8.624092 -1.092754 
0.000000 8.624092 -2.316507 
0.000000 8.624092 2.344845 
0.000000 8.624092 -2.249478 
0.000000 8.624092 3.035561 
0.000000 8.624092 -1.859019 
0.000000 8.624092 -4.332609 
0.000000 8.624092 1.718436 
0.000000 8.624092 10.364266 
0.000000 8.624092 -3.929182 
0.000000 8.624092 -1.321614 
0.000000 8.624092 -4.430634 
0.000000 8.624092 -1.688485 
0.000000 8.624092 -4.283422 
0.000000 8.624092 -2.038830 
0.000000 8.624092 0.235959 
0.000000 8.624092 3.462223 
0.000000 8.624092 1.701566 
0.000000 8.624092 5.134392 
0.000000 8.624092 3.961606 
0.000000 8.624092 6.598483 
0.000000 8.624092 -8.212443 
0.000000 8.624092 2.709880 
0.000000 8.624092 3.481816 
0.000000 8.624092 -4.560647 
0.000000 8.624092 -4.375463 
0.000000 8.624092 1.494103 
0.000000 8.624092 -4.209747 
0.000000 8.624092 6.641629 
0.000000 8.624092 22.223734 
0.000000 8.624092 -1.951424 
0.000000 8.624092 -2.608275 
0.000000 8.624092 1.819313 
0.000000 8.624092 0.405467 
0.000000 8.624092 -5.185711 
0.000000 8.624092 -0.867993 
0.000000 8.624092 -4.824383 
0.000000 8.624092 -1.893696 
0.000000 8.624092 2.139683 
0.000000 8.624092 -1.582375 
0.000000 8.624092 -3.290626 
0.000000 8.624092 -5.230322 
0.000000 8.624092 3.768259 
0.000000 8.624092 2.533079 
0.000000 8.624092 2.204323 
0.000000 8.624092 -6.097795 
0.000000 8.624092 -3.395485 
0.000000 8.624092 -0.479945 
0.000000 8.624092 -4.833423 
0.000000 8.624092 -6.142560 
0.000000 8.624092 3.419032 
0.000000 8.624092 -6.756227 
0.000000 8.624092 6.338123 
0.000000 8.624092 12.643199 
0.000000 8.624092 2.096546 
0.000000 8.624092 -4.445296 
0.000000 8.624092 -0.164518 
0.000000 8.624092 -0.760529 
0.000000 8.624092 2.265447 
0.000000 8.624092 2.976025 
0.000000 8.624092 -0.062525 
0.000000 8.624092 -4.555023 
0.000000 8.624092 4.221370 
0.000000 8.624092 -0.159327 
0.000000 8.624092 -2.366959 
0.000000 8.624092 9.454067 
0.000000 8.624092 -5.282944 
0.000000 8.624092 -3.308162 
0.000000 8.624092 -0.618924 
0.000000 8.624092 -1.936687 
0.000000 8.624092 0.075514 
0.000000 8.624092 -7.556503 
0.000000 8.624092 -6.023126 
0.000000 8.624092 -5.100071 
0.000000 8.624092 -1.313052 
0.000000 8.624092 -1.904692 
0.000000 8.624092 -0.442657 
0.000000 8.624092 0.862257 
0.000000 8.624092 12.123656 
0.000000 8.624092 -0.833650 
0.000000 8.624092 -2.504153 
0.000000 8.624092 -4.011845 
0.000000 8.624092 7.022130 
0.000000 8.624092 -3.342980 
0.000000 8.624092 -3.919483 
0.000000 8.624092 -4.884373 
0.000000 8.624092 3.254701 
0.000000 8.624092 8.986997 
0.000000 8.624092 0.251255 
0.000000 8.624092 1.068186 
0.000000 8.624092 8.416177 
0.000000 8.624092 -1.836142 
0.000000 8.624092 -2.835243 
0.000000 8.624092 -3.923027 
0.000000 8.624092 -2.995797 
0.000000 8.624092 5.512867 
0.000000 8.624092 -1.049768 
0.000000 8.624092 -1.983744 
0.000000 11.462532 -0.923201 
0.000000 11.462532 -1.653024 
0.000000 11.462532 -3.604637 
0.000000 11.462532 -2.630760 
0.000000 11.462532 4.763093 
0.000000 11.462532 7.100209 
0.000000 11.462532 -4.224247 
0.000000 11.462532 -7.096660 
0.000000 11.462532 1.507459 
0.000000 11.462532 -1.488368 
0.000000 11.462532 2.175439 
0.000000 11.462532 1.907604 
0.000000 11.462532 -3.701334 
0.000000 11.462532 0.656217 
0.000000 11.462532 -1.737267 
0.000000 11.462532 -6.639561 
0.000000 11.462532 2.320657 
0.000000 11.462532 -3.621856 
0.000000 11.462532 0.870847 
0.000000 11.462532 -0.156206 
0.000000 11.462532 -5.937896 
0.000000 11.462532 -6.803167 
0.000000 11.462532 -1.763182 
0.000000 11.462532 -4.999247 
0.000000 11.462532 -1.899494 
0.000000 11.462532 -1.922100 
0.000000 11.462532 -2.607462 
0.000000 11.462532 8.000082 
0.000000 11.462532 0.554319 
0.000000 11.462532 -3.760351 
0.000000 11.462532 13.860387 
0.000000 11.462532 -3.568355 
0.000000 11.462532 -3.494762 
0.000000 11.462532 1.686866 
0.000000 11.462532 7.249103 
0.000000 11.462532 -2.073151 
0.000000 11.462532 -0.992496 
0.000000 11.462532 -6.572988 
0.000000 11.462532 -6.047660 
0.000000 11.462532 -1.034734 
0.000000 11.462532 0.054233 
0.000000 11.462532 2.460284 
0.000000 11.462532 0.112818 
0.000000 11.462532 -1.904963 
0.000000 11.462532 -3.937154 
0.000000 11.462532 10.391282 
0.000000 11.462532 -4.146929 
0.000000 11.462532 -0.682013 
0.000000 11.462532 -2.500682 
0.000000 11.462532 2.327011 
0.000000 11.462532 -2.738951 
0.000000 11.462532 1.713846 
0.000000 11.462532 -4.985254 
0.000000 11.462532 -3.744083 
0.000000 11.462532 0.230328 
0.000000 11.462532 6.093854 
0.000000 11.462532 4.096872 
0.000000 11.462532 -2.310004 
0.000000 11.462532 -1.622212 
0.000000 11.462532 2.913507 
0.000000 11.462532 -1.580969 
0.000000 11.462532 2.306547 
0.000000 11.462532 -3.124532 
0.000000 11.462532 -2.911108 
0.000000 11.462532 11.737360 
0.000000 11.462532 -3.096489 
0.000000 11.462532 -3.254494 
0.000000 11.462532 -2.312395 
0.000000 11.462532 9.722156 
0.000000 11.462532 -1.991756 
0.000000 11.462532 -2.773314 
0.000000 11.462532 1.638917 
0.000000 11.462532 2.383600 
0.000000 11.462532 2.129329 
0.000000 11.462532 2.217359 
0.000000 11.462532 -0.674625 
0.000000 11.462532 -6.572777 
0.000000 11.462532 4.171729 
0.000000 11.462532 -4.499177 
0.000000 11.462532 -0.776700 
0.000000 11.462532 -2.747044 
0.000000 11.462532 3.318967 
0.000000 11.462532 -3.781792 
0.000000 11.462532 -2.852265 
0.000000 11.462532 -3.222940 
0.000000 11.462532 -3.765273 
0.000000 11.462532 0.299028 
0.000000 11.462532 7.914186 
0.000000 11.462532 -1.182209 
0.000000 11.462532 2.580210 
0.000000 11.462532 10.260810 
0.000000 11.462532 -1.389422 
0.000000 11.462532 -5.147809 
0.000000 11.462532 -3.331063 
0.000000 11.462532 3.165662 
0.000000 11.462532 -2.510023 
0.000000 11.462532 -3.438505 
0.000000 11.462532 5.367583 
0.000000 11.462532 1.353278 
0.000000 11.462532 0.669105 
0.000000 14.322510 -2.921941 
0.000000 14.322510 4.558035 
0.000000 14.322510 -4.146981 
0.000000 14.322510 -6.145037 
0.000000 14.322510 4.632982 
0.000000 14.322510 3.632517 
0.000000 14.322510 -0.296260 
0.000000 14.322510 1.611373 
0.000000 14.322510 0.821147 
0.000000 14.322510 0.586413 
0.000000 14.322510 1.526696 
0.000000 14.322510 0.673939 
0.000000 14.322510 0.505250 
0.000000 14.322510 -1.418285 
0.000000 14.322510 -3.514666 
0.000000 14.322510 7.628928 
0.000000 14.322510 1.124957 
0.000000 14.322510 3.924689 
0.000000 14.322510 2.602792 
0.000000 14.322510 1.492807 
0.000000 14.322510 0.187957 
0.000000 14.322510 -0.572334 
0.000000 14.322510 -1.866879 
0.000000 14.322510 22.792824 
0.000000 14.322510 -5.159906 
0.000000 14.322510 0.995991 
0.000000 14.322510 8.479135 
0.000000 14.322510 11.302466 
0.000000 14.322510 -1.319814 
0.000000 14.322510 3.104738 
0.000000 14.322510 -4.461931 
0.000000 14.322510 -2.236128 
0.000000 14.322510 2.595686 
0.000000 14.322510 -1.470096 
0.000000 14.322510 -1.146336 
0.000000 14.322510 2.250550 
0.000000 14.322510 8.790776 
0.000000 14.322510 -5.872809 
0.000000 14.322510 -7.212656 
0.000000 14.322510 2.429217 
0.000000 14.322510 4.695600 
0.000000 14.322510 -3.598834 
0.000000 14.322510 2.714486 
0.000000 14.322510 8.288759 
0.000000 14.322510 2.770291 
0.000000 14.322510 0.020555 
0.000000 14.322510 0.930713 
0.000000 14.322510 3.749141 
0.000000 14.322510 11.944276 
0.000000 14.322510 -2.876713 
0.000000 14.322510 -3.923143 
0.000000 14.322510 -2.023308 
0.000000 14.322510 3.375359 
0.000000 14.322510 -3.387275 
0.000000 14.322510 5.583263 
0.000000 14.322510 -2.975446 
0.000000 14.322510 -2.520725 
0.000000 14.322510 -2.257578 
0.000000 14.322510 -5.258916 
0.000000 14.322510 -0.570128 
0.000000 14.322510 -4.893307 
0.000000 14.322510 1.242236 
0.000000 14.322510 0.822127 
0.000000 14.322510 -5.787125 
0.000000 14.322510 -2.487021 
0.000000 14.322510 -0.599779 
0.000000 14.322510 -6.888119 
0.000000 14.322510 -6.021754 
0.000000 14.322510 -1.330388 
0.000000 14.322510 7.600311 
0.000000 14.322510 -0.148652 
0.000000 14.322510 -1.105764 
0.000000 14.322510 3.914575 
0.000000 14.322510 6.518086 
0.000000 14.322510 -5.029844 
0.000000 14.322510 -0.560975 
0.000000 14.322510 -1.552030 
0.000000 14.322510 -3.326909 
0.000000 14.322510 -0.551938 
0.000000 14.322510 -1.347975 
0.000000 14.322510 -1.713773 
0.000000 14.322510 -0.539572 
0.000000 14.322510 -4.662376 
0.000000 14.322510 3.098963 
0.000000 14.322510 -4.150126 
0.000000 14.322510 1.078405 
0.000000 14.322510 -1.808466 
0.000000 14.322510 -2.858114 
0.000000 14.322510 2.264490 
0.000000 14.322510 2.876066 
0.000000 14.322510 13.192965 
0.000000 14.322510 3.108069 
0.000000 14.322510 -3.754800 
0.000000 14.322510 -5.163475 
0.000000 14.322510 0.344557 
0.000000 14.322510 3.256807 
0.000000 14.322510 7.974996 
0.000000 14.322510 5.075585 
0.000000 14.322510 0.996563 
0.000000 14.322510 -5.381226 
0.000000 17.180359 -1.499641 
0.000000 17.180359 0.385362 
0.000000 17.180359 -1.742087 
0.000000 17.180359 0.336824 
0.000000 17.180359 1.971366 
0.000000 17.180359 20.808210 
0.000000 17.180359 -1.844770 
0.000000 17.180359 5.017468 
0.000000 17.180359 -3.889035 
0.000000 17.180359 4.791227 
0.000000 17.180359 -3.227566 
0.000000 17.180359 -5.107611 
0.000000 17.180359 3.158571 
0.000000 17.180359 3.672730 
0.000000 17.180359 -4.158946 
0.000000 17.180359 -0.393239 
0.000000 17.180359 -0.905622 
0.000000 17.180359 -0.773986 
0.000000 17.180359 -3.509041 
0.000000 17.180359 -2.762231 
0.000000 17.180359 -1.001683 
0.000000 17.180359 2.237672 
0.000000 17.180359 -0.149130 
0.000000 17.180359 -0.054609 
0.000000 17.180359 -3.842222 
0.000000 17.180359 -2.951669 
0.000000 17.180359 -3.463486 
0.000000 17.180359 -2.507102 
0.000000 17.180359 -4.475073 
0.000000 17.180359 -5.208480 
0.000000 17.180359 2.646224 
0.000000 17.180359 12.900745 
0.000000 17.180359 -2.955199 
0.000000 17.180359 1.589815 
0.000000 17.180359 1.863187 
0.000000 17.180359 1.834706 
0.000000 17.180359 5.163955 
0.000000 17.180359 -0.832958 
0.000000 17.180359 -3.159173 
0.000000 17.180359 8.766706 
0.000000 17.180359 2.540637 
0.000000 17.180359 2.265149 
0.000000 17.180359 0.509440 
0.000000 17.180359 10.751775 
0.000000 17.180359 -2.688102 
0.000000 17.180359 -1.284466 
0.000000 17.180359 -8.092457 
0.000000 17.180359 -3.501712 
0.000000 17.180359 0.278886 
0.000000 17.180359 -2.201615 
0.000000 17.180359 -3.017458 
0.000000 17.180359 3.986606 
0.000000 17.180359 -0.853502 
0.000000 17.180359 10.040933 
0.000000 17.180359 -5.158301 
0.000000 17.180359 -0.291015 
0.000000 17.180359 -6.742613 
0.000000 17.180359 4.004366 
0.000000 17.180359 1.798296 
0.000000 17.180359 -3.180511 
0.000000 17.180359 -1.528358 
0.000000 17.180359 -3.824430 
0.000000 17.180359 -1.631184 
0.000000 17.180359 -0.388236 
0.000000 17.180359 -1.493699 
0.000000 17.180359 -0.874148 
0.000000 17.180359 4.718417 
0.000000 17.180359 -6.886075 
0.000000 17.180359 -1.116857 
0.000000 17.180359 8.835678 
0.000000 17.180359 -2.626932 
0.000000 17.180359 14.678633 
0.000000 17.180359 0.196883 
0.000000 17.180359 -1.360074 
0.000000 17.180359 1.885634 
0.000000 17.180359 -2.175237 
0.000000 17.180359 -2.382190 
0.000000 17.180359 1.499351 
0.000000 17.180359 3.665443 
0.000000 17.180359 -3.364473 
0.000000 17.180359 -4.461446 
0.000000 17.180359 -3.601407 
0.000000 17.180359 -5.666084 
0.000000 17.180359 -4.037731 
0.000000 17.180359 -5.800572 
0.000000 17.180359 -4.279661 
0.000000 17.180359 6.305384 
0.000000 17.180359 -4.682792 
0.000000 17.180359 0.015203 
0.000000 17.180359 0.519934 
0.000000 17.180359 7.409658 
0.000000 17.180359 -7.698655 
0.000000 17.180359 -6.387937 
0.000000 17.180359 -1.171604 
0.000000 17.180359 -0.847579 
0.000000 17.180359 -0.804593 
0.000000 17.180359 -1.298673 
0.000000 17.180359 -1.485954 
0.000000 17.180359 -2.807547 
0.000000 17.180359 -3.892697 
0.000000 20.028084 1.310198 
0.000000 20.028084 17.747727 
0.000000 20.028084 2.039757 
0.000000 20.028084 -3.967659 
0.000000 20.028084 -3.343802 
0.000000 20.028084 -5.515824 
0.000000 20.028084 2.730443 
0.000000 20.028084 0.643611 
0.000000 20.028084 -0.108114 
0.000000 20.028084 -1.560536 
0.000000 20.028084 2.296930 
0.000000 20.028084 -0.550794 
0.000000 20.028084 -1.169693 
0.000000 20.028084 0.408474 
0.000000 20.028084 -4.186726 
0.000000 20.028084 10.740691 
0.000000 20.028084 -0.747297 
0.000000 20.028084 -4.181056 
0.000000 20.028084 -3.015366 
0.000000 20.028084 4.209941 
0.000000 20.028084 -6.956624 
0.000000 20.028084 -4.820395 
0.000000 20.028084 -3.904378 
0.000000 20.028084 -3.847681 
0.000000 20.028084 10.511337 
0.000000 20.028084 6.251776 
0.000000 20.028084 -2.693661 
0.000000 20.028084 -3.795365 
0.000000 20.028084 2.613561 
0.000000 20.028084 -4.880453 
0.000000 20.028084 0.419791 
0.000000 20.028084 5.871376 
0.000000 20.028084 -4.001555 
0.000000 20.028084 -1.492908 
0.000000 20.028084 2.868841 
0.000000 20.028084 -2.621894 
0.000000 20.028084 -1.113781 
0.000000 20.028084 3.377381 
0.000000 20.028084 7.926450 
0.000000 20.028084 -0.224686 
0.000000 20.028084 2.222874 
0.000000 20.028084 -4.222304 
0.000000 20.028084 5.383810 
0.000000 20.028084 -1.353803 
0.000000 20.028084 -1.116316 
0.000000 20.028084 4.829769 
0.000000 20.028084 0.162905 
0.000000 20.028084 0.663471 
0.000000 20.028084 -2.597842 
0.000000 20.028084 1.871139 
0.000000 20.028084 -4.015349 
0.000000 20.028084 3.283497 
0.000000 20.028084 -4.391931 
0.000000 20.028084 -6.898287 
0.000000 20.028084 -4.759475 
0.000000 20.028084 -1.796706 
0.000000 20.028084 -1.794873 
0.000000 20.028084 -2.555597 
0.000000 20.028084 7.182611 
0.000000 20.028084 -0.241530 
0.000000 20.028084 4.735642 
0.000000 20.028084 3.822255 
0.000000 20.028084 -1.945260 
0.000000 20.028084 2.486593 
0.000000 20.028084 2.538309 
0.000000 20.028084 -7.395140 
0.000000 20.028084 -1.194754 
0.000000 20.028084 -6.843248 
0.000000 20.028084 1.795656 
0.000000 20.028084 1.840301 
0.000000 20.028084 -0.812605 
0.000000 20.028084 -1.953795 
0.000000 20.028084 5.301268 
0.000000 20.028084 -3.680539 
0.000000 20.028084 -2.497401 
0.000000 20.028084 -5.756435 
0.000000 20.028084 -1.910427 
0.000000 20.028084 -0.320633 
0.000000 20.028084 -7.027186 
0.000000 20.028084 -0.280220 
0.000000 20.028084 -7.820637 
0.000000 20.028084 -0.435129 
0.000000 20.028084 -5.127357 
0.000000 20.028084 -3.724778 
0.000000 20.028084 -1.464755 
0.000000 20.028084 0.571630 
0.000000 20.028084 -5.107946 
0.000000 20.028084 1.374333 
0.000000 20.028084 -4.398565 
0.000000 20.028084 2.021713 
0.000000 20.028084 -1.729222 
0.000000 20.028084 7.569831 
0.000000 20.028084 -6.621995 
0.000000 20.028084 0.242630 
0.000000 20.028084 6.861506 
0.000000 20.028084 -1.880090 
0.000000 20.028084 1.168267 
0.000000 20.028084 -1.290091 
0.000000 20.028084 3.747108 
0.000000 20.028084 -1.305773 
0.000000 22.869804 9.193368 
0.000000 22.869804 1.821918 
0.000000 22.869804 -3.397345 
0.000000 22.869804 2.444174 
0.000000 22.869804 11.319727 
0.000000 22.869804 -3.145840 
0.000000 22.869804 2.830865 
0.000000 22.869804 8.465963 
0.000000 22.869804 5.032700 
0.000000 22.869804 -3.663430 
0.000000 22.869804 -1.301132 
0.000000 22.869804 2.056859 
0.000000 22.869804 -1.326885 
0.000000 22.869804 -6.015629 
0.000000 22.869804 -0.141426 
0.000000 22.869804 -2.877578 
0.000000 22.869804 -0.401518 
0.000000 22.869804 3.684670 
0.000000 22.869804 1.826076 
0.000000 22.869804 15.498972 
0.000000 22.869804 -1.637965 
0.000000 22.869804 12.600824 
0.000000 22.869804 2.877542 
0.000000 22.869804 6.754847 
0.000000 22.869804 -4.160697 
0.000000 22.869804 -1.684582 
0.000000 22.869804 4.755004 
0.000000 22.869804 -2.353422 
0.000000 22.869804 -0.070356 
0.000000 22.869804 -1.282829 
0.000000 22.869804 1.587869 
0.000000 22.869804 14.960983 
0.000000 22.869804 -5.285312 
0.000000 22.869804 -7.366893 
0.000000 22.869804 2.773095 
0.000000 22.869804 9.059596 
0.000000 22.869804 -2.593158 
0.000000 22.869804 -1.887180 
0.000000 22.869804 -2.493538 
0.000000 22.869804 3.292489 
0.000000 22.869804 2.481296 
0.000000 22.869804 9.911309 
0.000000 22.869804 0.730670 
0.000000 22.869804 -6.302939 
0.000000 22.869804 -1.574628 
0.000000 22.869804 -0.548021 
0.000000 22.869804 -3.592215 
0.000000 22.869804 4.308543 
0.000000 22.869804 -0.711075 
0.000000 22.869804 -6.510432 
0.000000 22.869804 2.374309 
0.000000 22.869804 -2.360431 
0.000000 22.869804 1.344865 
0.000000 22.869804 -1.380394 
0.000000 22.869804 0.532737 
0.000000 22.869804 3.265464 
0.000000 22.869804 -4.115366 
0.000000 22.869804 2.772948 
0.000000 22.869804 -2.626399 
0.000000 22.869804 2.690524 
0.000000 22.869804 -0.446405 
0.000000 22.869804 -7.943467 
0.000000 22.869804 2.573104 
0.000000 22.869804 -2.672592 
0.000000 22.869804 -4.140150 
0.000000 22.869804 -1.951477 
0.000000 22.869804 10.022063 
0.000000 22.869804 -5.398343 
0.000000 22.869804 2.662913 
0.000000 22.869804 3.351818 
0.000000 22.869804 4.544057 
0.000000 22.869804 3.308444 
0.000000 22.869804 -1.441888 
0.000000 22.869804 -0.521323 
0.000000 22.869804 3.031261 
0.000000 22.869804 -2.734651 
0.000000 22.869804 -3.741008 
0.000000 22.869804 -1.409233 
0.000000 22.869804 -0.257838 
0.000000 22.869804 6.062007 
0.000000 22.869804 -5.054695 
0.000000 22.869804 0.822349 
0.000000 22.869804 1.776644 
0.000000 22.869804 4.787092 
0.000000 22.869804 -2.924536 
0.000000 22.869804 -1.520384 
0.000000 22.869804 -0.124512 
0.000000 22.869804 -0.747748 
0.000000 22.869804 -4.381366 
0.000000 22.869804 14.398891 
0.000000 22.869804 -7.021160 
0.000000 22.869804 -3.068671 
0.000000 22.869804 -6.851389 
0.000000 22.869804 2.759965 
0.000000 22.869804 -3.483672 
0.000000 22.869804 2.424948 
0.000000 22.869804 2.256172 
0.000000 22.869804 -1.132803 
0.000000 22.869804 10.384579 
0.000000 22.869804 -2.117668 
0.000000 25.734703 -3.298210 
0.000000 25.734703 -4.078189 
0.000000 25.734703 -1.435842 
0.000000 25.734703 -2.287316 
0.000000 25.734703 -1.569051 
0.000000 25.734703 -4.181892 
0.000000 25.734703 3.731339 
0.000000 25.734703 16.682909 
0.000000 25.734703 3.304639 
0.000000 25.734703 -2.064214 
0.000000 25.734703 -2.354356 
0.000000 25.734703 -0.474519 
0.000000 25.734703 0.199900 
0.000000 25.734703 -2.177374 
0.000000 25.734703 -1.273487 
0.000000 25.734703 -5.405099 
0.000000 25.734703 1.391483 
0.000000 25.734703 1.693473 
0.000000 25.734703 -3.052181 
0.000000 25.734703 -2.416735 
0.000000 25.734703 -2.428588 
0.000000 25.734703 4.948320 
0.000000 25.734703 -0.984512 
0.000000 25.734703 -3.051532 
0.000000 25.734703 -3.287988 
0.000000 25.734703 -0.745019 
0.000000 25.734703 -1.577135 
0.000000 25.734703 -3.969334 
0.000000 25.734703 -4.970410 
0.000000 25.734703 -6.204717 
0.000000 25.734703 -8.469599 
0.000000 25.734703 4.389988 
0.000000 25.734703 -4.562180 
0.000000 25.734703 1.521272 
0.000000 25.734703 0.506035 
0.000000 25.734703 -5.934154 
0.000000 25.734703 4.502850 
0.000000 25.734703 3.591574 
0.000000 25.734703 -4.982051 
0.000000 25.734703 -6.352939 
0.000000 25.734703 -3.501152 
0.000000 25.734703 2.932174 
0.000000 25.734703 0.388790 
0.000000 25.734703 -2.110434 
0.000000 25.734703 3.273156 
0.000000 25.734703 -6.522863 
0.000000 25.734703 -1.909972 
0.000000 25.734703 2.979591 
0.000000 25.734703 0.512068 
0.000000 25.734703 5.891245 
0.000000 25.734703 3.182883 
0.000000 25.734703 6.506312 
0.000000 25.734703 -2.251935 
0.000000 25.734703 6.143512 
0.000000 25.734703 -5.299309 
0.000000 25.734703 -5.561569 
0.000000 25.734703 -3.529287 
0.000000 25.734703 -4.186710 
0.000000 25.734703 -2.530799 
0.000000 25.734703 0.028619 
0.000000 25.734703 -3.998974 
0.000000 25.734703 3.983648 
0.000000 25.734703 -7.129827 
0.000000 25.734703 -1.664941 
0.000000 25.734703 3.852932 
0.000000 25.734703 -0.047559 
0.000000 25.734703 -2.908269 
0.000000 25.734703 -6.303822 
0.000000 25.734703 -2.128121 
0.000000 25.734703 -2.317186 
0.000000 25.734703 3.090373 
0.000000 25.734703 -5.274868 
0.000000 25.734703 -1.646401 
0.000000 25.734703 -2.920385 
0.000000 25.734703 -5.456407 
0.000000 25.734703 -3.168674 
0.000000 25.734703 1.305794 
0.000000 25.734703 -0.937627 
0.000000 25.734703 1.419585 
0.000000 25.734703 6.987659 
0.000000 25.734703 -5.880900 
0.000000 25.734703 -3.323237 
0.000000 25.734703 4.027089 
0.000000 25.734703 4.740202 
0.000000 25.734703 -0.775032 
0.000000 25.734703 6.091107 
0.000000 25.734703 -0.444256 
0.000000 25.734703 6.238205 
0.000000 25.734703 -0.636828 
0.000000 25.734703 3.628598 
0.000000 25.734703 -5.810401 
0.000000 25.734703 -7.438718 
0.000000 25.734703 -0.634003 
0.000000 25.734703 -5.763027 
0.000000 25.734703 1.100260 
0.000000 25.734703 2.052162 
0.000000 25.734703 -3.982806 
0.000000 25.734703 -2.723668 
0.000000 25.734703 4.230374 
0.000000 25.734703 -1.013044 
0.000000 28.591042 4.520454 
0.000000 28.591042 6.902000 
0.000000 28.591042 0.479811 
0.000000 28.591042 -2.144176 
0.000000 28.591042 -0.921014 
0.000000 28.591042 3.466068 
0.000000 28.591042 -1.833646 
0.000000 28.591042 2.864714 
0.000000 28.591042 0.026751 
0.000000 28.591042 4.654235 
0.000000 28.591042 0.736954 
0.000000 28.591042 -8.351681 
0.000000 28.591042 9.284691 
0.000000 28.591042 1.722315 
0.000000 28.591042 -2.052824 
0.000000 28.591042 -3.900178 
0.000000 28.591042 -1.507301 
0.000000 28.591042 -3.214938 
0.000000 28.591042 -0.200319 
0.000000 28.591042 3.618274 
0.000000 28.591042 -1.121108 
0.000000 28.591042 3.400413 
0.000000 28.591042 0.791153 
0.000000 28.591042 0.992383 
0.000000 28.591042 -1.960287 
0.000000 28.591042 -6.415558 
0.000000 28.591042 3.220245 
0.000000 28.591042 -6.438064 
0.000000 28.591042 -0.270427 
0.000000 28.591042 -0.104267 
0.000000 28.591042 -4.486657 
0.000000 28.591042 3.626184 
0.000000 28.591042 1.583527 
0.000000 28.591042 -3.021552 
0.000000 28.591042 1.784881 
0.000000 28.591042 9.257539 
0.000000 28.591042 4.016509 
0.000000 28.591042 1.755007 
0.000000 28.591042 -1.986435 
0.000000 28.591042 -0.215066 
0.000000 28.591042 -1.951492 
0.000000 28.591042 1.568095 
0.000000 28.591042 10.627248 
0.000000 28.591042 -0.332025 
0.000000 28.591042 0.079518 
0.000000 28.591042 0.044306 
0.000000 28.591042 -1.455297 
0.000000 28.591042 -3.050714 
0.000000 28.591042 -0.086638 
0.000000 28.591042 -1.630300 
0.000000 28.591042 -0.227485 
0.000000 28.591042 2.531011 
0.000000 28.591042 -0.834790 
0.000000 28.591042 15.170392 
0.000000 28.591042 -2.707102 
0.000000 28.591042 0.774763 
0.000000 28.591042 -3.827278 
0.000000 28.591042 -6.084154 
0.000000 28.591042 7.907054 
0.000000 28.591042 -2.995231 
0.000000 28.591042 -0.296525 
0.000000 28.591042 2.037196 
0.000000 28.591042 8.791362 
0.000000 28.591042 -0.697481 
0.000000 28.591042 3.844478 
0.000000 28.591042 0.598054 
0.000000 28.591042 -0.929883 
0.000000 28.591042 -0.826849 
0.000000 28.591042 3.088729 
0.000000 28.591042 -6.363893 
0.000000 28.591042 0.419817 
0.000000 28.591042 2.455202 
0.000000 28.591042 -1.003717 
0.000000 28.591042 2.036723 
0.000000 28.591042 -2.311136 
0.000000 28.591042 4.931179 
0.000000 28.591042 -1.453686 
0.000000 28.591042 -3.917916 
0.000000 28.591042 9.529918 
0.000000 28.591042 -5.519862 
0.000000 28.591042 -5.338802 
0.000000 28.591042 -5.795227 
0.000000 28.591042 -2.346108 
0.000000 28.591042 -3.557091 
0.000000 28.591042 -3.322344 
0.000000 28.591042 -4.713859 
0.000000 28.591042 -7.286701 
0.000000 28.591042 7.065083 
0.000000 28.591042 0.083517 
0.000000 28.591042 -6.935280 
0.000000 28.591042 7.799594 
0.000000 28.591042 -1.100727 
0.000000 28.591042 -0.355191 
0.000000 28.591042 4.833615 
0.000000 28.591042 -3.514529 
0.000000 28.591042 -3.891521 
0.000000 28.591042 1.225200 
0.000000 28.591042 -6.064568 
0.000000 28.591042 -3.723716 
0.000000 28.591042 4.196834 
