0.000000 5.209572 0.012866 0.051653 -0.056651 
0.000000 5.209572 0.010462 0.000398 0.002866 
0.000000 5.209572 0.014686 0.009062 -0.029010 
0.000000 5.209572 -0.023733 -0.023274 -0.063813 
0.000000 5.209572 0.005584 -0.030222 -0.052988 
0.000000 5.209572 0.058157 -0.017758 0.036091 
0.000000 5.209572 -0.049910 -0.031046 0.004422 
0.000000 5.209572 0.015962 0.030999 -0.071223 
0.000000 5.209572 -0.044326 0.027727 0.002934 
0.000000 5.209572 0.011818 0.043327 -0.071678 
0.000000 5.209572 -0.044017 -0.007107 -0.032533 
0.000000 5.209572 -0.041769 -0.090128 0.014227 
0.000000 5.209572 0.021186 0.011171 0.100553 
0.000000 5.209572 0.028042 -0.029995 -0.011201 
0.000000 5.209572 -0.034725 0.033721 -0.090822 
0.000000 5.209572 0.049012 0.001794 0.042521 
0.000000 5.209572 -0.032581 -0.019499 -0.037751 
0.000000 5.209572 -0.005458 -0.013335 -0.018052 
0.000000 5.209572 -0.014088 0.006921 -0.012541 
0.000000 5.209572 -0.033515 -0.014644 0.034319 
0.000000 5.209572 -0.047399 0.014656 0.036174 
0.000000 5.209572 0.019024 -0.037182 -0.025416 
0.000000 5.209572 0.004227 0.027634 -0.064878 
0.000000 5.209572 -0.015022 -0.011068 -0.057501 
0.000000 5.209572 0.000528 0.027338 -0.047495 
0.000000 5.209572 -0.004954 -0.001682 -0.084178 
0.000000 5.209572 0.044274 0.055258 -0.016025 
0.000000 5.209572 0.068383 -0.022472 0.005141 
0.000000 5.209572 -0.059897 -0.010894 0.092491 
0.000000 5.209572 -0.018019 -0.031234 -0.085096 
0.000000 5.209572 -0.013321 0.031611 -0.006469 
0.000000 5.209572 -0.009248 0.012010 0.056191 
0.000000 5.209572 0.007095 0.016939 -0.052651 
0.000000 5.209572 0.001735 -0.016548 -0.002846 
0.000000 5.209572 0.007190 0.013713 0.016050 
0.000000 5.209572 -0.001672 -0.028510 -0.047310 
0.000000 5.209572 0.010452 -0.001570 0.033518 
0.000000 5.209572 0.005550 0.076025 0.040527 
0.000000 5.209572 0.028333 0.040858 0.015149 
0.000000 5.209572 -0.077681 -0.030893 -0.011598 
0.000000 5.209572 0.035377 0.026285 -0.040153 
0.000000 5.209572 0.070662 -0.045072 0.065357 
0.000000 5.209572 -0.012480 0.005121 -0.002655 
0.000000 5.209572 -0.040651 -0.023541 0.096962 
0.000000 5.209572 0.063533 -0.013964 -0.015866 
0.000000 5.209572 0.063065 -0.019153 0.073240 
0.000000 5.209572 0.018833 0.006197 0.038451 
0.000000 5.209572 0.010947 -0.003959 0.040967 
0.000000 5.209572 0.016005 -0.007303 0.024819 
0.000000 5.209572 -0.004839 0.075926 -0.039972 
0.000000 5.209572 -0.016694 -0.008348 0.000108 
0.000000 5.209572 0.036452 -0.028689 0.061800 
0.000000 5.209572 -0.013330 0.019009 -0.033367 
0.000000 5.209572 0.017143 0.032666 -0.015229 
0.000000 5.209572 -0.018415 0.024072 -0.057842 
0.000000 5.209572 0.013873 -0.019344 -0.007565 
0.000000 5.209572 0.000395 -0.045153 0.040014 
0.000000 5.209572 0.035107 0.008190 0.024788 
0.000000 5.209572 0.014427 0.001455 0.071658 
0.000000 5.209572 0.062840 -0.028233 -0.075262 
0.000000 5.209572 0.029457 0.019418 0.044968 
0.000000 5.209572 0.001073 0.025429 0.072524 
0.000000 5.209572 0.066184 0.012503 0.018181 
0.000000 5.209572 -0.000761 0.062867 0.000478 
0.000000 5.209572 0.007944 -0.019959 -0.033566 
0.000000 5.209572 0.019195 -0.052687 0.034703 
0.000000 5.209572 -0.015655 -0.030551 0.079085 
0.000000 5.209572 0.011378 -0.007832 -0.012849 
0.000000 5.209572 -0.050129 0.019992 0.112335 
0.000000 5.209572 0.007315 -0.008641 -0.039345 
0.000000 5.209572 0.011386 -0.042574 -0.028242 
0.000000 5.209572 0.006796 -0.049253 -0.016942 
0.000000 5.209572 -0.004550 0.049451 -0.059557 
0.000000 5.209572 0.056176 0.039452 -0.093645 
0.000000 5.209572 0.024448 -0.020922 -0.021193 
0.000000 5.209572 0.006119 -0.006894 0.072976 
0.000000 5.209572 0.012997 -0.009548 0.044176 
0.000000 5.209572 0.030865 0.006912 -0.033329 
0.000000 5.209572 0.027180 -0.037331 0.086595 
0.000000 5.209572 -0.021126 0.036075 -0.049217 
0.000000 5.209572 0.019455 -0.038734 0.008602 
0.000000 5.209572 0.005240 0.039196 0.076660 
0.000000 5.209572 0.062235 0.017565 0.028273 
0.000000 5.209572 -0.097636 -0.014029 0.044800 
0.000000 5.209572 0.032347 0.029456 -0.099388 
0.000000 5.209572 0.018180 -0.050173 -0.035398 
0.000000 5.209572 0.006527 -0.025231 0.004295 
0.000000 5.209572 0.007745 0.029153 -0.102700 
0.000000 5.209572 0.005582 -0.041784 -0.053541 
0.000000 5.209572 0.033966 -0.017447 0.050847 
0.000000 5.209572 -0.022837 -0.006852 0.084512 
0.000000 5.209572 -0.023940 -0.004445 -0.005539 
0.000000 5.209572 -0.013858 0.003481 -0.016890 
0.000000 5.209572 -0.000536 0.031556 0.107528 
0.000000 5.209572 0.035488 -0.009491 -0.029969 
0.000000 5.209572 0.053408 -0.016752 0.064924 
0.000000 5.209572 0.038938 -0.004857 0.066109 
0.000000 5.209572 0.011394 0.064429 -0.166811 
0.000000 5.209572 0.013123 -0.001779 -0.046690 
0.000000 5.209572 0.044195 -0.010035 -0.050876 
0.000000 10.480240 -0.024307 -0.042844 -0.012656 
0.000000 10.480240 -0.015912 0.019049 -0.084767 
0.000000 10.480240 0.032576 -0.024717 -0.030887 
0.000000 10.480240 -0.032229 0.020371 0.000432 
0.000000 10.480240 -0.008023 -0.019405 -0.037597 
0.000000 10.480240 -0.008720 -0.006403 0.002128 
0.000000 10.480240 0.005671 -0.015867 0.012676 
0.000000 10.480240 0.032912 -0.025021 -0.017264 
0.000000 10.480240 -0.037668 -0.043543 0.149312 
0.000000 10.480240 -0.029920 0.016991 -0.001139 
0.000000 10.480240 -0.059909 -0.036979 0.056862 
0.000000 10.480240 -0.023977 -0.031272 0.054751 
0.000000 10.480240 0.030647 0.056278 -0.009506 
0.000000 10.480240 0.014585 0.012514 -0.069817 
0.000000 10.480240 0.004733 0.029074 -0.006720 
0.000000 10.480240 0.076429 -0.031170 -0.036113 
0.000000 10.480240 0.021940 0.042382 0.122479 
0.000000 10.480240 0.032904 -0.031005 0.072654 
0.000000 10.480240 -0.003850 0.023219 -0.085761 
0.000000 10.480240 0.028145 0.063048 -0.130994 
0.000000 10.480240 0.032335 -0.015115 -0.027281 
0.000000 10.480240 -0.018177 0.015966 0.064368 
0.000000 10.480240 0.007865 0.047559 0.025120 
0.000000 10.480240 0.017319 -0.000951 0.010257 
0.000000 10.480240 0.044971 -0.047695 0.037461 
0.000000 10.480240 -0.001179 0.074855 0.040347 
0.000000 10.480240 0.041050 -0.048350 0.033937 
0.000000 10.480240 0.002317 -0.007289 -0.001467 
0.000000 10.480240 0.015388 0.015124 0.013164 
0.000000 10.480240 0.070085 -0.022660 -0.052226 
0.000000 10.480240 0.073514 -0.027968 -0.027564 
0.000000 10.480240 -0.038566 -0.025860 -0.017812 
0.000000 10.480240 -0.008095 0.012887 0.057734 
0.000000 10.480240 0.033201 -0.021045 -0.011855 
0.000000 10.480240 -0.040719 -0.013244 -0.015520 
0.000000 10.480240 0.008326 -0.008056 0.037295 
0.000000 10.480240 0.017824 -0.024924 0.053720 
0.000000 10.480240 0.004432 0.039450 -0.041476 
0.000000 10.480240 0.003617 0.029476 -0.051905 
0.000000 10.480240 -0.001046 -0.057187 -0.063081 
0.000000 10.480240 -0.038048 -0.044167 0.090414 
0.000000 10.480240 0.004039 0.017037 0.047289 
0.000000 10.480240 0.014446 0.022715 -0.019071 
0.000000 10.480240 0.013923 -0.025904 -0.091699 
0.000000 10.480240 0.043564 -0.082764 0.091399 
0.000000 10.480240 -0.088981 -0.059077 0.020618 
0.000000 10.480240 -0.008549 0.000708 -0.036053 
0.000000 10.480240 -0.045341 0.015951 -0.010484 
0.000000 10.480240 -0.006470 -0.006182 -0.001224 
0.000000 10.480240 -0.014634 -0.032128 0.034606 
0.000000 10.480240 -0.012318 0.021905 -0.006756 
0.000000 10.480240 -0.031494 0.019727 0.065308 
0.000000 10.480240 -0.015044 -0.010683 0.015106 
0.000000 10.480240 0.027003 -0.033805 0.052558 
0.000000 10.480240 -0.032070 -0.022621 0.003551 
0.000000 10.480240 -0.011384 0.000009 0.020249 
0.000000 10.480240 0.013093 0.029457 -0.089411 
0.000000 10.480240 -0.003347 0.014920 0.026483 
0.000000 10.480240 0.045770 0.039337 -0.028113 
0.000000 10.480240 -0.001340 0.038691 -0.093300 
0.000000 10.480240 0.014233 -0.012766 0.011443 
0.000000 10.480240 0.034851 0.028859 0.049833 
0.000000 10.480240 -0.015696 0.039086 -0.005267 
0.000000 10.480240 -0.051850 -0.047644 -0.047396 
0.000000 10.480240 0.018592 0.074964 -0.064686 
0.000000 10.480240 -0.039744 -0.036955 0.004171 
0.000000 10.480240 0.021977 0.002620 0.016712 
0.000000 10.480240 0.005677 -0.005182 0.043330 
0.000000 10.480240 -0.034846 -0.004164 -0.013269 
0.000000 10.480240 0.010256 -0.021347 0.071923 
0.000000 10.480240 0.016869 0.006460 -0.031606 
0.000000 10.480240 0.018598 -0.013290 0.027783 
0.000000 10.480240 0.009662 0.030629 -0.062856 
0.000000 10.480240 -0.049933 -0.056698 0.089384 
0.000000 10.480240 0.012393 0.018945 0.074861 
0.000000 10.480240 0.005043 -0.006360 -0.058803 
0.000000 10.480240 0.016021 -0.069747 0.119836 
0.000000 10.480240 -0.037825 -0.022936 -0.040332 
0.000000 10.480240 -0.044749 0.020641 -0.041748 
0.000000 10.480240 0.041846 0.017647 0.091556 
0.000000 10.480240 -0.054028 -0.012542 0.001102 
0.000000 10.480240 -0.060354 -0.095559 -0.013293 
0.000000 10.480240 0.017036 0.027963 0.037021 
0.000000 10.480240 -0.024623 0.005491 -0.034080 
0.000000 10.480240 -0.071914 -0.019916 0.066429 
0.000000 10.480240 0.020363 0.032310 -0.032802 
0.000000 10.480240 0.022155 0.007610 0.104141 
0.000000 10.480240 -0.082474 -0.022918 -0.060095 
0.000000 10.480240 0.030138 -0.043531 -0.029696 
0.000000 10.480240 -0.014511 0.034923 -0.005350 
0.000000 10.480240 0.010350 0.041115 -0.099200 
0.000000 10.480240 -0.011093 0.004705 -0.042380 
0.000000 10.480240 0.012633 0.011296 0.034650 
0.000000 10.480240 0.007693 -0.010738 0.045550 
0.000000 10.480240 -0.054724 -0.007271 -0.065007 
0.000000 10.480240 -0.032830 -0.021759 0.118021 
0.000000 10.480240 -0.016382 0.010177 0.057547 
0.000000 10.480240 -0.016509 0.010139 0.000021 
0.000000 10.480240 0.000461 -0.061737 0.010827 
0.000000 10.480240 -0.011628 0.022158 -0.024417 
0.000000 15.733635 -0.065963 0.007581 -0.072524 
0.000000 15.733635 -0.039476 -0.039201 -0.071463 
0.000000 15.733635 0.021524 0.035479 0.070467 
0.000000 15.733635 0.128883 -0.051871 -0.009034 
0.000000 15.733635 0.072830 -0.018743 0.038912 
0.000000 15.733635 0.015722 -0.010031 0.062453 
0.000000 15.733635 -0.021379 -0.007188 -0.013720 
0.000000 15.733635 -0.004288 0.030181 -0.016040 
0.000000 15.733635 -0.010457 -0.004217 0.112907 
0.000000 15.733635 -0.026952 -0.013394 -0.007090 
0.000000 15.733635 0.073557 -0.013491 -0.101440 
0.000000 15.733635 0.030047 0.009200 -0.039847 
0.000000 15.733635 0.055132 -0.006164 0.046580 
0.000000 15.733635 -0.052629 0.003137 0.034059 
0.000000 15.733635 -0.014527 0.013114 -0.064924 
0.000000 15.733635 -0.032047 -0.036945 0.077660 
0.000000 15.733635 -0.032647 -0.021500 0.028353 
0.000000 15.733635 -0.010959 -0.002615 0.020361 
0.000000 15.733635 0.075733 -0.007532 -0.057186 
0.000000 15.733635 0.014200 0.023446 -0.002031 
0.000000 15.733635 0.035650 -0.018807 0.044356 
0.000000 15.733635 -0.040606 -0.012908 0.043613 
0.000000 15.733635 -0.012421 0.039745 -0.090792 
0.000000 15.733635 -0.027334 0.003846 -0.076548 
0.000000 15.733635 -0.014928 0.005498 -0.014195 
0.000000 15.733635 -0.017274 -0.007924 0.024811 
0.000000 15.733635 0.013208 0.021636 -0.092343 
0.000000 15.733635 0.019851 0.047046 -0.105011 
0.000000 15.733635 -0.062144 -0.021021 0.116416 
0.000000 15.733635 -0.000692 0.031464 0.056662 
0.000000 15.733635 -0.051562 0.026170 0.024229 
0.000000 15.733635 0.015135 0.074074 -0.017862 
0.000000 15.733635 -0.058657 -0.013894 0.008382 
0.000000 15.733635 0.148665 -0.044967 0.073632 
0.000000 15.733635 0.023294 -0.005384 -0.003572 
0.000000 15.733635 -0.031293 0.034009 0.067873 
0.000000 15.733635 0.038599 -0.048486 0.012498 
0.000000 15.733635 0.025926 -0.003805 -0.021121 
0.000000 15.733635 -0.037222 -0.048516 0.050937 
0.000000 15.733635 -0.008097 0.034879 -0.060649 
0.000000 15.733635 -0.001843 -0.006357 0.011812 
0.000000 15.733635 0.043440 0.048710 -0.024937 
0.000000 15.733635 0.027135 -0.056868 -0.029888 
0.000000 15.733635 -0.017408 -0.028524 0.031579 
0.000000 15.733635 -0.032931 0.041640 0.036478 
0.000000 15.733635 -0.017700 0.008475 0.051058 
0.000000 15.733635 -0.011627 -0.031345 0.004248 
0.000000 15.733635 -0.011625 0.028596 -0.045645 
0.000000 15.733635 0.011382 0.014067 0.007257 
0.000000 15.733635 -0.045665 -0.006443 -0.042826 
0.000000 15.733635 0.009604 0.005155 -0.098324 
0.000000 15.733635 -0.034302 -0.026380 -0.024766 
0.000000 15.733635 -0.001863 -0.031399 0.001054 
0.000000 15.733635 0.020250 0.070165 -0.082620 
0.000000 15.733635 0.019095 0.014726 -0.009994 
0.000000 15.733635 -0.020764 0.011535 0.021183 
0.000000 15.733635 0.017827 -0.035087 0.109954 
0.000000 15.733635 0.010489 0.034862 0.015380 
0.000000 15.733635 -0.009080 0.030848 0.016042 
0.000000 15.733635 0.045894 -0.035462 0.009900 
0.000000 15.733635 -0.044570 -0.003671 0.003912 
0.000000 15.733635 0.000490 0.032222 0.034432 
0.000000 15.733635 -0.024390 -0.009116 -0.065431 
0.000000 15.733635 0.007563 0.012038 0.016280 
0.000000 15.733635 -0.008876 0.000701 0.106050 
0.000000 15.733635 -0.041392 -0.009132 -0.019941 
0.000000 15.733635 0.003606 -0.001569 -0.038518 
0.000000 15.733635 -0.001778 0.033680 0.078856 
0.000000 15.733635 0.085128 -0.027772 0.036093 
0.000000 15.733635 0.034465 0.012044 -0.006123 
0.000000 15.733635 0.020926 0.018786 0.042299 
0.000000 15.733635 -0.059563 -0.029517 0.026262 
0.000000 15.733635 -0.058117 -0.027675 -0.016080 
0.000000 15.733635 -0.038884 0.038107 -0.100010 
0.000000 15.733635 -0.024775 -0.074002 0.018679 
0.000000 15.733635 -0.033472 -0.027008 0.045590 
0.000000 15.733635 0.011949 0.035448 0.073718 
0.000000 15.733635 0.012330 -0.006508 -0.113049 
0.000000 15.733635 -0.020642 0.024553 0.024536 
0.000000 15.733635 -0.002170 -0.009261 -0.032311 
0.000000 15.733635 -0.038768 0.017531 0.011985 
0.000000 15.733635 0.021594 -0.029772 0.069723 
0.000000 15.733635 -0.020422 -0.001201 -0.142175 
0.000000 15.733635 -0.028303 0.019920 -0.022522 
0.000000 15.733635 0.026295 -0.002743 0.041638 
0.000000 15.733635 -0.040844 -0.060473 0.062438 
0.000000 15.733635 0.017412 0.035852 0.050304 
0.000000 15.733635 -0.003817 0.008841 -0.037693 
0.000000 15.733635 0.013718 0.031849 0.000525 
0.000000 15.733635 -0.021979 -0.039755 -0.020369 
0.000000 15.733635 -0.023761 0.050548 0.026302 
0.000000 15.733635 -0.018706 0.051161 0.052204 
0.000000 15.733635 -0.030901 0.015225 0.030137 
0.000000 15.733635 0.071095 -0.030783 0.033576 
0.000000 15.733635 0.082440 -0.052442 0.011066 
0.000000 15.733635 0.012185 0.019763 0.006754 
0.000000 15.733635 0.005244 -0.012461 0.004704 
0.000000 15.733635 -0.010657 -0.021157 0.051182 
0.000000 15.733635 0.004218 -0.016577 0.022516 
0.000000 15.733635 0.021506 0.018857 0.067087 
0.000000 20.925461 0.006819 0.001805 0.137249 
0.000000 20.925461 -0.064538 -0.036063 0.060404 
0.000000 20.925461 -0.051562 -0.027362 0.044698 
0.000000 20.925461 0.009525 -0.034061 0.079579 
0.000000 20.925461 -0.067911 -0.004187 0.027185 
0.000000 20.925461 0.000104 0.019091 -0.030652 
0.000000 20.925461 0.011169 -0.021919 0.035949 
0.000000 20.925461 0.013210 -0.029363 0.069868 
0.000000 20.925461 0.010827 0.070130 -0.004671 
0.000000 20.925461 -0.029794 0.047301 -0.018962 
0.000000 20.925461 -0.001003 -0.044301 0.049563 
0.000000 20.925461 0.015549 0.011148 -0.040045 
0.000000 20.925461 0.025425 -0.035891 0.011514 
0.000000 20.925461 -0.059774 -0.012147 -0.099325 
0.000000 20.925461 -0.018091 -0.046546 0.020884 
0.000000 20.925461 0.011480 -0.018762 0.029506 
0.000000 20.925461 0.010513 -0.006126 0.013482 
0.000000 20.925461 0.005096 0.053708 -0.079594 
0.000000 20.925461 0.024722 0.025990 0.027878 
0.000000 20.925461 0.002336 0.016675 -0.107298 
0.000000 20.925461 -0.079062 -0.037100 0.107122 
0.000000 20.925461 -0.015706 0.065607 -0.012183 
0.000000 20.925461 0.017142 0.028613 0.044432 
0.000000 20.925461 0.041400 -0.034607 -0.002329 
0.000000 20.925461 0.017389 -0.020470 -0.070115 
0.000000 20.925461 0.001039 0.041883 0.131405 
0.000000 20.925461 -0.024476 -0.001798 -0.019069 
0.000000 20.925461 -0.003848 0.026593 0.053288 
0.000000 20.925461 -0.010196 -0.042668 0.026959 
0.000000 20.925461 0.097972 -0.020112 -0.062456 
0.000000 20.925461 0.000931 0.062711 -0.054238 
0.000000 20.925461 -0.010649 -0.008588 0.015175 
0.000000 20.925461 -0.026559 -0.021801 0.030735 
0.000000 20.925461 0.007520 0.048240 0.012076 
0.000000 20.925461 0.011855 -0.049490 0.053503 
0.000000 20.925461 0.031131 -0.033096 -0.016970 
0.000000 20.925461 -0.019173 0.032595 -0.055682 
0.000000 20.925461 0.004441 0.006281 -0.006530 
0.000000 20.925461 0.006224 0.020494 0.045661 
0.000000 20.925461 0.034976 0.025648 0.006390 
0.000000 20.925461 -0.009173 0.040998 -0.051550 
0.000000 20.925461 0.000435 -0.011094 0.054703 
0.000000 20.925461 0.029890 0.008029 0.030537 
0.000000 20.925461 -0.015579 0.024818 -0.025272 
0.000000 20.925461 0.000715 0.005930 -0.012060 
0.000000 20.925461 0.030612 -0.052495 0.035880 
0.000000 20.925461 -0.021530 0.029304 -0.006310 
0.000000 20.925461 0.023075 0.034089 -0.068007 
0.000000 20.925461 0.025961 -0.014684 0.002612 
0.000000 20.925461 0.011486 -0.018929 -0.013894 
0.000000 20.925461 0.011220 0.031823 -0.026269 
0.000000 20.925461 -0.034619 0.030212 0.007698 
0.000000 20.925461 -0.008767 0.047990 -0.104134 
0.000000 20.925461 0.000344 0.055220 -0.125044 
0.000000 20.925461 -0.031909 -0.093252 0.070045 
0.000000 20.925461 0.063260 -0.056550 -0.052863 
0.000000 20.925461 0.008902 -0.035989 0.145422 
0.000000 20.925461 -0.019654 0.038327 0.000437 
0.000000 20.925461 -0.012098 -0.001448 0.043066 
0.000000 20.925461 0.036924 0.033436 -0.029740 
0.000000 20.925461 0.035281 0.037856 0.039711 
0.000000 20.925461 -0.019566 -0.036349 0.050295 
0.000000 20.925461 -0.086736 -0.084974 0.064120 
0.000000 20.925461 0.019299 0.036177 0.043484 
0.000000 20.925461 -0.004952 0.009262 0.030119 
0.000000 20.925461 -0.011851 0.014576 -0.027664 
0.000000 20.925461 0.026154 0.007245 -0.038702 
0.000000 20.925461 0.023568 0.054922 -0.076293 
0.000000 20.925461 -0.010011 0.036858 -0.021626 
0.000000 20.925461 0.063272 0.003895 -0.058500 
0.000000 20.925461 -0.000729 -0.034488 0.020641 
0.000000 20.925461 0.010312 0.007289 -0.077950 
0.000000 20.925461 -0.033214 -0.052861 0.005050 
0.000000 20.925461 0.084852 -0.127847 0.118564 
0.000000 20.925461 0.035851 0.027132 0.032753 
0.000000 20.925461 -0.042359 -0.006042 0.027285 
0.000000 20.925461 0.027793 0.015251 -0.000965 
0.000000 20.925461 0.000189 0.011472 -0.023036 
0.000000 20.925461 -0.029113 -0.017304 -0.034007 
0.000000 20.925461 0.008390 0.033892 -0.027682 
0.000000 20.925461 0.011362 0.058160 0.006675 
0.000000 20.925461 -0.056202 0.012618 -0.108848 
0.000000 20.925461 0.019772 -0.044242 0.001984 
0.000000 20.925461 0.000142 0.049183 -0.085174 
0.000000 20.925461 0.004718 0.020450 -0.088050 
0.000000 20.925461 -0.033100 -0.048953 -0.014735 
0.000000 20.925461 -0.006374 -0.036363 -0.047589 
0.000000 20.925461 0.001295 0.002557 0.052500 
0.000000 20.925461 0.002251 0.026365 -0.013041 
0.000000 20.925461 0.014199 -0.021938 0.049649 
0.000000 20.925461 0.030376 0.043293 -0.018778 
0.000000 20.925461 -0.015618 0.014658 0.120933 
0.000000 20.925461 0.008927 -0.035196 0.034635 
0.000000 20.925461 -0.030915 -0.001401 -0.007605 
0.000000 20.925461 0.014352 -0.067967 0.016822 
0.000000 20.925461 0.003966 -0.030611 -0.007404 
0.000000 20.925461 0.005338 -0.004081 0.001222 
0.000000 20.925461 0.023399 0.010323 0.002133 
0.000000 20.925461 0.036442 0.001058 0.010830 
0.000000 20.925461 0.008546 0.016153 0.019899 
0.000000 26.155777 -0.020206 -0.001671 -0.065482 
0.000000 26.155777 -0.000604 0.045865 -0.004268 
0.000000 26.155777 0.007178 -0.024796 0.006783 
0.000000 26.155777 0.062948 0.000639 0.002579 
0.000000 26.155777 0.017183 0.046090 0.066547 
0.000000 26.155777 -0.064464 -0.022773 0.077770 
0.000000 26.155777 -0.001882 0.022510 -0.053856 
0.000000 26.155777 -0.005918 0.020073 -0.029444 
0.000000 26.155777 0.026253 -0.006026 0.082903 
0.000000 26.155777 0.064675 0.006436 -0.030296 
0.000000 26.155777 0.093680 -0.011034 -0.097552 
0.000000 26.155777 0.037055 -0.073276 -0.021056 
0.000000 26.155777 -0.008270 -0.058304 0.030890 
0.000000 26.155777 -0.021898 0.009618 -0.069505 
0.000000 26.155777 0.031220 0.013562 0.023306 
0.000000 26.155777 0.078110 -0.063355 -0.021264 
0.000000 26.155777 -0.007543 -0.048278 0.002011 
0.000000 26.155777 0.090520 -0.010486 0.008412 
0.000000 26.155777 0.004221 0.045289 -0.006713 
0.000000 26.155777 0.003250 -0.011000 -0.000283 
0.000000 26.155777 -0.019872 0.016569 0.001417 
0.000000 26.155777 0.004122 0.047260 -0.064612 
0.000000 26.155777 -0.006740 0.019614 0.017989 
0.000000 26.155777 0.006230 0.049020 -0.059993 
0.000000 26.155777 0.024782 -0.012139 -0.016843 
0.000000 26.155777 -0.002411 0.008206 -0.040728 
0.000000 26.155777 -0.016134 -0.004829 -0.013030 
0.000000 26.155777 0.002322 -0.020882 -0.019216 
0.000000 26.155777 -0.026740 0.025801 -0.022815 
0.000000 26.155777 -0.046606 -0.030649 -0.003897 
0.000000 26.155777 0.027139 -0.009313 -0.043932 
0.000000 26.155777 -0.017236 0.014463 -0.130293 
0.000000 26.155777 -0.007263 -0.044048 0.033308 
0.000000 26.155777 0.117379 -0.059960 0.025206 
0.000000 26.155777 -0.040684 0.037641 -0.022661 
0.000000 26.155777 -0.018380 0.041711 -0.025324 
0.000000 26.155777 -0.011985 0.026260 -0.108432 
0.000000 26.155777 0.014499 -0.002986 0.024774 
0.000000 26.155777 -0.032784 -0.000833 0.018860 
0.000000 26.155777 -0.006307 -0.016423 0.056822 
0.000000 26.155777 -0.027493 0.039306 -0.092639 
0.000000 26.155777 0.062942 -0.036070 0.031175 
0.000000 26.155777 -0.038350 0.008873 0.055954 
0.000000 26.155777 -0.014540 -0.000041 -0.074502 
0.000000 26.155777 -0.030103 0.006054 0.022223 
0.000000 26.155777 0.007556 -0.002397 0.019028 
0.000000 26.155777 0.041800 0.009316 0.017038 
0.000000 26.155777 0.060119 -0.011189 0.104710 
0.000000 26.155777 -0.003358 0.056302 -0.080551 
0.000000 26.155777 -0.008019 0.003324 0.080211 
0.000000 26.155777 0.018350 0.022804 -0.078739 
0.000000 26.155777 0.002118 0.034620 0.013051 
0.000000 26.155777 -0.031660 -0.003870 0.075598 
0.000000 26.155777 0.034658 -0.005901 0.041062 
0.000000 26.155777 -0.024667 -0.042684 0.032778 
0.000000 26.155777 -0.065614 0.002639 -0.010544 
0.000000 26.155777 0.044642 0.037157 0.005218 
0.000000 26.155777 0.008877 0.025225 -0.030582 
0.000000 26.155777 -0.004563 0.021967 -0.012920 
0.000000 26.155777 -0.000571 -0.032285 0.044195 
0.000000 26.155777 -0.032663 0.003790 -0.011971 
0.000000 26.155777 0.067248 -0.058232 0.092640 
0.000000 26.155777 -0.003015 -0.019899 0.047916 
0.000000 26.155777 -0.005457 0.025059 0.061316 
0.000000 26.155777 0.020701 0.044180 -0.011011 
0.000000 26.155777 0.003196 0.034086 0.016807 
0.000000 26.155777 0.018179 0.016676 -0.025886 
0.000000 26.155777 -0.059125 0.001014 0.074630 
0.000000 26.155777 -0.007458 -0.021158 -0.070736 
0.000000 26.155777 -0.040928 -0.017537 -0.074206 
0.000000 26.155777 -0.023489 0.074130 0.005310 
0.000000 26.155777 -0.012116 0.025292 0.004719 
0.000000 26.155777 -0.046074 -0.025830 -0.055236 
0.000000 26.155777 0.045176 -0.045533 0.064070 
0.000000 26.155777 0.011852 -0.023347 0.104443 
0.000000 26.155777 -0.025632 0.048512 0.026447 
0.000000 26.155777 0.076477 -0.043173 0.077728 
0.000000 26.155777 0.102853 -0.044822 0.044111 
0.000000 26.155777 -0.049165 -0.015727 -0.007085 
0.000000 26.155777 0.006896 0.001327 0.057242 
0.000000 26.155777 -0.008347 0.004657 -0.018717 
0.000000 26.155777 0.003677 0.014575 -0.038837 
0.000000 26.155777 0.032101 -0.030654 0.167537 
0.000000 26.155777 0.003308 -0.032641 -0.013479 
0.000000 26.155777 -0.023020 -0.006214 0.036261 
0.000000 26.155777 0.024127 0.016512 -0.010508 
0.000000 26.155777 0.036114 -0.000388 0.032858 
0.000000 26.155777 -0.045106 -0.019183 -0.023914 
0.000000 26.155777 0.009580 0.035184 0.022519 
0.000000 26.155777 0.021401 0.027100 -0.026906 
0.000000 26.155777 -0.007419 -0.027424 0.024598 
0.000000 26.155777 0.032672 0.018253 0.072258 
0.000000 26.155777 -0.007400 0.017045 -0.015103 
0.000000 26.155777 0.015031 0.039567 -0.007183 
0.000000 26.155777 0.036333 0.075495 -0.108974 
0.000000 26.155777 -0.042663 -0.006259 0.010712 
0.000000 26.155777 0.039332 -0.028686 -0.017194 
0.000000 26.155777 -0.021519 0.013658 0.001976 
0.000000 26.155777 0.034082 0.017529 -0.057957 
0.000000 26.155777 0.010626 -0.045072 0.023368 
0.000000 31.375557 0.025504 -0.008783 0.040134 
0.000000 31.375557 -0.031700 -0.020374 -0.044624 
0.000000 31.375557 0.016124 0.019306 -0.013063 
0.000000 31.375557 -0.001929 0.022517 -0.000431 
0.000000 31.375557 0.022411 -0.020754 -0.112969 
0.000000 31.375557 0.047956 0.014015 0.045583 
0.000000 31.375557 0.039680 -0.084221 0.067574 
0.000000 31.375557 0.012824 0.000783 -0.061102 
0.000000 31.375557 0.002833 -0.015892 -0.132816 
0.000000 31.375557 -0.001275 0.086265 -0.057395 
0.000000 31.375557 0.066227 0.003852 0.008759 
0.000000 31.375557 -0.052571 0.082338 -0.072745 
0.000000 31.375557 -0.049692 -0.005323 -0.026633 
0.000000 31.375557 -0.024444 -0.005396 -0.000082 
0.000000 31.375557 -0.019003 -0.016417 0.069610 
0.000000 31.375557 -0.019108 -0.015970 -0.068471 
0.000000 31.375557 -0.015702 -0.029954 -0.028679 
0.000000 31.375557 -0.009289 0.002694 -0.015927 
0.000000 31.375557 0.033180 0.000926 0.096844 
0.000000 31.375557 0.047150 0.002915 0.047052 
0.000000 31.375557 0.003756 -0.007605 -0.038322 
0.000000 31.375557 0.012047 0.023027 0.020307 
0.000000 31.375557 0.003343 -0.008180 0.026088 
0.000000 31.375557 -0.028982 0.013685 -0.015704 
0.000000 31.375557 -0.005522 0.025549 -0.025205 
0.000000 31.375557 0.010686 -0.033573 -0.029474 
0.000000 31.375557 -0.010353 0.001105 0.015398 
0.000000 31.375557 -0.027923 0.026849 -0.160229 
0.000000 31.375557 0.030378 0.024517 -0.038789 
0.000000 31.375557 -0.017155 -0.004809 0.125412 
0.000000 31.375557 -0.004512 0.026647 -0.039563 
0.000000 31.375557 -0.010823 -0.040592 0.036427 
0.000000 31.375557 0.030782 -0.032571 0.025164 
0.000000 31.375557 -0.021166 -0.058961 0.001989 
0.000000 31.375557 -0.032683 -0.073609 -0.047013 
0.000000 31.375557 -0.036922 -0.048767 0.021894 
0.000000 31.375557 0.029881 0.069148 -0.036442 
0.000000 31.375557 0.018890 0.012473 -0.043661 
0.000000 31.375557 -0.022059 0.033163 -0.044423 
0.000000 31.375557 -0.007137 -0.000155 -0.033667 
0.000000 31.375557 0.083119 -0.026813 0.101919 
0.000000 31.375557 0.049767 -0.029111 0.000150 
0.000000 31.375557 0.017233 0.029653 -0.000420 
0.000000 31.375557 0.012482 0.101681 -0.082963 
0.000000 31.375557 0.035149 -0.003976 0.000386 
0.000000 31.375557 0.030839 0.007954 -0.131598 
0.000000 31.375557 -0.036621 0.019049 -0.019453 
0.000000 31.375557 -0.057603 -0.024176 0.015865 
0.000000 31.375557 0.061908 -0.020749 0.036181 
0.000000 31.375557 -0.037319 -0.030488 -0.031553 
0.000000 31.375557 -0.023522 -0.010004 -0.038977 
0.000000 31.375557 0.058874 -0.003010 -0.031518 
0.000000 31.375557 0.013938 -0.033916 0.116500 
0.000000 31.375557 0.000559 -0.022083 -0.052058 
0.000000 31.375557 0.022363 0.071523 -0.149151 
0.000000 31.375557 -0.055001 -0.050746 -0.039407 
0.000000 31.375557 0.014971 -0.013955 -0.042371 
0.000000 31.375557 -0.001368 0.015995 0.017881 
0.000000 31.375557 0.060400 -0.007439 -0.092696 
0.000000 31.375557 -0.027942 -0.010572 -0.037290 
0.000000 31.375557 -0.009483 0.024211 -0.052571 
0.000000 31.375557 -0.064931 0.006686 0.069718 
0.000000 31.375557 0.038537 -0.009087 -0.059350 
0.000000 31.375557 0.008420 0.011364 0.046547 
0.000000 31.375557 -0.057631 -0.029751 0.028716 
0.000000 31.375557 0.057934 -0.015646 0.038987 
0.000000 31.375557 -0.021234 -0.016523 0.014431 
0.000000 31.375557 -0.031688 -0.003949 -0.026588 
0.000000 31.375557 -0.000116 0.027596 0.010532 
0.000000 31.375557 -0.000699 0.074600 -0.060171 
0.000000 31.375557 0.027216 -0.025115 0.081454 
0.000000 31.375557 0.014461 -0.023380 0.087307 
0.000000 31.375557 -0.000630 0.005875 -0.016389 
0.000000 31.375557 0.068933 -0.073991 0.001130 
0.000000 31.375557 -0.032982 0.008452 -0.031453 
0.000000 31.375557 0.003155 0.045105 0.037729 
0.000000 31.375557 -0.023504 0.000450 0.018831 
0.000000 31.375557 0.012901 0.044731 -0.027685 
0.000000 31.375557 -0.020817 0.001841 0.090154 
0.000000 31.375557 0.009755 -0.046308 0.093918 
0.000000 31.375557 -0.037519 -0.010735 0.017375 
0.000000 31.375557 0.003764 0.005094 -0.051769 
0.000000 31.375557 0.032661 -0.008483 0.147473 
0.000000 31.375557 0.010053 -0.019687 -0.030302 
0.000000 31.375557 -0.027491 0.039053 -0.022505 
0.000000 31.375557 0.019854 0.047545 -0.003513 
0.000000 31.375557 -0.062796 0.037070 0.043322 
0.000000 31.375557 0.009628 -0.017788 -0.135227 
0.000000 31.375557 -0.018128 -0.010473 0.046684 
0.000000 31.375557 -0.010400 -0.014242 0.060495 
0.000000 31.375557 0.030935 -0.045507 0.044861 
0.000000 31.375557 0.008914 0.044622 -0.130861 
0.000000 31.375557 -0.044150 -0.041393 -0.011969 
0.000000 31.375557 -0.073186 -0.052297 -0.024007 
0.000000 31.375557 -0.022081 0.036427 0.007727 
0.000000 31.375557 0.008377 -0.002607 0.042027 
0.000000 31.375557 -0.039251 -0.043274 0.046311 
0.000000 31.375557 -0.075540 -0.034074 0.027720 
0.000000 31.375557 0.011579 0.067246 -0.172297 
0.000000 31.375557 -0.021101 0.023058 -0.037128 
0.000000 36.580490 -0.028986 0.007613 -0.021727 
0.000000 36.580490 0.073998 -0.021315 -0.042366 
0.000000 36.580490 0.028086 0.022622 -0.095307 
0.000000 36.580490 0.014279 0.007349 -0.068470 
0.000000 36.580490 -0.069710 -0.028905 -0.073332 
0.000000 36.580490 0.044950 0.027564 0.004351 
0.000000 36.580490 0.003776 0.036228 0.021666 
0.000000 36.580490 0.007370 -0.011299 -0.032591 
0.000000 36.580490 0.025165 -0.011301 0.049414 
0.000000 36.580490 -0.030619 0.004626 -0.018851 
0.000000 36.580490 0.035305 0.005451 0.014255 
0.000000 36.580490 -0.011840 0.018428 -0.058046 
0.000000 36.580490 0.003632 -0.039992 0.075698 
0.000000 36.580490 -0.010768 0.036345 0.027418 
0.000000 36.580490 -0.001079 0.060405 -0.046102 
0.000000 36.580490 -0.024810 0.015585 -0.072673 
0.000000 36.580490 -0.002130 0.055400 -0.046257 
0.000000 36.580490 -0.046552 -0.095351 0.053889 
0.000000 36.580490 0.021867 -0.003839 0.002892 
0.000000 36.580490 -0.028665 -0.034906 0.052796 
0.000000 36.580490 -0.005844 0.009858 -0.035573 
0.000000 36.580490 0.033067 -0.001101 0.000310 
0.000000 36.580490 0.029985 -0.034065 -0.014129 
0.000000 36.580490 0.003581 -0.041192 0.019864 
0.000000 36.580490 0.099132 -0.023852 0.039651 
0.000000 36.580490 0.006170 -0.002910 -0.026528 
0.000000 36.580490 0.063652 0.018354 0.020095 
0.000000 36.580490 0.030689 -0.061962 0.033128 
0.000000 36.580490 -0.006913 -0.026330 -0.029927 
0.000000 36.580490 -0.037318 0.014936 -0.003570 
0.000000 36.580490 -0.009847 -0.005405 -0.085866 
0.000000 36.580490 0.010256 0.017835 -0.077066 
0.000000 36.580490 -0.057715 -0.072931 0.007890 
0.000000 36.580490 0.027848 0.002019 0.009917 
0.000000 36.580490 -0.019479 0.055727 -0.087376 
0.000000 36.580490 -0.022133 -0.070152 -0.009711 
0.000000 36.580490 0.018832 -0.012205 0.011611 
0.000000 36.580490 0.018531 0.003077 0.054676 
0.000000 36.580490 0.013241 -0.010989 0.012021 
0.000000 36.580490 0.010889 0.006552 -0.023330 
0.000000 36.580490 -0.012502 0.032641 -0.029443 
0.000000 36.580490 -0.063933 -0.033360 0.158164 
0.000000 36.580490 -0.025294 0.013633 -0.009026 
0.000000 36.580490 0.108879 -0.043060 0.000325 
0.000000 36.580490 -0.007573 0.038359 0.058252 
0.000000 36.580490 0.015850 0.013012 -0.039772 
0.000000 36.580490 0.014242 0.021834 -0.040426 
0.000000 36.580490 0.011914 0.005904 -0.093633 
0.000000 36.580490 0.015236 -0.001247 0.019704 
0.000000 36.580490 -0.001255 0.019718 -0.028985 
0.000000 36.580490 0.019054 -0.037457 -0.055132 
0.000000 36.580490 0.049044 -0.009589 -0.053195 
0.000000 36.580490 -0.021889 0.004249 0.013890 
0.000000 36.580490 0.093174 0.009561 -0.016377 
0.000000 36.580490 -0.010527 0.000958 -0.012110 
0.000000 36.580490 -0.031001 0.004809 0.032457 
0.000000 36.580490 0.076729 -0.031912 -0.088215 
0.000000 36.580490 -0.011660 0.017374 0.045702 
0.000000 36.580490 0.053717 -0.066813 0.080088 
0.000000 36.580490 -0.057416 -0.019685 0.005987 
0.000000 36.580490 0.015683 0.022663 -0.136723 
0.000000 36.580490 0.110876 -0.062168 0.036549 
0.000000 36.580490 0.019782 -0.017575 0.074897 
0.000000 36.580490 0.031661 -0.014558 -0.013422 
0.000000 36.580490 -0.045472 -0.055263 0.072444 
0.000000 36.580490 -0.003255 -0.049482 0.065855 
0.000000 36.580490 -0.004506 -0.021188 -0.006606 
0.000000 36.580490 -0.010302 0.076673 -0.098055 
0.000000 36.580490 0.006143 0.065480 -0.058531 
0.000000 36.580490 -0.044473 -0.034380 0.052612 
0.000000 36.580490 -0.038832 -0.015101 -0.029923 
0.000000 36.580490 0.007327 -0.037278 -0.007251 
0.000000 36.580490 -0.034485 -0.021744 0.009045 
0.000000 36.580490 0.046851 0.022282 -0.003079 
0.000000 36.580490 -0.065808 -0.027238 -0.020900 
0.000000 36.580490 -0.016160 0.022936 -0.026790 
0.000000 36.580490 -0.003053 -0.024543 0.085117 
0.000000 36.580490 -0.031916 -0.029224 -0.016383 
0.000000 36.580490 -0.012467 0.019559 0.002350 
0.000000 36.580490 0.006672 -0.020398 -0.038669 
0.000000 36.580490 -0.004326 0.052110 -0.071569 
0.000000 36.580490 -0.052249 -0.082900 0.072097 
0.000000 36.580490 -0.016035 -0.014599 0.017708 
0.000000 36.580490 0.067475 -0.027711 0.087463 
0.000000 36.580490 0.054080 -0.003215 -0.010710 
0.000000 36.580490 0.020018 0.010478 0.045194 
0.000000 36.580490 0.010559 0.016920 0.101511 
0.000000 36.580490 -0.013466 0.016933 -0.113677 
0.000000 36.580490 0.015521 0.020933 -0.050578 
0.000000 36.580490 -0.110207 0.001368 -0.013725 
0.000000 36.580490 0.086576 -0.018910 0.001248 
0.000000 36.580490 -0.023790 -0.023508 -0.019995 
0.000000 36.580490 -0.036000 -0.040090 0.017330 
0.000000 36.580490 -0.020969 -0.003915 0.020437 
0.000000 36.580490 -0.017643 0.009574 -0.043557 
0.000000 36.580490 -0.032410 -0.065883 0.015767 
0.000000 36.580490 -0.013542 -0.020731 -0.089892 
0.000000 36.580490 -0.053997 -0.026705 0.031710 
0.000000 36.580490 0.040438 -0.003847 -0.023837 
0.000000 36.580490 0.015985 0.041634 -0.109312 
0.000000 41.893028 -0.022287 -0.003831 -0.016440 
0.000000 41.893028 -0.008159 0.080902 -0.082346 
0.000000 41.893028 -0.067919 -0.010828 -0.011032 
0.000000 41.893028 -0.036099 -0.026614 0.015205 
0.000000 41.893028 -0.009853 -0.061546 -0.012621 
0.000000 41.893028 0.011146 0.004871 0.039114 
0.000000 41.893028 -0.014237 0.039048 -0.039618 
0.000000 41.893028 0.029485 -0.017117 0.011203 
0.000000 41.893028 0.123697 -0.076326 0.071799 
0.000000 41.893028 -0.062584 -0.012072 -0.026022 
0.000000 41.893028 -0.030699 0.023920 0.022296 
0.000000 41.893028 0.011704 0.041094 0.044214 
0.000000 41.893028 -0.037246 0.036542 0.029350 
0.000000 41.893028 0.033058 -0.001064 0.035441 
0.000000 41.893028 0.020039 -0.019633 -0.042984 
0.000000 41.893028 0.003549 0.004154 0.018184 
0.000000 41.893028 -0.007744 -0.014006 0.011461 
0.000000 41.893028 -0.038316 0.011462 0.016505 
0.000000 41.893028 0.020181 0.045329 -0.043412 
0.000000 41.893028 0.010429 -0.028303 0.044179 
0.000000 41.893028 0.019676 0.008929 0.003490 
0.000000 41.893028 0.014692 -0.074739 0.042658 
0.000000 41.893028 0.028102 0.024810 0.003510 
0.000000 41.893028 0.028197 -0.018319 -0.051545 
0.000000 41.893028 0.026600 0.010159 0.034692 
0.000000 41.893028 -0.012368 0.009429 -0.032278 
0.000000 41.893028 0.045738 -0.025629 0.001752 
0.000000 41.893028 -0.103923 -0.046370 0.021993 
0.000000 41.893028 0.008012 0.020349 -0.013870 
0.000000 41.893028 0.016331 -0.038972 0.050968 
0.000000 41.893028 0.031696 -0.048321 0.003919 
0.000000 41.893028 -0.040596 0.037183 -0.087370 
0.000000 41.893028 -0.050479 -0.058234 -0.043953 
0.000000 41.893028 -0.037116 0.017997 -0.058113 
0.000000 41.893028 0.004231 0.031137 -0.016695 
0.000000 41.893028 -0.015389 0.042150 0.032066 
0.000000 41.893028 -0.010501 0.031855 -0.016069 
0.000000 41.893028 -0.009451 0.007374 0.004756 
0.000000 41.893028 -0.033627 0.020629 0.017899 
0.000000 41.893028 -0.003384 0.008312 -0.077374 
0.000000 41.893028 0.014025 0.021702 -0.034307 
0.000000 41.893028 -0.031139 -0.011198 0.036676 
0.000000 41.893028 -0.046450 -0.058703 -0.052088 
0.000000 41.893028 0.015179 -0.001135 -0.050083 
0.000000 41.893028 0.033266 -0.020373 -0.080747 
0.000000 41.893028 -0.033302 -0.037200 -0.065930 
0.000000 41.893028 0.003337 -0.026846 -0.043899 
0.000000 41.893028 -0.026497 -0.045252 -0.097901 
0.000000 41.893028 0.015338 0.002875 -0.024010 
0.000000 41.893028 -0.033519 0.020867 -0.015024 
0.000000 41.893028 0.007227 0.040099 -0.021225 
0.000000 41.893028 -0.011882 0.035338 -0.026914 
0.000000 41.893028 0.032561 -0.013615 0.063748 
0.000000 41.893028 -0.023280 0.009073 0.008839 
0.000000 41.893028 0.012469 0.004268 -0.023987 
0.000000 41.893028 -0.008223 -0.011214 0.024751 
0.000000 41.893028 0.016511 -0.024935 0.001959 
0.000000 41.893028 -0.026374 0.038755 -0.086204 
0.000000 41.893028 -0.036131 0.030378 0.008364 
0.000000 41.893028 0.029563 0.024535 0.033308 
0.000000 41.893028 0.033704 0.035775 -0.034360 
0.000000 41.893028 -0.023008 0.000901 -0.029897 
0.000000 41.893028 -0.001201 -0.037655 0.008196 
0.000000 41.893028 0.019147 -0.027675 0.087209 
0.000000 41.893028 -0.013342 -0.013673 -0.002706 
0.000000 41.893028 -0.000942 0.047585 -0.015605 
0.000000 41.893028 -0.043198 -0.007499 -0.005616 
0.000000 41.893028 0.016080 -0.000771 0.027343 
0.000000 41.893028 0.001668 0.024847 -0.077246 
0.000000 41.893028 -0.007074 -0.026963 -0.034888 
0.000000 41.893028 -0.037403 0.018549 -0.001623 
0.000000 41.893028 -0.018368 0.003402 -0.016198 
0.000000 41.893028 -0.021960 0.007543 -0.019321 
0.000000 41.893028 0.027891 0.047010 -0.008862 
0.000000 41.893028 -0.026806 -0.005927 -0.023540 
0.000000 41.893028 -0.082293 0.007421 0.000219 
0.000000 41.893028 0.000617 0.017720 -0.050473 
0.000000 41.893028 -0.075340 -0.019407 -0.001957 
0.000000 41.893028 -0.011953 0.040436 0.004432 
0.000000 41.893028 0.018080 0.060615 -0.046628 
0.000000 41.893028 0.004855 0.033627 -0.059334 
0.000000 41.893028 -0.090321 -0.025261 -0.014194 
0.000000 41.893028 0.041278 0.001932 -0.014037 
0.000000 41.893028 -0.008066 -0.032148 -0.001326 
0.000000 41.893028 0.001811 -0.035096 0.145080 
0.000000 41.893028 0.022629 0.075920 0.019006 
0.000000 41.893028 0.063089 -0.025218 -0.049086 
0.000000 41.893028 0.095432 -0.011023 0.031377 
0.000000 41.893028 -0.042717 -0.012592 -0.039069 
0.000000 41.893028 0.034986 -0.065667 0.004556 
0.000000 41.893028 0.005691 0.084911 -0.132163 
0.000000 41.893028 0.017306 0.023037 -0.016145 
0.000000 41.893028 0.008649 0.072884 -0.050113 
0.000000 41.893028 -0.047505 0.021928 -0.028192 
0.000000 41.893028 0.014211 0.026649 0.035433 
0.000000 41.893028 0.107341 -0.043442 0.037502 
0.000000 41.893028 -0.060677 0.013969 -0.032220 
0.000000 41.893028 0.003141 0.005282 -0.055404 
0.000000 41.893028 -0.022864 0.057916 0.041186 
0.000000 41.893028 -0.046496 -0.052530 -0.014203 
0.000000 47.230553 -0.018222 -0.022322 -0.024757 
0.000000 47.230553 -0.009788 0.026941 0.001397 
0.000000 47.230553 0.014518 0.010383 -0.037411 
0.000000 47.230553 -0.051214 0.009195 -0.002181 
0.000000 47.230553 -0.006055 0.043307 0.058713 
0.000000 47.230553 0.025931 -0.018011 -0.003620 
0.000000 47.230553 0.089536 -0.024757 0.052030 
0.000000 47.230553 0.071826 -0.005097 -0.023128 
0.000000 47.230553 -0.014060 -0.010649 0.022006 
0.000000 47.230553 -0.016174 -0.041577 -0.033015 
0.000000 47.230553 0.012022 -0.028881 0.029520 
0.000000 47.230553 -0.003522 0.058672 -0.097095 
0.000000 47.230553 -0.050407 -0.022773 0.009321 
0.000000 47.230553 0.018622 0.014052 0.020863 
0.000000 47.230553 -0.000802 0.011743 -0.004397 
0.000000 47.230553 -0.057832 0.081860 -0.022942 
0.000000 47.230553 0.018001 0.033947 -0.026851 
0.000000 47.230553 0.033909 -0.045379 0.058020 
0.000000 47.230553 0.015353 0.006870 -0.030457 
0.000000 47.230553 0.014997 -0.011833 0.051563 
0.000000 47.230553 0.088163 -0.036362 0.036239 
0.000000 47.230553 0.026135 -0.047549 0.066572 
0.000000 47.230553 0.029073 0.013933 -0.004720 
0.000000 47.230553 0.029011 -0.028066 -0.039005 
0.000000 47.230553 0.011789 0.052306 -0.027118 
0.000000 47.230553 0.000262 0.056071 -0.111245 
0.000000 47.230553 0.028072 0.029885 -0.026462 
0.000000 47.230553 -0.025987 -0.016234 0.009154 
0.000000 47.230553 0.056577 -0.051810 0.145757 
0.000000 47.230553 -0.008734 -0.047123 -0.033299 
0.000000 47.230553 0.061780 -0.033005 0.021970 
0.000000 47.230553 0.030514 0.012585 0.041786 
0.000000 47.230553 0.005407 0.014891 -0.009226 
0.000000 47.230553 0.039947 -0.007141 -0.012999 
0.000000 47.230553 -0.002813 -0.005533 -0.009818 
0.000000 47.230553 -0.020912 0.017988 0.052175 
0.000000 47.230553 -0.019558 -0.036602 0.056929 
0.000000 47.230553 0.008966 -0.001678 0.035995 
0.000000 47.230553 0.005726 0.005728 -0.018594 
0.000000 47.230553 -0.032435 -0.027395 0.056114 
0.000000 47.230553 -0.002441 0.017014 0.048055 
0.000000 47.230553 0.017214 0.035888 -0.030778 
0.000000 47.230553 -0.013731 -0.074111 0.002476 
0.000000 47.230553 0.138255 -0.016240 0.018330 
0.000000 47.230553 0.052811 -0.012589 0.044162 
0.000000 47.230553 -0.005300 -0.016982 0.028276 
0.000000 47.230553 0.006691 0.015079 -0.072703 
0.000000 47.230553 0.116437 -0.054321 -0.049333 
0.000000 47.230553 0.034449 -0.010341 0.067677 
0.000000 47.230553 -0.029338 0.048470 -0.125912 
0.000000 47.230553 -0.029556 0.059193 -0.015829 
0.000000 47.230553 -0.054775 -0.003647 0.004507 
0.000000 47.230553 0.005549 0.017307 -0.023728 
0.000000 47.230553 -0.005875 -0.017969 -0.034013 
0.000000 47.230553 -0.016864 -0.028579 -0.032493 
0.000000 47.230553 -0.003144 0.050823 -0.063590 
0.000000 47.230553 0.043335 -0.016995 -0.072567 
0.000000 47.230553 -0.048462 -0.004405 0.005340 
0.000000 47.230553 0.017239 0.020917 0.034822 
0.000000 47.230553 0.057511 -0.007682 0.039642 
0.000000 47.230553 0.042439 0.024767 -0.084498 
0.000000 47.230553 -0.003151 -0.072103 0.108532 
0.000000 47.230553 0.033037 0.011450 -0.070269 
0.000000 47.230553 0.028648 0.016370 0.027759 
0.000000 47.230553 0.010868 0.013254 -0.042922 
0.000000 47.230553 0.035375 0.004269 0.019667 
0.000000 47.230553 0.061458 -0.052989 0.005757 
0.000000 47.230553 -0.013886 0.048048 -0.038203 
0.000000 47.230553 -0.008023 -0.053280 -0.000396 
0.000000 47.230553 -0.041249 -0.003884 -0.059890 
0.000000 47.230553 0.054868 -0.008335 0.086223 
0.000000 47.230553 -0.006151 -0.018540 0.036581 
0.000000 47.230553 -0.010610 0.009151 -0.058232 
0.000000 47.230553 0.006678 0.046065 0.028020 
0.000000 47.230553 -0.069669 0.000098 0.051982 
0.000000 47.230553 -0.001319 0.016603 -0.027007 
0.000000 47.230553 -0.001687 0.058639 0.036616 
0.000000 47.230553 0.033829 -0.053299 -0.024178 
0.000000 47.230553 -0.035534 -0.058276 0.119347 
0.000000 47.230553 -0.000394 0.004373 -0.028857 
0.000000 47.230553 -0.026583 -0.008371 0.016022 
0.000000 47.230553 0.017374 0.027487 -0.007815 
0.000000 47.230553 -0.044159 0.043211 -0.073628 
0.000000 47.230553 -0.025306 0.042327 0.025465 
0.000000 47.230553 0.077804 -0.035909 -0.019197 
0.000000 47.230553 0.017657 0.000815 -0.038787 
0.000000 47.230553 -0.017292 -0.035364 0.050297 
0.000000 47.230553 -0.005183 -0.033800 0.044948 
0.000000 47.230553 -0.006469 0.000937 0.019088 
0.000000 47.230553 0.043057 -0.047678 0.069339 
0.000000 47.230553 -0.025163 0.009672 -0.068732 
0.000000 47.230553 -0.109083 -0.068690 0.126546 
0.000000 47.230553 -0.044123 -0.007489 0.049743 
0.000000 47.230553 0.011932 -0.007884 0.006300 
0.000000 47.230553 0.000520 0.060032 0.067025 
0.000000 47.230553 -0.054939 -0.051471 -0.099508 
0.000000 47.230553 0.021319 0.051007 -0.032928 
0.000000 47.230553 0.007591 -0.007965 0.004625 
0.000000 47.230553 -0.011251 -0.026855 -0.034236 
0.000000 47.230553 -0.001856 0.009185 0.018405 
0.000000 52.525490 0.033492 -0.051051 -0.004273 
0.000000 52.525490 0.057797 0.014131 -0.036095 
0.000000 52.525490 0.016958 -0.026009 -0.016935 
0.000000 52.525490 -0.022525 -0.008732 -0.086279 
0.000000 52.525490 -0.052761 -0.052258 0.042729 
0.000000 52.525490 0.027463 0.035058 0.032475 
0.000000 52.525490 -0.061688 -0.026477 0.024337 
0.000000 52.525490 0.054953 -0.041413 -0.032145 
0.000000 52.525490 -0.035313 -0.025318 0.003948 
0.000000 52.525490 -0.056136 0.032867 -0.047877 
0.000000 52.525490 0.008800 0.015788 -0.028674 
0.000000 52.525490 -0.014856 0.007979 0.032872 
0.000000 52.525490 0.013079 -0.003291 -0.039530 
0.000000 52.525490 0.015869 -0.012552 0.013570 
0.000000 52.525490 0.028601 0.023585 -0.038101 
0.000000 52.525490 -0.066972 -0.045111 -0.004752 
0.000000 52.525490 0.053302 -0.078981 0.006440 
0.000000 52.525490 0.044296 -0.050981 0.109889 
0.000000 52.525490 -0.004110 0.008916 -0.023987 
0.000000 52.525490 -0.022287 -0.031661 0.003835 
0.000000 52.525490 0.005170 -0.006110 -0.005877 
0.000000 52.525490 -0.018059 -0.016988 0.006986 
0.000000 52.525490 0.021606 -0.025113 0.086634 
0.000000 52.525490 0.034552 0.018939 -0.001210 
0.000000 52.525490 -0.014245 -0.038481 -0.053471 
0.000000 52.525490 -0.012343 0.050300 0.011736 
0.000000 52.525490 -0.006422 -0.000379 -0.123474 
0.000000 52.525490 0.031106 -0.034407 0.058199 
0.000000 52.525490 -0.008133 -0.014977 0.092824 
0.000000 52.525490 0.012985 -0.008098 -0.045203 
0.000000 52.525490 -0.010966 0.038583 -0.064942 
0.000000 52.525490 0.034195 -0.026404 -0.092779 
0.000000 52.525490 -0.028329 0.006269 0.053760 
0.000000 52.525490 0.006083 0.011464 0.050636 
0.000000 52.525490 0.011738 -0.003218 0.049156 
0.000000 52.525490 0.003090 -0.012795 -0.016559 
0.000000 52.525490 0.007485 0.001533 0.008625 
0.000000 52.525490 0.061526 -0.057368 0.030694 
0.000000 52.525490 -0.019336 0.060276 0.046417 
0.000000 52.525490 -0.083375 -0.061728 -0.069495 
0.000000 52.525490 -0.010540 -0.077945 -0.012651 
0.000000 52.525490 -0.005656 0.016257 0.039645 
0.000000 52.525490 -0.002223 0.008072 0.019589 
0.000000 52.525490 -0.047713 -0.004394 -0.049872 
0.000000 52.525490 -0.022806 0.030404 -0.105322 
0.000000 52.525490 0.012232 -0.025366 0.001940 
0.000000 52.525490 0.087423 -0.057412 -0.000690 
0.000000 52.525490 -0.001468 -0.003943 0.060704 
0.000000 52.525490 0.091273 -0.026075 -0.052290 
0.000000 52.525490 -0.043574 0.024901 -0.000693 
0.000000 52.525490 0.001845 0.018980 -0.008638 
0.000000 52.525490 0.068650 -0.046542 0.108394 
0.000000 52.525490 0.005193 0.011972 0.049590 
0.000000 52.525490 0.043311 0.019965 -0.025961 
0.000000 52.525490 0.009251 0.039805 -0.120131 
0.000000 52.525490 0.044318 -0.003472 -0.049806 
0.000000 52.525490 -0.022196 -0.021708 -0.066945 
0.000000 52.525490 -0.012773 0.009894 -0.011201 
0.000000 52.525490 0.011767 0.014169 -0.002011 
0.000000 52.525490 0.054418 -0.014694 -0.051607 
0.000000 52.525490 -0.080444 -0.001083 -0.004142 
0.000000 52.525490 0.025343 0.031139 -0.010531 
0.000000 52.525490 -0.019432 0.033639 -0.025628 
0.000000 52.525490 0.030167 -0.032988 -0.052296 
0.000000 52.525490 0.044615 -0.011744 0.007083 
0.000000 52.525490 -0.005163 -0.042942 0.013937 
0.000000 52.525490 0.040988 -0.027577 0.093351 
0.000000 52.525490 0.058197 0.008577 -0.095171 
0.000000 52.525490 0.003547 0.007567 -0.001444 
0.000000 52.525490 -0.048104 -0.044826 -0.001309 
0.000000 52.525490 0.000885 0.003150 0.054109 
0.000000 52.525490 0.015762 0.042573 0.017516 
0.000000 52.525490 -0.003333 0.025302 0.029592 
0.000000 52.525490 0.002328 -0.021371 0.035348 
0.000000 52.525490 -0.036553 0.008791 0.020624 
0.000000 52.525490 0.042851 -0.019623 0.042331 
0.000000 52.525490 -0.048424 -0.023457 -0.012034 
0.000000 52.525490 0.014496 -0.033699 -0.036049 
0.000000 52.525490 0.079089 -0.040942 0.089998 
0.000000 52.525490 0.022320 0.027300 -0.057891 
0.000000 52.525490 -0.000867 0.057350 -0.069185 
0.000000 52.525490 0.001053 -0.031882 0.005294 
0.000000 52.525490 0.012191 -0.033789 0.009769 
0.000000 52.525490 0.067794 0.001513 -0.123492 
0.000000 52.525490 -0.001783 -0.069925 -0.002607 
0.000000 52.525490 -0.000703 0.047834 -0.061904 
0.000000 52.525490 -0.085927 -0.053043 -0.035471 
0.000000 52.525490 0.050538 -0.023286 0.055010 
0.000000 52.525490 0.036154 0.029237 -0.016575 
0.000000 52.525490 -0.002282 0.040495 -0.044582 
0.000000 52.525490 0.030472 -0.008651 -0.045148 
0.000000 52.525490 -0.016592 -0.038548 -0.124782 
0.000000 52.525490 -0.027731 -0.050857 0.090167 
0.000000 52.525490 0.065886 -0.017614 0.044674 
0.000000 52.525490 0.021327 0.023798 0.005612 
0.000000 52.525490 -0.013380 0.030352 -0.031089 
0.000000 52.525490 0.001447 0.011534 0.002649 
0.000000 52.525490 0.030762 0.014196 0.059732 
0.000000 52.525490 0.007018 -0.007972 -0.151260 
0.000000 52.525490 0.027522 0.009820 0.047218 
