Dynare version: 0.9.12
2025-04-25T10:11:31.691: Starting @dynare CK.mod
["CK.mod", "language=julia", "json=compute"]
Dynare preprocessor version: 6.4.0+0
2025-04-25T10:11:31.753: End of preprocessing
2025-04-25T10:11:31.812: Start parse_statements!
f_tol is deprecated. Use f_abstol or f_reltol instead. The provided value (1.0e-5) will be used as f_reltol.
 * Status: success

 * Candidate solution
    Final objective value:     -1.228362e+03

 * Found with
    Algorithm:     BFGS

 * Convergence measures
    |x - x'|               = 4.69e-04 ≰ 0.0e+00
    |x - x'|/|x'|          = 1.97e-04 ≰ 0.0e+00
    |f(x) - f(x')|         = 2.34e-05 ≰ 0.0e+00
    |f(x) - f(x')|/|f(x')| = 1.91e-08 ≤ 1.0e-05
    |g(x)|                 = 2.53e-02 ≰ 1.0e-08

 * Work counters
    Seconds run:   0  (vs limit Inf)
    Iterations:    11
    f(x) calls:    30
    ∇f(x) calls:   30

  Posterior mode

───────────┬──────────────────────────────────────────────────────────
 Parameter │ Estimated value  Standard error  80% confidence interval
──────────────────────────────────────────────────────────────────────
     betta │          0.9909          0.0012         0.9894 .. 0.9924
       gam │          1.9894          0.0607         1.9117 .. 2.0671
      rho1 │          0.9055          0.0068         0.8968 .. 0.9141
    sigma1 │          0.0206          0.0013         0.0189 .. 0.0223
      rho2 │          0.6147          0.0603         0.5376 .. 0.6919
    sigma2 │          0.0085          0.0006         0.0077 .. 0.0092
       nss │          0.3322          0.0009          0.331 .. 0.3334
───────────┴──────────────────────────────────────────────────────────

Chains MCMC chain (20000×8×1 Array{Float64, 3}):

Iterations        = 1:1:20000
Number of chains  = 1
Samples per chain = 20000
parameters        = betta, gam, rho1, sigma1, rho2, sigma2, nss
internals         = lp

Summary Statistics
  parameters      mean       std      mcse   ess_bulk   ess_tail      rhat   ess_per_sec
      Symbol   Float64   Float64   Float64    Float64    Float64   Float64       Missing

       betta    0.9910    0.0001    0.0000    45.5352    70.4811    1.4409       missing
         gam    2.0007    0.0635    0.0047   182.5413   656.6867    1.0422       missing
        rho1    0.9061    0.0050    0.0006    66.6743   104.1737    1.2459       missing
      sigma1    0.0210    0.0009    0.0001    42.3880    68.0647    1.7644       missing
        rho2    0.6298    0.0495    0.0031   255.6276   415.1646    1.0004       missing
      sigma2    0.0087    0.0001    0.0000    44.3987    63.3774    1.0700       missing
         nss    0.3323    0.0005    0.0001    46.3929    56.8644    1.3633       missing

Quantiles
  parameters      2.5%     25.0%     50.0%     75.0%     97.5%
      Symbol   Float64   Float64   Float64   Float64   Float64

       betta    0.9908    0.9910    0.9910    0.9911    0.9912
         gam    1.8795    1.9577    1.9996    2.0424    2.1291
        rho1    0.8944    0.9031    0.9063    0.9096    0.9148
      sigma1    0.0194    0.0204    0.0209    0.0217    0.0228
        rho2    0.5280    0.5970    0.6326    0.6652    0.7181
      sigma2    0.0084    0.0086    0.0087    0.0087    0.0089
         nss    0.3312    0.3320    0.3323    0.3327    0.3335

2025-04-25T10:12:11.057: End parse_statements!
2025-04-25T10:12:11.057: End parser
