Starting Dynare (version 5.3).
Calling Dynare with arguments: none
Starting preprocessing of the model file ...
Found 11 equation(s).
Evaluating expressions...done
Computing static model derivatives (order 1).
Computing dynamic model derivatives (order 1).
Processing outputs ...
done
Preprocessing completed.


You did not declare endogenous variables after the estimation/calib_smoother command.
warning: Some of the parameters have no value (psi, c1, iss, yss, kss, css) when using initial_estimation_checks. If these parameters are not initialized in a steadystate file or a steady_state_model-block, Dynare may not be able to solve the model. Note that simul, perfect_foresight_setup, and perfect_foresight_solver do not automatically call the steady state file.
Initial value of the log posterior (or likelihood): 203.8383
-----------------
f at the beginning of new iteration,      -203.8382616237
Predicted improvement:   148432.266406751
lambda =          1; f =         -175.1736693
lambda =    0.33333; f =         -200.8542209
lambda =    0.11111; f =         -203.5680262
lambda =   0.037037; f =         -203.8234720
lambda =   0.012346; f =         -203.8381089
lambda =  0.0041152; f =         -615.7398457
Norm of dx     5.4485
----
Improvement on iteration 1 =      411.901584094
-----------------
f at the beginning of new iteration,      -615.7398457174
Predicted improvement:    35610.176784409
lambda =          1; f =         -614.0013496
lambda =    0.33333; f =         -615.5679667
lambda =    0.11111; f =         -615.7270155
lambda =   0.037037; f =         -615.7396810
lambda =   0.012346; f =         -915.2186460
Norm of dx     2.9702
----
Improvement on iteration 2 =      299.478800286
-----------------
f at the beginning of new iteration,      -915.2186460029
Predicted improvement:      176.039301320
lambda =          1; f =         -915.2142155
lambda =    0.33333; f =         -915.2185903
lambda =    0.11111; f =         -933.3704317
Norm of dx    0.18774
----
Improvement on iteration 3 =       18.151785654
-----------------
f at the beginning of new iteration,      -933.3704316570
Predicted improvement:       13.197814256
lambda =          1; f =         -951.1836868
Norm of dx   0.045476
----
Improvement on iteration 4 =       17.813255190
-----------------
f at the beginning of new iteration,      -951.1836868467
Predicted improvement:       93.467685097
lambda =          1; f =         -929.7997261
lambda =    0.33333; f =         -991.0646176
Norm of dx    0.36047
----
Improvement on iteration 5 =       39.880930792
-----------------
f at the beginning of new iteration,      -991.0646176385
Predicted improvement:       61.121919488
lambda =          1; f =        -1093.5022376
lambda =     1.9332; f =         -991.0642532
lambda =     1.3017; f =         -991.0587054
lambda =     1.0267; f =        -1091.6795332
lambda =     1.1838; f =         -991.0630049
lambda =     1.0869; f =         -991.0645186
lambda =     1.0326; f =        -1091.0815084
lambda =     1.0648; f =         -991.0646082
lambda =     1.0454; f =        -1089.3869559
lambda =      1.057; f =         -991.0646172
Norm of dx    0.32228
Cliff.  Perturbing search direction.
Predicted improvement:       72.521121781
lambda =          1; f =         -991.0636347
lambda =    0.33333; f =        -1038.5254392
lambda =    0.64439; f =        -1078.0316931
lambda =     1.2457; f =         -991.0502564
lambda =     0.8388; f =        -1084.5107064
lambda =     1.0635; f =         -991.0616798
lambda =    0.92232; f =         -991.0646062
lambda =     0.8468; f =        -1083.7609726
lambda =    0.89134; f =        -1076.4734585
Norm of dx     0.3712
badg2 = 0
----
Improvement on iteration 6 =      102.437619991
back and forth on step length never finished
-----------------
f at the beginning of new iteration,     -1093.5022376296
Predicted improvement:       61.121919488
lambda =          1; f =        -1093.5017536
lambda =    0.33333; f =        -1093.4947121
lambda =    0.11111; f =        -1093.5019313
lambda =   0.037037; f =        -1090.5629239
lambda =   0.012346; f =        -1092.8216358
lambda =  0.0041152; f =        -1093.3029342
lambda =  0.0013717; f =        -1093.4387259
lambda = 0.00045725; f =        -1093.4813870
lambda = 0.00015242; f =        -1093.4953228
lambda = 5.0805e-05; f =        -1093.4999366
lambda = 1.6935e-05; f =        -1093.5014711
lambda =  5.645e-06; f =        -1093.5019822
lambda = 1.8817e-06; f =        -1093.5021525
lambda = 6.2723e-07; f =        -1093.5022092
lambda = 2.0908e-07; f =        -1093.5022282
lambda = 6.9692e-08; f =        -1093.5022345
lambda = 2.3231e-08; f =        -1093.5022366
lambda = 7.7435e-09; f =        -1093.5022373
lambda = 2.5812e-09; f =        -1093.5022375
lambda = -6.2723e-07
lambda = -6.2723e-07; f =        -1093.5022660
Norm of dx    0.32228
----
Improvement on iteration 7 =        0.000028383
-----------------
f at the beginning of new iteration,     -1093.5022660126
Predicted improvement:      182.713744552
lambda =          1; f =        -1093.5022625
lambda =    0.33333; f =        -1042.5460747
lambda =    0.11111; f =        -1116.1974960
Norm of dx    0.28333
----
Improvement on iteration 8 =       22.695229966
-----------------
f at the beginning of new iteration,     -1116.1974959784
Predicted improvement:       67.664134555
lambda =          1; f =        -1116.1967281
lambda =    0.33333; f =        -1116.1974311
lambda =    0.11111; f =        -1123.5490964
Norm of dx    0.18995
----
Improvement on iteration 9 =        7.351600466
-----------------
f at the beginning of new iteration,     -1123.5490964439
Predicted improvement:       45.705774647
lambda =          1; f =         4101.4461365
lambda =    0.33333; f =        -1141.3063964
Norm of dx   0.059137
----
Improvement on iteration 10 =       17.757299931
-----------------
f at the beginning of new iteration,     -1141.3063963747
Predicted improvement:       64.149627661
lambda =          1; f =         6595.2640005
lambda =    0.33333; f =        -1159.0065502
Norm of dx    0.11672
----
Improvement on iteration 11 =       17.700153855
-----------------
f at the beginning of new iteration,     -1159.0065502300
Predicted improvement:       47.014749722
lambda =          1; f =        -1167.2337653
lambda =    0.33333; f =        -1177.0582635
Norm of dx   0.081264
----
Improvement on iteration 12 =       18.051713305
-----------------
f at the beginning of new iteration,     -1177.0582635354
Predicted improvement:       14.043363378
lambda =          1; f =        -1194.1904688
Norm of dx   0.051655
----
Improvement on iteration 13 =       17.132205289
-----------------
f at the beginning of new iteration,     -1194.1904688248
Predicted improvement:        5.183929836
lambda =          1; f =        -1201.0458222
Norm of dx   0.010104
----
Improvement on iteration 14 =        6.855353392
-----------------
f at the beginning of new iteration,     -1201.0458222168
Predicted improvement:        5.965008456
lambda =          1; f =        -1205.1331678
Norm of dx   0.014974
----
Improvement on iteration 15 =        4.087345576
-----------------
f at the beginning of new iteration,     -1205.1331677926
Predicted improvement:        7.645524453
lambda =          1; f =        -1211.0663168
Norm of dx   0.035772
----
Improvement on iteration 16 =        5.933148997
-----------------
f at the beginning of new iteration,     -1211.0663167892
Predicted improvement:        4.162338875
lambda =          1; f =        -1216.9582668
lambda =     1.9332; f =        -1216.0060159
Norm of dx   0.014677
----
Improvement on iteration 17 =        5.891950060
-----------------
f at the beginning of new iteration,     -1216.9582668495
Predicted improvement:        4.095508572
lambda =          1; f =        -1219.1824292
lambda =    0.33333; f =        -1219.1687435
lambda =    0.64439; f =        -1220.0724966
Norm of dx   0.031506
----
Improvement on iteration 18 =        3.114229761
-----------------
f at the beginning of new iteration,     -1220.0724966100
Predicted improvement:        0.875527311
lambda =          1; f =        -1221.5758380
lambda =     1.9332; f =        -1222.5207571
lambda =     3.7372; f =        -1223.0328073
Norm of dx   0.014517
----
Improvement on iteration 19 =        2.960310736
-----------------
f at the beginning of new iteration,     -1223.0328073465
Predicted improvement:        3.993664235
lambda =          1; f =        -1228.5098655
Norm of dx   0.062949
----
Improvement on iteration 20 =        5.477058148
-----------------
f at the beginning of new iteration,     -1228.5098654941
Predicted improvement:        1.565444505
lambda =          1; f =        -1230.1427375
Norm of dx   0.039248
----
Improvement on iteration 21 =        1.632872009
-----------------
f at the beginning of new iteration,     -1230.1427375035
Predicted improvement:        0.644063637
lambda =          1; f =        -1230.4137509
lambda =    0.33333; f =        -1230.4485064
lambda =    0.64439; f =        -1230.5298356
Norm of dx  0.0040665
----
Improvement on iteration 22 =        0.387098133
-----------------
f at the beginning of new iteration,     -1230.5298356369
Predicted improvement:        0.110394920
lambda =          1; f =        -1230.6601530
Norm of dx   0.012532
----
Improvement on iteration 23 =        0.130317395
-----------------
f at the beginning of new iteration,     -1230.6601530320
Predicted improvement:        0.068581854
lambda =          1; f =        -1230.7500758
Norm of dx  0.0038242
----
Improvement on iteration 24 =        0.089922793
-----------------
f at the beginning of new iteration,     -1230.7500758253
Predicted improvement:        0.032179619
lambda =          1; f =        -1230.7917442
Norm of dx  0.0013225
----
Improvement on iteration 25 =        0.041668406
-----------------
f at the beginning of new iteration,     -1230.7917442309
Predicted improvement:        0.009591795
lambda =          1; f =        -1230.8047971
Norm of dx  0.0012446
----
Improvement on iteration 26 =        0.013052899
-----------------
f at the beginning of new iteration,     -1230.8047971294
Predicted improvement:        0.006437955
lambda =          1; f =        -1230.8146835
lambda =     1.9332; f =        -1230.8186202
Norm of dx  0.0017136
----
Improvement on iteration 27 =        0.013823097
-----------------
f at the beginning of new iteration,     -1230.8186202259
Predicted improvement:        0.006506974
lambda =          1; f =        -1230.8304850
lambda =     1.9332; f =        -1230.8395605
lambda =     3.7372; f =        -1230.8514574
Norm of dx  0.0019066
----
Improvement on iteration 28 =        0.032837126
-----------------
f at the beginning of new iteration,     -1230.8514573517
Predicted improvement:        0.021972808
lambda =          1; f =        -1230.8867383
lambda =     1.9332; f =        -1230.9042658
Norm of dx  0.0083981
----
Improvement on iteration 29 =        0.052808425
-----------------
f at the beginning of new iteration,     -1230.9042657762
Predicted improvement:        0.030283556
lambda =          1; f =        -1230.9578894
lambda =     1.9332; f =        -1230.9958712
lambda =     3.7372; f =        -1231.0384194
Norm of dx   0.013688
----
Improvement on iteration 30 =        0.134153627
-----------------
f at the beginning of new iteration,     -1231.0384194033
Predicted improvement:        0.078548693
lambda =          1; f =        -1231.1791608
lambda =     1.9332; f =        -1231.2818129
lambda =     3.7372; f =        -1231.4048662
Norm of dx   0.035426
----
Improvement on iteration 31 =        0.366446750
-----------------
f at the beginning of new iteration,     -1231.4048661531
Correct for low angle: 0.00393103
Predicted improvement:        0.198977278
lambda =          1; f =        -1231.7396089
lambda =     1.9332; f =        -1231.9282060
Norm of dx   0.079866
----
Improvement on iteration 32 =        0.523339814
-----------------
f at the beginning of new iteration,     -1231.9282059676
Predicted improvement:        0.266923575
lambda =          1; f =        -1232.2395663
Norm of dx    0.10024
----
Improvement on iteration 33 =        0.311360317
-----------------
f at the beginning of new iteration,     -1232.2395662850
Predicted improvement:        0.079599229
lambda =          1; f =        -1232.3155520
Norm of dx   0.034451
----
Improvement on iteration 34 =        0.075985744
-----------------
f at the beginning of new iteration,     -1232.3155520291
Predicted improvement:        0.004227746
lambda =          1; f =        -1232.3205172
Norm of dx  0.0011477
----
Improvement on iteration 35 =        0.004965161
-----------------
f at the beginning of new iteration,     -1232.3205171903
Predicted improvement:        0.000825391
lambda =          1; f =        -1232.3214012
Norm of dx  0.0020816
----
Improvement on iteration 36 =        0.000883990
-----------------
f at the beginning of new iteration,     -1232.3214011804
Predicted improvement:        0.000031075
lambda =          1; f =        -1232.3214320
Norm of dx  0.0012742
----
Improvement on iteration 37 =        0.000030771
-----------------
f at the beginning of new iteration,     -1232.3214319516
Predicted improvement:        0.000001407
lambda =          1; f =        -1232.3214323
lambda =    0.33333; f =        -1232.3214323
Norm of dx 0.00012181
----
Improvement on iteration 38 =        0.000000373
-----------------
f at the beginning of new iteration,     -1232.3214323244
Predicted improvement:        0.000001003
lambda =          1; f =        -1232.3214327
lambda =    0.33333; f =        -1232.3214327
Norm of dx 8.3248e-05
----
Improvement on iteration 39 =        0.000000330
-----------------
f at the beginning of new iteration,     -1232.3214326542
Predicted improvement:        0.000000460
lambda =          1; f =        -1232.3214327
lambda =    0.33333; f =        -1232.3214328
Norm of dx 5.9379e-05
----
Improvement on iteration 40 =        0.000000109
-----------------
f at the beginning of new iteration,     -1232.3214327630
Predicted improvement:        0.000000205
lambda =          1; f =        -1232.3214327
lambda =    0.33333; f =        -1232.3214328
lambda =    0.11111; f =        -1232.3214328
lambda =   0.037037; f =        -1232.3214328
lambda =   0.012346; f =        -1232.3214328
lambda =  0.0041152; f =        -1232.3214328
lambda =  0.0013717; f =        -1232.3214328
lambda = 0.00045725; f =        -1232.3214328
lambda = 0.00015242; f =        -1232.3214328
lambda = 5.0805e-05; f =        -1232.3214328
lambda = 1.6935e-05; f =        -1232.3214328
Norm of dx 4.0052e-05
----
Improvement on iteration 41 =        0.000000017
improvement < crit termination

Final value of minus the log posterior (or likelihood):-1232.321433 

RESULTS FROM POSTERIOR ESTIMATION
parameters
       prior mean     mode    s.d.  prior pstdev

betta      0.9749   0.9900  0.0021   unif 0.0144 
gam        2.5000   1.8829  0.2127   unif 1.4434 
rho1       0.5000   0.9012  0.0093   unif 0.2887 
sigma1     0.0500   0.0189  0.0019   unif 0.0289 
rho2       0.5000   0.7755  0.0377   unif 0.2887 
sigma2     0.0500   0.0120  0.0011   unif 0.0289 
nss        0.3125   0.3345  0.0021   unif 0.0361 


Log data density [Laplace approximation] is 1201.556834.

Estimation::mcmc: One Chain mode.
Estimation::mcmc: Initialization at the posterior mode.

Estimation::mcmc: Write details about the MCMC... Ok!
Estimation::mcmc: Details about the MCMC are available in CKmcmc/metropolis/CKmcmc_mh_history_0.mat


Estimation::mcmc: Number of mh files: 1 per block.
Estimation::mcmc: Total number of generated files: 1.
Estimation::mcmc: Total number of iterations: 10000.
Estimation::mcmc: Current acceptance ratio per chain: 
                                                       Chain  1: 31.89%
Estimation::mcmc: Total number of MH draws per chain: 10000.
Estimation::mcmc: Total number of generated MH files: 1.
Estimation::mcmc: I'll use mh-files 1 to 1.
Estimation::mcmc: In MH-file number 1 I'll start at line 5001.
Estimation::mcmc: Finally I keep 5000 draws per chain.



MCMC Inefficiency factors per block
Parameter       Block 1
betta            48.136
gam              83.302
rho1             20.430
sigma1           61.312
rho2             31.222
sigma2           38.508
nss              36.995


Geweke (1992) Convergence Tests, based on means of draws 5000 to 6000 vs 7500 to 10000.
p-values are for Chi2-test for equality of means.
Parameter         Post. Mean        Post. Std   p-val No Taper   p-val 4% Taper   p-val 8% Taper  p-val 15% Taper
betta                  0.990            0.002            0.001            0.501            0.536            0.556
gam                    1.849            0.281            0.003            0.594            0.649            0.667
rho1                   0.905            0.011            0.149            0.751            0.769            0.773
sigma1                 0.018            0.002            0.697            0.939            0.947            0.953
rho2                   0.794            0.037            0.000            0.179            0.213            0.217
sigma2                 0.013            0.001            0.000            0.043            0.072            0.080
nss                    0.334            0.003            0.000            0.431            0.477            0.488


Estimation::marginal density: I'm computing the posterior mean and covariance...  Done!
Estimation::marginal density: I'm computing the posterior log marginal density (modified harmonic mean)... Done!


ESTIMATION RESULTS

Log data density is 1201.836790.

parameters
         prior mean   post. mean        90% HPD interval    prior       pstdev

betta         0.975       0.9900      0.9859      0.9938     unif       0.0144
gam           2.500       1.8806      1.4103      2.2771     unif       1.4434
rho1          0.500       0.9047      0.8873      0.9209     unif       0.2887
sigma1        0.050       0.0186      0.0150      0.0223     unif       0.0289
rho2          0.500       0.7929      0.7329      0.8550     unif       0.2887
sigma2        0.050       0.0128      0.0104      0.0150     unif       0.0289
nss           0.312       0.3347      0.3309      0.3389     unif       0.0361
Total computing time : 0h02m09s
Note: warning(s) encountered in MATLAB/Octave code
