3.000000 134.695213 0.000000 0.900000 0.002678 0.877951 0.013799 0.938319 
18.000000 149.738937 0.000000 0.900000 0.265419 0.878408 0.113292 0.951379 
19.000000 150.742355 0.000000 0.900000 0.069524 0.882648 0.068300 0.907451 
22.000000 153.747314 0.000000 0.900000 0.130656 0.797185 0.098642 0.839731 
26.000000 157.752182 0.000000 0.900000 0.095688 0.922358 0.073220 0.935286 
27.000000 158.756279 0.000000 0.900000 0.171434 0.882754 0.151511 0.908628 
30.000000 161.760399 0.000000 0.900000 0.224525 0.833965 0.195546 0.845828 
31.000000 162.764046 0.000000 0.900000 0.766067 0.661442 0.673804 0.692083 
2.000000 165.769485 0.000000 0.900000 0.082323 0.744334 0.036892 0.769635 
6.000000 169.775146 0.000000 0.900000 0.096958 0.847540 0.082447 0.899374 
7.000000 170.779022 0.000000 0.900000 0.058710 0.838655 0.055294 0.866801 
10.000000 173.783791 0.000000 0.900000 -0.287375 0.869173 -0.225182 0.896934 
11.000000 174.787003 0.000000 0.900000 0.253187 0.838560 0.215320 0.869664 
14.000000 177.792412 0.000000 0.900000 0.073474 0.964801 0.039354 0.971623 
15.000000 178.795853 0.000000 0.900000 0.542177 0.686959 0.478314 0.725680 
17.000000 180.800209 0.000000 0.900000 -0.050619 0.574421 -0.038580 0.599917 
21.000000 184.805130 0.000000 0.900000 -0.195714 0.741250 -0.170429 0.772191 
23.000000 186.809250 0.000000 0.900000 -0.324901 0.709502 -0.323251 0.710808 
29.000000 192.815514 0.000000 0.900000 0.061927 0.932262 0.027777 0.963040 
1.000000 196.820923 0.000000 0.900000 -0.098224 0.943213 -0.053452 0.960701 
5.000000 200.825836 0.000000 0.900000 0.190862 0.760223 0.182670 0.778454 
9.000000 204.831337 0.000000 0.900000 -0.023919 0.898721 0.001002 0.910890 
13.000000 208.835960 0.000000 0.900000 -0.099106 0.824999 -0.087105 0.860637 
25.000000 220.844223 0.000000 0.900000 -0.517125 0.728334 -0.458851 0.753655 
8.000000 235.854767 0.000000 0.900000 0.018909 0.799576 0.005433 0.895892 
16.000000 243.860909 0.000000 0.900000 0.022189 0.913961 0.016917 0.934683 
20.000000 247.865570 0.000000 0.900000 0.101028 0.795138 0.077958 0.810699 
24.000000 251.869400 0.000000 0.900000 -0.060252 0.854254 -0.053045 0.875412 
32.000000 259.874718 0.000000 0.900000 0.042021 0.938618 0.061673 0.954345 
3.000000 262.878441 0.000000 0.900000 -0.042866 0.809621 -0.027125 0.889525 
4.000000 263.881363 0.000000 0.900000 -0.794712 0.643484 -0.709588 0.680173 
12.000000 271.887505 0.000000 0.900000 -0.073850 0.826638 -0.069461 0.839366 
28.000000 287.897964 0.000000 0.900000 -0.044044 0.889641 -0.034428 0.897170 
18.000000 309.913094 0.000000 0.900000 0.114959 0.862334 0.060246 0.919794 
19.000000 310.916542 0.000000 0.900000 -0.533429 0.840654 -0.283227 0.915254 
22.000000 313.921692 0.000000 0.900000 -0.480613 0.822201 -0.455341 0.827075 
26.000000 317.926697 0.000000 0.900000 -0.002108 0.918270 -0.003490 0.931613 
27.000000 318.930649 0.000000 0.900000 -0.253692 0.673341 -0.188711 0.749313 
30.000000 321.935875 0.000000 0.900000 0.217381 0.937596 0.191893 0.948336 
31.000000 322.939659 0.000000 0.900000 0.228003 0.663880 0.203270 0.697786 
2.000000 325.944771 0.000000 0.900000 -0.055323 0.857540 -0.054686 0.878753 
6.000000 329.950226 0.000000 0.900000 -0.111617 0.827833 -0.069280 0.881544 
7.000000 330.953560 0.000000 0.900000 -0.125158 0.830006 -0.089548 0.878244 
10.000000 333.958023 0.000000 0.900000 -0.228964 0.901014 -0.142270 0.934529 
11.000000 334.962166 0.000000 0.900000 0.078540 0.877861 0.048241 0.919215 
14.000000 337.966866 0.000000 0.900000 -0.349845 0.769581 -0.306939 0.795270 
15.000000 338.970345 0.000000 0.900000 0.538433 0.746371 0.520202 0.762293 
21.000000 344.976295 0.000000 0.900000 -0.511537 0.792330 -0.349988 0.856811 
23.000000 346.980019 0.000000 0.900000 0.160997 0.952092 0.129451 0.965987 
17.000000 372.996964 0.000000 0.900000 0.304181 0.806725 0.269406 0.826298 
29.000000 385.006027 0.000000 0.900000 -0.180083 0.910533 -0.078261 0.956386 
1.000000 389.010727 0.000000 0.900000 -0.225553 0.833968 -0.183765 0.869754 
5.000000 393.016449 0.000000 0.900000 -0.010647 0.828145 -0.020160 0.856945 
9.000000 397.021942 0.000000 0.900000 -0.611773 0.734879 -0.517727 0.772703 
13.000000 401.027100 0.000000 0.900000 -0.036199 0.895693 -0.018804 0.918945 
25.000000 413.035728 0.000000 0.900000 0.181413 0.763906 0.163335 0.795415 
3.000000 423.043373 0.000000 0.900000 0.086987 0.838102 0.073827 0.867415 
19.000000 439.053650 0.000000 0.900000 -1.334077 0.562623 -1.075637 0.646737 
31.000000 451.063797 0.000000 0.900000 0.067702 0.751917 0.035063 0.840251 
7.000000 459.070251 0.000000 0.900000 0.194838 0.788838 0.147263 0.831016 
8.000000 460.073280 0.000000 0.900000 -0.128087 0.856854 -0.100602 0.889486 
15.000000 467.078506 0.000000 0.900000 0.399002 0.807441 0.249299 0.877238 
18.000000 470.082184 0.000000 0.900000 0.233848 0.911163 0.222965 0.921500 
20.000000 472.085365 0.000000 0.900000 0.077455 0.848728 0.029824 0.915713 
22.000000 474.088699 0.000000 0.900000 -0.031895 0.733529 -0.010776 0.763377 
24.000000 476.091728 0.000000 0.900000 -0.462741 0.630204 -0.374186 0.700831 
26.000000 478.094795 0.000000 0.900000 0.140883 0.914616 0.106805 0.939950 
27.000000 479.097557 0.000000 0.900000 -0.162478 0.939788 -0.105325 0.961269 
30.000000 482.100975 0.000000 0.900000 -0.184307 0.829975 -0.130874 0.868315 
32.000000 484.103989 0.000000 0.900000 -0.032421 0.930013 -0.028415 0.950587 
2.000000 486.107224 0.000000 0.900000 0.200474 0.750982 0.171817 0.774097 
4.000000 488.110428 0.000000 0.900000 -0.142265 0.876787 -0.065586 0.937986 
6.000000 490.113686 0.000000 0.900000 -0.227543 0.824431 -0.193639 0.853032 
10.000000 494.117897 0.000000 0.900000 -0.076568 0.825171 -0.071103 0.851133 
11.000000 495.120987 0.000000 0.900000 0.150599 0.754458 0.136924 0.785804 
12.000000 496.124313 0.000000 0.900000 0.558654 0.752643 0.393299 0.821137 
14.000000 498.127655 0.000000 0.900000 0.103241 0.876546 0.082617 0.906993 
16.000000 500.131157 0.000000 0.900000 -0.072013 0.900738 -0.053934 0.931947 
23.000000 507.136932 0.000000 0.900000 -0.249575 0.888409 -0.179979 0.919012 
28.000000 512.141998 0.000000 0.900000 0.017937 0.892662 0.009138 0.947925 
21.000000 537.158028 0.000000 0.900000 0.159514 0.683578 0.144175 0.710449 
1.000000 549.174805 0.000000 0.900000 -0.217179 0.901520 -1.741255 0.842785 
17.000000 565.186340 0.000000 0.900000 0.104472 0.728583 0.119033 0.762347 
29.000000 577.196671 0.000000 0.900000 0.054848 0.721375 0.038565 0.817390 
31.000000 579.200844 0.000000 0.900000 -0.082002 0.820846 -0.045688 0.945203 
3.000000 583.206032 0.000000 0.900000 0.056035 0.815396 0.047058 0.854091 
5.000000 585.210823 0.000000 0.900000 -0.331338 0.778241 -0.312083 0.798018 
9.000000 589.215469 0.000000 0.900000 -0.204523 0.777752 -0.163981 0.808377 
13.000000 593.219955 0.000000 0.900000 0.157172 0.917498 0.059848 0.976068 
18.000000 598.225197 0.000000 0.900000 -0.252883 0.751410 -0.169645 0.829769 
19.000000 599.229149 0.000000 0.900000 0.044954 0.776864 0.034426 0.807153 
25.000000 605.236099 0.000000 0.900000 -0.021855 0.906256 -0.022270 0.925464 
7.000000 619.253906 0.000000 0.900000 0.029538 0.723448 0.023839 0.796203 
15.000000 627.261658 0.000000 0.900000 -0.039906 0.859582 -0.044171 0.889120 
22.000000 634.268944 0.000000 0.900000 0.000471 0.929532 -0.010642 0.955554 
23.000000 635.272408 0.000000 0.900000 -0.058161 0.933206 -0.021155 0.970286 
26.000000 638.277435 0.000000 0.900000 0.033233 0.942152 0.022441 0.965213 
27.000000 639.281242 0.000000 0.900000 -0.003802 0.874495 -0.012375 0.934887 
30.000000 642.285896 0.000000 0.900000 -0.237375 0.583085 -0.236921 0.592143 
2.000000 646.291328 0.000000 0.900000 0.172837 0.821309 0.111806 0.890800 
6.000000 650.297493 0.000000 0.900000 0.293199 0.794243 0.272095 0.822625 
10.000000 654.303429 0.000000 0.900000 -0.344593 0.695362 -0.319317 0.713571 
11.000000 655.307159 0.000000 0.900000 -0.209402 0.813983 -0.217545 0.823054 
14.000000 658.311874 0.000000 0.900000 0.350362 0.601391 0.305508 0.640784 
24.000000 700.348358 0.000000 0.900000 -0.139054 0.797513 -0.119592 0.834680 
32.000000 708.354225 0.000000 0.900000 -0.284800 0.793057 -0.174895 0.879519 
8.000000 716.360649 0.000000 0.900000 0.272967 0.778849 0.226383 0.813393 
16.000000 724.366562 0.000000 0.900000 0.139937 0.913721 0.015080 0.990280 
18.000000 726.369797 0.000000 0.900000 -0.173300 0.824605 -0.064039 0.920384 
20.000000 728.373093 0.000000 0.900000 0.466503 0.563020 0.433663 0.582649 
21.000000 729.376251 0.000000 0.900000 -0.037894 0.807582 -0.029658 0.867069 
28.000000 736.381355 0.000000 0.900000 -0.422499 0.728780 -0.370061 0.772855 
31.000000 739.385475 0.000000 0.900000 0.089954 0.929702 0.051828 0.947719 
1.000000 741.388802 0.000000 0.900000 -0.232637 0.706886 -0.202087 0.728551 
3.000000 743.392227 0.000000 0.900000 0.101600 0.864011 0.097767 0.888913 
4.000000 744.395248 0.000000 0.900000 0.079151 0.874291 0.073337 0.883618 
12.000000 752.402191 0.000000 0.900000 -0.035702 0.877765 -0.033223 0.904241 
19.000000 759.409035 0.000000 0.900000 -0.368102 0.866839 -0.291563 0.895046 
29.000000 769.416656 0.000000 0.900000 0.178077 0.925516 0.161122 0.938240 
30.000000 770.420792 0.000000 0.900000 -0.186425 0.761162 -0.143470 0.812492 
5.000000 777.428185 0.000000 0.900000 -0.091503 0.871197 -0.074878 0.904811 
7.000000 779.432678 0.000000 0.900000 0.197933 0.823050 0.182166 0.860988 
9.000000 781.436981 0.000000 0.900000 0.156688 0.910623 0.114528 0.936638 
10.000000 782.440125 0.000000 0.900000 0.133856 0.897837 0.863177 0.946033 
13.000000 785.445328 0.000000 0.900000 -0.281877 0.823453 -0.260309 0.846023 
15.000000 787.449425 0.000000 0.900000 -0.007730 0.764970 -0.007428 0.811900 
17.000000 789.453598 0.000000 0.900000 0.259158 0.649411 0.238359 0.679768 
22.000000 794.459290 0.000000 0.900000 -0.175543 0.876773 -0.154963 0.890179 
23.000000 795.462807 0.000000 0.900000 -0.605728 0.635030 -0.489611 0.704943 
25.000000 797.466492 0.000000 0.900000 -0.406752 0.783651 -0.378951 0.799043 
26.000000 798.470879 0.000000 0.900000 0.359778 0.881651 0.201888 0.929241 
27.000000 799.474297 0.000000 0.900000 -0.001427 0.942591 0.019371 0.972328 
2.000000 806.481194 0.000000 0.900000 -0.214975 0.872231 -0.129168 0.922940 
6.000000 810.486526 0.000000 0.900000 -0.420151 0.787912 -0.364585 0.815023 
11.000000 815.492737 0.000000 0.900000 -0.109222 0.940875 -0.061001 0.964936 
14.000000 818.497719 0.000000 0.900000 0.715580 0.791929 0.516869 0.845643 
18.000000 886.537819 0.000000 0.900000 0.793361 0.840146 0.642442 0.870138 
31.000000 899.545807 0.000000 0.900000 -0.248054 0.744374 -0.200946 0.793049 
32.000000 900.548546 0.000000 0.900000 0.305366 0.772303 0.154341 0.869840 
3.000000 903.552574 0.000000 0.900000 0.146022 0.770088 0.145043 0.775819 
7.000000 907.558182 0.000000 0.900000 0.403808 0.657449 0.244429 0.786602 
19.000000 919.566788 0.000000 0.900000 -0.189108 0.844982 -0.182374 0.857433 
21.000000 921.570580 0.000000 0.900000 -0.403877 0.832450 -0.262777 0.892668 
22.000000 922.574127 0.000000 0.900000 0.013240 0.871136 0.019567 0.912207 
23.000000 923.577446 0.000000 0.900000 -0.229103 0.812856 -0.109602 0.896674 
24.000000 924.581322 0.000000 0.900000 -0.573845 0.773036 -0.499087 0.805237 
30.000000 930.588051 0.000000 0.900000 -0.101608 0.913377 -0.075752 0.921577 
1.000000 933.593468 0.000000 0.900000 -0.198652 0.862014 -0.169971 0.882888 
8.000000 940.600471 0.000000 0.900000 0.143276 0.788537 0.085781 0.869799 
10.000000 942.604729 0.000000 0.900000 -0.264794 0.860731 -0.242095 0.875565 
15.000000 947.610077 0.000000 0.900000 -0.283884 0.875403 -0.185465 0.918431 
20.000000 952.614807 0.000000 0.900000 -0.207379 0.815669 -0.187569 0.840538 
26.000000 958.619972 0.000000 0.900000 0.148175 0.855553 0.125973 0.872463 
27.000000 959.623322 0.000000 0.900000 0.690331 0.659699 0.610180 0.694416 
29.000000 961.627312 0.000000 0.900000 1.102357 0.631965 0.926113 0.695132 
2.000000 966.632706 0.000000 0.900000 -0.271961 0.898380 -0.188999 0.926625 
5.000000 969.636963 0.000000 0.900000 -0.031189 0.939648 -0.021303 0.956227 
6.000000 970.640472 0.000000 0.900000 0.191367 0.922882 0.169303 0.930094 
9.000000 973.644264 0.000000 0.900000 0.166568 0.888452 0.136718 0.906677 
11.000000 975.647980 0.000000 0.900000 0.034119 0.937451 0.011719 0.962593 
13.000000 977.651245 0.000000 0.900000 0.118641 0.862743 0.124886 0.879518 
14.000000 978.654137 0.000000 0.900000 0.015297 0.919567 0.005163 0.953402 
16.000000 980.657494 0.000000 0.900000 0.232606 0.854115 0.157275 0.895390 
17.000000 981.660324 0.000000 0.900000 -0.370643 0.785686 -0.362114 0.787794 
25.000000 989.665802 0.000000 0.900000 -0.116070 0.844462 -0.088244 0.885200 
28.000000 992.669418 0.000000 0.900000 -0.384311 0.884677 -0.333632 0.902885 
4.000000 1000.675819 0.000000 0.900000 -0.021574 0.890615 -0.005353 0.924946 
12.000000 1008.682648 0.000000 0.900000 0.241443 0.897404 0.161826 0.939387 
18.000000 1046.706467 0.000000 0.900000 -0.284664 0.863612 -0.214905 0.897166 
31.000000 1059.717506 0.000000 0.900000 0.190681 0.869865 0.172268 0.889688 
3.000000 1063.722115 0.000000 0.900000 -0.078981 0.847733 -0.052473 0.909862 
7.000000 1067.727119 0.000000 0.900000 0.241295 0.810056 0.193040 0.837996 
19.000000 1079.736450 0.000000 0.900000 0.222707 0.922086 0.171479 0.942435 
22.000000 1082.741417 0.000000 0.900000 0.114579 0.846087 0.076341 0.849601 
23.000000 1083.745232 0.000000 0.900000 0.389509 0.804849 0.268282 0.868559 
30.000000 1090.751747 0.000000 0.900000 0.208339 0.888536 0.120142 0.934945 
10.000000 1102.760841 0.000000 0.900000 0.226675 0.797891 0.127027 0.885302 
15.000000 1107.766846 0.000000 0.900000 0.079550 0.917123 0.055295 0.948618 
21.000000 1113.773598 0.000000 0.900000 -0.033127 0.816643 -0.030288 0.822335 
26.000000 1118.779755 0.000000 0.900000 -0.188483 0.761001 -0.182698 0.773042 
27.000000 1119.784264 0.000000 0.900000 0.297283 0.940164 0.186933 0.967483 
1.000000 1125.790741 0.000000 0.900000 -0.259732 0.841900 -0.127282 0.928326 
2.000000 1126.794716 0.000000 0.900000 0.105522 0.994579 0.068076 0.993865 
6.000000 1130.798813 0.000000 0.900000 0.216185 0.896764 0.157348 0.925183 
11.000000 1135.802177 0.000000 0.900000 -0.112220 0.830645 -0.092669 0.849239 
14.000000 1138.805473 0.000000 0.900000 -0.136855 0.840105 -0.118262 0.871887 
24.000000 1148.810310 0.000000 0.900000 -0.136490 0.814010 -0.115390 0.846597 
25.000000 1149.813148 0.000000 0.900000 -0.183184 0.866431 -1.053507 0.909504 
29.000000 1153.816910 0.000000 0.900000 0.007555 0.858810 0.016162 0.901459 
32.000000 1156.820190 0.000000 0.900000 0.463991 0.724633 0.406252 0.765185 
5.000000 1161.826088 0.000000 0.900000 0.177513 0.838845 0.155722 0.861506 
8.000000 1164.830948 0.000000 0.900000 0.387302 0.642027 0.302146 0.692045 
9.000000 1165.834801 0.000000 0.900000 -0.374027 0.859872 -0.309493 0.881765 
13.000000 1169.840088 0.000000 0.900000 0.371904 0.838933 0.334793 0.857365 
17.000000 1173.844467 0.000000 0.900000 -0.057680 0.870759 -0.037405 0.929551 
20.000000 1176.848595 0.000000 0.900000 0.226719 0.749462 0.175381 0.803253 
16.000000 1204.866035 0.000000 0.900000 0.351182 0.885873 0.285843 0.908633 
18.000000 1206.869957 0.000000 0.900000 -0.056952 0.908164 -0.050383 0.942037 
23.000000 1211.875275 0.000000 0.900000 0.420404 0.740992 0.266367 0.837448 
31.000000 1219.882561 0.000000 0.900000 0.192050 0.728335 0.171938 0.760212 
3.000000 1223.887817 0.000000 0.900000 0.497515 0.699426 0.496689 0.703661 
7.000000 1227.894173 0.000000 0.900000 0.014709 0.781262 -0.013772 0.799958 
19.000000 1239.901619 0.000000 0.900000 0.111084 0.925529 0.129014 1.012588 
22.000000 1242.905426 0.000000 0.900000 0.009835 0.771040 0.012740 0.794451 
28.000000 1248.910362 0.000000 0.900000 -0.054001 0.915875 -0.029045 0.933859 
30.000000 1250.913773 0.000000 0.900000 0.463977 0.647369 0.442635 0.674791 
4.000000 1256.918922 0.000000 0.900000 0.312824 0.804688 0.253583 0.840638 
10.000000 1262.925148 0.000000 0.900000 0.186543 0.884352 0.141238 0.912601 
12.000000 1264.929436 0.000000 0.900000 0.061394 0.919593 0.039428 0.962507 
15.000000 1267.934196 0.000000 0.900000 -0.434208 0.811960 -0.324839 0.854472 
26.000000 1278.943069 0.000000 0.900000 -0.255181 0.747711 -0.227374 0.765057 
27.000000 1279.947037 0.000000 0.900000 -0.083222 0.928387 -0.059680 0.954188 
2.000000 1286.953568 0.000000 0.900000 0.053412 0.906994 0.045923 0.932477 
6.000000 1290.959488 0.000000 0.900000 -0.098736 0.862205 -0.098876 0.876252 
11.000000 1295.965446 0.000000 0.900000 0.048065 0.917670 0.034221 0.959716 
14.000000 1298.969978 0.000000 0.900000 0.150923 0.829239 0.128503 0.859123 
21.000000 1305.977272 0.000000 0.900000 -0.147909 0.868769 -0.121172 0.889602 
32.000000 1316.985580 0.000000 0.900000 0.277837 0.866972 0.201542 0.991490 
1.000000 1317.989403 0.000000 0.900000 0.654309 0.775536 0.566778 0.801905 
9.000000 1325.996429 0.000000 0.900000 0.074209 0.870172 0.031993 0.954810 
25.000000 1342.008514 0.000000 0.900000 -0.209491 0.860592 -0.166276 0.900371 
5.000000 1354.017944 0.000000 0.900000 0.145228 0.809942 0.103481 0.837419 
8.000000 1357.022789 0.000000 0.900000 -0.106512 0.814911 -0.040972 0.917996 
13.000000 1362.028717 0.000000 0.900000 0.510532 0.620972 0.387197 0.688076 
17.000000 1366.033470 0.000000 0.900000 -0.106606 0.924842 -0.073316 0.938267 
18.000000 1367.036613 0.000000 0.900000 0.246233 0.839818 0.205469 0.852477 
23.000000 1372.041908 0.000000 0.900000 0.056155 0.788761 0.061990 0.791489 
24.000000 1373.045410 0.000000 0.900000 -0.453542 0.733476 -0.390980 0.762773 
29.000000 1378.050629 0.000000 0.900000 0.352247 0.727737 0.284633 0.778083 
31.000000 1380.054741 0.000000 0.900000 -0.074929 0.759312 -0.063278 0.799953 
3.000000 1384.059227 0.000000 0.900000 0.277570 0.793472 0.253838 0.809657 
7.000000 1388.063972 0.000000 0.900000 -0.023315 0.891433 -0.041121 0.911658 
19.000000 1400.072166 0.000000 0.900000 0.154632 0.863880 0.148561 0.875319 
20.000000 1401.075172 0.000000 0.900000 -0.021758 0.747360 0.000161 0.835945 
22.000000 1403.079018 0.000000 0.900000 -0.040159 0.789619 -0.040745 0.825044 
30.000000 1411.086205 0.000000 0.900000 -0.073189 0.847618 -0.055010 0.868738 
10.000000 1423.095123 0.000000 0.900000 0.025365 0.950786 0.014373 0.960057 
14.000000 1427.099731 0.000000 0.900000 0.973219 0.660942 0.464047 0.832470 
15.000000 1428.103325 0.000000 0.900000 0.177226 0.655305 0.170474 0.670015 
16.000000 1429.107033 0.000000 0.900000 -0.167060 0.806708 -0.129466 0.835763 
26.000000 1439.115654 0.000000 0.900000 -0.153563 0.854961 -0.140946 0.865267 
27.000000 1440.119820 0.000000 0.900000 0.165604 0.841677 0.120799 0.898341 
2.000000 1447.126793 0.000000 0.900000 0.135132 0.894802 0.112570 0.932793 
6.000000 1451.131516 0.000000 0.900000 0.042660 0.906009 0.030935 0.928390 
11.000000 1456.136238 0.000000 0.900000 0.012303 0.960171 0.008595 0.971678 
12.000000 1457.139450 0.000000 0.900000 0.851580 0.567645 0.464928 0.760117 
28.000000 1473.149452 0.000000 0.900000 0.196693 0.814022 0.080079 0.915301 
21.000000 1498.165329 0.000000 0.900000 0.274527 0.868907 0.183934 0.911565 
25.000000 1502.170990 0.000000 0.900000 0.144187 0.723124 0.111668 0.837217 
1.000000 1510.178139 0.000000 0.900000 0.078939 0.917260 0.044653 0.942578 
4.000000 1513.182617 0.000000 0.900000 0.133683 0.874288 0.109715 0.890886 
5.000000 1514.186104 0.000000 0.900000 0.472894 0.785550 0.326648 0.852755 
9.000000 1518.190720 0.000000 0.900000 -0.072844 0.703128 -0.066967 0.746030 
18.000000 1527.197716 0.000000 0.900000 0.005482 0.905857 0.024314 0.925239 
23.000000 1532.202965 0.000000 0.900000 -0.398164 0.609738 -0.373631 0.636324 
31.000000 1540.207649 0.000000 0.900000 -0.328872 0.886050 -0.234452 0.916482 
32.000000 1541.211807 0.000000 0.900000 -0.246229 0.858891 -0.186874 0.893455 
3.000000 1544.233192 0.000000 0.900000 0.020010 0.707354 0.013801 0.723684 
7.000000 1548.239655 0.000000 0.900000 -0.167440 0.883469 -0.115138 0.912276 
13.000000 1554.245674 0.000000 0.900000 0.326565 0.888082 0.238714 0.925806 
17.000000 1558.251297 0.000000 0.900000 0.053868 0.872977 0.032717 0.902784 
19.000000 1560.255608 0.000000 0.900000 -0.123144 0.868044 -0.082993 0.908706 
22.000000 1563.260185 0.000000 0.900000 -0.108054 0.950586 -0.073443 0.966458 
29.000000 1570.266335 0.000000 0.900000 -0.008478 0.891551 0.008969 0.911256 
30.000000 1571.269463 0.000000 0.900000 -0.015357 0.884649 0.000243 0.937522 
8.000000 1581.277664 0.000000 0.900000 -0.407396 0.703258 -0.253459 0.824231 
10.000000 1583.281441 0.000000 0.900000 -0.157641 0.848875 -0.124174 0.894593 
14.000000 1587.286476 0.000000 0.900000 0.000142 0.968620 -0.032157 0.981740 
15.000000 1588.290131 0.000000 0.900000 0.461551 0.785782 0.320533 0.856552 
26.000000 1599.299469 0.000000 0.900000 -0.022376 0.919366 -0.013983 0.947236 
27.000000 1600.302689 0.000000 0.900000 0.114341 0.791221 0.101237 0.806947 
2.000000 1607.309082 0.000000 0.900000 -0.079723 0.928018 -0.051428 0.947030 
6.000000 1611.314041 0.000000 0.900000 -0.118009 0.864676 -0.080208 0.900108 
11.000000 1616.320328 0.000000 0.900000 -0.058305 0.742526 -0.061800 0.760484 
24.000000 1629.330353 0.000000 0.900000 -0.026650 0.732399 -0.025386 0.746053 
20.000000 1657.345009 0.000000 0.900000 0.878072 0.680095 0.806136 0.705203 
3.000000 1672.355415 0.000000 0.900000 -0.203943 0.714830 -1.799676 0.808915 
12.000000 1681.363380 0.000000 0.900000 0.103959 0.940870 0.025139 0.972661 
16.000000 1685.368561 0.000000 0.900000 0.265527 0.880141 0.213036 0.914062 
18.000000 1687.373001 0.000000 0.900000 -0.049744 0.806794 -0.045601 0.825296 
21.000000 1690.377388 0.000000 0.900000 -0.041694 0.915354 -0.022725 0.958830 
22.000000 1691.381165 0.000000 0.900000 0.197608 0.867757 0.109801 0.929009 
23.000000 1692.384964 0.000000 0.900000 -0.217453 0.869136 -0.167140 0.901987 
25.000000 1694.388603 0.000000 0.900000 0.044556 0.913116 0.032669 0.947710 
31.000000 1700.394501 0.000000 0.900000 -0.043612 0.884212 -0.011932 0.918351 
1.000000 1702.398743 0.000000 0.900000 0.030918 0.877878 0.025961 0.926778 
2.000000 1703.402412 0.000000 0.900000 -0.200022 0.828372 -1.353472 0.942770 
5.000000 1706.407127 0.000000 0.900000 0.535012 0.831829 0.478848 0.850092 
7.000000 1708.412216 0.000000 0.900000 -0.714977 0.632370 -0.675770 0.650138 
9.000000 1710.416473 0.000000 0.900000 0.581174 0.759855 0.550478 0.775529 
19.000000 1720.423698 0.000000 0.900000 -0.081971 0.799296 -0.061791 0.842034 
28.000000 1729.430389 0.000000 0.900000 0.187404 0.877403 0.177860 0.889898 
30.000000 1731.433800 0.000000 0.900000 0.143082 0.820123 0.115783 0.845898 
10.000000 1743.443626 0.000000 0.900000 -0.434411 0.766240 -0.388872 0.790382 
13.000000 1746.447609 0.000000 0.900000 -0.055643 0.931218 -0.062586 0.933748 
14.000000 1747.450401 0.000000 0.900000 -0.324839 0.750953 -0.280146 0.772514 
15.000000 1748.453255 0.000000 0.900000 0.121639 0.753184 0.061974 0.839414 
17.000000 1750.456497 0.000000 0.900000 0.520657 0.851789 0.418366 0.878305 
26.000000 1759.460907 0.000000 0.900000 -0.041291 0.867290 -0.029189 0.924035 
27.000000 1760.463898 0.000000 0.900000 0.268072 0.805750 0.244025 0.820488 
29.000000 1762.466820 0.000000 0.900000 -0.382732 0.865627 -0.257119 0.902963 
32.000000 1765.470039 0.000000 0.900000 -0.047153 0.806894 -0.032788 0.848438 
4.000000 1769.473549 0.000000 0.900000 0.028242 0.891849 0.023597 0.925047 
6.000000 1771.477806 0.000000 0.900000 0.298121 0.786998 0.250268 0.823787 
11.000000 1776.484024 0.000000 0.900000 -0.143222 0.734528 -0.117181 0.749510 
8.000000 1805.503754 0.000000 0.900000 -0.236665 0.753405 -0.171837 0.825248 
23.000000 1820.514191 0.000000 0.900000 -0.081943 0.860835 -0.038572 0.915793 
3.000000 1832.524139 0.000000 0.900000 -0.127822 0.858333 -0.096106 0.901305 
18.000000 1847.535126 0.000000 0.900000 0.019905 0.906694 0.028643 0.926696 
20.000000 1849.538513 0.000000 0.900000 -0.082409 0.835637 -0.035665 0.923709 
22.000000 1851.542305 0.000000 0.900000 0.082512 0.774392 0.058918 0.796877 
24.000000 1853.546555 0.000000 0.900000 -0.122908 0.846940 -0.059317 0.923681 
31.000000 1860.553299 0.000000 0.900000 0.099959 0.906799 0.078776 0.929650 
2.000000 1863.557526 0.000000 0.900000 0.056930 0.905714 0.044091 0.925905 
7.000000 1868.562492 0.000000 0.900000 -0.496922 0.635251 -0.471713 0.655049 
9.000000 1870.566162 0.000000 0.900000 -0.485703 0.585846 -0.336173 0.697922 
19.000000 1880.574089 0.000000 0.900000 -0.117774 0.881151 -0.089153 0.919985 
21.000000 1882.578300 0.000000 0.900000 -0.227548 0.834332 -0.149589 0.897361 
25.000000 1886.583351 0.000000 0.900000 0.152468 0.771735 0.148242 0.791233 
30.000000 1891.589073 0.000000 0.900000 0.065745 0.841013 0.020824 0.922124 
1.000000 1894.593407 0.000000 0.900000 -0.206717 0.891839 -0.092054 0.958723 
5.000000 1898.598457 0.000000 0.900000 -0.169668 0.816879 -0.168041 0.841542 
10.000000 1903.604118 0.000000 0.900000 -0.187401 0.836781 -0.108825 0.889762 
14.000000 1907.609261 0.000000 0.900000 -0.158148 0.867510 -0.152801 0.886102 
15.000000 1908.613136 0.000000 0.900000 -0.168787 0.888968 -0.137303 0.908934 
16.000000 1909.617569 0.000000 0.900000 0.305815 0.735457 0.276339 0.770229 
26.000000 1919.626411 0.000000 0.900000 0.522909 0.725155 0.443738 0.763393 
27.000000 1920.630219 0.000000 0.900000 0.224816 0.746378 0.156184 0.831365 
6.000000 1931.639664 0.000000 0.900000 0.516057 0.746315 0.494626 0.752554 
11.000000 1936.645607 0.000000 0.900000 0.095586 0.894297 0.060505 0.927881 
12.000000 1937.649162 0.000000 0.900000 0.296901 0.781225 0.294406 0.795515 
13.000000 1938.652046 0.000000 0.900000 -0.085064 0.914886 -0.054386 0.949939 
17.000000 1942.656601 0.000000 0.900000 -0.067398 0.874013 -0.068412 0.899447 
28.000000 1953.664497 0.000000 0.900000 -0.048536 0.813895 -0.036165 0.854062 
29.000000 1954.667961 0.000000 0.900000 -0.286712 0.754928 -0.161957 0.865624 
23.000000 1980.685959 0.000000 0.900000 0.006403 0.893765 0.014823 0.924712 
31.000000 1988.693451 0.000000 0.900000 0.124340 0.893334 0.066012 0.940074 
32.000000 1989.697258 0.000000 0.900000 0.159468 0.851824 0.124525 0.872026 
2.000000 1991.700996 0.000000 0.900000 0.052962 0.829648 0.034454 0.900316 
3.000000 1992.704819 0.000000 0.900000 -0.164353 0.846455 -0.103315 0.902670 
18.000000 2007.712479 0.000000 0.900000 -0.003788 0.854155 -0.011390 0.870279 
22.000000 2011.717056 0.000000 0.900000 -0.741990 0.664933 -0.632439 0.719423 
4.000000 2025.726120 0.000000 0.900000 0.057118 0.737400 0.059899 0.766630 
7.000000 2028.730522 0.000000 0.900000 -0.256295 0.842530 -0.209420 0.863488 
10.000000 2031.734940 0.000000 0.900000 -0.226691 0.617478 -0.144394 0.754448 
19.000000 2040.742310 0.000000 0.900000 -0.024823 0.916279 -0.019233 0.942547 
27.000000 2048.750153 0.000000 0.900000 -0.196424 0.807534 -0.114076 0.866514 
30.000000 2051.754974 0.000000 0.900000 0.265495 0.604122 0.229616 0.643306 
8.000000 2061.763885 0.000000 0.900000 0.063832 0.888981 0.043129 0.910272 
9.000000 2062.766876 0.000000 0.900000 -0.068605 0.849166 -0.063225 0.873672 
14.000000 2067.785164 0.000000 0.900000 -0.128587 0.860450 -0.105096 0.881424 
15.000000 2068.788673 0.000000 0.900000 0.188457 0.855075 0.198928 0.865417 
21.000000 2074.795952 0.000000 0.900000 -0.036841 0.925831 -0.028430 0.946687 
25.000000 2078.801323 0.000000 0.900000 0.164354 0.905891 0.092142 0.947582 
26.000000 2079.804886 0.000000 0.900000 0.013692 0.936885 -0.001593 0.959594 
1.000000 2086.811234 0.000000 0.900000 -0.691643 0.737906 -0.524967 0.804204 
5.000000 2090.816101 0.000000 0.900000 -0.077871 0.566672 -0.068216 0.607067 
6.000000 2091.819321 0.000000 0.900000 0.062264 0.886035 0.042731 0.909191 
11.000000 2096.824295 0.000000 0.900000 0.273880 0.755232 0.197009 0.833265 
20.000000 2105.831505 0.000000 0.900000 -0.721031 0.597837 -0.704348 0.604797 
24.000000 2109.837051 0.000000 0.900000 -0.246116 0.879358 -0.204475 0.899482 
3.000000 2120.846107 0.000000 0.900000 0.099558 0.791541 0.050733 0.908657 
13.000000 2130.854019 0.000000 0.900000 -0.113199 0.814577 -0.068156 0.854446 
16.000000 2133.858566 0.000000 0.900000 -0.065454 0.945686 -0.033325 0.964021 
17.000000 2134.862160 0.000000 0.900000 -0.020552 0.907571 -0.011230 0.920866 
23.000000 2140.867966 0.000000 0.900000 0.049673 0.898344 0.028386 0.923801 
29.000000 2146.874252 0.000000 0.900000 0.173839 0.831294 0.151344 0.859749 
31.000000 2148.878532 0.000000 0.900000 -0.322507 0.812418 -0.300705 0.828107 
2.000000 2151.882843 0.000000 0.900000 0.148685 0.836187 0.570758 0.962477 
7.000000 2156.887665 0.000000 0.900000 -0.068619 0.966915 -1.099641 0.925736 
18.000000 2167.897034 0.000000 0.900000 0.076196 0.747584 0.071482 0.765169 
22.000000 2171.901894 0.000000 0.900000 -0.285763 0.835193 -0.234312 0.862799 
28.000000 2177.908302 0.000000 0.900000 0.029730 0.744617 0.028886 0.778565 
10.000000 2191.918488 0.000000 0.900000 0.201361 0.909511 0.171676 0.927411 
12.000000 2193.923141 0.000000 0.900000 -0.158469 0.883229 -0.126790 0.905301 
19.000000 2200.930679 0.000000 0.900000 -0.161508 0.921822 -0.122496 0.941682 
26.000000 2207.937286 0.000000 0.900000 -0.687204 0.737487 -0.348554 0.865323 
27.000000 2208.940453 0.000000 0.900000 0.087943 0.771950 0.055592 0.832627 
30.000000 2211.944702 0.000000 0.900000 -0.257221 0.750447 -0.216730 0.770478 
32.000000 2213.948456 0.000000 0.900000 -0.299621 0.919594 -0.177036 0.951977 
14.000000 2227.958954 0.000000 0.900000 -0.075531 0.911906 -0.049908 0.950337 
15.000000 2228.963135 0.000000 0.900000 -0.311200 0.809167 -0.188740 0.882218 
3.000000 2248.973015 0.000000 0.900000 -0.017142 0.835799 -0.012426 0.897138 
4.000000 2249.976501 0.000000 0.900000 0.333445 0.790042 0.262541 0.823758 
5.000000 2250.979324 0.000000 0.900000 0.116809 0.903680 0.061689 0.953836 
6.000000 2251.982224 0.000000 0.900000 -0.145203 0.844558 -0.107285 0.870999 
8.000000 2253.985794 0.000000 0.900000 0.112194 0.743367 0.771685 0.940770 
9.000000 2254.989166 0.000000 0.900000 -0.194896 0.811523 -0.137195 0.870102 
11.000000 2256.993607 0.000000 0.900000 -0.099548 0.908603 -0.074109 0.943554 
21.000000 2267.001884 0.000000 0.900000 -0.127678 0.962614 -0.133455 0.979097 
25.000000 2271.006798 0.000000 0.900000 -0.282535 0.692603 -0.245010 0.738042 
1.000000 2279.013885 0.000000 0.900000 -0.156604 0.946274 -0.103620 0.963781 
2.000000 2280.017097 0.000000 0.900000 -0.174904 0.849950 -0.084368 0.929345 
23.000000 2301.030388 0.000000 0.900000 0.253838 0.731499 0.253885 0.760595 
31.000000 2309.037170 0.000000 0.900000 -0.117376 0.770527 -0.119332 0.788937 
7.000000 2317.044693 0.000000 0.900000 -0.000761 0.933938 0.009418 0.946446 
13.000000 2323.050919 0.000000 0.900000 -0.052155 0.923319 -0.043431 0.947364 
17.000000 2327.055855 0.000000 0.900000 0.194239 0.785077 0.169275 0.819878 
18.000000 2328.058914 0.000000 0.900000 -0.159684 0.880929 -0.131141 0.898937 
22.000000 2332.063744 0.000000 0.900000 0.007440 0.936783 -0.012626 0.967154 
24.000000 2334.067810 0.000000 0.900000 -0.225696 0.817301 -0.164944 0.870486 
27.000000 2337.072350 0.000000 0.900000 -0.050549 0.933824 -1.761810 0.851361 
29.000000 2339.075981 0.000000 0.900000 0.369067 0.775508 0.342478 0.790001 
10.000000 2352.084305 0.000000 0.900000 0.290056 0.868290 0.280341 0.875810 
15.000000 2357.089371 0.000000 0.900000 0.045895 0.903103 0.020829 0.930697 
16.000000 2358.092514 0.000000 0.900000 0.375726 0.753527 0.322428 0.780311 
19.000000 2361.096657 0.000000 0.900000 -0.137455 0.769532 -0.131865 0.785506 
20.000000 2362.099815 0.000000 0.900000 -0.260585 0.915522 -0.245506 0.924016 
26.000000 2368.105225 0.000000 0.900000 0.090377 0.828732 0.059902 0.863413 
30.000000 2372.111221 0.000000 0.900000 -0.284660 0.779163 -0.256193 0.793867 
6.000000 2380.119095 0.000000 0.900000 -0.236075 0.890404 -0.150410 0.929297 
14.000000 2388.126854 0.000000 0.900000 0.144015 0.908265 0.111099 0.924695 
28.000000 2402.137794 0.000000 0.900000 -0.015388 0.811415 -0.007921 0.838472 
2.000000 2408.143990 0.000000 0.900000 -0.099479 0.734425 -0.092370 0.758944 
3.000000 2409.148010 0.000000 0.900000 -0.167139 0.834835 -0.133660 0.867015 
11.000000 2417.155540 0.000000 0.900000 0.020067 0.912077 0.016774 0.938865 
12.000000 2418.158997 0.000000 0.900000 -0.284868 0.723575 -0.235495 0.786887 
21.000000 2427.166840 0.000000 0.900000 -0.227079 0.800848 -1.434047 0.858023 
31.000000 2437.174973 0.000000 0.900000 -0.114022 0.698585 -0.076741 0.817437 
5.000000 2443.181412 0.000000 0.900000 -0.164542 0.853276 -0.146859 0.881477 
9.000000 2447.185654 0.000000 0.900000 -0.336459 0.855030 -0.155460 0.932047 
22.000000 2460.193840 0.000000 0.900000 -0.068639 0.845120 -0.048389 0.888904 
23.000000 2461.196960 0.000000 0.900000 -0.041633 0.789707 -0.050804 0.843236 
25.000000 2463.201012 0.000000 0.900000 0.042244 0.831906 0.014755 0.909880 
27.000000 2465.204933 0.000000 0.900000 -0.190893 0.816467 -0.156464 0.859384 
32.000000 2470.210503 0.000000 0.900000 0.127460 0.929908 0.092252 0.948869 
4.000000 2474.214104 0.000000 0.900000 0.314748 0.788036 0.263529 0.812835 
7.000000 2477.218239 0.000000 0.900000 0.044713 0.858355 0.036047 0.877252 
10.000000 2480.223015 0.000000 0.900000 0.261709 0.836618 0.185394 0.884706 
13.000000 2483.227234 0.000000 0.900000 0.232956 0.877827 0.145039 0.921013 
18.000000 2488.232376 0.000000 0.900000 -0.580880 0.790404 -0.370981 0.857382 
29.000000 2499.240646 0.000000 0.900000 0.471303 0.763710 0.316572 0.842191 
1.000000 2503.246468 0.000000 0.900000 0.063111 0.908969 0.041033 0.930018 
8.000000 2510.253120 0.000000 0.900000 0.307066 0.746487 0.271637 0.775626 
14.000000 2516.259041 0.000000 0.900000 -0.121217 0.855297 -0.037621 0.934111 
15.000000 2517.262497 0.000000 0.900000 -0.264113 0.655615 -0.265626 0.668517 
17.000000 2519.266800 0.000000 0.900000 0.003121 0.830493 -0.007789 0.850164 
19.000000 2521.270706 0.000000 0.900000 -0.284811 0.797123 -0.251727 0.812326 
26.000000 2528.278046 0.000000 0.900000 0.238805 0.755010 0.204510 0.790866 
30.000000 2532.282898 0.000000 0.900000 0.042029 0.932620 0.025645 0.952470 
6.000000 2540.291527 0.000000 0.900000 0.411184 0.711153 0.411562 0.720381 
2.000000 2568.308456 0.000000 0.900000 -0.032976 0.932317 -0.022728 0.950475 
3.000000 2569.312302 0.000000 0.900000 0.107827 0.720676 0.085997 0.785498 
11.000000 2577.319908 0.000000 0.900000 -0.282347 0.784766 -0.275469 0.803374 
16.000000 2582.325577 0.000000 0.900000 -0.142340 0.670397 -0.107322 0.801294 
20.000000 2586.330376 0.000000 0.900000 -0.347775 0.483452 -0.338658 0.506843 
22.000000 2588.333977 0.000000 0.900000 -0.494566 0.797445 -0.308215 0.883022 
24.000000 2590.338036 0.000000 0.900000 -0.139215 0.816801 -0.120158 0.843819 
31.000000 2597.344551 0.000000 0.900000 0.252478 0.916815 0.183474 0.943203 
5.000000 2603.350182 0.000000 0.900000 -0.219430 0.745250 -0.081906 0.918052 
21.000000 2619.361115 0.000000 0.900000 0.296318 0.746641 0.258246 0.803046 
23.000000 2621.365448 0.000000 0.900000 -0.258685 0.869529 -0.220307 0.891963 
25.000000 2623.369110 0.000000 0.900000 -0.098531 0.757087 -0.030727 0.877449 
27.000000 2625.373535 0.000000 0.900000 0.381033 0.757657 0.370659 0.765164 
7.000000 2637.382942 0.000000 0.900000 0.339437 0.837983 0.261482 0.872171 
9.000000 2639.386963 0.000000 0.900000 0.094365 0.857531 0.064713 0.926938 
10.000000 2640.390427 0.000000 0.900000 -0.178360 0.902045 -0.102150 0.943376 
12.000000 2642.394791 0.000000 0.900000 0.790947 0.704500 0.597002 0.769947 
15.000000 2645.399780 0.000000 0.900000 -0.906391 0.444797 -0.472259 0.712973 
18.000000 2648.405006 0.000000 0.900000 -0.049266 0.763151 -0.048342 0.796051 
28.000000 2658.413307 0.000000 0.900000 0.283853 0.636208 0.285422 0.649833 
29.000000 2659.416496 0.000000 0.900000 -0.134279 0.849791 -0.018287 0.980340 
13.000000 2675.427803 0.000000 0.900000 0.104260 0.808404 0.068337 0.874762 
14.000000 2676.431854 0.000000 0.900000 0.578122 0.809859 0.489168 0.839533 
19.000000 2681.437363 0.000000 0.900000 -0.091363 0.886669 -0.046659 0.930182 
26.000000 2688.444916 0.000000 0.900000 0.155520 0.946987 0.105008 0.966092 
30.000000 2692.449982 0.000000 0.900000 -0.450728 0.776141 -0.374177 0.815368 
1.000000 2695.454781 0.000000 0.900000 -0.019434 0.785913 -0.023277 0.814840 
2.000000 2696.458473 0.000000 0.900000 0.167040 0.895945 -0.003902 1.001538 
4.000000 2698.462135 0.000000 0.900000 -0.196195 0.908281 -0.129623 0.935477 
6.000000 2700.466362 0.000000 0.900000 0.325936 0.653544 0.318608 0.677562 
17.000000 2711.474136 0.000000 0.900000 0.056081 0.752550 0.044631 0.782258 
32.000000 2726.483284 0.000000 0.900000 -0.266482 0.753091 -0.232046 0.781709 
3.000000 2729.487946 0.000000 0.900000 -0.058357 0.920430 -0.033908 0.933581 
8.000000 2734.494354 0.000000 0.900000 0.316524 0.854153 0.242350 0.879723 
11.000000 2737.498985 0.000000 0.900000 0.387539 0.848933 0.278742 0.888373 
22.000000 2748.508018 0.000000 0.900000 0.199978 0.888427 0.163058 0.905430 
31.000000 2757.515564 0.000000 0.900000 0.103492 0.626538 0.105965 0.672479 
23.000000 2781.531891 0.000000 0.900000 -0.203489 0.936559 -0.191807 0.946626 
27.000000 2785.537155 0.000000 0.900000 -0.208767 0.835841 -0.129637 0.896610 
5.000000 2795.545807 0.000000 0.900000 -0.024634 0.808964 -0.008422 0.827814 
7.000000 2797.550026 0.000000 0.900000 -0.012001 0.959487 -0.008829 0.977674 
9.000000 2799.554337 0.000000 0.900000 0.338284 0.766247 0.191375 0.859043 
10.000000 2800.557983 0.000000 0.900000 0.054898 0.945704 0.035064 0.963900 
15.000000 2805.564201 0.000000 0.900000 0.123248 0.806548 0.110546 0.831779 
16.000000 2806.568130 0.000000 0.900000 0.279329 0.806111 0.240113 0.837801 
18.000000 2808.572258 0.000000 0.900000 -0.248858 0.833033 -0.249484 0.837001 
21.000000 2811.577042 0.000000 0.900000 -0.252678 0.769231 -0.230081 0.787814 
24.000000 2814.582069 0.000000 0.900000 0.118634 0.882451 0.094155 0.923124 
25.000000 2815.585724 0.000000 0.900000 -0.234322 0.879325 -0.185997 0.900391 
14.000000 2836.598816 0.000000 0.900000 0.265930 0.771563 0.252569 0.791061 
19.000000 2841.603653 0.000000 0.900000 0.290661 0.849137 0.257766 0.873814 
20.000000 2842.607155 0.000000 0.900000 0.237004 0.802633 0.203196 0.829124 
26.000000 2848.612831 0.000000 0.900000 0.301483 0.817401 0.232110 0.858401 
29.000000 2851.617210 0.000000 0.900000 -0.005212 0.829373 -0.002785 0.853679 
30.000000 2852.621399 0.000000 0.900000 0.069492 0.949405 0.033320 0.971830 
2.000000 2856.627228 0.000000 0.900000 -0.290757 0.859987 -0.239130 0.888629 
6.000000 2860.632980 0.000000 0.900000 -0.007752 0.907419 -0.000453 0.925086 
12.000000 2866.639412 0.000000 0.900000 0.407413 0.706066 0.360046 0.745463 
13.000000 2867.643280 0.000000 0.900000 -0.240452 0.924994 -0.178986 0.952613 
